<?xml version="1.0" encoding="UTF-8" ?>
<testsuite tests="1" failures="1" name="TestSuite" time="2.473" errors="0" skipped="0">
  <properties>
    <property name="jboss.i18n.generate-proxies" value="true"/>
    <property name="idea.version" value="2017.3.3"/>
    <property name="java.runtime.name" value="OpenJDK Runtime Environment"/>
    <property name="sun.boot.library.path" value="/usr/lib/jvm/java-8-openjdk-amd64/jre/lib/amd64"/>
    <property name="java.vm.version" value="25.171-b11"/>
    <property name="java.vm.vendor" value="Oracle Corporation"/>
    <property name="java.vendor.url" value="http://java.oracle.com/"/>
    <property name="path.separator" value=":"/>
    <property name="java.vm.name" value="OpenJDK 64-Bit Server VM"/>
    <property name="file.encoding.pkg" value="sun.io"/>
    <property name="user.country" value="CN"/>
    <property name="sun.java.launcher" value="SUN_STANDARD"/>
    <property name="sun.os.patch.level" value="unknown"/>
    <property name="java.vm.specification.name" value="Java Virtual Machine Specification"/>
    <property name="user.dir" value="/home/watermelon/JavaWebDemo/ThisIsUsCommunity"/>
    <property name="java.runtime.version" value="1.8.0_171-8u171-b11-0ubuntu0.16.04.1-b11"/>
    <property name="java.awt.graphicsenv" value="sun.awt.X11GraphicsEnvironment"/>
    <property name="basedir" value="/home/watermelon/JavaWebDemo/ThisIsUsCommunity"/>
    <property name="java.endorsed.dirs" value="/usr/lib/jvm/java-8-openjdk-amd64/jre/lib/endorsed"/>
    <property name="os.arch" value="amd64"/>
    <property name="surefire.real.class.path" value="/home/watermelon/JavaWebDemo/ThisIsUsCommunity/target/surefire/surefirebooter863453066521704592.jar"/>
    <property name="java.io.tmpdir" value="/tmp"/>
    <property name="line.separator" value="
"/>
    <property name="java.vm.specification.vendor" value="Oracle Corporation"/>
    <property name="os.name" value="Linux"/>
    <property name="sun.jnu.encoding" value="UTF-8"/>
    <property name="java.library.path" value="/usr/java/packages/lib/amd64:/usr/lib/x86_64-linux-gnu/jni:/lib/x86_64-linux-gnu:/usr/lib/x86_64-linux-gnu:/usr/lib/jni:/lib:/usr/lib"/>
    <property name="surefire.test.class.path" value="/home/watermelon/JavaWebDemo/ThisIsUsCommunity/target/test-classes:/home/watermelon/JavaWebDemo/ThisIsUsCommunity/target/classes:/opt/apache-maven-3.5.3/localRepository/org/springframework/spring-orm/4.2.2.RELEASE/spring-orm-4.2.2.RELEASE.jar:/opt/apache-maven-3.5.3/localRepository/org/springframework/spring-core/4.2.2.RELEASE/spring-core-4.2.2.RELEASE.jar:/opt/apache-maven-3.5.3/localRepository/org/springframework/spring-tx/4.2.2.RELEASE/spring-tx-4.2.2.RELEASE.jar:/opt/apache-maven-3.5.3/localRepository/org/springframework/spring-test/4.2.2.RELEASE/spring-test-4.2.2.RELEASE.jar:/opt/apache-maven-3.5.3/localRepository/org/springframework/spring-webmvc/4.2.2.RELEASE/spring-webmvc-4.2.2.RELEASE.jar:/opt/apache-maven-3.5.3/localRepository/org/springframework/spring-expression/4.2.2.RELEASE/spring-expression-4.2.2.RELEASE.jar:/opt/apache-maven-3.5.3/localRepository/org/springframework/spring-web/4.2.2.RELEASE/spring-web-4.2.2.RELEASE.jar:/opt/apache-maven-3.5.3/localRepository/org/springframework/spring-context/4.2.2.RELEASE/spring-context-4.2.2.RELEASE.jar:/opt/apache-maven-3.5.3/localRepository/org/springframework/spring-aop/4.2.2.RELEASE/spring-aop-4.2.2.RELEASE.jar:/opt/apache-maven-3.5.3/localRepository/org/springframework/spring-context-support/4.2.2.RELEASE/spring-context-support-4.2.2.RELEASE.jar:/opt/apache-maven-3.5.3/localRepository/org/springframework/spring-beans/4.2.2.RELEASE/spring-beans-4.2.2.RELEASE.jar:/opt/apache-maven-3.5.3/localRepository/org/springframework/spring-jdbc/4.2.2.RELEASE/spring-jdbc-4.2.2.RELEASE.jar:/opt/apache-maven-3.5.3/localRepository/xml-apis/xml-apis/1.4.01/xml-apis-1.4.01.jar:/opt/apache-maven-3.5.3/localRepository/commons-lang/commons-lang/2.2/commons-lang-2.2.jar:/opt/apache-maven-3.5.3/localRepository/commons-fileupload/commons-fileupload/1.3.1/commons-fileupload-1.3.1.jar:/opt/apache-maven-3.5.3/localRepository/commons-io/commons-io/2.2/commons-io-2.2.jar:/opt/apache-maven-3.5.3/localRepository/commons-dbcp/commons-dbcp/1.4/commons-dbcp-1.4.jar:/opt/apache-maven-3.5.3/localRepository/commons-pool/commons-pool/1.5.4/commons-pool-1.5.4.jar:/opt/apache-maven-3.5.3/localRepository/org/hibernate/hibernate-core/4.2.0.Final/hibernate-core-4.2.0.Final.jar:/opt/apache-maven-3.5.3/localRepository/antlr/antlr/2.7.7/antlr-2.7.7.jar:/opt/apache-maven-3.5.3/localRepository/org/jboss/logging/jboss-logging/3.1.0.GA/jboss-logging-3.1.0.GA.jar:/opt/apache-maven-3.5.3/localRepository/org/jboss/spec/javax/transaction/jboss-transaction-api_1.1_spec/1.0.0.Final/jboss-transaction-api_1.1_spec-1.0.0.Final.jar:/opt/apache-maven-3.5.3/localRepository/dom4j/dom4j/1.6.1/dom4j-1.6.1.jar:/opt/apache-maven-3.5.3/localRepository/org/javassist/javassist/3.15.0-GA/javassist-3.15.0-GA.jar:/opt/apache-maven-3.5.3/localRepository/org/hibernate/common/hibernate-commons-annotations/4.0.1.Final/hibernate-commons-annotations-4.0.1.Final.jar:/opt/apache-maven-3.5.3/localRepository/org/hibernate/hibernate-ehcache/4.2.0.Final/hibernate-ehcache-4.2.0.Final.jar:/opt/apache-maven-3.5.3/localRepository/org/hibernate/javax/persistence/hibernate-jpa-2.0-api/1.0.1.Final/hibernate-jpa-2.0-api-1.0.1.Final.jar:/opt/apache-maven-3.5.3/localRepository/javax/servlet/servlet-api/3.0-alpha-1/servlet-api-3.0-alpha-1.jar:/opt/apache-maven-3.5.3/localRepository/javax/servlet/javax.servlet-api/3.1.0/javax.servlet-api-3.1.0.jar:/opt/apache-maven-3.5.3/localRepository/mysql/mysql-connector-java/5.1.29/mysql-connector-java-5.1.29.jar:/opt/apache-maven-3.5.3/localRepository/commons-beanutils/commons-beanutils/1.9.1/commons-beanutils-1.9.1.jar:/opt/apache-maven-3.5.3/localRepository/commons-logging/commons-logging/1.1.1/commons-logging-1.1.1.jar:/opt/apache-maven-3.5.3/localRepository/commons-collections/commons-collections/3.2.1/commons-collections-3.2.1.jar:/opt/apache-maven-3.5.3/localRepository/org/slf4j/slf4j-api/1.7.5/slf4j-api-1.7.5.jar:/opt/apache-maven-3.5.3/localRepository/org/slf4j/slf4j-log4j12/1.7.5/slf4j-log4j12-1.7.5.jar:/opt/apache-maven-3.5.3/localRepository/log4j/log4j/1.2.17/log4j-1.2.17.jar:/opt/apache-maven-3.5.3/localRepository/net/sf/ehcache/ehcache-core/2.4.3/ehcache-core-2.4.3.jar:/opt/apache-maven-3.5.3/localRepository/org/mockito/mockito-all/1.10.19/mockito-all-1.10.19.jar:/opt/apache-maven-3.5.3/localRepository/org/testng/testng/6.8.7/testng-6.8.7.jar:/opt/apache-maven-3.5.3/localRepository/junit/junit/4.10/junit-4.10.jar:/opt/apache-maven-3.5.3/localRepository/org/hamcrest/hamcrest-core/1.1/hamcrest-core-1.1.jar:/opt/apache-maven-3.5.3/localRepository/org/beanshell/bsh/2.0b4/bsh-2.0b4.jar:/opt/apache-maven-3.5.3/localRepository/com/beust/jcommander/1.27/jcommander-1.27.jar:/opt/apache-maven-3.5.3/localRepository/org/yaml/snakeyaml/1.12/snakeyaml-1.12.jar:/opt/apache-maven-3.5.3/localRepository/org/unitils/unitils-core/3.4.2/unitils-core-3.4.2.jar:/opt/apache-maven-3.5.3/localRepository/ognl/ognl/2.6.9/ognl-2.6.9.jar:/opt/apache-maven-3.5.3/localRepository/org/unitils/unitils-testng/3.4.2/unitils-testng-3.4.2.jar:/opt/apache-maven-3.5.3/localRepository/org/testng/testng/5.8/testng-5.8-jdk15.jar:/opt/apache-maven-3.5.3/localRepository/org/unitils/unitils-spring/3.4.2/unitils-spring-3.4.2.jar:/opt/apache-maven-3.5.3/localRepository/org/unitils/unitils-orm/3.4.2/unitils-orm-3.4.2.jar:/opt/apache-maven-3.5.3/localRepository/javax/persistence/persistence-api/1.0/persistence-api-1.0.jar:/opt/apache-maven-3.5.3/localRepository/org/unitils/unitils-database/3.4.2/unitils-database-3.4.2.jar:/opt/apache-maven-3.5.3/localRepository/org/unitils/unitils-dbmaintainer/3.4.2/unitils-dbmaintainer-3.4.2.jar:/opt/apache-maven-3.5.3/localRepository/org/hibernate/hibernate/3.2.5.ga/hibernate-3.2.5.ga.jar:/opt/apache-maven-3.5.3/localRepository/net/sf/ehcache/ehcache/1.2.3/ehcache-1.2.3.jar:/opt/apache-maven-3.5.3/localRepository/asm/asm-attrs/1.5.3/asm-attrs-1.5.3.jar:/opt/apache-maven-3.5.3/localRepository/cglib/cglib/2.1_3/cglib-2.1_3.jar:/opt/apache-maven-3.5.3/localRepository/asm/asm/1.5.3/asm-1.5.3.jar:/opt/apache-maven-3.5.3/localRepository/org/slf4j/slf4j-nop/1.6.4/slf4j-nop-1.6.4.jar:/opt/apache-maven-3.5.3/localRepository/org/unitils/unitils-dbunit/3.4.2/unitils-dbunit-3.4.2.jar:/opt/apache-maven-3.5.3/localRepository/xmlunit/xmlunit/1.2/xmlunit-1.2.jar:/opt/apache-maven-3.5.3/localRepository/org/aspectj/aspectjrt/1.8.1/aspectjrt-1.8.1.jar:/opt/apache-maven-3.5.3/localRepository/org/aspectj/aspectjweaver/1.8.1/aspectjweaver-1.8.1.jar:/opt/apache-maven-3.5.3/localRepository/aopalliance/aopalliance/1.0/aopalliance-1.0.jar:/opt/apache-maven-3.5.3/localRepository/org/apache/poi/poi/3.9/poi-3.9.jar:/opt/apache-maven-3.5.3/localRepository/commons-codec/commons-codec/1.5/commons-codec-1.5.jar:/opt/apache-maven-3.5.3/localRepository/javassist/javassist/3.6.0.GA/javassist-3.6.0.GA.jar:/opt/apache-maven-3.5.3/localRepository/org/seleniumhq/selenium/selenium-chrome-driver/2.41.0/selenium-chrome-driver-2.41.0.jar:/opt/apache-maven-3.5.3/localRepository/org/seleniumhq/selenium/selenium-remote-driver/2.41.0/selenium-remote-driver-2.41.0.jar:/opt/apache-maven-3.5.3/localRepository/cglib/cglib-nodep/2.1_3/cglib-nodep-2.1_3.jar:/opt/apache-maven-3.5.3/localRepository/net/java/dev/jna/jna/3.4.0/jna-3.4.0.jar:/opt/apache-maven-3.5.3/localRepository/net/java/dev/jna/platform/3.4.0/platform-3.4.0.jar:/opt/apache-maven-3.5.3/localRepository/org/seleniumhq/selenium/selenium-firefox-driver/2.41.0/selenium-firefox-driver-2.41.0.jar:/opt/apache-maven-3.5.3/localRepository/org/apache/commons/commons-exec/1.1/commons-exec-1.1.jar:/opt/apache-maven-3.5.3/localRepository/com/opera/operadriver/0.8.1/operadriver-0.8.1.jar:/opt/apache-maven-3.5.3/localRepository/com/opera/operalaunchers/0.3/operalaunchers-0.3.jar:/opt/apache-maven-3.5.3/localRepository/com/google/protobuf/protobuf-java/2.4.1/protobuf-java-2.4.1.jar:/opt/apache-maven-3.5.3/localRepository/com/google/guava/guava/10.0.1/guava-10.0.1.jar:/opt/apache-maven-3.5.3/localRepository/com/google/code/findbugs/jsr305/1.3.9/jsr305-1.3.9.jar:/opt/apache-maven-3.5.3/localRepository/commons-jxpath/commons-jxpath/1.3/commons-jxpath-1.3.jar:/opt/apache-maven-3.5.3/localRepository/org/dbunit/dbunit/2.5.1/dbunit-2.5.1.jar:/opt/apache-maven-3.5.3/localRepository/org/apache/poi/poi-ooxml/3.11/poi-ooxml-3.11.jar:/opt/apache-maven-3.5.3/localRepository/org/apache/poi/poi-ooxml-schemas/3.11/poi-ooxml-schemas-3.11.jar:/opt/apache-maven-3.5.3/localRepository/org/apache/xmlbeans/xmlbeans/2.6.0/xmlbeans-2.6.0.jar:/opt/apache-maven-3.5.3/localRepository/stax/stax-api/1.0.1/stax-api-1.0.1.jar:/opt/apache-maven-3.5.3/localRepository/org/seleniumhq/selenium/selenium-api/2.41.0/selenium-api-2.41.0.jar:/opt/apache-maven-3.5.3/localRepository/org/json/json/20080701/json-20080701.jar:/opt/apache-maven-3.5.3/localRepository/org/seleniumhq/selenium/selenium-htmlunit-driver/2.41.0/selenium-htmlunit-driver-2.41.0.jar:/opt/apache-maven-3.5.3/localRepository/net/sourceforge/htmlunit/htmlunit/2.13/htmlunit-2.13.jar:/opt/apache-maven-3.5.3/localRepository/xalan/xalan/2.7.1/xalan-2.7.1.jar:/opt/apache-maven-3.5.3/localRepository/xalan/serializer/2.7.1/serializer-2.7.1.jar:/opt/apache-maven-3.5.3/localRepository/org/apache/commons/commons-lang3/3.1/commons-lang3-3.1.jar:/opt/apache-maven-3.5.3/localRepository/org/apache/httpcomponents/httpmime/4.3.1/httpmime-4.3.1.jar:/opt/apache-maven-3.5.3/localRepository/net/sourceforge/htmlunit/htmlunit-core-js/2.13/htmlunit-core-js-2.13.jar:/opt/apache-maven-3.5.3/localRepository/xerces/xercesImpl/2.11.0/xercesImpl-2.11.0.jar:/opt/apache-maven-3.5.3/localRepository/net/sourceforge/nekohtml/nekohtml/1.9.19/nekohtml-1.9.19.jar:/opt/apache-maven-3.5.3/localRepository/net/sourceforge/cssparser/cssparser/0.9.11/cssparser-0.9.11.jar:/opt/apache-maven-3.5.3/localRepository/org/w3c/css/sac/1.3/sac-1.3.jar:/opt/apache-maven-3.5.3/localRepository/org/eclipse/jetty/jetty-websocket/8.1.12.v20130726/jetty-websocket-8.1.12.v20130726.jar:/opt/apache-maven-3.5.3/localRepository/org/eclipse/jetty/jetty-util/8.1.12.v20130726/jetty-util-8.1.12.v20130726.jar:/opt/apache-maven-3.5.3/localRepository/org/eclipse/jetty/jetty-io/8.1.12.v20130726/jetty-io-8.1.12.v20130726.jar:/opt/apache-maven-3.5.3/localRepository/org/eclipse/jetty/jetty-http/8.1.12.v20130726/jetty-http-8.1.12.v20130726.jar:/opt/apache-maven-3.5.3/localRepository/org/apache/httpcomponents/httpclient/4.3.1/httpclient-4.3.1.jar:/opt/apache-maven-3.5.3/localRepository/org/apache/httpcomponents/httpcore/4.3/httpcore-4.3.jar:/opt/apache-maven-3.5.3/localRepository/org/hamcrest/hamcrest-all/1.3/hamcrest-all-1.3.jar:"/>
    <property name="java.specification.name" value="Java Platform API Specification"/>
    <property name="java.class.version" value="52.0"/>
    <property name="sun.management.compiler" value="HotSpot 64-Bit Tiered Compilers"/>
    <property name="maven.repo.local" value="/opt/apache-maven-3.5.3/localRepository"/>
    <property name="os.version" value="4.13.0-42-generic"/>
    <property name="user.home" value="/home/watermelon"/>
    <property name="user.timezone" value="Asia/Shanghai"/>
    <property name="java.awt.printerjob" value="sun.print.PSPrinterJob"/>
    <property name="java.specification.version" value="1.8"/>
    <property name="file.encoding" value="UTF-8"/>
    <property name="user.name" value="watermelon"/>
    <property name="java.class.path" value="/home/watermelon/JavaWebDemo/ThisIsUsCommunity/target/test-classes:/home/watermelon/JavaWebDemo/ThisIsUsCommunity/target/classes:/opt/apache-maven-3.5.3/localRepository/org/springframework/spring-orm/4.2.2.RELEASE/spring-orm-4.2.2.RELEASE.jar:/opt/apache-maven-3.5.3/localRepository/org/springframework/spring-core/4.2.2.RELEASE/spring-core-4.2.2.RELEASE.jar:/opt/apache-maven-3.5.3/localRepository/org/springframework/spring-tx/4.2.2.RELEASE/spring-tx-4.2.2.RELEASE.jar:/opt/apache-maven-3.5.3/localRepository/org/springframework/spring-test/4.2.2.RELEASE/spring-test-4.2.2.RELEASE.jar:/opt/apache-maven-3.5.3/localRepository/org/springframework/spring-webmvc/4.2.2.RELEASE/spring-webmvc-4.2.2.RELEASE.jar:/opt/apache-maven-3.5.3/localRepository/org/springframework/spring-expression/4.2.2.RELEASE/spring-expression-4.2.2.RELEASE.jar:/opt/apache-maven-3.5.3/localRepository/org/springframework/spring-web/4.2.2.RELEASE/spring-web-4.2.2.RELEASE.jar:/opt/apache-maven-3.5.3/localRepository/org/springframework/spring-context/4.2.2.RELEASE/spring-context-4.2.2.RELEASE.jar:/opt/apache-maven-3.5.3/localRepository/org/springframework/spring-aop/4.2.2.RELEASE/spring-aop-4.2.2.RELEASE.jar:/opt/apache-maven-3.5.3/localRepository/org/springframework/spring-context-support/4.2.2.RELEASE/spring-context-support-4.2.2.RELEASE.jar:/opt/apache-maven-3.5.3/localRepository/org/springframework/spring-beans/4.2.2.RELEASE/spring-beans-4.2.2.RELEASE.jar:/opt/apache-maven-3.5.3/localRepository/org/springframework/spring-jdbc/4.2.2.RELEASE/spring-jdbc-4.2.2.RELEASE.jar:/opt/apache-maven-3.5.3/localRepository/xml-apis/xml-apis/1.4.01/xml-apis-1.4.01.jar:/opt/apache-maven-3.5.3/localRepository/commons-lang/commons-lang/2.2/commons-lang-2.2.jar:/opt/apache-maven-3.5.3/localRepository/commons-fileupload/commons-fileupload/1.3.1/commons-fileupload-1.3.1.jar:/opt/apache-maven-3.5.3/localRepository/commons-io/commons-io/2.2/commons-io-2.2.jar:/opt/apache-maven-3.5.3/localRepository/commons-dbcp/commons-dbcp/1.4/commons-dbcp-1.4.jar:/opt/apache-maven-3.5.3/localRepository/commons-pool/commons-pool/1.5.4/commons-pool-1.5.4.jar:/opt/apache-maven-3.5.3/localRepository/org/hibernate/hibernate-core/4.2.0.Final/hibernate-core-4.2.0.Final.jar:/opt/apache-maven-3.5.3/localRepository/antlr/antlr/2.7.7/antlr-2.7.7.jar:/opt/apache-maven-3.5.3/localRepository/org/jboss/logging/jboss-logging/3.1.0.GA/jboss-logging-3.1.0.GA.jar:/opt/apache-maven-3.5.3/localRepository/org/jboss/spec/javax/transaction/jboss-transaction-api_1.1_spec/1.0.0.Final/jboss-transaction-api_1.1_spec-1.0.0.Final.jar:/opt/apache-maven-3.5.3/localRepository/dom4j/dom4j/1.6.1/dom4j-1.6.1.jar:/opt/apache-maven-3.5.3/localRepository/org/javassist/javassist/3.15.0-GA/javassist-3.15.0-GA.jar:/opt/apache-maven-3.5.3/localRepository/org/hibernate/common/hibernate-commons-annotations/4.0.1.Final/hibernate-commons-annotations-4.0.1.Final.jar:/opt/apache-maven-3.5.3/localRepository/org/hibernate/hibernate-ehcache/4.2.0.Final/hibernate-ehcache-4.2.0.Final.jar:/opt/apache-maven-3.5.3/localRepository/org/hibernate/javax/persistence/hibernate-jpa-2.0-api/1.0.1.Final/hibernate-jpa-2.0-api-1.0.1.Final.jar:/opt/apache-maven-3.5.3/localRepository/javax/servlet/servlet-api/3.0-alpha-1/servlet-api-3.0-alpha-1.jar:/opt/apache-maven-3.5.3/localRepository/javax/servlet/javax.servlet-api/3.1.0/javax.servlet-api-3.1.0.jar:/opt/apache-maven-3.5.3/localRepository/mysql/mysql-connector-java/5.1.29/mysql-connector-java-5.1.29.jar:/opt/apache-maven-3.5.3/localRepository/commons-beanutils/commons-beanutils/1.9.1/commons-beanutils-1.9.1.jar:/opt/apache-maven-3.5.3/localRepository/commons-logging/commons-logging/1.1.1/commons-logging-1.1.1.jar:/opt/apache-maven-3.5.3/localRepository/commons-collections/commons-collections/3.2.1/commons-collections-3.2.1.jar:/opt/apache-maven-3.5.3/localRepository/org/slf4j/slf4j-api/1.7.5/slf4j-api-1.7.5.jar:/opt/apache-maven-3.5.3/localRepository/org/slf4j/slf4j-log4j12/1.7.5/slf4j-log4j12-1.7.5.jar:/opt/apache-maven-3.5.3/localRepository/log4j/log4j/1.2.17/log4j-1.2.17.jar:/opt/apache-maven-3.5.3/localRepository/net/sf/ehcache/ehcache-core/2.4.3/ehcache-core-2.4.3.jar:/opt/apache-maven-3.5.3/localRepository/org/mockito/mockito-all/1.10.19/mockito-all-1.10.19.jar:/opt/apache-maven-3.5.3/localRepository/org/testng/testng/6.8.7/testng-6.8.7.jar:/opt/apache-maven-3.5.3/localRepository/junit/junit/4.10/junit-4.10.jar:/opt/apache-maven-3.5.3/localRepository/org/hamcrest/hamcrest-core/1.1/hamcrest-core-1.1.jar:/opt/apache-maven-3.5.3/localRepository/org/beanshell/bsh/2.0b4/bsh-2.0b4.jar:/opt/apache-maven-3.5.3/localRepository/com/beust/jcommander/1.27/jcommander-1.27.jar:/opt/apache-maven-3.5.3/localRepository/org/yaml/snakeyaml/1.12/snakeyaml-1.12.jar:/opt/apache-maven-3.5.3/localRepository/org/unitils/unitils-core/3.4.2/unitils-core-3.4.2.jar:/opt/apache-maven-3.5.3/localRepository/ognl/ognl/2.6.9/ognl-2.6.9.jar:/opt/apache-maven-3.5.3/localRepository/org/unitils/unitils-testng/3.4.2/unitils-testng-3.4.2.jar:/opt/apache-maven-3.5.3/localRepository/org/testng/testng/5.8/testng-5.8-jdk15.jar:/opt/apache-maven-3.5.3/localRepository/org/unitils/unitils-spring/3.4.2/unitils-spring-3.4.2.jar:/opt/apache-maven-3.5.3/localRepository/org/unitils/unitils-orm/3.4.2/unitils-orm-3.4.2.jar:/opt/apache-maven-3.5.3/localRepository/javax/persistence/persistence-api/1.0/persistence-api-1.0.jar:/opt/apache-maven-3.5.3/localRepository/org/unitils/unitils-database/3.4.2/unitils-database-3.4.2.jar:/opt/apache-maven-3.5.3/localRepository/org/unitils/unitils-dbmaintainer/3.4.2/unitils-dbmaintainer-3.4.2.jar:/opt/apache-maven-3.5.3/localRepository/org/hibernate/hibernate/3.2.5.ga/hibernate-3.2.5.ga.jar:/opt/apache-maven-3.5.3/localRepository/net/sf/ehcache/ehcache/1.2.3/ehcache-1.2.3.jar:/opt/apache-maven-3.5.3/localRepository/asm/asm-attrs/1.5.3/asm-attrs-1.5.3.jar:/opt/apache-maven-3.5.3/localRepository/cglib/cglib/2.1_3/cglib-2.1_3.jar:/opt/apache-maven-3.5.3/localRepository/asm/asm/1.5.3/asm-1.5.3.jar:/opt/apache-maven-3.5.3/localRepository/org/slf4j/slf4j-nop/1.6.4/slf4j-nop-1.6.4.jar:/opt/apache-maven-3.5.3/localRepository/org/unitils/unitils-dbunit/3.4.2/unitils-dbunit-3.4.2.jar:/opt/apache-maven-3.5.3/localRepository/xmlunit/xmlunit/1.2/xmlunit-1.2.jar:/opt/apache-maven-3.5.3/localRepository/org/aspectj/aspectjrt/1.8.1/aspectjrt-1.8.1.jar:/opt/apache-maven-3.5.3/localRepository/org/aspectj/aspectjweaver/1.8.1/aspectjweaver-1.8.1.jar:/opt/apache-maven-3.5.3/localRepository/aopalliance/aopalliance/1.0/aopalliance-1.0.jar:/opt/apache-maven-3.5.3/localRepository/org/apache/poi/poi/3.9/poi-3.9.jar:/opt/apache-maven-3.5.3/localRepository/commons-codec/commons-codec/1.5/commons-codec-1.5.jar:/opt/apache-maven-3.5.3/localRepository/javassist/javassist/3.6.0.GA/javassist-3.6.0.GA.jar:/opt/apache-maven-3.5.3/localRepository/org/seleniumhq/selenium/selenium-chrome-driver/2.41.0/selenium-chrome-driver-2.41.0.jar:/opt/apache-maven-3.5.3/localRepository/org/seleniumhq/selenium/selenium-remote-driver/2.41.0/selenium-remote-driver-2.41.0.jar:/opt/apache-maven-3.5.3/localRepository/cglib/cglib-nodep/2.1_3/cglib-nodep-2.1_3.jar:/opt/apache-maven-3.5.3/localRepository/net/java/dev/jna/jna/3.4.0/jna-3.4.0.jar:/opt/apache-maven-3.5.3/localRepository/net/java/dev/jna/platform/3.4.0/platform-3.4.0.jar:/opt/apache-maven-3.5.3/localRepository/org/seleniumhq/selenium/selenium-firefox-driver/2.41.0/selenium-firefox-driver-2.41.0.jar:/opt/apache-maven-3.5.3/localRepository/org/apache/commons/commons-exec/1.1/commons-exec-1.1.jar:/opt/apache-maven-3.5.3/localRepository/com/opera/operadriver/0.8.1/operadriver-0.8.1.jar:/opt/apache-maven-3.5.3/localRepository/com/opera/operalaunchers/0.3/operalaunchers-0.3.jar:/opt/apache-maven-3.5.3/localRepository/com/google/protobuf/protobuf-java/2.4.1/protobuf-java-2.4.1.jar:/opt/apache-maven-3.5.3/localRepository/com/google/guava/guava/10.0.1/guava-10.0.1.jar:/opt/apache-maven-3.5.3/localRepository/com/google/code/findbugs/jsr305/1.3.9/jsr305-1.3.9.jar:/opt/apache-maven-3.5.3/localRepository/commons-jxpath/commons-jxpath/1.3/commons-jxpath-1.3.jar:/opt/apache-maven-3.5.3/localRepository/org/dbunit/dbunit/2.5.1/dbunit-2.5.1.jar:/opt/apache-maven-3.5.3/localRepository/org/apache/poi/poi-ooxml/3.11/poi-ooxml-3.11.jar:/opt/apache-maven-3.5.3/localRepository/org/apache/poi/poi-ooxml-schemas/3.11/poi-ooxml-schemas-3.11.jar:/opt/apache-maven-3.5.3/localRepository/org/apache/xmlbeans/xmlbeans/2.6.0/xmlbeans-2.6.0.jar:/opt/apache-maven-3.5.3/localRepository/stax/stax-api/1.0.1/stax-api-1.0.1.jar:/opt/apache-maven-3.5.3/localRepository/org/seleniumhq/selenium/selenium-api/2.41.0/selenium-api-2.41.0.jar:/opt/apache-maven-3.5.3/localRepository/org/json/json/20080701/json-20080701.jar:/opt/apache-maven-3.5.3/localRepository/org/seleniumhq/selenium/selenium-htmlunit-driver/2.41.0/selenium-htmlunit-driver-2.41.0.jar:/opt/apache-maven-3.5.3/localRepository/net/sourceforge/htmlunit/htmlunit/2.13/htmlunit-2.13.jar:/opt/apache-maven-3.5.3/localRepository/xalan/xalan/2.7.1/xalan-2.7.1.jar:/opt/apache-maven-3.5.3/localRepository/xalan/serializer/2.7.1/serializer-2.7.1.jar:/opt/apache-maven-3.5.3/localRepository/org/apache/commons/commons-lang3/3.1/commons-lang3-3.1.jar:/opt/apache-maven-3.5.3/localRepository/org/apache/httpcomponents/httpmime/4.3.1/httpmime-4.3.1.jar:/opt/apache-maven-3.5.3/localRepository/net/sourceforge/htmlunit/htmlunit-core-js/2.13/htmlunit-core-js-2.13.jar:/opt/apache-maven-3.5.3/localRepository/xerces/xercesImpl/2.11.0/xercesImpl-2.11.0.jar:/opt/apache-maven-3.5.3/localRepository/net/sourceforge/nekohtml/nekohtml/1.9.19/nekohtml-1.9.19.jar:/opt/apache-maven-3.5.3/localRepository/net/sourceforge/cssparser/cssparser/0.9.11/cssparser-0.9.11.jar:/opt/apache-maven-3.5.3/localRepository/org/w3c/css/sac/1.3/sac-1.3.jar:/opt/apache-maven-3.5.3/localRepository/org/eclipse/jetty/jetty-websocket/8.1.12.v20130726/jetty-websocket-8.1.12.v20130726.jar:/opt/apache-maven-3.5.3/localRepository/org/eclipse/jetty/jetty-util/8.1.12.v20130726/jetty-util-8.1.12.v20130726.jar:/opt/apache-maven-3.5.3/localRepository/org/eclipse/jetty/jetty-io/8.1.12.v20130726/jetty-io-8.1.12.v20130726.jar:/opt/apache-maven-3.5.3/localRepository/org/eclipse/jetty/jetty-http/8.1.12.v20130726/jetty-http-8.1.12.v20130726.jar:/opt/apache-maven-3.5.3/localRepository/org/apache/httpcomponents/httpclient/4.3.1/httpclient-4.3.1.jar:/opt/apache-maven-3.5.3/localRepository/org/apache/httpcomponents/httpcore/4.3/httpcore-4.3.jar:/opt/apache-maven-3.5.3/localRepository/org/hamcrest/hamcrest-all/1.3/hamcrest-all-1.3.jar:"/>
    <property name="java.vm.specification.version" value="1.8"/>
    <property name="sun.arch.data.model" value="64"/>
    <property name="java.home" value="/usr/lib/jvm/java-8-openjdk-amd64/jre"/>
    <property name="sun.java.command" value="/home/watermelon/JavaWebDemo/ThisIsUsCommunity/target/surefire/surefirebooter863453066521704592.jar /home/watermelon/JavaWebDemo/ThisIsUsCommunity/target/surefire/surefire7887623990846418768tmp /home/watermelon/JavaWebDemo/ThisIsUsCommunity/target/surefire/surefire6671685730090316058tmp"/>
    <property name="java.specification.vendor" value="Oracle Corporation"/>
    <property name="user.language" value="zh"/>
    <property name="awt.toolkit" value="sun.awt.X11.XToolkit"/>
    <property name="java.vm.info" value="mixed mode"/>
    <property name="java.version" value="1.8.0_171"/>
    <property name="java.ext.dirs" value="/usr/lib/jvm/java-8-openjdk-amd64/jre/lib/ext:/usr/java/packages/lib/ext"/>
    <property name="sun.boot.class.path" value="/usr/lib/jvm/java-8-openjdk-amd64/jre/lib/resources.jar:/usr/lib/jvm/java-8-openjdk-amd64/jre/lib/rt.jar:/usr/lib/jvm/java-8-openjdk-amd64/jre/lib/sunrsasign.jar:/usr/lib/jvm/java-8-openjdk-amd64/jre/lib/jsse.jar:/usr/lib/jvm/java-8-openjdk-amd64/jre/lib/jce.jar:/usr/lib/jvm/java-8-openjdk-amd64/jre/lib/charsets.jar:/usr/lib/jvm/java-8-openjdk-amd64/jre/lib/jfr.jar:/usr/lib/jvm/java-8-openjdk-amd64/jre/classes"/>
    <property name="java.vendor" value="Oracle Corporation"/>
    <property name="localRepository" value="/opt/apache-maven-3.5.3/localRepository"/>
    <property name="file.separator" value="/"/>
    <property name="java.vendor.url.bug" value="http://bugreport.sun.com/bugreport/"/>
    <property name="sun.cpu.endian" value="little"/>
    <property name="sun.io.unicode.encoding" value="UnicodeLittle"/>
    <property name="sun.desktop" value="gnome"/>
    <property name="sun.cpu.isalist" value=""/>
  </properties>
  <testcase classname="com.BoardTest" name="test" time="2.299">
    <failure message="Write operations are not allowed in read-only mode (FlushMode.MANUAL): Turn your Session into FlushMode.COMMIT/AUTO or remove &apos;readOnly&apos; marker from transaction definition." type="org.springframework.dao.InvalidDataAccessApiUsageException">org.springframework.dao.InvalidDataAccessApiUsageException: Write operations are not allowed in read-only mode (FlushMode.MANUAL): Turn your Session into FlushMode.COMMIT/AUTO or remove &apos;readOnly&apos; marker from transaction definition.
	at org.springframework.orm.hibernate4.HibernateTemplate.checkWriteOperationAllowed(HibernateTemplate.java:1128)
	at org.springframework.orm.hibernate4.HibernateTemplate$12.doInHibernate(HibernateTemplate.java:621)
	at org.springframework.orm.hibernate4.HibernateTemplate$12.doInHibernate(HibernateTemplate.java:618)
	at org.springframework.orm.hibernate4.HibernateTemplate.doExecute(HibernateTemplate.java:341)
	at org.springframework.orm.hibernate4.HibernateTemplate.executeWithNativeSession(HibernateTemplate.java:309)
	at org.springframework.orm.hibernate4.HibernateTemplate.save(HibernateTemplate.java:618)
	at com.dao.BaseDao.save(BaseDao.java:64)
	at com.BoardTest.test(BoardTest.java:19)
</failure>
    <system-out>@HL
@HL-------------------------------------------------------
@HL T E S T S
@HL-------------------------------------------------------
@SLRunning TestSuite
2018-05-21 11:24:02,926 DEBUG (org.springframework.core.env.StandardEnvironment:109) - Adding [systemProperties] PropertySource with lowest search precedence
2018-05-21 11:24:02,926 DEBUG (org.springframework.core.env.StandardEnvironment:109) - Adding [systemProperties] PropertySource with lowest search precedence
2018-05-21 11:24:02,929 DEBUG (org.springframework.core.env.StandardEnvironment:109) - Adding [systemEnvironment] PropertySource with lowest search precedence
2018-05-21 11:24:02,929 DEBUG (org.springframework.core.env.StandardEnvironment:109) - Adding [systemEnvironment] PropertySource with lowest search precedence
2018-05-21 11:24:02,930 DEBUG (org.springframework.core.env.StandardEnvironment:127) - Initialized StandardEnvironment with PropertySources [systemProperties,systemEnvironment]
2018-05-21 11:24:02,930 DEBUG (org.springframework.core.env.StandardEnvironment:127) - Initialized StandardEnvironment with PropertySources [systemProperties,systemEnvironment]
2018-05-21 11:24:02,935  INFO (org.springframework.context.support.ClassPathXmlApplicationContext:574) - Refreshing org.springframework.context.support.ClassPathXmlApplicationContext@4b4523f8: startup date [Mon May 21 11:24:02 CST 2018]; root of context hierarchy
2018-05-21 11:24:02,935  INFO (org.springframework.context.support.ClassPathXmlApplicationContext:574) - Refreshing org.springframework.context.support.ClassPathXmlApplicationContext@4b4523f8: startup date [Mon May 21 11:24:02 CST 2018]; root of context hierarchy
2018-05-21 11:24:02,956 DEBUG (org.springframework.core.env.StandardEnvironment:109) - Adding [systemProperties] PropertySource with lowest search precedence
2018-05-21 11:24:02,956 DEBUG (org.springframework.core.env.StandardEnvironment:109) - Adding [systemProperties] PropertySource with lowest search precedence
2018-05-21 11:24:02,958 DEBUG (org.springframework.core.env.StandardEnvironment:109) - Adding [systemEnvironment] PropertySource with lowest search precedence
2018-05-21 11:24:02,958 DEBUG (org.springframework.core.env.StandardEnvironment:109) - Adding [systemEnvironment] PropertySource with lowest search precedence
2018-05-21 11:24:02,959 DEBUG (org.springframework.core.env.StandardEnvironment:127) - Initialized StandardEnvironment with PropertySources [systemProperties,systemEnvironment]
2018-05-21 11:24:02,959 DEBUG (org.springframework.core.env.StandardEnvironment:127) - Initialized StandardEnvironment with PropertySources [systemProperties,systemEnvironment]
2018-05-21 11:24:02,966  INFO (org.springframework.beans.factory.xml.XmlBeanDefinitionReader:317) - Loading XML bean definitions from class path resource [ThisIsUsCommunity-dao.xml]
2018-05-21 11:24:02,966  INFO (org.springframework.beans.factory.xml.XmlBeanDefinitionReader:317) - Loading XML bean definitions from class path resource [ThisIsUsCommunity-dao.xml]
2018-05-21 11:24:03,046 DEBUG (org.springframework.beans.factory.xml.DefaultDocumentLoader:73) - Using JAXP provider [org.apache.xerces.jaxp.DocumentBuilderFactoryImpl]
2018-05-21 11:24:03,046 DEBUG (org.springframework.beans.factory.xml.DefaultDocumentLoader:73) - Using JAXP provider [org.apache.xerces.jaxp.DocumentBuilderFactoryImpl]
2018-05-21 11:24:03,132 DEBUG (org.springframework.beans.factory.xml.PluggableSchemaResolver:141) - Loading schema mappings from [META-INF/spring.schemas]
2018-05-21 11:24:03,132 DEBUG (org.springframework.beans.factory.xml.PluggableSchemaResolver:141) - Loading schema mappings from [META-INF/spring.schemas]
2018-05-21 11:24:03,139 DEBUG (org.springframework.beans.factory.xml.PluggableSchemaResolver:147) - Loaded schema mappings: {http://www.springframework.org/schema/tx/spring-tx-2.5.xsd=org/springframework/transaction/config/spring-tx-2.5.xsd, http://www.springframework.org/schema/cache/spring-cache-4.2.xsd=org/springframework/cache/config/spring-cache-4.2.xsd, http://www.springframework.org/schema/aop/spring-aop-4.1.xsd=org/springframework/aop/config/spring-aop-4.1.xsd, http://www.springframework.org/schema/context/spring-context-3.1.xsd=org/springframework/context/config/spring-context-3.1.xsd, http://www.springframework.org/schema/jdbc/spring-jdbc-4.1.xsd=org/springframework/jdbc/config/spring-jdbc-4.1.xsd, http://www.springframework.org/schema/util/spring-util-3.0.xsd=org/springframework/beans/factory/xml/spring-util-3.0.xsd, http://www.springframework.org/schema/mvc/spring-mvc-4.1.xsd=org/springframework/web/servlet/config/spring-mvc-4.1.xsd, http://www.springframework.org/schema/tool/spring-tool.xsd=org/springframework/beans/factory/xml/spring-tool-4.2.xsd, http://www.springframework.org/schema/aop/spring-aop-3.2.xsd=org/springframework/aop/config/spring-aop-3.2.xsd, http://www.springframework.org/schema/lang/spring-lang-4.1.xsd=org/springframework/scripting/config/spring-lang-4.1.xsd, http://www.springframework.org/schema/context/spring-context-4.0.xsd=org/springframework/context/config/spring-context-4.0.xsd, http://www.springframework.org/schema/mvc/spring-mvc-3.2.xsd=org/springframework/web/servlet/config/spring-mvc-3.2.xsd, http://www.springframework.org/schema/beans/spring-beans-4.2.xsd=org/springframework/beans/factory/xml/spring-beans-4.2.xsd, http://www.springframework.org/schema/tool/spring-tool-4.1.xsd=org/springframework/beans/factory/xml/spring-tool-4.1.xsd, http://www.springframework.org/schema/lang/spring-lang-3.2.xsd=org/springframework/scripting/config/spring-lang-3.2.xsd, http://www.springframework.org/schema/cache/spring-cache-3.2.xsd=org/springframework/cache/config/spring-cache-3.2.xsd, http://www.springframework.org/schema/jee/spring-jee-4.1.xsd=org/springframework/ejb/config/spring-jee-4.1.xsd, http://www.springframework.org/schema/jdbc/spring-jdbc-3.1.xsd=org/springframework/jdbc/config/spring-jdbc-3.1.xsd, http://www.springframework.org/schema/util/spring-util-2.0.xsd=org/springframework/beans/factory/xml/spring-util-2.0.xsd, http://www.springframework.org/schema/task/spring-task-4.2.xsd=org/springframework/scheduling/config/spring-task-4.2.xsd, http://www.springframework.org/schema/tool/spring-tool-3.2.xsd=org/springframework/beans/factory/xml/spring-tool-3.2.xsd, http://www.springframework.org/schema/context/spring-context.xsd=org/springframework/context/config/spring-context-4.2.xsd, http://www.springframework.org/schema/tx/spring-tx-4.2.xsd=org/springframework/transaction/config/spring-tx-4.2.xsd, http://www.springframework.org/schema/cache/spring-cache-4.1.xsd=org/springframework/cache/config/spring-cache-4.1.xsd, http://www.springframework.org/schema/aop/spring-aop-4.0.xsd=org/springframework/aop/config/spring-aop-4.0.xsd, http://www.springframework.org/schema/jee/spring-jee-3.2.xsd=org/springframework/ejb/config/spring-jee-3.2.xsd, http://www.springframework.org/schema/context/spring-context-3.0.xsd=org/springframework/context/config/spring-context-3.0.xsd, http://www.springframework.org/schema/jdbc/spring-jdbc-4.0.xsd=org/springframework/jdbc/config/spring-jdbc-4.0.xsd, http://www.springframework.org/schema/util/spring-util-2.5.xsd=org/springframework/beans/factory/xml/spring-util-2.5.xsd, http://www.springframework.org/schema/mvc/spring-mvc-4.0.xsd=org/springframework/web/servlet/config/spring-mvc-4.0.xsd, http://www.springframework.org/schema/beans/spring-beans-3.2.xsd=org/springframework/beans/factory/xml/spring-beans-3.2.xsd, http://www.springframework.org/schema/aop/spring-aop-3.1.xsd=org/springframework/aop/config/spring-aop-3.1.xsd, http://www.springframework.org/schema/lang/spring-lang-4.0.xsd=org/springframework/scripting/config/spring-lang-4.0.xsd, http://www.springframework.org/schema/mvc/spring-mvc.xsd=org/springframework/web/servlet/config/spring-mvc-4.2.xsd, http://www.springframework.org/schema/mvc/spring-mvc-3.1.xsd=org/springframework/web/servlet/config/spring-mvc-3.1.xsd, http://www.springframework.org/schema/beans/spring-beans-4.1.xsd=org/springframework/beans/factory/xml/spring-beans-4.1.xsd, http://www.springframework.org/schema/tool/spring-tool-4.0.xsd=org/springframework/beans/factory/xml/spring-tool-4.0.xsd, http://www.springframework.org/schema/lang/spring-lang-3.1.xsd=org/springframework/scripting/config/spring-lang-3.1.xsd, http://www.springframework.org/schema/tx/spring-tx-3.2.xsd=org/springframework/transaction/config/spring-tx-3.2.xsd, http://www.springframework.org/schema/cache/spring-cache-3.1.xsd=org/springframework/cache/config/spring-cache-3.1.xsd, http://www.springframework.org/schema/jee/spring-jee-4.0.xsd=org/springframework/ejb/config/spring-jee-4.0.xsd, http://www.springframework.org/schema/jdbc/spring-jdbc-3.0.xsd=org/springframework/jdbc/config/spring-jdbc-3.0.xsd, http://www.springframework.org/schema/task/spring-task-4.1.xsd=org/springframework/scheduling/config/spring-task-4.1.xsd, http://www.springframework.org/schema/jdbc/spring-jdbc.xsd=org/springframework/jdbc/config/spring-jdbc-4.2.xsd, http://www.springframework.org/schema/tool/spring-tool-3.1.xsd=org/springframework/beans/factory/xml/spring-tool-3.1.xsd, http://www.springframework.org/schema/tx/spring-tx-4.1.xsd=org/springframework/transaction/config/spring-tx-4.1.xsd, http://www.springframework.org/schema/cache/spring-cache-4.0.xsd=org/springframework/cache/config/spring-cache-4.0.xsd, http://www.springframework.org/schema/jee/spring-jee-3.1.xsd=org/springframework/ejb/config/spring-jee-3.1.xsd, http://www.springframework.org/schema/util/spring-util-4.2.xsd=org/springframework/beans/factory/xml/spring-util-4.2.xsd, http://www.springframework.org/schema/task/spring-task-3.2.xsd=org/springframework/scheduling/config/spring-task-3.2.xsd, http://www.springframework.org/schema/beans/spring-beans-3.1.xsd=org/springframework/beans/factory/xml/spring-beans-3.1.xsd, http://www.springframework.org/schema/util/spring-util.xsd=org/springframework/beans/factory/xml/spring-util-4.2.xsd, http://www.springframework.org/schema/aop/spring-aop-3.0.xsd=org/springframework/aop/config/spring-aop-3.0.xsd, http://www.springframework.org/schema/mvc/spring-mvc-3.0.xsd=org/springframework/web/servlet/config/spring-mvc-3.0.xsd, http://www.springframework.org/schema/beans/spring-beans-4.0.xsd=org/springframework/beans/factory/xml/spring-beans-4.0.xsd, http://www.springframework.org/schema/beans/spring-beans.xsd=org/springframework/beans/factory/xml/spring-beans-4.2.xsd, http://www.springframework.org/schema/lang/spring-lang-3.0.xsd=org/springframework/scripting/config/spring-lang-3.0.xsd, http://www.springframework.org/schema/tx/spring-tx-3.1.xsd=org/springframework/transaction/config/spring-tx-3.1.xsd, http://www.springframework.org/schema/context/spring-context-2.5.xsd=org/springframework/context/config/spring-context-2.5.xsd, http://www.springframework.org/schema/task/spring-task-4.0.xsd=org/springframework/scheduling/config/spring-task-4.0.xsd, http://www.springframework.org/schema/tool/spring-tool-3.0.xsd=org/springframework/beans/factory/xml/spring-tool-3.0.xsd, http://www.springframework.org/schema/tx/spring-tx-4.0.xsd=org/springframework/transaction/config/spring-tx-4.0.xsd, http://www.springframework.org/schema/aop/spring-aop-2.0.xsd=org/springframework/aop/config/spring-aop-2.0.xsd, http://www.springframework.org/schema/jee/spring-jee-3.0.xsd=org/springframework/ejb/config/spring-jee-3.0.xsd, http://www.springframework.org/schema/util/spring-util-4.1.xsd=org/springframework/beans/factory/xml/spring-util-4.1.xsd, http://www.springframework.org/schema/task/spring-task-3.1.xsd=org/springframework/scheduling/config/spring-task-3.1.xsd, http://www.springframework.org/schema/beans/spring-beans-3.0.xsd=org/springframework/beans/factory/xml/spring-beans-3.0.xsd, http://www.springframework.org/schema/jee/spring-jee.xsd=org/springframework/ejb/config/spring-jee-4.2.xsd, http://www.springframework.org/schema/aop/spring-aop-2.5.xsd=org/springframework/aop/config/spring-aop-2.5.xsd, http://www.springframework.org/schema/lang/spring-lang-2.0.xsd=org/springframework/scripting/config/spring-lang-2.0.xsd, http://www.springframework.org/schema/util/spring-util-3.2.xsd=org/springframework/beans/factory/xml/spring-util-3.2.xsd, http://www.springframework.org/schema/task/spring-task.xsd=org/springframework/scheduling/config/spring-task-4.2.xsd, http://www.springframework.org/schema/tool/spring-tool-2.0.xsd=org/springframework/beans/factory/xml/spring-tool-2.0.xsd, http://www.springframework.org/schema/tx/spring-tx-3.0.xsd=org/springframework/transaction/config/spring-tx-3.0.xsd, http://www.springframework.org/schema/lang/spring-lang-2.5.xsd=org/springframework/scripting/config/spring-lang-2.5.xsd, http://www.springframework.org/schema/context/spring-context-4.2.xsd=org/springframework/context/config/spring-context-4.2.xsd, http://www.springframework.org/schema/jee/spring-jee-2.0.xsd=org/springframework/ejb/config/spring-jee-2.0.xsd, http://www.springframework.org/schema/tool/spring-tool-2.5.xsd=org/springframework/beans/factory/xml/spring-tool-2.5.xsd, http://www.springframework.org/schema/jee/spring-jee-2.5.xsd=org/springframework/ejb/config/spring-jee-2.5.xsd, http://www.springframework.org/schema/util/spring-util-4.0.xsd=org/springframework/beans/factory/xml/spring-util-4.0.xsd, http://www.springframework.org/schema/task/spring-task-3.0.xsd=org/springframework/scheduling/config/spring-task-3.0.xsd, http://www.springframework.org/schema/aop/spring-aop-4.2.xsd=org/springframework/aop/config/spring-aop-4.2.xsd, http://www.springframework.org/schema/lang/spring-lang.xsd=org/springframework/scripting/config/spring-lang-4.2.xsd, http://www.springframework.org/schema/context/spring-context-3.2.xsd=org/springframework/context/config/spring-context-3.2.xsd, http://www.springframework.org/schema/jdbc/spring-jdbc-4.2.xsd=org/springframework/jdbc/config/spring-jdbc-4.2.xsd, http://www.springframework.org/schema/util/spring-util-3.1.xsd=org/springframework/beans/factory/xml/spring-util-3.1.xsd, http://www.springframework.org/schema/mvc/spring-mvc-4.2.xsd=org/springframework/web/servlet/config/spring-mvc-4.2.xsd, http://www.springframework.org/schema/beans/spring-beans-2.0.xsd=org/springframework/beans/factory/xml/spring-beans-2.0.xsd, http://www.springframework.org/schema/cache/spring-cache.xsd=org/springframework/cache/config/spring-cache-4.2.xsd, http://www.springframework.org/schema/tx/spring-tx.xsd=org/springframework/transaction/config/spring-tx-4.2.xsd, http://www.springframework.org/schema/lang/spring-lang-4.2.xsd=org/springframework/scripting/config/spring-lang-4.2.xsd, http://www.springframework.org/schema/context/spring-context-4.1.xsd=org/springframework/context/config/spring-context-4.1.xsd, http://www.springframework.org/schema/beans/spring-beans-2.5.xsd=org/springframework/beans/factory/xml/spring-beans-2.5.xsd, http://www.springframework.org/schema/tool/spring-tool-4.2.xsd=org/springframework/beans/factory/xml/spring-tool-4.2.xsd, http://www.springframework.org/schema/tx/spring-tx-2.0.xsd=org/springframework/transaction/config/spring-tx-2.0.xsd, http://www.springframework.org/schema/jee/spring-jee-4.2.xsd=org/springframework/ejb/config/spring-jee-4.2.xsd, http://www.springframework.org/schema/jdbc/spring-jdbc-3.2.xsd=org/springframework/jdbc/config/spring-jdbc-3.2.xsd, http://www.springframework.org/schema/aop/spring-aop.xsd=org/springframework/aop/config/spring-aop-4.2.xsd}
2018-05-21 11:24:03,139 DEBUG (org.springframework.beans.factory.xml.PluggableSchemaResolver:147) - Loaded schema mappings: {http://www.springframework.org/schema/tx/spring-tx-2.5.xsd=org/springframework/transaction/config/spring-tx-2.5.xsd, http://www.springframework.org/schema/cache/spring-cache-4.2.xsd=org/springframework/cache/config/spring-cache-4.2.xsd, http://www.springframework.org/schema/aop/spring-aop-4.1.xsd=org/springframework/aop/config/spring-aop-4.1.xsd, http://www.springframework.org/schema/context/spring-context-3.1.xsd=org/springframework/context/config/spring-context-3.1.xsd, http://www.springframework.org/schema/jdbc/spring-jdbc-4.1.xsd=org/springframework/jdbc/config/spring-jdbc-4.1.xsd, http://www.springframework.org/schema/util/spring-util-3.0.xsd=org/springframework/beans/factory/xml/spring-util-3.0.xsd, http://www.springframework.org/schema/mvc/spring-mvc-4.1.xsd=org/springframework/web/servlet/config/spring-mvc-4.1.xsd, http://www.springframework.org/schema/tool/spring-tool.xsd=org/springframework/beans/factory/xml/spring-tool-4.2.xsd, http://www.springframework.org/schema/aop/spring-aop-3.2.xsd=org/springframework/aop/config/spring-aop-3.2.xsd, http://www.springframework.org/schema/lang/spring-lang-4.1.xsd=org/springframework/scripting/config/spring-lang-4.1.xsd, http://www.springframework.org/schema/context/spring-context-4.0.xsd=org/springframework/context/config/spring-context-4.0.xsd, http://www.springframework.org/schema/mvc/spring-mvc-3.2.xsd=org/springframework/web/servlet/config/spring-mvc-3.2.xsd, http://www.springframework.org/schema/beans/spring-beans-4.2.xsd=org/springframework/beans/factory/xml/spring-beans-4.2.xsd, http://www.springframework.org/schema/tool/spring-tool-4.1.xsd=org/springframework/beans/factory/xml/spring-tool-4.1.xsd, http://www.springframework.org/schema/lang/spring-lang-3.2.xsd=org/springframework/scripting/config/spring-lang-3.2.xsd, http://www.springframework.org/schema/cache/spring-cache-3.2.xsd=org/springframework/cache/config/spring-cache-3.2.xsd, http://www.springframework.org/schema/jee/spring-jee-4.1.xsd=org/springframework/ejb/config/spring-jee-4.1.xsd, http://www.springframework.org/schema/jdbc/spring-jdbc-3.1.xsd=org/springframework/jdbc/config/spring-jdbc-3.1.xsd, http://www.springframework.org/schema/util/spring-util-2.0.xsd=org/springframework/beans/factory/xml/spring-util-2.0.xsd, http://www.springframework.org/schema/task/spring-task-4.2.xsd=org/springframework/scheduling/config/spring-task-4.2.xsd, http://www.springframework.org/schema/tool/spring-tool-3.2.xsd=org/springframework/beans/factory/xml/spring-tool-3.2.xsd, http://www.springframework.org/schema/context/spring-context.xsd=org/springframework/context/config/spring-context-4.2.xsd, http://www.springframework.org/schema/tx/spring-tx-4.2.xsd=org/springframework/transaction/config/spring-tx-4.2.xsd, http://www.springframework.org/schema/cache/spring-cache-4.1.xsd=org/springframework/cache/config/spring-cache-4.1.xsd, http://www.springframework.org/schema/aop/spring-aop-4.0.xsd=org/springframework/aop/config/spring-aop-4.0.xsd, http://www.springframework.org/schema/jee/spring-jee-3.2.xsd=org/springframework/ejb/config/spring-jee-3.2.xsd, http://www.springframework.org/schema/context/spring-context-3.0.xsd=org/springframework/context/config/spring-context-3.0.xsd, http://www.springframework.org/schema/jdbc/spring-jdbc-4.0.xsd=org/springframework/jdbc/config/spring-jdbc-4.0.xsd, http://www.springframework.org/schema/util/spring-util-2.5.xsd=org/springframework/beans/factory/xml/spring-util-2.5.xsd, http://www.springframework.org/schema/mvc/spring-mvc-4.0.xsd=org/springframework/web/servlet/config/spring-mvc-4.0.xsd, http://www.springframework.org/schema/beans/spring-beans-3.2.xsd=org/springframework/beans/factory/xml/spring-beans-3.2.xsd, http://www.springframework.org/schema/aop/spring-aop-3.1.xsd=org/springframework/aop/config/spring-aop-3.1.xsd, http://www.springframework.org/schema/lang/spring-lang-4.0.xsd=org/springframework/scripting/config/spring-lang-4.0.xsd, http://www.springframework.org/schema/mvc/spring-mvc.xsd=org/springframework/web/servlet/config/spring-mvc-4.2.xsd, http://www.springframework.org/schema/mvc/spring-mvc-3.1.xsd=org/springframework/web/servlet/config/spring-mvc-3.1.xsd, http://www.springframework.org/schema/beans/spring-beans-4.1.xsd=org/springframework/beans/factory/xml/spring-beans-4.1.xsd, http://www.springframework.org/schema/tool/spring-tool-4.0.xsd=org/springframework/beans/factory/xml/spring-tool-4.0.xsd, http://www.springframework.org/schema/lang/spring-lang-3.1.xsd=org/springframework/scripting/config/spring-lang-3.1.xsd, http://www.springframework.org/schema/tx/spring-tx-3.2.xsd=org/springframework/transaction/config/spring-tx-3.2.xsd, http://www.springframework.org/schema/cache/spring-cache-3.1.xsd=org/springframework/cache/config/spring-cache-3.1.xsd, http://www.springframework.org/schema/jee/spring-jee-4.0.xsd=org/springframework/ejb/config/spring-jee-4.0.xsd, http://www.springframework.org/schema/jdbc/spring-jdbc-3.0.xsd=org/springframework/jdbc/config/spring-jdbc-3.0.xsd, http://www.springframework.org/schema/task/spring-task-4.1.xsd=org/springframework/scheduling/config/spring-task-4.1.xsd, http://www.springframework.org/schema/jdbc/spring-jdbc.xsd=org/springframework/jdbc/config/spring-jdbc-4.2.xsd, http://www.springframework.org/schema/tool/spring-tool-3.1.xsd=org/springframework/beans/factory/xml/spring-tool-3.1.xsd, http://www.springframework.org/schema/tx/spring-tx-4.1.xsd=org/springframework/transaction/config/spring-tx-4.1.xsd, http://www.springframework.org/schema/cache/spring-cache-4.0.xsd=org/springframework/cache/config/spring-cache-4.0.xsd, http://www.springframework.org/schema/jee/spring-jee-3.1.xsd=org/springframework/ejb/config/spring-jee-3.1.xsd, http://www.springframework.org/schema/util/spring-util-4.2.xsd=org/springframework/beans/factory/xml/spring-util-4.2.xsd, http://www.springframework.org/schema/task/spring-task-3.2.xsd=org/springframework/scheduling/config/spring-task-3.2.xsd, http://www.springframework.org/schema/beans/spring-beans-3.1.xsd=org/springframework/beans/factory/xml/spring-beans-3.1.xsd, http://www.springframework.org/schema/util/spring-util.xsd=org/springframework/beans/factory/xml/spring-util-4.2.xsd, http://www.springframework.org/schema/aop/spring-aop-3.0.xsd=org/springframework/aop/config/spring-aop-3.0.xsd, http://www.springframework.org/schema/mvc/spring-mvc-3.0.xsd=org/springframework/web/servlet/config/spring-mvc-3.0.xsd, http://www.springframework.org/schema/beans/spring-beans-4.0.xsd=org/springframework/beans/factory/xml/spring-beans-4.0.xsd, http://www.springframework.org/schema/beans/spring-beans.xsd=org/springframework/beans/factory/xml/spring-beans-4.2.xsd, http://www.springframework.org/schema/lang/spring-lang-3.0.xsd=org/springframework/scripting/config/spring-lang-3.0.xsd, http://www.springframework.org/schema/tx/spring-tx-3.1.xsd=org/springframework/transaction/config/spring-tx-3.1.xsd, http://www.springframework.org/schema/context/spring-context-2.5.xsd=org/springframework/context/config/spring-context-2.5.xsd, http://www.springframework.org/schema/task/spring-task-4.0.xsd=org/springframework/scheduling/config/spring-task-4.0.xsd, http://www.springframework.org/schema/tool/spring-tool-3.0.xsd=org/springframework/beans/factory/xml/spring-tool-3.0.xsd, http://www.springframework.org/schema/tx/spring-tx-4.0.xsd=org/springframework/transaction/config/spring-tx-4.0.xsd, http://www.springframework.org/schema/aop/spring-aop-2.0.xsd=org/springframework/aop/config/spring-aop-2.0.xsd, http://www.springframework.org/schema/jee/spring-jee-3.0.xsd=org/springframework/ejb/config/spring-jee-3.0.xsd, http://www.springframework.org/schema/util/spring-util-4.1.xsd=org/springframework/beans/factory/xml/spring-util-4.1.xsd, http://www.springframework.org/schema/task/spring-task-3.1.xsd=org/springframework/scheduling/config/spring-task-3.1.xsd, http://www.springframework.org/schema/beans/spring-beans-3.0.xsd=org/springframework/beans/factory/xml/spring-beans-3.0.xsd, http://www.springframework.org/schema/jee/spring-jee.xsd=org/springframework/ejb/config/spring-jee-4.2.xsd, http://www.springframework.org/schema/aop/spring-aop-2.5.xsd=org/springframework/aop/config/spring-aop-2.5.xsd, http://www.springframework.org/schema/lang/spring-lang-2.0.xsd=org/springframework/scripting/config/spring-lang-2.0.xsd, http://www.springframework.org/schema/util/spring-util-3.2.xsd=org/springframework/beans/factory/xml/spring-util-3.2.xsd, http://www.springframework.org/schema/task/spring-task.xsd=org/springframework/scheduling/config/spring-task-4.2.xsd, http://www.springframework.org/schema/tool/spring-tool-2.0.xsd=org/springframework/beans/factory/xml/spring-tool-2.0.xsd, http://www.springframework.org/schema/tx/spring-tx-3.0.xsd=org/springframework/transaction/config/spring-tx-3.0.xsd, http://www.springframework.org/schema/lang/spring-lang-2.5.xsd=org/springframework/scripting/config/spring-lang-2.5.xsd, http://www.springframework.org/schema/context/spring-context-4.2.xsd=org/springframework/context/config/spring-context-4.2.xsd, http://www.springframework.org/schema/jee/spring-jee-2.0.xsd=org/springframework/ejb/config/spring-jee-2.0.xsd, http://www.springframework.org/schema/tool/spring-tool-2.5.xsd=org/springframework/beans/factory/xml/spring-tool-2.5.xsd, http://www.springframework.org/schema/jee/spring-jee-2.5.xsd=org/springframework/ejb/config/spring-jee-2.5.xsd, http://www.springframework.org/schema/util/spring-util-4.0.xsd=org/springframework/beans/factory/xml/spring-util-4.0.xsd, http://www.springframework.org/schema/task/spring-task-3.0.xsd=org/springframework/scheduling/config/spring-task-3.0.xsd, http://www.springframework.org/schema/aop/spring-aop-4.2.xsd=org/springframework/aop/config/spring-aop-4.2.xsd, http://www.springframework.org/schema/lang/spring-lang.xsd=org/springframework/scripting/config/spring-lang-4.2.xsd, http://www.springframework.org/schema/context/spring-context-3.2.xsd=org/springframework/context/config/spring-context-3.2.xsd, http://www.springframework.org/schema/jdbc/spring-jdbc-4.2.xsd=org/springframework/jdbc/config/spring-jdbc-4.2.xsd, http://www.springframework.org/schema/util/spring-util-3.1.xsd=org/springframework/beans/factory/xml/spring-util-3.1.xsd, http://www.springframework.org/schema/mvc/spring-mvc-4.2.xsd=org/springframework/web/servlet/config/spring-mvc-4.2.xsd, http://www.springframework.org/schema/beans/spring-beans-2.0.xsd=org/springframework/beans/factory/xml/spring-beans-2.0.xsd, http://www.springframework.org/schema/cache/spring-cache.xsd=org/springframework/cache/config/spring-cache-4.2.xsd, http://www.springframework.org/schema/tx/spring-tx.xsd=org/springframework/transaction/config/spring-tx-4.2.xsd, http://www.springframework.org/schema/lang/spring-lang-4.2.xsd=org/springframework/scripting/config/spring-lang-4.2.xsd, http://www.springframework.org/schema/context/spring-context-4.1.xsd=org/springframework/context/config/spring-context-4.1.xsd, http://www.springframework.org/schema/beans/spring-beans-2.5.xsd=org/springframework/beans/factory/xml/spring-beans-2.5.xsd, http://www.springframework.org/schema/tool/spring-tool-4.2.xsd=org/springframework/beans/factory/xml/spring-tool-4.2.xsd, http://www.springframework.org/schema/tx/spring-tx-2.0.xsd=org/springframework/transaction/config/spring-tx-2.0.xsd, http://www.springframework.org/schema/jee/spring-jee-4.2.xsd=org/springframework/ejb/config/spring-jee-4.2.xsd, http://www.springframework.org/schema/jdbc/spring-jdbc-3.2.xsd=org/springframework/jdbc/config/spring-jdbc-3.2.xsd, http://www.springframework.org/schema/aop/spring-aop.xsd=org/springframework/aop/config/spring-aop-4.2.xsd}
2018-05-21 11:24:03,141 DEBUG (org.springframework.beans.factory.xml.PluggableSchemaResolver:119) - Found XML schema [http://www.springframework.org/schema/beans/spring-beans.xsd] in classpath: org/springframework/beans/factory/xml/spring-beans-4.2.xsd
2018-05-21 11:24:03,141 DEBUG (org.springframework.beans.factory.xml.PluggableSchemaResolver:119) - Found XML schema [http://www.springframework.org/schema/beans/spring-beans.xsd] in classpath: org/springframework/beans/factory/xml/spring-beans-4.2.xsd
2018-05-21 11:24:03,197 DEBUG (org.springframework.beans.factory.xml.PluggableSchemaResolver:119) - Found XML schema [http://www.springframework.org/schema/context/spring-context.xsd] in classpath: org/springframework/context/config/spring-context-4.2.xsd
2018-05-21 11:24:03,197 DEBUG (org.springframework.beans.factory.xml.PluggableSchemaResolver:119) - Found XML schema [http://www.springframework.org/schema/context/spring-context.xsd] in classpath: org/springframework/context/config/spring-context-4.2.xsd
2018-05-21 11:24:03,204 DEBUG (org.springframework.beans.factory.xml.PluggableSchemaResolver:119) - Found XML schema [http://www.springframework.org/schema/tool/spring-tool-4.2.xsd] in classpath: org/springframework/beans/factory/xml/spring-tool-4.2.xsd
2018-05-21 11:24:03,204 DEBUG (org.springframework.beans.factory.xml.PluggableSchemaResolver:119) - Found XML schema [http://www.springframework.org/schema/tool/spring-tool-4.2.xsd] in classpath: org/springframework/beans/factory/xml/spring-tool-4.2.xsd
2018-05-21 11:24:03,217 DEBUG (org.springframework.beans.factory.xml.DefaultBeanDefinitionDocumentReader:92) - Loading bean definitions
2018-05-21 11:24:03,217 DEBUG (org.springframework.beans.factory.xml.DefaultBeanDefinitionDocumentReader:92) - Loading bean definitions
2018-05-21 11:24:03,228 DEBUG (org.springframework.beans.factory.xml.DefaultNamespaceHandlerResolver:157) - Loaded NamespaceHandler mappings: {http://www.springframework.org/schema/p=org.springframework.beans.factory.xml.SimplePropertyNamespaceHandler, http://www.springframework.org/schema/mvc=org.springframework.web.servlet.config.MvcNamespaceHandler, http://www.springframework.org/schema/util=org.springframework.beans.factory.xml.UtilNamespaceHandler, http://www.springframework.org/schema/jee=org.springframework.ejb.config.JeeNamespaceHandler, http://www.springframework.org/schema/aop=org.springframework.aop.config.AopNamespaceHandler, http://www.springframework.org/schema/jdbc=org.springframework.jdbc.config.JdbcNamespaceHandler, http://www.springframework.org/schema/cache=org.springframework.cache.config.CacheNamespaceHandler, http://www.springframework.org/schema/c=org.springframework.beans.factory.xml.SimpleConstructorNamespaceHandler, http://www.springframework.org/schema/tx=org.springframework.transaction.config.TxNamespaceHandler, http://www.springframework.org/schema/task=org.springframework.scheduling.config.TaskNamespaceHandler, http://www.springframework.org/schema/lang=org.springframework.scripting.config.LangNamespaceHandler, http://www.springframework.org/schema/context=org.springframework.context.config.ContextNamespaceHandler}
2018-05-21 11:24:03,228 DEBUG (org.springframework.beans.factory.xml.DefaultNamespaceHandlerResolver:157) - Loaded NamespaceHandler mappings: {http://www.springframework.org/schema/p=org.springframework.beans.factory.xml.SimplePropertyNamespaceHandler, http://www.springframework.org/schema/mvc=org.springframework.web.servlet.config.MvcNamespaceHandler, http://www.springframework.org/schema/util=org.springframework.beans.factory.xml.UtilNamespaceHandler, http://www.springframework.org/schema/jee=org.springframework.ejb.config.JeeNamespaceHandler, http://www.springframework.org/schema/aop=org.springframework.aop.config.AopNamespaceHandler, http://www.springframework.org/schema/jdbc=org.springframework.jdbc.config.JdbcNamespaceHandler, http://www.springframework.org/schema/cache=org.springframework.cache.config.CacheNamespaceHandler, http://www.springframework.org/schema/c=org.springframework.beans.factory.xml.SimpleConstructorNamespaceHandler, http://www.springframework.org/schema/tx=org.springframework.transaction.config.TxNamespaceHandler, http://www.springframework.org/schema/task=org.springframework.scheduling.config.TaskNamespaceHandler, http://www.springframework.org/schema/lang=org.springframework.scripting.config.LangNamespaceHandler, http://www.springframework.org/schema/context=org.springframework.context.config.ContextNamespaceHandler}
2018-05-21 11:24:03,237 DEBUG (org.springframework.core.env.StandardEnvironment:109) - Adding [systemProperties] PropertySource with lowest search precedence
2018-05-21 11:24:03,237 DEBUG (org.springframework.core.env.StandardEnvironment:109) - Adding [systemProperties] PropertySource with lowest search precedence
2018-05-21 11:24:03,238 DEBUG (org.springframework.core.env.StandardEnvironment:109) - Adding [systemEnvironment] PropertySource with lowest search precedence
2018-05-21 11:24:03,238 DEBUG (org.springframework.core.env.StandardEnvironment:109) - Adding [systemEnvironment] PropertySource with lowest search precedence
2018-05-21 11:24:03,239 DEBUG (org.springframework.core.env.StandardEnvironment:127) - Initialized StandardEnvironment with PropertySources [systemProperties,systemEnvironment]
2018-05-21 11:24:03,239 DEBUG (org.springframework.core.env.StandardEnvironment:127) - Initialized StandardEnvironment with PropertySources [systemProperties,systemEnvironment]
2018-05-21 11:24:03,248 DEBUG (org.springframework.core.io.support.PathMatchingResourcePatternResolver:631) - Looking for matching resources in directory tree [/home/watermelon/JavaWebDemo/ThisIsUsCommunity/target/classes/com/dao]
2018-05-21 11:24:03,248 DEBUG (org.springframework.core.io.support.PathMatchingResourcePatternResolver:631) - Looking for matching resources in directory tree [/home/watermelon/JavaWebDemo/ThisIsUsCommunity/target/classes/com/dao]
2018-05-21 11:24:03,248 DEBUG (org.springframework.core.io.support.PathMatchingResourcePatternResolver:693) - Searching directory [/home/watermelon/JavaWebDemo/ThisIsUsCommunity/target/classes/com/dao] for files matching pattern [/home/watermelon/JavaWebDemo/ThisIsUsCommunity/target/classes/com/dao/**/*.class]
2018-05-21 11:24:03,248 DEBUG (org.springframework.core.io.support.PathMatchingResourcePatternResolver:693) - Searching directory [/home/watermelon/JavaWebDemo/ThisIsUsCommunity/target/classes/com/dao] for files matching pattern [/home/watermelon/JavaWebDemo/ThisIsUsCommunity/target/classes/com/dao/**/*.class]
2018-05-21 11:24:03,252 DEBUG (org.springframework.core.io.support.PathMatchingResourcePatternResolver:424) - Resolved location pattern [classpath*:com/dao/**/*.class] to resources [file [/home/watermelon/JavaWebDemo/ThisIsUsCommunity/target/classes/com/dao/PostDao.class], file [/home/watermelon/JavaWebDemo/ThisIsUsCommunity/target/classes/com/dao/UserDao.class], file [/home/watermelon/JavaWebDemo/ThisIsUsCommunity/target/classes/com/dao/BoardDao.class], file [/home/watermelon/JavaWebDemo/ThisIsUsCommunity/target/classes/com/dao/Page.class], file [/home/watermelon/JavaWebDemo/ThisIsUsCommunity/target/classes/com/dao/TopicDao.class], file [/home/watermelon/JavaWebDemo/ThisIsUsCommunity/target/classes/com/dao/LoginLogDao.class], file [/home/watermelon/JavaWebDemo/ThisIsUsCommunity/target/classes/com/dao/BaseDao.class]]
2018-05-21 11:24:03,252 DEBUG (org.springframework.core.io.support.PathMatchingResourcePatternResolver:424) - Resolved location pattern [classpath*:com/dao/**/*.class] to resources [file [/home/watermelon/JavaWebDemo/ThisIsUsCommunity/target/classes/com/dao/PostDao.class], file [/home/watermelon/JavaWebDemo/ThisIsUsCommunity/target/classes/com/dao/UserDao.class], file [/home/watermelon/JavaWebDemo/ThisIsUsCommunity/target/classes/com/dao/BoardDao.class], file [/home/watermelon/JavaWebDemo/ThisIsUsCommunity/target/classes/com/dao/Page.class], file [/home/watermelon/JavaWebDemo/ThisIsUsCommunity/target/classes/com/dao/TopicDao.class], file [/home/watermelon/JavaWebDemo/ThisIsUsCommunity/target/classes/com/dao/LoginLogDao.class], file [/home/watermelon/JavaWebDemo/ThisIsUsCommunity/target/classes/com/dao/BaseDao.class]]
2018-05-21 11:24:03,271 DEBUG (org.springframework.context.annotation.ClassPathBeanDefinitionScanner:286) - Identified candidate component class: file [/home/watermelon/JavaWebDemo/ThisIsUsCommunity/target/classes/com/dao/PostDao.class]
2018-05-21 11:24:03,271 DEBUG (org.springframework.context.annotation.ClassPathBeanDefinitionScanner:286) - Identified candidate component class: file [/home/watermelon/JavaWebDemo/ThisIsUsCommunity/target/classes/com/dao/PostDao.class]
2018-05-21 11:24:03,272 DEBUG (org.springframework.context.annotation.ClassPathBeanDefinitionScanner:286) - Identified candidate component class: file [/home/watermelon/JavaWebDemo/ThisIsUsCommunity/target/classes/com/dao/UserDao.class]
2018-05-21 11:24:03,272 DEBUG (org.springframework.context.annotation.ClassPathBeanDefinitionScanner:286) - Identified candidate component class: file [/home/watermelon/JavaWebDemo/ThisIsUsCommunity/target/classes/com/dao/UserDao.class]
2018-05-21 11:24:03,273 DEBUG (org.springframework.context.annotation.ClassPathBeanDefinitionScanner:286) - Identified candidate component class: file [/home/watermelon/JavaWebDemo/ThisIsUsCommunity/target/classes/com/dao/BoardDao.class]
2018-05-21 11:24:03,273 DEBUG (org.springframework.context.annotation.ClassPathBeanDefinitionScanner:286) - Identified candidate component class: file [/home/watermelon/JavaWebDemo/ThisIsUsCommunity/target/classes/com/dao/BoardDao.class]
2018-05-21 11:24:03,273 DEBUG (org.springframework.context.annotation.ClassPathBeanDefinitionScanner:286) - Identified candidate component class: file [/home/watermelon/JavaWebDemo/ThisIsUsCommunity/target/classes/com/dao/Page.class]
2018-05-21 11:24:03,273 DEBUG (org.springframework.context.annotation.ClassPathBeanDefinitionScanner:286) - Identified candidate component class: file [/home/watermelon/JavaWebDemo/ThisIsUsCommunity/target/classes/com/dao/Page.class]
2018-05-21 11:24:03,274 DEBUG (org.springframework.context.annotation.ClassPathBeanDefinitionScanner:286) - Identified candidate component class: file [/home/watermelon/JavaWebDemo/ThisIsUsCommunity/target/classes/com/dao/TopicDao.class]
2018-05-21 11:24:03,274 DEBUG (org.springframework.context.annotation.ClassPathBeanDefinitionScanner:286) - Identified candidate component class: file [/home/watermelon/JavaWebDemo/ThisIsUsCommunity/target/classes/com/dao/TopicDao.class]
2018-05-21 11:24:03,275 DEBUG (org.springframework.context.annotation.ClassPathBeanDefinitionScanner:286) - Identified candidate component class: file [/home/watermelon/JavaWebDemo/ThisIsUsCommunity/target/classes/com/dao/LoginLogDao.class]
2018-05-21 11:24:03,275 DEBUG (org.springframework.context.annotation.ClassPathBeanDefinitionScanner:286) - Identified candidate component class: file [/home/watermelon/JavaWebDemo/ThisIsUsCommunity/target/classes/com/dao/LoginLogDao.class]
2018-05-21 11:24:03,298 DEBUG (org.springframework.beans.factory.xml.XmlBeanDefinitionReader:224) - Loaded 17 bean definitions from location pattern [ThisIsUsCommunity-dao.xml]
2018-05-21 11:24:03,298 DEBUG (org.springframework.beans.factory.xml.XmlBeanDefinitionReader:224) - Loaded 17 bean definitions from location pattern [ThisIsUsCommunity-dao.xml]
2018-05-21 11:24:03,299 DEBUG (org.springframework.context.support.ClassPathXmlApplicationContext:608) - Bean factory for org.springframework.context.support.ClassPathXmlApplicationContext@4b4523f8: org.springframework.beans.factory.support.DefaultListableBeanFactory@7690781: defining beans [postDao,userDao,boardDao,page,topicDao,loginLogDao,org.springframework.context.annotation.internalConfigurationAnnotationProcessor,org.springframework.context.annotation.internalAutowiredAnnotationProcessor,org.springframework.context.annotation.internalRequiredAnnotationProcessor,org.springframework.context.annotation.internalCommonAnnotationProcessor,org.springframework.context.annotation.internalPersistenceAnnotationProcessor,org.springframework.context.event.internalEventListenerProcessor,org.springframework.context.event.internalEventListenerFactory,org.springframework.context.support.PropertySourcesPlaceholderConfigurer#0,dataSource,sessionFactory,hibernateTemplate]; root of factory hierarchy
2018-05-21 11:24:03,299 DEBUG (org.springframework.context.support.ClassPathXmlApplicationContext:608) - Bean factory for org.springframework.context.support.ClassPathXmlApplicationContext@4b4523f8: org.springframework.beans.factory.support.DefaultListableBeanFactory@7690781: defining beans [postDao,userDao,boardDao,page,topicDao,loginLogDao,org.springframework.context.annotation.internalConfigurationAnnotationProcessor,org.springframework.context.annotation.internalAutowiredAnnotationProcessor,org.springframework.context.annotation.internalRequiredAnnotationProcessor,org.springframework.context.annotation.internalCommonAnnotationProcessor,org.springframework.context.annotation.internalPersistenceAnnotationProcessor,org.springframework.context.event.internalEventListenerProcessor,org.springframework.context.event.internalEventListenerFactory,org.springframework.context.support.PropertySourcesPlaceholderConfigurer#0,dataSource,sessionFactory,hibernateTemplate]; root of factory hierarchy
2018-05-21 11:24:03,315 DEBUG (org.springframework.beans.factory.support.DefaultListableBeanFactory:221) - Creating shared instance of singleton bean &apos;org.springframework.context.annotation.internalConfigurationAnnotationProcessor&apos;
2018-05-21 11:24:03,315 DEBUG (org.springframework.beans.factory.support.DefaultListableBeanFactory:221) - Creating shared instance of singleton bean &apos;org.springframework.context.annotation.internalConfigurationAnnotationProcessor&apos;
2018-05-21 11:24:03,315 DEBUG (org.springframework.beans.factory.support.DefaultListableBeanFactory:448) - Creating instance of bean &apos;org.springframework.context.annotation.internalConfigurationAnnotationProcessor&apos;
2018-05-21 11:24:03,315 DEBUG (org.springframework.beans.factory.support.DefaultListableBeanFactory:448) - Creating instance of bean &apos;org.springframework.context.annotation.internalConfigurationAnnotationProcessor&apos;
2018-05-21 11:24:03,332 DEBUG (org.springframework.beans.factory.support.DefaultListableBeanFactory:529) - Eagerly caching bean &apos;org.springframework.context.annotation.internalConfigurationAnnotationProcessor&apos; to allow for resolving potential circular references
2018-05-21 11:24:03,332 DEBUG (org.springframework.beans.factory.support.DefaultListableBeanFactory:529) - Eagerly caching bean &apos;org.springframework.context.annotation.internalConfigurationAnnotationProcessor&apos; to allow for resolving potential circular references
2018-05-21 11:24:03,334 DEBUG (org.springframework.beans.factory.support.DefaultListableBeanFactory:484) - Finished creating instance of bean &apos;org.springframework.context.annotation.internalConfigurationAnnotationProcessor&apos;
2018-05-21 11:24:03,334 DEBUG (org.springframework.beans.factory.support.DefaultListableBeanFactory:484) - Finished creating instance of bean &apos;org.springframework.context.annotation.internalConfigurationAnnotationProcessor&apos;
2018-05-21 11:24:03,380 DEBUG (org.springframework.beans.factory.support.DefaultListableBeanFactory:221) - Creating shared instance of singleton bean &apos;org.springframework.context.support.PropertySourcesPlaceholderConfigurer#0&apos;
2018-05-21 11:24:03,380 DEBUG (org.springframework.beans.factory.support.DefaultListableBeanFactory:221) - Creating shared instance of singleton bean &apos;org.springframework.context.support.PropertySourcesPlaceholderConfigurer#0&apos;
2018-05-21 11:24:03,380 DEBUG (org.springframework.beans.factory.support.DefaultListableBeanFactory:448) - Creating instance of bean &apos;org.springframework.context.support.PropertySourcesPlaceholderConfigurer#0&apos;
2018-05-21 11:24:03,380 DEBUG (org.springframework.beans.factory.support.DefaultListableBeanFactory:448) - Creating instance of bean &apos;org.springframework.context.support.PropertySourcesPlaceholderConfigurer#0&apos;
2018-05-21 11:24:03,381 DEBUG (org.springframework.beans.factory.support.DefaultListableBeanFactory:529) - Eagerly caching bean &apos;org.springframework.context.support.PropertySourcesPlaceholderConfigurer#0&apos; to allow for resolving potential circular references
2018-05-21 11:24:03,381 DEBUG (org.springframework.beans.factory.support.DefaultListableBeanFactory:529) - Eagerly caching bean &apos;org.springframework.context.support.PropertySourcesPlaceholderConfigurer#0&apos; to allow for resolving potential circular references
2018-05-21 11:24:03,411 DEBUG (org.springframework.beans.factory.support.DefaultListableBeanFactory:484) - Finished creating instance of bean &apos;org.springframework.context.support.PropertySourcesPlaceholderConfigurer#0&apos;
2018-05-21 11:24:03,411 DEBUG (org.springframework.beans.factory.support.DefaultListableBeanFactory:484) - Finished creating instance of bean &apos;org.springframework.context.support.PropertySourcesPlaceholderConfigurer#0&apos;
2018-05-21 11:24:03,414 DEBUG (org.springframework.core.env.MutablePropertySources:109) - Adding [environmentProperties] PropertySource with lowest search precedence
2018-05-21 11:24:03,414 DEBUG (org.springframework.core.env.MutablePropertySources:109) - Adding [environmentProperties] PropertySource with lowest search precedence
2018-05-21 11:24:03,415  INFO (org.springframework.context.support.PropertySourcesPlaceholderConfigurer:172) - Loading properties file from class path resource [jdbc.properties]
2018-05-21 11:24:03,415  INFO (org.springframework.context.support.PropertySourcesPlaceholderConfigurer:172) - Loading properties file from class path resource [jdbc.properties]
2018-05-21 11:24:03,415 DEBUG (org.springframework.core.env.MutablePropertySources:109) - Adding [localProperties] PropertySource with lowest search precedence
2018-05-21 11:24:03,415 DEBUG (org.springframework.core.env.MutablePropertySources:109) - Adding [localProperties] PropertySource with lowest search precedence
2018-05-21 11:24:03,419 DEBUG (org.springframework.core.env.PropertySourcesPropertyResolver:81) - Searching for key &apos;jdbc.driverClassName&apos; in [environmentProperties]
2018-05-21 11:24:03,419 DEBUG (org.springframework.core.env.PropertySourcesPropertyResolver:81) - Searching for key &apos;jdbc.driverClassName&apos; in [environmentProperties]
2018-05-21 11:24:03,419 DEBUG (org.springframework.core.env.PropertySourcesPropertyResolver:81) - Searching for key &apos;jdbc.driverClassName&apos; in [systemProperties]
2018-05-21 11:24:03,419 DEBUG (org.springframework.core.env.PropertySourcesPropertyResolver:81) - Searching for key &apos;jdbc.driverClassName&apos; in [systemProperties]
2018-05-21 11:24:03,420 DEBUG (org.springframework.core.env.PropertySourcesPropertyResolver:81) - Searching for key &apos;jdbc.driverClassName&apos; in [systemEnvironment]
2018-05-21 11:24:03,420 DEBUG (org.springframework.core.env.PropertySourcesPropertyResolver:81) - Searching for key &apos;jdbc.driverClassName&apos; in [systemEnvironment]
2018-05-21 11:24:03,420 DEBUG (org.springframework.core.env.PropertySourcesPropertyResolver:103) - Could not find key &apos;jdbc.driverClassName&apos; in any property source. Returning [null]
2018-05-21 11:24:03,420 DEBUG (org.springframework.core.env.PropertySourcesPropertyResolver:103) - Could not find key &apos;jdbc.driverClassName&apos; in any property source. Returning [null]
2018-05-21 11:24:03,420 DEBUG (org.springframework.core.env.PropertySourcesPropertyResolver:81) - Searching for key &apos;jdbc.driverClassName&apos; in [localProperties]
2018-05-21 11:24:03,420 DEBUG (org.springframework.core.env.PropertySourcesPropertyResolver:81) - Searching for key &apos;jdbc.driverClassName&apos; in [localProperties]
2018-05-21 11:24:03,420 DEBUG (org.springframework.core.env.PropertySourcesPropertyResolver:90) - Found key &apos;jdbc.driverClassName&apos; in [localProperties] with type [String] and value &apos;com.mysql.jdbc.Driver&apos;
2018-05-21 11:24:03,420 DEBUG (org.springframework.core.env.PropertySourcesPropertyResolver:90) - Found key &apos;jdbc.driverClassName&apos; in [localProperties] with type [String] and value &apos;com.mysql.jdbc.Driver&apos;
2018-05-21 11:24:03,422 DEBUG (org.springframework.core.env.PropertySourcesPropertyResolver:81) - Searching for key &apos;jdbc.password&apos; in [environmentProperties]
2018-05-21 11:24:03,422 DEBUG (org.springframework.core.env.PropertySourcesPropertyResolver:81) - Searching for key &apos;jdbc.password&apos; in [environmentProperties]
2018-05-21 11:24:03,423 DEBUG (org.springframework.core.env.PropertySourcesPropertyResolver:81) - Searching for key &apos;jdbc.password&apos; in [systemProperties]
2018-05-21 11:24:03,423 DEBUG (org.springframework.core.env.PropertySourcesPropertyResolver:81) - Searching for key &apos;jdbc.password&apos; in [systemProperties]
2018-05-21 11:24:03,423 DEBUG (org.springframework.core.env.PropertySourcesPropertyResolver:81) - Searching for key &apos;jdbc.password&apos; in [systemEnvironment]
2018-05-21 11:24:03,423 DEBUG (org.springframework.core.env.PropertySourcesPropertyResolver:81) - Searching for key &apos;jdbc.password&apos; in [systemEnvironment]
2018-05-21 11:24:03,423 DEBUG (org.springframework.core.env.PropertySourcesPropertyResolver:103) - Could not find key &apos;jdbc.password&apos; in any property source. Returning [null]
2018-05-21 11:24:03,423 DEBUG (org.springframework.core.env.PropertySourcesPropertyResolver:103) - Could not find key &apos;jdbc.password&apos; in any property source. Returning [null]
2018-05-21 11:24:03,423 DEBUG (org.springframework.core.env.PropertySourcesPropertyResolver:81) - Searching for key &apos;jdbc.password&apos; in [localProperties]
2018-05-21 11:24:03,423 DEBUG (org.springframework.core.env.PropertySourcesPropertyResolver:81) - Searching for key &apos;jdbc.password&apos; in [localProperties]
2018-05-21 11:24:03,424 DEBUG (org.springframework.core.env.PropertySourcesPropertyResolver:90) - Found key &apos;jdbc.password&apos; in [localProperties] with type [String] and value &apos;19970901&apos;
2018-05-21 11:24:03,424 DEBUG (org.springframework.core.env.PropertySourcesPropertyResolver:90) - Found key &apos;jdbc.password&apos; in [localProperties] with type [String] and value &apos;19970901&apos;
2018-05-21 11:24:03,424 DEBUG (org.springframework.core.env.PropertySourcesPropertyResolver:81) - Searching for key &apos;jdbc.url&apos; in [environmentProperties]
2018-05-21 11:24:03,424 DEBUG (org.springframework.core.env.PropertySourcesPropertyResolver:81) - Searching for key &apos;jdbc.url&apos; in [environmentProperties]
2018-05-21 11:24:03,424 DEBUG (org.springframework.core.env.PropertySourcesPropertyResolver:81) - Searching for key &apos;jdbc.url&apos; in [systemProperties]
2018-05-21 11:24:03,424 DEBUG (org.springframework.core.env.PropertySourcesPropertyResolver:81) - Searching for key &apos;jdbc.url&apos; in [systemProperties]
2018-05-21 11:24:03,425 DEBUG (org.springframework.core.env.PropertySourcesPropertyResolver:81) - Searching for key &apos;jdbc.url&apos; in [systemEnvironment]
2018-05-21 11:24:03,425 DEBUG (org.springframework.core.env.PropertySourcesPropertyResolver:81) - Searching for key &apos;jdbc.url&apos; in [systemEnvironment]
2018-05-21 11:24:03,425 DEBUG (org.springframework.core.env.PropertySourcesPropertyResolver:103) - Could not find key &apos;jdbc.url&apos; in any property source. Returning [null]
2018-05-21 11:24:03,425 DEBUG (org.springframework.core.env.PropertySourcesPropertyResolver:103) - Could not find key &apos;jdbc.url&apos; in any property source. Returning [null]
2018-05-21 11:24:03,425 DEBUG (org.springframework.core.env.PropertySourcesPropertyResolver:81) - Searching for key &apos;jdbc.url&apos; in [localProperties]
2018-05-21 11:24:03,425 DEBUG (org.springframework.core.env.PropertySourcesPropertyResolver:81) - Searching for key &apos;jdbc.url&apos; in [localProperties]
2018-05-21 11:24:03,426 DEBUG (org.springframework.core.env.PropertySourcesPropertyResolver:90) - Found key &apos;jdbc.url&apos; in [localProperties] with type [String] and value &apos;jdbc:mysql://localhost:3306/sampledb?userUnicode=true&amp;characterEncoding=UTF-8&apos;
2018-05-21 11:24:03,426 DEBUG (org.springframework.core.env.PropertySourcesPropertyResolver:90) - Found key &apos;jdbc.url&apos; in [localProperties] with type [String] and value &apos;jdbc:mysql://localhost:3306/sampledb?userUnicode=true&amp;characterEncoding=UTF-8&apos;
2018-05-21 11:24:03,426 DEBUG (org.springframework.core.env.PropertySourcesPropertyResolver:81) - Searching for key &apos;jdbc.username&apos; in [environmentProperties]
2018-05-21 11:24:03,426 DEBUG (org.springframework.core.env.PropertySourcesPropertyResolver:81) - Searching for key &apos;jdbc.username&apos; in [environmentProperties]
2018-05-21 11:24:03,427 DEBUG (org.springframework.core.env.PropertySourcesPropertyResolver:81) - Searching for key &apos;jdbc.username&apos; in [systemProperties]
2018-05-21 11:24:03,427 DEBUG (org.springframework.core.env.PropertySourcesPropertyResolver:81) - Searching for key &apos;jdbc.username&apos; in [systemProperties]
2018-05-21 11:24:03,428 DEBUG (org.springframework.core.env.PropertySourcesPropertyResolver:81) - Searching for key &apos;jdbc.username&apos; in [systemEnvironment]
2018-05-21 11:24:03,428 DEBUG (org.springframework.core.env.PropertySourcesPropertyResolver:81) - Searching for key &apos;jdbc.username&apos; in [systemEnvironment]
2018-05-21 11:24:03,429 DEBUG (org.springframework.core.env.PropertySourcesPropertyResolver:103) - Could not find key &apos;jdbc.username&apos; in any property source. Returning [null]
2018-05-21 11:24:03,429 DEBUG (org.springframework.core.env.PropertySourcesPropertyResolver:103) - Could not find key &apos;jdbc.username&apos; in any property source. Returning [null]
2018-05-21 11:24:03,431 DEBUG (org.springframework.core.env.PropertySourcesPropertyResolver:81) - Searching for key &apos;jdbc.username&apos; in [localProperties]
2018-05-21 11:24:03,431 DEBUG (org.springframework.core.env.PropertySourcesPropertyResolver:81) - Searching for key &apos;jdbc.username&apos; in [localProperties]
2018-05-21 11:24:03,432 DEBUG (org.springframework.core.env.PropertySourcesPropertyResolver:90) - Found key &apos;jdbc.username&apos; in [localProperties] with type [String] and value &apos;root&apos;
2018-05-21 11:24:03,432 DEBUG (org.springframework.core.env.PropertySourcesPropertyResolver:90) - Found key &apos;jdbc.username&apos; in [localProperties] with type [String] and value &apos;root&apos;
2018-05-21 11:24:03,435 DEBUG (org.springframework.beans.factory.support.DefaultListableBeanFactory:221) - Creating shared instance of singleton bean &apos;org.springframework.context.annotation.internalAutowiredAnnotationProcessor&apos;
2018-05-21 11:24:03,435 DEBUG (org.springframework.beans.factory.support.DefaultListableBeanFactory:221) - Creating shared instance of singleton bean &apos;org.springframework.context.annotation.internalAutowiredAnnotationProcessor&apos;
2018-05-21 11:24:03,435 DEBUG (org.springframework.beans.factory.support.DefaultListableBeanFactory:448) - Creating instance of bean &apos;org.springframework.context.annotation.internalAutowiredAnnotationProcessor&apos;
2018-05-21 11:24:03,435 DEBUG (org.springframework.beans.factory.support.DefaultListableBeanFactory:448) - Creating instance of bean &apos;org.springframework.context.annotation.internalAutowiredAnnotationProcessor&apos;
2018-05-21 11:24:03,437 DEBUG (org.springframework.beans.factory.support.DefaultListableBeanFactory:529) - Eagerly caching bean &apos;org.springframework.context.annotation.internalAutowiredAnnotationProcessor&apos; to allow for resolving potential circular references
2018-05-21 11:24:03,437 DEBUG (org.springframework.beans.factory.support.DefaultListableBeanFactory:529) - Eagerly caching bean &apos;org.springframework.context.annotation.internalAutowiredAnnotationProcessor&apos; to allow for resolving potential circular references
2018-05-21 11:24:03,438 DEBUG (org.springframework.beans.factory.support.DefaultListableBeanFactory:484) - Finished creating instance of bean &apos;org.springframework.context.annotation.internalAutowiredAnnotationProcessor&apos;
2018-05-21 11:24:03,438 DEBUG (org.springframework.beans.factory.support.DefaultListableBeanFactory:484) - Finished creating instance of bean &apos;org.springframework.context.annotation.internalAutowiredAnnotationProcessor&apos;
2018-05-21 11:24:03,439 DEBUG (org.springframework.beans.factory.support.DefaultListableBeanFactory:221) - Creating shared instance of singleton bean &apos;org.springframework.context.annotation.internalRequiredAnnotationProcessor&apos;
2018-05-21 11:24:03,439 DEBUG (org.springframework.beans.factory.support.DefaultListableBeanFactory:221) - Creating shared instance of singleton bean &apos;org.springframework.context.annotation.internalRequiredAnnotationProcessor&apos;
2018-05-21 11:24:03,439 DEBUG (org.springframework.beans.factory.support.DefaultListableBeanFactory:448) - Creating instance of bean &apos;org.springframework.context.annotation.internalRequiredAnnotationProcessor&apos;
2018-05-21 11:24:03,439 DEBUG (org.springframework.beans.factory.support.DefaultListableBeanFactory:448) - Creating instance of bean &apos;org.springframework.context.annotation.internalRequiredAnnotationProcessor&apos;
2018-05-21 11:24:03,440 DEBUG (org.springframework.beans.factory.support.DefaultListableBeanFactory:529) - Eagerly caching bean &apos;org.springframework.context.annotation.internalRequiredAnnotationProcessor&apos; to allow for resolving potential circular references
2018-05-21 11:24:03,440 DEBUG (org.springframework.beans.factory.support.DefaultListableBeanFactory:529) - Eagerly caching bean &apos;org.springframework.context.annotation.internalRequiredAnnotationProcessor&apos; to allow for resolving potential circular references
2018-05-21 11:24:03,441 DEBUG (org.springframework.beans.factory.support.DefaultListableBeanFactory:484) - Finished creating instance of bean &apos;org.springframework.context.annotation.internalRequiredAnnotationProcessor&apos;
2018-05-21 11:24:03,441 DEBUG (org.springframework.beans.factory.support.DefaultListableBeanFactory:484) - Finished creating instance of bean &apos;org.springframework.context.annotation.internalRequiredAnnotationProcessor&apos;
2018-05-21 11:24:03,442 DEBUG (org.springframework.beans.factory.support.DefaultListableBeanFactory:221) - Creating shared instance of singleton bean &apos;org.springframework.context.annotation.internalCommonAnnotationProcessor&apos;
2018-05-21 11:24:03,442 DEBUG (org.springframework.beans.factory.support.DefaultListableBeanFactory:221) - Creating shared instance of singleton bean &apos;org.springframework.context.annotation.internalCommonAnnotationProcessor&apos;
2018-05-21 11:24:03,442 DEBUG (org.springframework.beans.factory.support.DefaultListableBeanFactory:448) - Creating instance of bean &apos;org.springframework.context.annotation.internalCommonAnnotationProcessor&apos;
2018-05-21 11:24:03,442 DEBUG (org.springframework.beans.factory.support.DefaultListableBeanFactory:448) - Creating instance of bean &apos;org.springframework.context.annotation.internalCommonAnnotationProcessor&apos;
2018-05-21 11:24:03,446 DEBUG (org.springframework.beans.factory.support.DefaultListableBeanFactory:529) - Eagerly caching bean &apos;org.springframework.context.annotation.internalCommonAnnotationProcessor&apos; to allow for resolving potential circular references
2018-05-21 11:24:03,446 DEBUG (org.springframework.beans.factory.support.DefaultListableBeanFactory:529) - Eagerly caching bean &apos;org.springframework.context.annotation.internalCommonAnnotationProcessor&apos; to allow for resolving potential circular references
2018-05-21 11:24:03,446 DEBUG (org.springframework.beans.factory.support.DefaultListableBeanFactory:484) - Finished creating instance of bean &apos;org.springframework.context.annotation.internalCommonAnnotationProcessor&apos;
2018-05-21 11:24:03,446 DEBUG (org.springframework.beans.factory.support.DefaultListableBeanFactory:484) - Finished creating instance of bean &apos;org.springframework.context.annotation.internalCommonAnnotationProcessor&apos;
2018-05-21 11:24:03,446 DEBUG (org.springframework.beans.factory.support.DefaultListableBeanFactory:221) - Creating shared instance of singleton bean &apos;org.springframework.context.annotation.internalPersistenceAnnotationProcessor&apos;
2018-05-21 11:24:03,446 DEBUG (org.springframework.beans.factory.support.DefaultListableBeanFactory:221) - Creating shared instance of singleton bean &apos;org.springframework.context.annotation.internalPersistenceAnnotationProcessor&apos;
2018-05-21 11:24:03,447 DEBUG (org.springframework.beans.factory.support.DefaultListableBeanFactory:448) - Creating instance of bean &apos;org.springframework.context.annotation.internalPersistenceAnnotationProcessor&apos;
2018-05-21 11:24:03,447 DEBUG (org.springframework.beans.factory.support.DefaultListableBeanFactory:448) - Creating instance of bean &apos;org.springframework.context.annotation.internalPersistenceAnnotationProcessor&apos;
2018-05-21 11:24:03,448 DEBUG (org.springframework.beans.factory.support.DefaultListableBeanFactory:529) - Eagerly caching bean &apos;org.springframework.context.annotation.internalPersistenceAnnotationProcessor&apos; to allow for resolving potential circular references
2018-05-21 11:24:03,448 DEBUG (org.springframework.beans.factory.support.DefaultListableBeanFactory:529) - Eagerly caching bean &apos;org.springframework.context.annotation.internalPersistenceAnnotationProcessor&apos; to allow for resolving potential circular references
2018-05-21 11:24:03,448 DEBUG (org.springframework.beans.factory.support.DefaultListableBeanFactory:484) - Finished creating instance of bean &apos;org.springframework.context.annotation.internalPersistenceAnnotationProcessor&apos;
2018-05-21 11:24:03,448 DEBUG (org.springframework.beans.factory.support.DefaultListableBeanFactory:484) - Finished creating instance of bean &apos;org.springframework.context.annotation.internalPersistenceAnnotationProcessor&apos;
2018-05-21 11:24:03,449 DEBUG (org.springframework.beans.factory.support.DefaultListableBeanFactory:221) - Creating shared instance of singleton bean &apos;org.springframework.context.annotation.ConfigurationClassPostProcessor.importAwareProcessor&apos;
2018-05-21 11:24:03,449 DEBUG (org.springframework.beans.factory.support.DefaultListableBeanFactory:221) - Creating shared instance of singleton bean &apos;org.springframework.context.annotation.ConfigurationClassPostProcessor.importAwareProcessor&apos;
2018-05-21 11:24:03,449 DEBUG (org.springframework.beans.factory.support.DefaultListableBeanFactory:448) - Creating instance of bean &apos;org.springframework.context.annotation.ConfigurationClassPostProcessor.importAwareProcessor&apos;
2018-05-21 11:24:03,449 DEBUG (org.springframework.beans.factory.support.DefaultListableBeanFactory:448) - Creating instance of bean &apos;org.springframework.context.annotation.ConfigurationClassPostProcessor.importAwareProcessor&apos;
2018-05-21 11:24:03,449 DEBUG (org.springframework.beans.factory.support.DefaultListableBeanFactory:529) - Eagerly caching bean &apos;org.springframework.context.annotation.ConfigurationClassPostProcessor.importAwareProcessor&apos; to allow for resolving potential circular references
2018-05-21 11:24:03,449 DEBUG (org.springframework.beans.factory.support.DefaultListableBeanFactory:529) - Eagerly caching bean &apos;org.springframework.context.annotation.ConfigurationClassPostProcessor.importAwareProcessor&apos; to allow for resolving potential circular references
2018-05-21 11:24:03,449 DEBUG (org.springframework.beans.factory.support.DefaultListableBeanFactory:484) - Finished creating instance of bean &apos;org.springframework.context.annotation.ConfigurationClassPostProcessor.importAwareProcessor&apos;
2018-05-21 11:24:03,449 DEBUG (org.springframework.beans.factory.support.DefaultListableBeanFactory:484) - Finished creating instance of bean &apos;org.springframework.context.annotation.ConfigurationClassPostProcessor.importAwareProcessor&apos;
2018-05-21 11:24:03,449 DEBUG (org.springframework.beans.factory.support.DefaultListableBeanFactory:221) - Creating shared instance of singleton bean &apos;org.springframework.context.annotation.ConfigurationClassPostProcessor.enhancedConfigurationProcessor&apos;
2018-05-21 11:24:03,449 DEBUG (org.springframework.beans.factory.support.DefaultListableBeanFactory:221) - Creating shared instance of singleton bean &apos;org.springframework.context.annotation.ConfigurationClassPostProcessor.enhancedConfigurationProcessor&apos;
2018-05-21 11:24:03,449 DEBUG (org.springframework.beans.factory.support.DefaultListableBeanFactory:448) - Creating instance of bean &apos;org.springframework.context.annotation.ConfigurationClassPostProcessor.enhancedConfigurationProcessor&apos;
2018-05-21 11:24:03,449 DEBUG (org.springframework.beans.factory.support.DefaultListableBeanFactory:448) - Creating instance of bean &apos;org.springframework.context.annotation.ConfigurationClassPostProcessor.enhancedConfigurationProcessor&apos;
2018-05-21 11:24:03,450 DEBUG (org.springframework.beans.factory.support.DefaultListableBeanFactory:529) - Eagerly caching bean &apos;org.springframework.context.annotation.ConfigurationClassPostProcessor.enhancedConfigurationProcessor&apos; to allow for resolving potential circular references
2018-05-21 11:24:03,450 DEBUG (org.springframework.beans.factory.support.DefaultListableBeanFactory:529) - Eagerly caching bean &apos;org.springframework.context.annotation.ConfigurationClassPostProcessor.enhancedConfigurationProcessor&apos; to allow for resolving potential circular references
2018-05-21 11:24:03,450 DEBUG (org.springframework.beans.factory.support.DefaultListableBeanFactory:484) - Finished creating instance of bean &apos;org.springframework.context.annotation.ConfigurationClassPostProcessor.enhancedConfigurationProcessor&apos;
2018-05-21 11:24:03,450 DEBUG (org.springframework.beans.factory.support.DefaultListableBeanFactory:484) - Finished creating instance of bean &apos;org.springframework.context.annotation.ConfigurationClassPostProcessor.enhancedConfigurationProcessor&apos;
2018-05-21 11:24:03,452 DEBUG (org.springframework.context.support.ClassPathXmlApplicationContext:714) - Unable to locate MessageSource with name &apos;messageSource&apos;: using default [org.springframework.context.support.DelegatingMessageSource@3e8c3cb]
2018-05-21 11:24:03,452 DEBUG (org.springframework.context.support.ClassPathXmlApplicationContext:714) - Unable to locate MessageSource with name &apos;messageSource&apos;: using default [org.springframework.context.support.DelegatingMessageSource@3e8c3cb]
2018-05-21 11:24:03,454 DEBUG (org.springframework.context.support.ClassPathXmlApplicationContext:738) - Unable to locate ApplicationEventMulticaster with name &apos;applicationEventMulticaster&apos;: using default [org.springframework.context.event.SimpleApplicationEventMulticaster@235ecd9f]
2018-05-21 11:24:03,454 DEBUG (org.springframework.context.support.ClassPathXmlApplicationContext:738) - Unable to locate ApplicationEventMulticaster with name &apos;applicationEventMulticaster&apos;: using default [org.springframework.context.event.SimpleApplicationEventMulticaster@235ecd9f]
2018-05-21 11:24:03,456 DEBUG (org.springframework.beans.factory.support.DefaultListableBeanFactory:741) - Pre-instantiating singletons in org.springframework.beans.factory.support.DefaultListableBeanFactory@7690781: defining beans [postDao,userDao,boardDao,page,topicDao,loginLogDao,org.springframework.context.annotation.internalConfigurationAnnotationProcessor,org.springframework.context.annotation.internalAutowiredAnnotationProcessor,org.springframework.context.annotation.internalRequiredAnnotationProcessor,org.springframework.context.annotation.internalCommonAnnotationProcessor,org.springframework.context.annotation.internalPersistenceAnnotationProcessor,org.springframework.context.event.internalEventListenerProcessor,org.springframework.context.event.internalEventListenerFactory,org.springframework.context.support.PropertySourcesPlaceholderConfigurer#0,dataSource,sessionFactory,hibernateTemplate,org.springframework.context.annotation.ConfigurationClassPostProcessor.importAwareProcessor,org.springframework.context.annotation.ConfigurationClassPostProcessor.enhancedConfigurationProcessor]; root of factory hierarchy
2018-05-21 11:24:03,456 DEBUG (org.springframework.beans.factory.support.DefaultListableBeanFactory:741) - Pre-instantiating singletons in org.springframework.beans.factory.support.DefaultListableBeanFactory@7690781: defining beans [postDao,userDao,boardDao,page,topicDao,loginLogDao,org.springframework.context.annotation.internalConfigurationAnnotationProcessor,org.springframework.context.annotation.internalAutowiredAnnotationProcessor,org.springframework.context.annotation.internalRequiredAnnotationProcessor,org.springframework.context.annotation.internalCommonAnnotationProcessor,org.springframework.context.annotation.internalPersistenceAnnotationProcessor,org.springframework.context.event.internalEventListenerProcessor,org.springframework.context.event.internalEventListenerFactory,org.springframework.context.support.PropertySourcesPlaceholderConfigurer#0,dataSource,sessionFactory,hibernateTemplate,org.springframework.context.annotation.ConfigurationClassPostProcessor.importAwareProcessor,org.springframework.context.annotation.ConfigurationClassPostProcessor.enhancedConfigurationProcessor]; root of factory hierarchy
2018-05-21 11:24:03,457 DEBUG (org.springframework.beans.factory.support.DefaultListableBeanFactory:221) - Creating shared instance of singleton bean &apos;postDao&apos;
2018-05-21 11:24:03,457 DEBUG (org.springframework.beans.factory.support.DefaultListableBeanFactory:221) - Creating shared instance of singleton bean &apos;postDao&apos;
2018-05-21 11:24:03,457 DEBUG (org.springframework.beans.factory.support.DefaultListableBeanFactory:448) - Creating instance of bean &apos;postDao&apos;
2018-05-21 11:24:03,457 DEBUG (org.springframework.beans.factory.support.DefaultListableBeanFactory:448) - Creating instance of bean &apos;postDao&apos;
2018-05-21 11:24:03,479 DEBUG (org.springframework.beans.factory.annotation.InjectionMetadata:72) - Registered injected element on class [com.dao.PostDao]: AutowiredMethodElement for public void com.dao.BaseDao.setHibernateTemplate(org.springframework.orm.hibernate4.HibernateTemplate)
2018-05-21 11:24:03,479 DEBUG (org.springframework.beans.factory.annotation.InjectionMetadata:72) - Registered injected element on class [com.dao.PostDao]: AutowiredMethodElement for public void com.dao.BaseDao.setHibernateTemplate(org.springframework.orm.hibernate4.HibernateTemplate)
2018-05-21 11:24:03,479 DEBUG (org.springframework.beans.factory.support.DefaultListableBeanFactory:529) - Eagerly caching bean &apos;postDao&apos; to allow for resolving potential circular references
2018-05-21 11:24:03,479 DEBUG (org.springframework.beans.factory.support.DefaultListableBeanFactory:529) - Eagerly caching bean &apos;postDao&apos; to allow for resolving potential circular references
2018-05-21 11:24:03,480 DEBUG (org.springframework.beans.factory.annotation.InjectionMetadata:86) - Processing injected element of bean &apos;postDao&apos;: AutowiredMethodElement for public void com.dao.BaseDao.setHibernateTemplate(org.springframework.orm.hibernate4.HibernateTemplate)
2018-05-21 11:24:03,480 DEBUG (org.springframework.beans.factory.annotation.InjectionMetadata:86) - Processing injected element of bean &apos;postDao&apos;: AutowiredMethodElement for public void com.dao.BaseDao.setHibernateTemplate(org.springframework.orm.hibernate4.HibernateTemplate)
2018-05-21 11:24:03,532 DEBUG (org.springframework.beans.factory.support.DefaultListableBeanFactory:221) - Creating shared instance of singleton bean &apos;hibernateTemplate&apos;
2018-05-21 11:24:03,532 DEBUG (org.springframework.beans.factory.support.DefaultListableBeanFactory:221) - Creating shared instance of singleton bean &apos;hibernateTemplate&apos;
2018-05-21 11:24:03,532 DEBUG (org.springframework.beans.factory.support.DefaultListableBeanFactory:448) - Creating instance of bean &apos;hibernateTemplate&apos;
2018-05-21 11:24:03,532 DEBUG (org.springframework.beans.factory.support.DefaultListableBeanFactory:448) - Creating instance of bean &apos;hibernateTemplate&apos;
2018-05-21 11:24:03,542 DEBUG (org.springframework.beans.factory.support.DefaultListableBeanFactory:529) - Eagerly caching bean &apos;hibernateTemplate&apos; to allow for resolving potential circular references
2018-05-21 11:24:03,542 DEBUG (org.springframework.beans.factory.support.DefaultListableBeanFactory:529) - Eagerly caching bean &apos;hibernateTemplate&apos; to allow for resolving potential circular references
2018-05-21 11:24:03,547 DEBUG (org.springframework.beans.factory.support.DefaultListableBeanFactory:221) - Creating shared instance of singleton bean &apos;sessionFactory&apos;
2018-05-21 11:24:03,547 DEBUG (org.springframework.beans.factory.support.DefaultListableBeanFactory:221) - Creating shared instance of singleton bean &apos;sessionFactory&apos;
2018-05-21 11:24:03,548 DEBUG (org.springframework.beans.factory.support.DefaultListableBeanFactory:448) - Creating instance of bean &apos;sessionFactory&apos;
2018-05-21 11:24:03,548 DEBUG (org.springframework.beans.factory.support.DefaultListableBeanFactory:448) - Creating instance of bean &apos;sessionFactory&apos;
2018-05-21 11:24:03,549 DEBUG (org.springframework.beans.factory.support.DefaultListableBeanFactory:529) - Eagerly caching bean &apos;sessionFactory&apos; to allow for resolving potential circular references
2018-05-21 11:24:03,549 DEBUG (org.springframework.beans.factory.support.DefaultListableBeanFactory:529) - Eagerly caching bean &apos;sessionFactory&apos; to allow for resolving potential circular references
2018-05-21 11:24:03,555 DEBUG (org.springframework.beans.factory.support.DefaultListableBeanFactory:221) - Creating shared instance of singleton bean &apos;dataSource&apos;
2018-05-21 11:24:03,555 DEBUG (org.springframework.beans.factory.support.DefaultListableBeanFactory:221) - Creating shared instance of singleton bean &apos;dataSource&apos;
2018-05-21 11:24:03,555 DEBUG (org.springframework.beans.factory.support.DefaultListableBeanFactory:448) - Creating instance of bean &apos;dataSource&apos;
2018-05-21 11:24:03,555 DEBUG (org.springframework.beans.factory.support.DefaultListableBeanFactory:448) - Creating instance of bean &apos;dataSource&apos;
2018-05-21 11:24:03,563 DEBUG (org.springframework.beans.factory.support.DefaultListableBeanFactory:529) - Eagerly caching bean &apos;dataSource&apos; to allow for resolving potential circular references
2018-05-21 11:24:03,563 DEBUG (org.springframework.beans.factory.support.DefaultListableBeanFactory:529) - Eagerly caching bean &apos;dataSource&apos; to allow for resolving potential circular references
2018-05-21 11:24:03,569 DEBUG (org.springframework.beans.factory.support.DefaultListableBeanFactory:484) - Finished creating instance of bean &apos;dataSource&apos;
2018-05-21 11:24:03,569 DEBUG (org.springframework.beans.factory.support.DefaultListableBeanFactory:484) - Finished creating instance of bean &apos;dataSource&apos;
2018-05-21 11:24:03,581 DEBUG (org.springframework.beans.factory.support.DefaultListableBeanFactory:1620) - Invoking afterPropertiesSet() on bean with name &apos;sessionFactory&apos;
2018-05-21 11:24:03,581 DEBUG (org.springframework.beans.factory.support.DefaultListableBeanFactory:1620) - Invoking afterPropertiesSet() on bean with name &apos;sessionFactory&apos;
2018-05-21 11:24:03,641 DEBUG (org.jboss.logging:177) - Logging Provider: org.jboss.logging.Log4jLoggerProvider
2018-05-21 11:24:03,662 DEBUG (org.hibernate.type.BasicTypeRegistry:148) - Adding type registration boolean -&gt; org.hibernate.type.BooleanType@5167f57d
2018-05-21 11:24:03,662 DEBUG (org.hibernate.type.BasicTypeRegistry:148) - Adding type registration boolean -&gt; org.hibernate.type.BooleanType@5167f57d
2018-05-21 11:24:03,662 DEBUG (org.hibernate.type.BasicTypeRegistry:148) - Adding type registration java.lang.Boolean -&gt; org.hibernate.type.BooleanType@5167f57d
2018-05-21 11:24:03,664 DEBUG (org.hibernate.type.BasicTypeRegistry:148) - Adding type registration numeric_boolean -&gt; org.hibernate.type.NumericBooleanType@e3b3b2f
2018-05-21 11:24:03,665 DEBUG (org.hibernate.type.BasicTypeRegistry:148) - Adding type registration true_false -&gt; org.hibernate.type.TrueFalseType@32115b28
2018-05-21 11:24:03,666 DEBUG (org.hibernate.type.BasicTypeRegistry:148) - Adding type registration yes_no -&gt; org.hibernate.type.YesNoType@7d9f158f
2018-05-21 11:24:03,668 DEBUG (org.hibernate.type.BasicTypeRegistry:148) - Adding type registration byte -&gt; org.hibernate.type.ByteType@74287ea3
2018-05-21 11:24:03,669 DEBUG (org.hibernate.type.BasicTypeRegistry:148) - Adding type registration byte -&gt; org.hibernate.type.ByteType@74287ea3
2018-05-21 11:24:03,669 DEBUG (org.hibernate.type.BasicTypeRegistry:148) - Adding type registration java.lang.Byte -&gt; org.hibernate.type.ByteType@74287ea3
2018-05-21 11:24:03,671 DEBUG (org.hibernate.type.BasicTypeRegistry:148) - Adding type registration character -&gt; org.hibernate.type.CharacterType@2f01783a
2018-05-21 11:24:03,672 DEBUG (org.hibernate.type.BasicTypeRegistry:148) - Adding type registration char -&gt; org.hibernate.type.CharacterType@2f01783a
2018-05-21 11:24:03,672 DEBUG (org.hibernate.type.BasicTypeRegistry:148) - Adding type registration java.lang.Character -&gt; org.hibernate.type.CharacterType@2f01783a
2018-05-21 11:24:03,675 DEBUG (org.hibernate.type.BasicTypeRegistry:148) - Adding type registration short -&gt; org.hibernate.type.ShortType@22f59fa
2018-05-21 11:24:03,676 DEBUG (org.hibernate.type.BasicTypeRegistry:148) - Adding type registration short -&gt; org.hibernate.type.ShortType@22f59fa
2018-05-21 11:24:03,676 DEBUG (org.hibernate.type.BasicTypeRegistry:148) - Adding type registration java.lang.Short -&gt; org.hibernate.type.ShortType@22f59fa
2018-05-21 11:24:03,678 DEBUG (org.hibernate.type.BasicTypeRegistry:148) - Adding type registration integer -&gt; org.hibernate.type.IntegerType@79defdc
2018-05-21 11:24:03,678 DEBUG (org.hibernate.type.BasicTypeRegistry:148) - Adding type registration int -&gt; org.hibernate.type.IntegerType@79defdc
2018-05-21 11:24:03,679 DEBUG (org.hibernate.type.BasicTypeRegistry:148) - Adding type registration java.lang.Integer -&gt; org.hibernate.type.IntegerType@79defdc
2018-05-21 11:24:03,681 DEBUG (org.hibernate.type.BasicTypeRegistry:148) - Adding type registration long -&gt; org.hibernate.type.LongType@9cb8225
2018-05-21 11:24:03,683 DEBUG (org.hibernate.type.BasicTypeRegistry:148) - Adding type registration long -&gt; org.hibernate.type.LongType@9cb8225
2018-05-21 11:24:03,684 DEBUG (org.hibernate.type.BasicTypeRegistry:148) - Adding type registration java.lang.Long -&gt; org.hibernate.type.LongType@9cb8225
2018-05-21 11:24:03,686 DEBUG (org.hibernate.type.BasicTypeRegistry:148) - Adding type registration float -&gt; org.hibernate.type.FloatType@222a59e6
2018-05-21 11:24:03,686 DEBUG (org.hibernate.type.BasicTypeRegistry:148) - Adding type registration float -&gt; org.hibernate.type.FloatType@222a59e6
2018-05-21 11:24:03,686 DEBUG (org.hibernate.type.BasicTypeRegistry:148) - Adding type registration java.lang.Float -&gt; org.hibernate.type.FloatType@222a59e6
2018-05-21 11:24:03,687 DEBUG (org.hibernate.type.BasicTypeRegistry:148) - Adding type registration double -&gt; org.hibernate.type.DoubleType@4bff7da0
2018-05-21 11:24:03,687 DEBUG (org.hibernate.type.BasicTypeRegistry:148) - Adding type registration double -&gt; org.hibernate.type.DoubleType@4bff7da0
2018-05-21 11:24:03,687 DEBUG (org.hibernate.type.BasicTypeRegistry:148) - Adding type registration java.lang.Double -&gt; org.hibernate.type.DoubleType@4bff7da0
2018-05-21 11:24:03,689 DEBUG (org.hibernate.type.BasicTypeRegistry:148) - Adding type registration big_decimal -&gt; org.hibernate.type.BigDecimalType@1cf56a1c
2018-05-21 11:24:03,690 DEBUG (org.hibernate.type.BasicTypeRegistry:148) - Adding type registration java.math.BigDecimal -&gt; org.hibernate.type.BigDecimalType@1cf56a1c
2018-05-21 11:24:03,692 DEBUG (org.hibernate.type.BasicTypeRegistry:148) - Adding type registration big_integer -&gt; org.hibernate.type.BigIntegerType@35b74c5c
2018-05-21 11:24:03,693 DEBUG (org.hibernate.type.BasicTypeRegistry:148) - Adding type registration java.math.BigInteger -&gt; org.hibernate.type.BigIntegerType@35b74c5c
2018-05-21 11:24:03,694 DEBUG (org.hibernate.type.BasicTypeRegistry:148) - Adding type registration string -&gt; org.hibernate.type.StringType@1169afe1
2018-05-21 11:24:03,694 DEBUG (org.hibernate.type.BasicTypeRegistry:148) - Adding type registration java.lang.String -&gt; org.hibernate.type.StringType@1169afe1
2018-05-21 11:24:03,695 DEBUG (org.hibernate.type.BasicTypeRegistry:148) - Adding type registration nstring -&gt; org.hibernate.type.StringNVarcharType@13df2a8c
2018-05-21 11:24:03,696 DEBUG (org.hibernate.type.BasicTypeRegistry:148) - Adding type registration ncharacter -&gt; org.hibernate.type.CharacterNCharType@163370c2
2018-05-21 11:24:03,697 DEBUG (org.hibernate.type.BasicTypeRegistry:148) - Adding type registration url -&gt; org.hibernate.type.UrlType@13d9cbf5
2018-05-21 11:24:03,697 DEBUG (org.hibernate.type.BasicTypeRegistry:148) - Adding type registration java.net.URL -&gt; org.hibernate.type.UrlType@13d9cbf5
2018-05-21 11:24:03,699 DEBUG (org.hibernate.type.BasicTypeRegistry:148) - Adding type registration date -&gt; org.hibernate.type.DateType@64ec96c6
2018-05-21 11:24:03,699 DEBUG (org.hibernate.type.BasicTypeRegistry:148) - Adding type registration java.sql.Date -&gt; org.hibernate.type.DateType@64ec96c6
2018-05-21 11:24:03,700 DEBUG (org.hibernate.type.BasicTypeRegistry:148) - Adding type registration time -&gt; org.hibernate.type.TimeType@6f8e8894
2018-05-21 11:24:03,700 DEBUG (org.hibernate.type.BasicTypeRegistry:148) - Adding type registration java.sql.Time -&gt; org.hibernate.type.TimeType@6f8e8894
2018-05-21 11:24:03,702 DEBUG (org.hibernate.type.BasicTypeRegistry:148) - Adding type registration timestamp -&gt; org.hibernate.type.TimestampType@2f666ebb
2018-05-21 11:24:03,702 DEBUG (org.hibernate.type.BasicTypeRegistry:148) - Adding type registration java.sql.Timestamp -&gt; org.hibernate.type.TimestampType@2f666ebb
2018-05-21 11:24:03,702 DEBUG (org.hibernate.type.BasicTypeRegistry:148) - Adding type registration java.util.Date -&gt; org.hibernate.type.TimestampType@2f666ebb
2018-05-21 11:24:03,704 DEBUG (org.hibernate.type.BasicTypeRegistry:148) - Adding type registration dbtimestamp -&gt; org.hibernate.type.DbTimestampType@4b2c5e02
2018-05-21 11:24:03,704 DEBUG (org.hibernate.type.BasicTypeRegistry:148) - Adding type registration calendar -&gt; org.hibernate.type.CalendarType@6531a794
2018-05-21 11:24:03,705 DEBUG (org.hibernate.type.BasicTypeRegistry:148) - Adding type registration java.util.Calendar -&gt; org.hibernate.type.CalendarType@6531a794
2018-05-21 11:24:03,705 DEBUG (org.hibernate.type.BasicTypeRegistry:148) - Adding type registration java.util.GregorianCalendar -&gt; org.hibernate.type.CalendarType@6531a794
2018-05-21 11:24:03,705 DEBUG (org.hibernate.type.BasicTypeRegistry:148) - Adding type registration calendar_date -&gt; org.hibernate.type.CalendarDateType@3eb91815
2018-05-21 11:24:03,706 DEBUG (org.hibernate.type.BasicTypeRegistry:148) - Adding type registration locale -&gt; org.hibernate.type.LocaleType@34b9f960
2018-05-21 11:24:03,707 DEBUG (org.hibernate.type.BasicTypeRegistry:148) - Adding type registration java.util.Locale -&gt; org.hibernate.type.LocaleType@34b9f960
2018-05-21 11:24:03,707 DEBUG (org.hibernate.type.BasicTypeRegistry:148) - Adding type registration currency -&gt; org.hibernate.type.CurrencyType@791d1f8b
2018-05-21 11:24:03,708 DEBUG (org.hibernate.type.BasicTypeRegistry:148) - Adding type registration java.util.Currency -&gt; org.hibernate.type.CurrencyType@791d1f8b
2018-05-21 11:24:03,708 DEBUG (org.hibernate.type.BasicTypeRegistry:148) - Adding type registration timezone -&gt; org.hibernate.type.TimeZoneType@93081b6
2018-05-21 11:24:03,709 DEBUG (org.hibernate.type.BasicTypeRegistry:148) - Adding type registration java.util.TimeZone -&gt; org.hibernate.type.TimeZoneType@93081b6
2018-05-21 11:24:03,710 DEBUG (org.hibernate.type.BasicTypeRegistry:148) - Adding type registration class -&gt; org.hibernate.type.ClassType@16c069df
2018-05-21 11:24:03,710 DEBUG (org.hibernate.type.BasicTypeRegistry:148) - Adding type registration java.lang.Class -&gt; org.hibernate.type.ClassType@16c069df
2018-05-21 11:24:03,711 DEBUG (org.hibernate.type.BasicTypeRegistry:148) - Adding type registration uuid-binary -&gt; org.hibernate.type.UUIDBinaryType@6f3187b0
2018-05-21 11:24:03,711 DEBUG (org.hibernate.type.BasicTypeRegistry:148) - Adding type registration java.util.UUID -&gt; org.hibernate.type.UUIDBinaryType@6f3187b0
2018-05-21 11:24:03,711 DEBUG (org.hibernate.type.BasicTypeRegistry:148) - Adding type registration uuid-char -&gt; org.hibernate.type.UUIDCharType@189cbd7c
2018-05-21 11:24:03,712 DEBUG (org.hibernate.type.BasicTypeRegistry:148) - Adding type registration pg-uuid -&gt; org.hibernate.type.PostgresUUIDType@2205a05d
2018-05-21 11:24:03,713 DEBUG (org.hibernate.type.BasicTypeRegistry:148) - Adding type registration binary -&gt; org.hibernate.type.BinaryType@5f20155b
2018-05-21 11:24:03,713 DEBUG (org.hibernate.type.BasicTypeRegistry:148) - Adding type registration byte[] -&gt; org.hibernate.type.BinaryType@5f20155b
2018-05-21 11:24:03,713 DEBUG (org.hibernate.type.BasicTypeRegistry:148) - Adding type registration [B -&gt; org.hibernate.type.BinaryType@5f20155b
2018-05-21 11:24:03,714 DEBUG (org.hibernate.type.BasicTypeRegistry:148) - Adding type registration wrapper-binary -&gt; org.hibernate.type.WrapperBinaryType@7d94beb9
2018-05-21 11:24:03,714 DEBUG (org.hibernate.type.BasicTypeRegistry:148) - Adding type registration Byte[] -&gt; org.hibernate.type.WrapperBinaryType@7d94beb9
2018-05-21 11:24:03,714 DEBUG (org.hibernate.type.BasicTypeRegistry:148) - Adding type registration [Ljava.lang.Byte; -&gt; org.hibernate.type.WrapperBinaryType@7d94beb9
2018-05-21 11:24:03,715 DEBUG (org.hibernate.type.BasicTypeRegistry:148) - Adding type registration image -&gt; org.hibernate.type.ImageType@37911f88
2018-05-21 11:24:03,716 DEBUG (org.hibernate.type.BasicTypeRegistry:148) - Adding type registration characters -&gt; org.hibernate.type.CharArrayType@4ea5b703
2018-05-21 11:24:03,716 DEBUG (org.hibernate.type.BasicTypeRegistry:148) - Adding type registration char[] -&gt; org.hibernate.type.CharArrayType@4ea5b703
2018-05-21 11:24:03,716 DEBUG (org.hibernate.type.BasicTypeRegistry:148) - Adding type registration [C -&gt; org.hibernate.type.CharArrayType@4ea5b703
2018-05-21 11:24:03,717 DEBUG (org.hibernate.type.BasicTypeRegistry:148) - Adding type registration wrapper-characters -&gt; org.hibernate.type.CharacterArrayType@723e88f9
2018-05-21 11:24:03,717 DEBUG (org.hibernate.type.BasicTypeRegistry:148) - Adding type registration [Ljava.lang.Character; -&gt; org.hibernate.type.CharacterArrayType@723e88f9
2018-05-21 11:24:03,717 DEBUG (org.hibernate.type.BasicTypeRegistry:148) - Adding type registration Character[] -&gt; org.hibernate.type.CharacterArrayType@723e88f9
2018-05-21 11:24:03,718 DEBUG (org.hibernate.type.BasicTypeRegistry:148) - Adding type registration text -&gt; org.hibernate.type.TextType@6ea2bc93
2018-05-21 11:24:03,718 DEBUG (org.hibernate.type.BasicTypeRegistry:148) - Adding type registration ntext -&gt; org.hibernate.type.NTextType@3224a577
2018-05-21 11:24:03,721 DEBUG (org.hibernate.type.BasicTypeRegistry:148) - Adding type registration blob -&gt; org.hibernate.type.BlobType@4d518b32
2018-05-21 11:24:03,721 DEBUG (org.hibernate.type.BasicTypeRegistry:148) - Adding type registration java.sql.Blob -&gt; org.hibernate.type.BlobType@4d518b32
2018-05-21 11:24:03,721 DEBUG (org.hibernate.type.BasicTypeRegistry:148) - Adding type registration materialized_blob -&gt; org.hibernate.type.MaterializedBlobType@329dbdbf
2018-05-21 11:24:03,725 DEBUG (org.hibernate.type.BasicTypeRegistry:148) - Adding type registration clob -&gt; org.hibernate.type.ClobType@51c693d
2018-05-21 11:24:03,725 DEBUG (org.hibernate.type.BasicTypeRegistry:148) - Adding type registration java.sql.Clob -&gt; org.hibernate.type.ClobType@51c693d
2018-05-21 11:24:03,728 DEBUG (org.hibernate.type.BasicTypeRegistry:148) - Adding type registration nclob -&gt; org.hibernate.type.NClobType@f14a7d4
2018-05-21 11:24:03,728 DEBUG (org.hibernate.type.BasicTypeRegistry:148) - Adding type registration java.sql.NClob -&gt; org.hibernate.type.NClobType@f14a7d4
2018-05-21 11:24:03,729 DEBUG (org.hibernate.type.BasicTypeRegistry:148) - Adding type registration materialized_clob -&gt; org.hibernate.type.MaterializedClobType@79c97cb
2018-05-21 11:24:03,729 DEBUG (org.hibernate.type.BasicTypeRegistry:148) - Adding type registration materialized_nclob -&gt; org.hibernate.type.MaterializedNClobType@44a59da3
2018-05-21 11:24:03,731 DEBUG (org.hibernate.type.BasicTypeRegistry:148) - Adding type registration serializable -&gt; org.hibernate.type.SerializableType@4b5189ac
2018-05-21 11:24:03,732 DEBUG (org.hibernate.type.BasicTypeRegistry:148) - Adding type registration object -&gt; org.hibernate.type.ObjectType@6c61a903
2018-05-21 11:24:03,732 DEBUG (org.hibernate.type.BasicTypeRegistry:148) - Adding type registration java.lang.Object -&gt; org.hibernate.type.ObjectType@6c61a903
2018-05-21 11:24:03,733 DEBUG (org.hibernate.type.BasicTypeRegistry:148) - Adding type registration imm_date -&gt; org.hibernate.type.AdaptedImmutableType@59d4cd39
2018-05-21 11:24:03,733 DEBUG (org.hibernate.type.BasicTypeRegistry:148) - Adding type registration imm_time -&gt; org.hibernate.type.AdaptedImmutableType@389c4eb1
2018-05-21 11:24:03,733 DEBUG (org.hibernate.type.BasicTypeRegistry:148) - Adding type registration imm_timestamp -&gt; org.hibernate.type.AdaptedImmutableType@3fc79729
2018-05-21 11:24:03,733 DEBUG (org.hibernate.type.BasicTypeRegistry:148) - Adding type registration imm_dbtimestamp -&gt; org.hibernate.type.AdaptedImmutableType@34f6515b
2018-05-21 11:24:03,734 DEBUG (org.hibernate.type.BasicTypeRegistry:148) - Adding type registration imm_calendar -&gt; org.hibernate.type.AdaptedImmutableType@4b34fff9
2018-05-21 11:24:03,734 DEBUG (org.hibernate.type.BasicTypeRegistry:148) - Adding type registration imm_calendar_date -&gt; org.hibernate.type.AdaptedImmutableType@1187c9e8
2018-05-21 11:24:03,734 DEBUG (org.hibernate.type.BasicTypeRegistry:148) - Adding type registration imm_binary -&gt; org.hibernate.type.AdaptedImmutableType@127a7a2e
2018-05-21 11:24:03,734 DEBUG (org.hibernate.type.BasicTypeRegistry:148) - Adding type registration imm_serializable -&gt; org.hibernate.type.AdaptedImmutableType@14008db3
2018-05-21 11:24:03,746  INFO (org.hibernate.annotations.common.Version:37) - HCANN000001: Hibernate Commons Annotations {4.0.1.Final}
2018-05-21 11:24:03,750  INFO (org.hibernate.Version:41) - HHH000412: Hibernate Core {4.2.0.Final}
2018-05-21 11:24:03,751  INFO (org.hibernate.cfg.Environment:239) - HHH000206: hibernate.properties not found
2018-05-21 11:24:03,752  INFO (org.hibernate.cfg.Environment:342) - HHH000021: Bytecode provider name : javassist
2018-05-21 11:24:03,760 DEBUG (org.hibernate.id.factory.internal.DefaultIdentifierGeneratorFactory:93) - Registering IdentifierGenerator strategy [uuid2] -&gt; [org.hibernate.id.UUIDGenerator]
2018-05-21 11:24:03,761 DEBUG (org.hibernate.id.factory.internal.DefaultIdentifierGeneratorFactory:93) - Registering IdentifierGenerator strategy [guid] -&gt; [org.hibernate.id.GUIDGenerator]
2018-05-21 11:24:03,761 DEBUG (org.hibernate.id.factory.internal.DefaultIdentifierGeneratorFactory:93) - Registering IdentifierGenerator strategy [uuid] -&gt; [org.hibernate.id.UUIDHexGenerator]
2018-05-21 11:24:03,761 DEBUG (org.hibernate.id.factory.internal.DefaultIdentifierGeneratorFactory:93) - Registering IdentifierGenerator strategy [uuid.hex] -&gt; [org.hibernate.id.UUIDHexGenerator]
2018-05-21 11:24:03,762 DEBUG (org.hibernate.id.factory.internal.DefaultIdentifierGeneratorFactory:93) - Registering IdentifierGenerator strategy [hilo] -&gt; [org.hibernate.id.TableHiLoGenerator]
2018-05-21 11:24:03,763 DEBUG (org.hibernate.id.factory.internal.DefaultIdentifierGeneratorFactory:93) - Registering IdentifierGenerator strategy [assigned] -&gt; [org.hibernate.id.Assigned]
2018-05-21 11:24:03,764 DEBUG (org.hibernate.id.factory.internal.DefaultIdentifierGeneratorFactory:93) - Registering IdentifierGenerator strategy [identity] -&gt; [org.hibernate.id.IdentityGenerator]
2018-05-21 11:24:03,764 DEBUG (org.hibernate.id.factory.internal.DefaultIdentifierGeneratorFactory:93) - Registering IdentifierGenerator strategy [select] -&gt; [org.hibernate.id.SelectGenerator]
2018-05-21 11:24:03,765 DEBUG (org.hibernate.id.factory.internal.DefaultIdentifierGeneratorFactory:93) - Registering IdentifierGenerator strategy [sequence] -&gt; [org.hibernate.id.SequenceGenerator]
2018-05-21 11:24:03,766 DEBUG (org.hibernate.id.factory.internal.DefaultIdentifierGeneratorFactory:93) - Registering IdentifierGenerator strategy [seqhilo] -&gt; [org.hibernate.id.SequenceHiLoGenerator]
2018-05-21 11:24:03,766 DEBUG (org.hibernate.id.factory.internal.DefaultIdentifierGeneratorFactory:93) - Registering IdentifierGenerator strategy [increment] -&gt; [org.hibernate.id.IncrementGenerator]
2018-05-21 11:24:03,767 DEBUG (org.hibernate.id.factory.internal.DefaultIdentifierGeneratorFactory:93) - Registering IdentifierGenerator strategy [foreign] -&gt; [org.hibernate.id.ForeignGenerator]
2018-05-21 11:24:03,767 DEBUG (org.hibernate.id.factory.internal.DefaultIdentifierGeneratorFactory:93) - Registering IdentifierGenerator strategy [sequence-identity] -&gt; [org.hibernate.id.SequenceIdentityGenerator]
2018-05-21 11:24:03,768 DEBUG (org.hibernate.id.factory.internal.DefaultIdentifierGeneratorFactory:93) - Registering IdentifierGenerator strategy [enhanced-sequence] -&gt; [org.hibernate.id.enhanced.SequenceStyleGenerator]
2018-05-21 11:24:03,768 DEBUG (org.hibernate.id.factory.internal.DefaultIdentifierGeneratorFactory:93) - Registering IdentifierGenerator strategy [enhanced-table] -&gt; [org.hibernate.id.enhanced.TableGenerator]
2018-05-21 11:24:03,770 DEBUG (org.springframework.core.io.support.PathMatchingResourcePatternResolver:631) - Looking for matching resources in directory tree [/home/watermelon/JavaWebDemo/ThisIsUsCommunity/target/classes/com/domain]
2018-05-21 11:24:03,770 DEBUG (org.springframework.core.io.support.PathMatchingResourcePatternResolver:631) - Looking for matching resources in directory tree [/home/watermelon/JavaWebDemo/ThisIsUsCommunity/target/classes/com/domain]
2018-05-21 11:24:03,770 DEBUG (org.springframework.core.io.support.PathMatchingResourcePatternResolver:693) - Searching directory [/home/watermelon/JavaWebDemo/ThisIsUsCommunity/target/classes/com/domain] for files matching pattern [/home/watermelon/JavaWebDemo/ThisIsUsCommunity/target/classes/com/domain/**/*.class]
2018-05-21 11:24:03,770 DEBUG (org.springframework.core.io.support.PathMatchingResourcePatternResolver:693) - Searching directory [/home/watermelon/JavaWebDemo/ThisIsUsCommunity/target/classes/com/domain] for files matching pattern [/home/watermelon/JavaWebDemo/ThisIsUsCommunity/target/classes/com/domain/**/*.class]
2018-05-21 11:24:03,771 DEBUG (org.springframework.core.io.support.PathMatchingResourcePatternResolver:424) - Resolved location pattern [classpath*:com/domain/**/*.class] to resources [file [/home/watermelon/JavaWebDemo/ThisIsUsCommunity/target/classes/com/domain/Topic.class], file [/home/watermelon/JavaWebDemo/ThisIsUsCommunity/target/classes/com/domain/Board.class], file [/home/watermelon/JavaWebDemo/ThisIsUsCommunity/target/classes/com/domain/Post.class], file [/home/watermelon/JavaWebDemo/ThisIsUsCommunity/target/classes/com/domain/BaseDomain.class], file [/home/watermelon/JavaWebDemo/ThisIsUsCommunity/target/classes/com/domain/User.class], file [/home/watermelon/JavaWebDemo/ThisIsUsCommunity/target/classes/com/domain/MainPost.class], file [/home/watermelon/JavaWebDemo/ThisIsUsCommunity/target/classes/com/domain/LoginLog.class]]
2018-05-21 11:24:03,771 DEBUG (org.springframework.core.io.support.PathMatchingResourcePatternResolver:424) - Resolved location pattern [classpath*:com/domain/**/*.class] to resources [file [/home/watermelon/JavaWebDemo/ThisIsUsCommunity/target/classes/com/domain/Topic.class], file [/home/watermelon/JavaWebDemo/ThisIsUsCommunity/target/classes/com/domain/Board.class], file [/home/watermelon/JavaWebDemo/ThisIsUsCommunity/target/classes/com/domain/Post.class], file [/home/watermelon/JavaWebDemo/ThisIsUsCommunity/target/classes/com/domain/BaseDomain.class], file [/home/watermelon/JavaWebDemo/ThisIsUsCommunity/target/classes/com/domain/User.class], file [/home/watermelon/JavaWebDemo/ThisIsUsCommunity/target/classes/com/domain/MainPost.class], file [/home/watermelon/JavaWebDemo/ThisIsUsCommunity/target/classes/com/domain/LoginLog.class]]
2018-05-21 11:24:03,785 DEBUG (org.hibernate.integrator.internal.IntegratorServiceImpl:59) - Adding Integrator [org.hibernate.cfg.beanvalidation.BeanValidationIntegrator].
2018-05-21 11:24:03,798 DEBUG (org.hibernate.cfg.Configuration:1735) - Preparing to build session factory with filters : {}
2018-05-21 11:24:03,821 DEBUG (org.hibernate.cfg.Configuration:3416) - Processing hbm.xml files
2018-05-21 11:24:03,822 DEBUG (org.hibernate.cfg.Configuration:3446) - Process annotated classes
2018-05-21 11:24:03,825 DEBUG (org.hibernate.cfg.AnnotationBinder:531) - Binding entity from annotated class: com.domain.Board
2018-05-21 11:24:03,840 DEBUG (org.hibernate.cfg.Ejb3Column:196) - Binding column: Ejb3DiscriminatorColumn{logicalColumnName&apos;DTYPE&apos;, discriminatorTypeName=&apos;string&apos;}
2018-05-21 11:24:03,843 DEBUG (org.hibernate.cfg.annotations.EntityBinder:394) - Import with entity name t_board
2018-05-21 11:24:03,851 DEBUG (org.hibernate.cfg.annotations.EntityBinder:564) - Bind entity com.domain.Board on table t_board
2018-05-21 11:24:03,876 DEBUG (org.hibernate.cfg.Ejb3Column:196) - Binding column: Ejb3Column{table=org.hibernate.mapping.Table(t_board), mappingColumn=board_id, insertable=true, updatable=true, unique=false}
2018-05-21 11:24:03,879 DEBUG (org.hibernate.cfg.annotations.PropertyBinder:179) - MetadataSourceProcessor property boardId with lazy=false
2018-05-21 11:24:03,882 DEBUG (org.hibernate.cfg.annotations.SimpleValueBinder:331) - building SimpleValue for boardId
2018-05-21 11:24:03,883 DEBUG (org.hibernate.cfg.annotations.PropertyBinder:260) - Building property boardId
2018-05-21 11:24:03,887 DEBUG (org.hibernate.cfg.Ejb3Column:196) - Binding column: Ejb3Column{table=org.hibernate.mapping.Table(t_board), mappingColumn=board_desc, insertable=true, updatable=true, unique=false}
2018-05-21 11:24:03,887 DEBUG (org.hibernate.cfg.annotations.PropertyBinder:179) - MetadataSourceProcessor property boardDesc with lazy=false
2018-05-21 11:24:03,888 DEBUG (org.hibernate.cfg.annotations.SimpleValueBinder:331) - building SimpleValue for boardDesc
2018-05-21 11:24:03,888 DEBUG (org.hibernate.cfg.annotations.PropertyBinder:260) - Building property boardDesc
2018-05-21 11:24:03,889 DEBUG (org.hibernate.cfg.Ejb3Column:196) - Binding column: Ejb3Column{table=org.hibernate.mapping.Table(t_board), mappingColumn=board_name, insertable=true, updatable=true, unique=false}
2018-05-21 11:24:03,889 DEBUG (org.hibernate.cfg.annotations.PropertyBinder:179) - MetadataSourceProcessor property boardName with lazy=false
2018-05-21 11:24:03,889 DEBUG (org.hibernate.cfg.annotations.SimpleValueBinder:331) - building SimpleValue for boardName
2018-05-21 11:24:03,889 DEBUG (org.hibernate.cfg.annotations.PropertyBinder:260) - Building property boardName
2018-05-21 11:24:03,890 DEBUG (org.hibernate.cfg.Ejb3Column:196) - Binding column: Ejb3Column{table=org.hibernate.mapping.Table(t_board), mappingColumn=topic_num, insertable=true, updatable=true, unique=false}
2018-05-21 11:24:03,890 DEBUG (org.hibernate.cfg.annotations.PropertyBinder:179) - MetadataSourceProcessor property topicNum with lazy=false
2018-05-21 11:24:03,890 DEBUG (org.hibernate.cfg.annotations.SimpleValueBinder:331) - building SimpleValue for topicNum
2018-05-21 11:24:03,891 DEBUG (org.hibernate.cfg.annotations.PropertyBinder:260) - Building property topicNum
2018-05-21 11:24:03,893 DEBUG (org.hibernate.cfg.Ejb3Column:196) - Binding column: Ejb3Column{table=org.hibernate.mapping.Table(t_board), mappingColumn=null, insertable=true, updatable=true, unique=false}
2018-05-21 11:24:03,899 DEBUG (org.hibernate.cfg.Ejb3Column:196) - Binding column: Ejb3Column{table=org.hibernate.mapping.Table(t_board), mappingColumn=element, insertable=true, updatable=true, unique=false}
2018-05-21 11:24:03,900 DEBUG (org.hibernate.cfg.Ejb3Column:196) - Binding column: Ejb3Column{table=org.hibernate.mapping.Table(t_board), mappingColumn=users_KEY, insertable=true, updatable=true, unique=false}
2018-05-21 11:24:03,901 DEBUG (org.hibernate.cfg.Ejb3Column:196) - Binding column: Ejb3JoinColumn{logicalColumnName=&apos;users_KEY&apos;, referencedColumn=&apos;null&apos;, mappedBy=&apos;null&apos;}
2018-05-21 11:24:03,902 DEBUG (org.hibernate.cfg.Ejb3Column:196) - Binding column: Ejb3JoinColumn{logicalColumnName=&apos;null&apos;, referencedColumn=&apos;null&apos;, mappedBy=&apos;manBoards&apos;}
2018-05-21 11:24:03,902 DEBUG (org.hibernate.cfg.Ejb3Column:196) - Binding column: Ejb3JoinColumn{logicalColumnName=&apos;null&apos;, referencedColumn=&apos;null&apos;, mappedBy=&apos;manBoards&apos;}
2018-05-21 11:24:03,903 DEBUG (org.hibernate.cfg.annotations.CollectionBinder:400) - Collection role: com.domain.Board.users
2018-05-21 11:24:03,905 DEBUG (org.hibernate.cfg.annotations.PropertyBinder:260) - Building property users
2018-05-21 11:24:03,906 DEBUG (org.hibernate.cfg.AnnotationBinder:531) - Binding entity from annotated class: com.domain.LoginLog
2018-05-21 11:24:03,906 DEBUG (org.hibernate.cfg.Ejb3Column:196) - Binding column: Ejb3DiscriminatorColumn{logicalColumnName&apos;DTYPE&apos;, discriminatorTypeName=&apos;string&apos;}
2018-05-21 11:24:03,906 DEBUG (org.hibernate.cfg.annotations.EntityBinder:394) - Import with entity name t_login_log
2018-05-21 11:24:03,907 DEBUG (org.hibernate.cfg.annotations.EntityBinder:564) - Bind entity com.domain.LoginLog on table t_login_log
2018-05-21 11:24:03,911 DEBUG (org.hibernate.cfg.Ejb3Column:196) - Binding column: Ejb3Column{table=org.hibernate.mapping.Table(t_login_log), mappingColumn=login_log_id, insertable=true, updatable=true, unique=false}
2018-05-21 11:24:03,912 DEBUG (org.hibernate.cfg.annotations.PropertyBinder:179) - MetadataSourceProcessor property loginId with lazy=false
2018-05-21 11:24:03,912 DEBUG (org.hibernate.cfg.annotations.SimpleValueBinder:331) - building SimpleValue for loginId
2018-05-21 11:24:03,913 DEBUG (org.hibernate.cfg.annotations.PropertyBinder:260) - Building property loginId
2018-05-21 11:24:03,913 DEBUG (org.hibernate.cfg.Ejb3Column:196) - Binding column: Ejb3Column{table=org.hibernate.mapping.Table(t_login_log), mappingColumn=ip, insertable=true, updatable=true, unique=false}
2018-05-21 11:24:03,913 DEBUG (org.hibernate.cfg.annotations.PropertyBinder:179) - MetadataSourceProcessor property ip with lazy=false
2018-05-21 11:24:03,914 DEBUG (org.hibernate.cfg.annotations.SimpleValueBinder:331) - building SimpleValue for ip
2018-05-21 11:24:03,914 DEBUG (org.hibernate.cfg.annotations.PropertyBinder:260) - Building property ip
2018-05-21 11:24:03,914 DEBUG (org.hibernate.cfg.Ejb3Column:196) - Binding column: Ejb3Column{table=org.hibernate.mapping.Table(t_login_log), mappingColumn=login_datetime, insertable=true, updatable=true, unique=false}
2018-05-21 11:24:03,916 DEBUG (org.hibernate.cfg.annotations.PropertyBinder:179) - MetadataSourceProcessor property loginDate with lazy=false
2018-05-21 11:24:03,916 DEBUG (org.hibernate.cfg.annotations.SimpleValueBinder:331) - building SimpleValue for loginDate
2018-05-21 11:24:03,916 DEBUG (org.hibernate.cfg.annotations.PropertyBinder:260) - Building property loginDate
2018-05-21 11:24:03,917 DEBUG (org.hibernate.cfg.Ejb3Column:196) - Binding column: Ejb3JoinColumn{logicalColumnName=&apos;user_id&apos;, referencedColumn=&apos;&apos;, mappedBy=&apos;&apos;}
2018-05-21 11:24:03,917 DEBUG (org.hibernate.cfg.Ejb3Column:196) - Binding column: Ejb3Column{table=org.hibernate.mapping.Table(t_login_log), mappingColumn=user, insertable=true, updatable=true, unique=false}
2018-05-21 11:24:03,919 DEBUG (org.hibernate.cfg.annotations.PropertyBinder:260) - Building property user
2018-05-21 11:24:03,920 DEBUG (org.hibernate.cfg.AnnotationBinder:531) - Binding entity from annotated class: com.domain.Post
2018-05-21 11:24:03,920 DEBUG (org.hibernate.cfg.Ejb3Column:196) - Binding column: Ejb3DiscriminatorColumn{logicalColumnName&apos;post_type&apos;, discriminatorTypeName=&apos;string&apos;}
2018-05-21 11:24:03,920 DEBUG (org.hibernate.cfg.annotations.EntityBinder:394) - Import with entity name t_post
2018-05-21 11:24:03,921 DEBUG (org.hibernate.cfg.annotations.EntityBinder:564) - Bind entity com.domain.Post on table t_post
2018-05-21 11:24:03,923 DEBUG (org.hibernate.cfg.Ejb3Column:196) - Binding column: Ejb3Column{table=org.hibernate.mapping.Table(t_post), mappingColumn=post_id, insertable=true, updatable=true, unique=false}
2018-05-21 11:24:03,923 DEBUG (org.hibernate.cfg.annotations.PropertyBinder:179) - MetadataSourceProcessor property postId with lazy=false
2018-05-21 11:24:03,923 DEBUG (org.hibernate.cfg.annotations.SimpleValueBinder:331) - building SimpleValue for postId
2018-05-21 11:24:03,924 DEBUG (org.hibernate.cfg.annotations.PropertyBinder:260) - Building property postId
2018-05-21 11:24:03,924 DEBUG (org.hibernate.cfg.Ejb3Column:196) - Binding column: Ejb3Column{table=org.hibernate.mapping.Table(t_post), mappingColumn=create_time, insertable=true, updatable=true, unique=false}
2018-05-21 11:24:03,925 DEBUG (org.hibernate.cfg.annotations.PropertyBinder:179) - MetadataSourceProcessor property createTime with lazy=false
2018-05-21 11:24:03,926 DEBUG (org.hibernate.cfg.annotations.SimpleValueBinder:331) - building SimpleValue for createTime
2018-05-21 11:24:03,926 DEBUG (org.hibernate.cfg.annotations.PropertyBinder:260) - Building property createTime
2018-05-21 11:24:03,926 DEBUG (org.hibernate.cfg.Ejb3Column:196) - Binding column: Ejb3Column{table=org.hibernate.mapping.Table(t_post), mappingColumn=post_text, insertable=true, updatable=true, unique=false}
2018-05-21 11:24:03,926 DEBUG (org.hibernate.cfg.annotations.PropertyBinder:179) - MetadataSourceProcessor property postText with lazy=false
2018-05-21 11:24:03,926 DEBUG (org.hibernate.cfg.annotations.SimpleValueBinder:331) - building SimpleValue for postText
2018-05-21 11:24:03,926 DEBUG (org.hibernate.cfg.annotations.PropertyBinder:260) - Building property postText
2018-05-21 11:24:03,927 DEBUG (org.hibernate.cfg.Ejb3Column:196) - Binding column: Ejb3Column{table=org.hibernate.mapping.Table(t_post), mappingColumn=post_title, insertable=true, updatable=true, unique=false}
2018-05-21 11:24:03,927 DEBUG (org.hibernate.cfg.annotations.PropertyBinder:179) - MetadataSourceProcessor property postTitle with lazy=false
2018-05-21 11:24:03,927 DEBUG (org.hibernate.cfg.annotations.SimpleValueBinder:331) - building SimpleValue for postTitle
2018-05-21 11:24:03,928 DEBUG (org.hibernate.cfg.annotations.PropertyBinder:260) - Building property postTitle
2018-05-21 11:24:03,928 DEBUG (org.hibernate.cfg.Ejb3Column:196) - Binding column: Ejb3JoinColumn{logicalColumnName=&apos;topic_id&apos;, referencedColumn=&apos;&apos;, mappedBy=&apos;&apos;}
2018-05-21 11:24:03,928 DEBUG (org.hibernate.cfg.Ejb3Column:196) - Binding column: Ejb3Column{table=org.hibernate.mapping.Table(t_post), mappingColumn=topic, insertable=true, updatable=true, unique=false}
2018-05-21 11:24:03,929 DEBUG (org.hibernate.cfg.annotations.PropertyBinder:260) - Building property topic
2018-05-21 11:24:03,929 DEBUG (org.hibernate.cfg.Ejb3Column:196) - Binding column: Ejb3JoinColumn{logicalColumnName=&apos;user_id&apos;, referencedColumn=&apos;&apos;, mappedBy=&apos;&apos;}
2018-05-21 11:24:03,929 DEBUG (org.hibernate.cfg.Ejb3Column:196) - Binding column: Ejb3Column{table=org.hibernate.mapping.Table(t_post), mappingColumn=user, insertable=true, updatable=true, unique=false}
2018-05-21 11:24:03,929 DEBUG (org.hibernate.cfg.annotations.PropertyBinder:260) - Building property user
2018-05-21 11:24:03,930 DEBUG (org.hibernate.cfg.AnnotationBinder:531) - Binding entity from annotated class: com.domain.MainPost
2018-05-21 11:24:03,930  WARN (org.hibernate.cfg.AnnotationBinder:735) - HHH000133: Discriminator column has to be defined in the root entity, it will be ignored in subclass: com.domain.MainPost
2018-05-21 11:24:03,931 DEBUG (org.hibernate.cfg.AnnotationBinder:989) - No value specified for &apos;javax.persistence.sharedCache.mode&apos;; using UNSPECIFIED
2018-05-21 11:24:03,932 DEBUG (org.hibernate.cfg.annotations.EntityBinder:394) - Import with entity name MainPost
2018-05-21 11:24:03,932 DEBUG (org.hibernate.cfg.AnnotationBinder:531) - Binding entity from annotated class: com.domain.Topic
2018-05-21 11:24:03,932 DEBUG (org.hibernate.cfg.Ejb3Column:196) - Binding column: Ejb3DiscriminatorColumn{logicalColumnName&apos;DTYPE&apos;, discriminatorTypeName=&apos;string&apos;}
2018-05-21 11:24:03,933 DEBUG (org.hibernate.cfg.annotations.EntityBinder:394) - Import with entity name t_topic
2018-05-21 11:24:03,933 DEBUG (org.hibernate.cfg.annotations.EntityBinder:564) - Bind entity com.domain.Topic on table t_topic
2018-05-21 11:24:03,936 DEBUG (org.hibernate.cfg.Ejb3Column:196) - Binding column: Ejb3Column{table=org.hibernate.mapping.Table(t_topic), mappingColumn=topic_id, insertable=true, updatable=true, unique=false}
2018-05-21 11:24:03,936 DEBUG (org.hibernate.cfg.annotations.PropertyBinder:179) - MetadataSourceProcessor property topicId with lazy=false
2018-05-21 11:24:03,937 DEBUG (org.hibernate.cfg.annotations.SimpleValueBinder:331) - building SimpleValue for topicId
2018-05-21 11:24:03,937 DEBUG (org.hibernate.cfg.annotations.PropertyBinder:260) - Building property topicId
2018-05-21 11:24:03,937 DEBUG (org.hibernate.cfg.Ejb3Column:196) - Binding column: Ejb3Column{table=org.hibernate.mapping.Table(t_topic), mappingColumn=board_id, insertable=true, updatable=true, unique=false}
2018-05-21 11:24:03,937 DEBUG (org.hibernate.cfg.annotations.PropertyBinder:179) - MetadataSourceProcessor property boardId with lazy=false
2018-05-21 11:24:03,937 DEBUG (org.hibernate.cfg.annotations.SimpleValueBinder:331) - building SimpleValue for boardId
2018-05-21 11:24:03,937 DEBUG (org.hibernate.cfg.annotations.PropertyBinder:260) - Building property boardId
2018-05-21 11:24:03,938 DEBUG (org.hibernate.cfg.Ejb3Column:196) - Binding column: Ejb3Column{table=org.hibernate.mapping.Table(t_topic), mappingColumn=create_time, insertable=true, updatable=true, unique=false}
2018-05-21 11:24:03,938 DEBUG (org.hibernate.cfg.annotations.PropertyBinder:179) - MetadataSourceProcessor property createTime with lazy=false
2018-05-21 11:24:03,938 DEBUG (org.hibernate.cfg.annotations.SimpleValueBinder:331) - building SimpleValue for createTime
2018-05-21 11:24:03,939 DEBUG (org.hibernate.cfg.annotations.PropertyBinder:260) - Building property createTime
2018-05-21 11:24:03,939 DEBUG (org.hibernate.cfg.Ejb3Column:196) - Binding column: Ejb3Column{table=org.hibernate.mapping.Table(t_topic), mappingColumn=digset, insertable=true, updatable=true, unique=false}
2018-05-21 11:24:03,939 DEBUG (org.hibernate.cfg.annotations.PropertyBinder:179) - MetadataSourceProcessor property digest with lazy=false
2018-05-21 11:24:03,939 DEBUG (org.hibernate.cfg.annotations.SimpleValueBinder:331) - building SimpleValue for digest
2018-05-21 11:24:03,940 DEBUG (org.hibernate.cfg.annotations.PropertyBinder:260) - Building property digest
2018-05-21 11:24:03,940 DEBUG (org.hibernate.cfg.Ejb3Column:196) - Binding column: Ejb3Column{table=org.hibernate.mapping.Table(t_topic), mappingColumn=last_post, insertable=true, updatable=true, unique=false}
2018-05-21 11:24:03,940 DEBUG (org.hibernate.cfg.annotations.PropertyBinder:179) - MetadataSourceProcessor property lastPost with lazy=false
2018-05-21 11:24:03,941 DEBUG (org.hibernate.cfg.annotations.SimpleValueBinder:331) - building SimpleValue for lastPost
2018-05-21 11:24:03,941 DEBUG (org.hibernate.cfg.annotations.PropertyBinder:260) - Building property lastPost
2018-05-21 11:24:03,942 DEBUG (org.hibernate.cfg.Ejb3Column:196) - Binding column: Ejb3Column{table=org.hibernate.mapping.Table(t_topic), mappingColumn=topic_replies, insertable=true, updatable=true, unique=false}
2018-05-21 11:24:03,942 DEBUG (org.hibernate.cfg.annotations.PropertyBinder:179) - MetadataSourceProcessor property replies with lazy=false
2018-05-21 11:24:03,942 DEBUG (org.hibernate.cfg.annotations.SimpleValueBinder:331) - building SimpleValue for replies
2018-05-21 11:24:03,942 DEBUG (org.hibernate.cfg.annotations.PropertyBinder:260) - Building property replies
2018-05-21 11:24:03,943 DEBUG (org.hibernate.cfg.Ejb3Column:196) - Binding column: Ejb3Column{table=org.hibernate.mapping.Table(t_topic), mappingColumn=topic_title, insertable=true, updatable=true, unique=false}
2018-05-21 11:24:03,943 DEBUG (org.hibernate.cfg.annotations.PropertyBinder:179) - MetadataSourceProcessor property topicTitle with lazy=false
2018-05-21 11:24:03,943 DEBUG (org.hibernate.cfg.annotations.SimpleValueBinder:331) - building SimpleValue for topicTitle
2018-05-21 11:24:03,943 DEBUG (org.hibernate.cfg.annotations.PropertyBinder:260) - Building property topicTitle
2018-05-21 11:24:03,943 DEBUG (org.hibernate.cfg.Ejb3Column:196) - Binding column: Ejb3JoinColumn{logicalColumnName=&apos;user_id&apos;, referencedColumn=&apos;&apos;, mappedBy=&apos;&apos;}
2018-05-21 11:24:03,944 DEBUG (org.hibernate.cfg.Ejb3Column:196) - Binding column: Ejb3Column{table=org.hibernate.mapping.Table(t_topic), mappingColumn=user, insertable=true, updatable=true, unique=false}
2018-05-21 11:24:03,944 DEBUG (org.hibernate.cfg.annotations.PropertyBinder:260) - Building property user
2018-05-21 11:24:03,944 DEBUG (org.hibernate.cfg.Ejb3Column:196) - Binding column: Ejb3Column{table=org.hibernate.mapping.Table(t_topic), mappingColumn=topic_views, insertable=true, updatable=true, unique=false}
2018-05-21 11:24:03,945 DEBUG (org.hibernate.cfg.annotations.PropertyBinder:179) - MetadataSourceProcessor property views with lazy=false
2018-05-21 11:24:03,945 DEBUG (org.hibernate.cfg.annotations.SimpleValueBinder:331) - building SimpleValue for views
2018-05-21 11:24:03,945 DEBUG (org.hibernate.cfg.annotations.PropertyBinder:260) - Building property views
2018-05-21 11:24:03,946 DEBUG (org.hibernate.cfg.AnnotationBinder:531) - Binding entity from annotated class: com.domain.User
2018-05-21 11:24:03,946 DEBUG (org.hibernate.cfg.Ejb3Column:196) - Binding column: Ejb3DiscriminatorColumn{logicalColumnName&apos;DTYPE&apos;, discriminatorTypeName=&apos;string&apos;}
2018-05-21 11:24:03,946 DEBUG (org.hibernate.cfg.annotations.EntityBinder:394) - Import with entity name t_user
2018-05-21 11:24:03,946 DEBUG (org.hibernate.cfg.annotations.EntityBinder:564) - Bind entity com.domain.User on table t_user
2018-05-21 11:24:03,950 DEBUG (org.hibernate.cfg.Ejb3Column:196) - Binding column: Ejb3Column{table=org.hibernate.mapping.Table(t_user), mappingColumn=user_id, insertable=true, updatable=true, unique=false}
2018-05-21 11:24:03,950 DEBUG (org.hibernate.cfg.annotations.PropertyBinder:179) - MetadataSourceProcessor property userId with lazy=false
2018-05-21 11:24:03,950 DEBUG (org.hibernate.cfg.annotations.SimpleValueBinder:331) - building SimpleValue for userId
2018-05-21 11:24:03,951 DEBUG (org.hibernate.cfg.annotations.PropertyBinder:260) - Building property userId
2018-05-21 11:24:03,951 DEBUG (org.hibernate.cfg.Ejb3Column:196) - Binding column: Ejb3Column{table=org.hibernate.mapping.Table(t_user), mappingColumn=credit, insertable=true, updatable=true, unique=false}
2018-05-21 11:24:03,951 DEBUG (org.hibernate.cfg.annotations.PropertyBinder:179) - MetadataSourceProcessor property credit with lazy=false
2018-05-21 11:24:03,951 DEBUG (org.hibernate.cfg.annotations.SimpleValueBinder:331) - building SimpleValue for credit
2018-05-21 11:24:03,951 DEBUG (org.hibernate.cfg.annotations.PropertyBinder:260) - Building property credit
2018-05-21 11:24:03,952 DEBUG (org.hibernate.cfg.Ejb3Column:196) - Binding column: Ejb3Column{table=org.hibernate.mapping.Table(t_user), mappingColumn=last_ip, insertable=true, updatable=true, unique=false}
2018-05-21 11:24:03,952 DEBUG (org.hibernate.cfg.annotations.PropertyBinder:179) - MetadataSourceProcessor property lastIp with lazy=false
2018-05-21 11:24:03,952 DEBUG (org.hibernate.cfg.annotations.SimpleValueBinder:331) - building SimpleValue for lastIp
2018-05-21 11:24:03,952 DEBUG (org.hibernate.cfg.annotations.PropertyBinder:260) - Building property lastIp
2018-05-21 11:24:03,952 DEBUG (org.hibernate.cfg.Ejb3Column:196) - Binding column: Ejb3Column{table=org.hibernate.mapping.Table(t_user), mappingColumn=last_visit, insertable=true, updatable=true, unique=false}
2018-05-21 11:24:03,952 DEBUG (org.hibernate.cfg.annotations.PropertyBinder:179) - MetadataSourceProcessor property lastVisit with lazy=false
2018-05-21 11:24:03,952 DEBUG (org.hibernate.cfg.annotations.SimpleValueBinder:331) - building SimpleValue for lastVisit
2018-05-21 11:24:03,953 DEBUG (org.hibernate.cfg.annotations.PropertyBinder:260) - Building property lastVisit
2018-05-21 11:24:03,953 DEBUG (org.hibernate.cfg.Ejb3Column:196) - Binding column: Ejb3Column{table=org.hibernate.mapping.Table(t_user), mappingColumn=locked, insertable=true, updatable=true, unique=false}
2018-05-21 11:24:03,953 DEBUG (org.hibernate.cfg.annotations.PropertyBinder:179) - MetadataSourceProcessor property locked with lazy=false
2018-05-21 11:24:03,953 DEBUG (org.hibernate.cfg.annotations.SimpleValueBinder:331) - building SimpleValue for locked
2018-05-21 11:24:03,953 DEBUG (org.hibernate.cfg.annotations.PropertyBinder:260) - Building property locked
2018-05-21 11:24:03,953 DEBUG (org.hibernate.cfg.Ejb3Column:196) - Binding column: Ejb3Column{table=org.hibernate.mapping.Table(t_user), mappingColumn=null, insertable=true, updatable=true, unique=false}
2018-05-21 11:24:03,954 DEBUG (org.hibernate.cfg.Ejb3Column:196) - Binding column: Ejb3Column{table=org.hibernate.mapping.Table(t_user), mappingColumn=element, insertable=true, updatable=true, unique=false}
2018-05-21 11:24:03,954 DEBUG (org.hibernate.cfg.Ejb3Column:196) - Binding column: Ejb3Column{table=org.hibernate.mapping.Table(t_user), mappingColumn=manBoards_KEY, insertable=true, updatable=true, unique=false}
2018-05-21 11:24:03,954 DEBUG (org.hibernate.cfg.Ejb3Column:196) - Binding column: Ejb3JoinColumn{logicalColumnName=&apos;manBoards_KEY&apos;, referencedColumn=&apos;null&apos;, mappedBy=&apos;null&apos;}
2018-05-21 11:24:03,954 DEBUG (org.hibernate.cfg.Ejb3Column:196) - Binding column: Ejb3JoinColumn{logicalColumnName=&apos;user_id&apos;, referencedColumn=&apos;&apos;, mappedBy=&apos;&apos;}
2018-05-21 11:24:03,955 DEBUG (org.hibernate.cfg.Ejb3Column:196) - Binding column: Ejb3JoinColumn{logicalColumnName=&apos;board_id&apos;, referencedColumn=&apos;&apos;, mappedBy=&apos;&apos;}
2018-05-21 11:24:03,955 DEBUG (org.hibernate.cfg.annotations.CollectionBinder:400) - Collection role: com.domain.User.manBoards
2018-05-21 11:24:03,955 DEBUG (org.hibernate.cfg.annotations.PropertyBinder:260) - Building property manBoards
2018-05-21 11:24:03,955 DEBUG (org.hibernate.cfg.Ejb3Column:196) - Binding column: Ejb3Column{table=org.hibernate.mapping.Table(t_user), mappingColumn=password, insertable=true, updatable=true, unique=false}
2018-05-21 11:24:03,956 DEBUG (org.hibernate.cfg.annotations.PropertyBinder:179) - MetadataSourceProcessor property password with lazy=false
2018-05-21 11:24:03,956 DEBUG (org.hibernate.cfg.annotations.SimpleValueBinder:331) - building SimpleValue for password
2018-05-21 11:24:03,956 DEBUG (org.hibernate.cfg.annotations.PropertyBinder:260) - Building property password
2018-05-21 11:24:03,956 DEBUG (org.hibernate.cfg.Ejb3Column:196) - Binding column: Ejb3Column{table=org.hibernate.mapping.Table(t_user), mappingColumn=user_name, insertable=true, updatable=true, unique=false}
2018-05-21 11:24:03,956 DEBUG (org.hibernate.cfg.annotations.PropertyBinder:179) - MetadataSourceProcessor property userName with lazy=false
2018-05-21 11:24:03,957 DEBUG (org.hibernate.cfg.annotations.SimpleValueBinder:331) - building SimpleValue for userName
2018-05-21 11:24:03,957 DEBUG (org.hibernate.cfg.annotations.PropertyBinder:260) - Building property userName
2018-05-21 11:24:03,957 DEBUG (org.hibernate.cfg.Ejb3Column:196) - Binding column: Ejb3Column{table=org.hibernate.mapping.Table(t_user), mappingColumn=user_type, insertable=true, updatable=true, unique=false}
2018-05-21 11:24:03,958 DEBUG (org.hibernate.cfg.annotations.PropertyBinder:179) - MetadataSourceProcessor property userType with lazy=false
2018-05-21 11:24:03,958 DEBUG (org.hibernate.cfg.annotations.SimpleValueBinder:331) - building SimpleValue for userType
2018-05-21 11:24:03,959 DEBUG (org.hibernate.cfg.annotations.PropertyBinder:260) - Building property userType
2018-05-21 11:24:03,959 DEBUG (org.hibernate.cfg.annotations.SimpleValueBinder:369) - Setting SimpleValue typeName for boardId
2018-05-21 11:24:03,959 DEBUG (org.hibernate.cfg.annotations.SimpleValueBinder:369) - Setting SimpleValue typeName for boardDesc
2018-05-21 11:24:03,960 DEBUG (org.hibernate.cfg.annotations.SimpleValueBinder:369) - Setting SimpleValue typeName for boardName
2018-05-21 11:24:03,960 DEBUG (org.hibernate.cfg.annotations.SimpleValueBinder:369) - Setting SimpleValue typeName for topicNum
2018-05-21 11:24:03,960 DEBUG (org.hibernate.cfg.annotations.SimpleValueBinder:369) - Setting SimpleValue typeName for loginId
2018-05-21 11:24:03,960 DEBUG (org.hibernate.cfg.annotations.SimpleValueBinder:369) - Setting SimpleValue typeName for ip
2018-05-21 11:24:03,960 DEBUG (org.hibernate.cfg.annotations.SimpleValueBinder:369) - Setting SimpleValue typeName for loginDate
2018-05-21 11:24:03,960 DEBUG (org.hibernate.cfg.annotations.SimpleValueBinder:369) - Setting SimpleValue typeName for postId
2018-05-21 11:24:03,961 DEBUG (org.hibernate.cfg.annotations.SimpleValueBinder:369) - Setting SimpleValue typeName for createTime
2018-05-21 11:24:03,961 DEBUG (org.hibernate.cfg.annotations.SimpleValueBinder:369) - Setting SimpleValue typeName for postText
2018-05-21 11:24:03,961 DEBUG (org.hibernate.cfg.annotations.SimpleValueBinder:369) - Setting SimpleValue typeName for postTitle
2018-05-21 11:24:03,961 DEBUG (org.hibernate.cfg.annotations.SimpleValueBinder:369) - Setting SimpleValue typeName for topicId
2018-05-21 11:24:03,961 DEBUG (org.hibernate.cfg.annotations.SimpleValueBinder:369) - Setting SimpleValue typeName for boardId
2018-05-21 11:24:03,961 DEBUG (org.hibernate.cfg.annotations.SimpleValueBinder:369) - Setting SimpleValue typeName for createTime
2018-05-21 11:24:03,961 DEBUG (org.hibernate.cfg.annotations.SimpleValueBinder:369) - Setting SimpleValue typeName for digest
2018-05-21 11:24:03,962 DEBUG (org.hibernate.cfg.annotations.SimpleValueBinder:369) - Setting SimpleValue typeName for lastPost
2018-05-21 11:24:03,962 DEBUG (org.hibernate.cfg.annotations.SimpleValueBinder:369) - Setting SimpleValue typeName for replies
2018-05-21 11:24:03,962 DEBUG (org.hibernate.cfg.annotations.SimpleValueBinder:369) - Setting SimpleValue typeName for topicTitle
2018-05-21 11:24:03,962 DEBUG (org.hibernate.cfg.annotations.SimpleValueBinder:369) - Setting SimpleValue typeName for views
2018-05-21 11:24:03,962 DEBUG (org.hibernate.cfg.annotations.SimpleValueBinder:369) - Setting SimpleValue typeName for userId
2018-05-21 11:24:03,962 DEBUG (org.hibernate.cfg.annotations.SimpleValueBinder:369) - Setting SimpleValue typeName for credit
2018-05-21 11:24:03,962 DEBUG (org.hibernate.cfg.annotations.SimpleValueBinder:369) - Setting SimpleValue typeName for lastIp
2018-05-21 11:24:03,962 DEBUG (org.hibernate.cfg.annotations.SimpleValueBinder:369) - Setting SimpleValue typeName for lastVisit
2018-05-21 11:24:03,963 DEBUG (org.hibernate.cfg.annotations.SimpleValueBinder:369) - Setting SimpleValue typeName for locked
2018-05-21 11:24:03,963 DEBUG (org.hibernate.cfg.annotations.SimpleValueBinder:369) - Setting SimpleValue typeName for password
2018-05-21 11:24:03,963 DEBUG (org.hibernate.cfg.annotations.SimpleValueBinder:369) - Setting SimpleValue typeName for userName
2018-05-21 11:24:03,963 DEBUG (org.hibernate.cfg.annotations.SimpleValueBinder:369) - Setting SimpleValue typeName for userType
2018-05-21 11:24:03,963 DEBUG (org.hibernate.cfg.Configuration:1406) - Processing fk mappings (*ToOne and JoinedSubclass)
2018-05-21 11:24:04,030 DEBUG (org.hibernate.cfg.Configuration:1585) - Processing extends queue
2018-05-21 11:24:04,031 DEBUG (org.hibernate.cfg.Configuration:1643) - Processing extends queue
2018-05-21 11:24:04,031 DEBUG (org.hibernate.cfg.Configuration:1588) - Processing collection mappings
2018-05-21 11:24:04,031 DEBUG (org.hibernate.cfg.CollectionSecondPass:64) - Second pass for collection: com.domain.User.manBoards
2018-05-21 11:24:04,031 DEBUG (org.hibernate.cfg.annotations.CollectionBinder:1049) - Binding as ManyToMany: com.domain.User.manBoards
2018-05-21 11:24:04,034 DEBUG (org.hibernate.cfg.CollectionSecondPass:80) - Mapped collection key: user_id, element: board_id
2018-05-21 11:24:04,034 DEBUG (org.hibernate.cfg.CollectionSecondPass:64) - Second pass for collection: com.domain.Board.users
2018-05-21 11:24:04,035 DEBUG (org.hibernate.cfg.annotations.CollectionBinder:1049) - Binding as ManyToMany: com.domain.Board.users
2018-05-21 11:24:04,035 DEBUG (org.hibernate.cfg.annotations.TableBinder:332) - Retrieving property com.domain.User.manBoards
2018-05-21 11:24:04,035 DEBUG (org.hibernate.cfg.CollectionSecondPass:80) - Mapped collection key: board_id, element: user_id
2018-05-21 11:24:04,035 DEBUG (org.hibernate.cfg.Configuration:1598) - Processing native query and ResultSetMapping mappings
2018-05-21 11:24:04,035 DEBUG (org.hibernate.cfg.Configuration:1606) - Processing association property references
2018-05-21 11:24:04,035 DEBUG (org.hibernate.cfg.Configuration:1628) - Creating tables&apos; unique integer identifiers
2018-05-21 11:24:04,036 DEBUG (org.hibernate.cfg.Configuration:1629) - Processing foreign key constraints
2018-05-21 11:24:04,036 DEBUG (org.hibernate.cfg.Configuration:1700) - Resolving reference to class: com.domain.Board
2018-05-21 11:24:04,036 DEBUG (org.hibernate.cfg.Configuration:1700) - Resolving reference to class: com.domain.User
2018-05-21 11:24:04,036 DEBUG (org.hibernate.cfg.Configuration:1700) - Resolving reference to class: com.domain.User
2018-05-21 11:24:04,036 DEBUG (org.hibernate.cfg.Configuration:1700) - Resolving reference to class: com.domain.Topic
2018-05-21 11:24:04,036 DEBUG (org.hibernate.cfg.Configuration:1700) - Resolving reference to class: com.domain.User
2018-05-21 11:24:04,036 DEBUG (org.hibernate.cfg.Configuration:1700) - Resolving reference to class: com.domain.User
2018-05-21 11:24:04,295 DEBUG (org.hibernate.engine.jdbc.internal.JdbcServicesImpl:121) - Database -&gt;
       name : MySQL
    version : 5.7.21
      major : 5
      minor : 7
2018-05-21 11:24:04,296 DEBUG (org.hibernate.engine.jdbc.internal.JdbcServicesImpl:127) - Driver -&gt;
       name : MySQL Connector Java
    version : mysql-connector-java-5.1.29 ( Revision: alexander.soklakov@oracle.com-20140120140810-s44574olh90i6i4l )
      major : 5
      minor : 1
2018-05-21 11:24:04,296 DEBUG (org.hibernate.engine.jdbc.internal.JdbcServicesImpl:133) - JDBC version : 4.0
2018-05-21 11:24:04,317  INFO (org.hibernate.dialect.Dialect:128) - HHH000400: Using dialect: org.hibernate.dialect.MySQLDialect
2018-05-21 11:24:04,332 DEBUG (org.hibernate.cfg.SettingsFactory:114) - Automatic flush during beforeCompletion(): disabled
2018-05-21 11:24:04,332 DEBUG (org.hibernate.cfg.SettingsFactory:120) - Automatic session close at end of transaction: disabled
2018-05-21 11:24:04,332 DEBUG (org.hibernate.cfg.SettingsFactory:131) - JDBC batch size: 15
2018-05-21 11:24:04,332 DEBUG (org.hibernate.cfg.SettingsFactory:137) - JDBC batch updates for versioned data: disabled
2018-05-21 11:24:04,332 DEBUG (org.hibernate.cfg.SettingsFactory:147) - Scrollable result sets: enabled
2018-05-21 11:24:04,333 DEBUG (org.hibernate.cfg.SettingsFactory:153) - Wrap result sets: disabled
2018-05-21 11:24:04,333 DEBUG (org.hibernate.cfg.SettingsFactory:159) - JDBC3 getGeneratedKeys(): enabled
2018-05-21 11:24:04,333 DEBUG (org.hibernate.cfg.SettingsFactory:171) - multi-tenancy strategy : NONE
2018-05-21 11:24:04,333 DEBUG (org.hibernate.cfg.SettingsFactory:177) - Connection release mode: auto
2018-05-21 11:24:04,334  INFO (org.hibernate.engine.transaction.internal.TransactionFactoryInitiator:68) - HHH000399: Using default transaction strategy (direct JDBC transactions)
2018-05-21 11:24:04,337 DEBUG (org.hibernate.cfg.SettingsFactory:199) - Using BatchFetchStyle : LEGACY
2018-05-21 11:24:04,338 DEBUG (org.hibernate.cfg.SettingsFactory:218) - Maximum outer join fetch depth: 2
2018-05-21 11:24:04,338 DEBUG (org.hibernate.cfg.SettingsFactory:224) - Default batch fetch size: 1
2018-05-21 11:24:04,338 DEBUG (org.hibernate.cfg.SettingsFactory:230) - Generate SQL with comments: disabled
2018-05-21 11:24:04,338 DEBUG (org.hibernate.cfg.SettingsFactory:236) - Order SQL updates by primary key: disabled
2018-05-21 11:24:04,339 DEBUG (org.hibernate.cfg.SettingsFactory:242) - Order SQL inserts for batching: disabled
2018-05-21 11:24:04,339 DEBUG (org.hibernate.cfg.SettingsFactory:250) - Default null ordering: none
2018-05-21 11:24:04,339 DEBUG (org.hibernate.cfg.SettingsFactory:541) - Query translator: org.hibernate.hql.internal.ast.ASTQueryTranslatorFactory
2018-05-21 11:24:04,341  INFO (org.hibernate.hql.internal.ast.ASTQueryTranslatorFactory:48) - HHH000397: Using ASTQueryTranslatorFactory
2018-05-21 11:24:04,341 DEBUG (org.hibernate.cfg.SettingsFactory:260) - Query language substitutions: {}
2018-05-21 11:24:04,342 DEBUG (org.hibernate.cfg.SettingsFactory:266) - JPA-QL strict compliance: disabled
2018-05-21 11:24:04,342 DEBUG (org.hibernate.cfg.SettingsFactory:274) - Second-level cache: enabled
2018-05-21 11:24:04,342 DEBUG (org.hibernate.cfg.SettingsFactory:280) - Query cache: disabled
2018-05-21 11:24:04,342 DEBUG (org.hibernate.cfg.SettingsFactory:481) - Cache region factory : org.hibernate.cache.ehcache.EhCacheRegionFactory
2018-05-21 11:24:04,356 DEBUG (org.hibernate.cfg.SettingsFactory:295) - Optimize cache for minimal puts: enabled
2018-05-21 11:24:04,357 DEBUG (org.hibernate.cfg.SettingsFactory:310) - Structured second-level cache entries: disabled
2018-05-21 11:24:04,357 DEBUG (org.hibernate.cfg.SettingsFactory:320) - Second-level cache direct-reference entries: disabled
2018-05-21 11:24:04,357 DEBUG (org.hibernate.cfg.SettingsFactory:328) - Statistics: disabled
2018-05-21 11:24:04,357 DEBUG (org.hibernate.cfg.SettingsFactory:334) - Deleted entity synthetic identifier rollback: disabled
2018-05-21 11:24:04,357 DEBUG (org.hibernate.cfg.SettingsFactory:358) - Default entity-mode: pojo
2018-05-21 11:24:04,358 DEBUG (org.hibernate.cfg.SettingsFactory:364) - Named query checking : enabled
2018-05-21 11:24:04,358 DEBUG (org.hibernate.cfg.SettingsFactory:370) - Check Nullability in Core (should be disabled when Bean Validation is on): enabled
2018-05-21 11:24:04,358 DEBUG (org.hibernate.cfg.SettingsFactory:388) - Allow initialization of lazy state outside session : : disabled
2018-05-21 11:24:04,358 DEBUG (org.hibernate.cfg.SettingsFactory:398) - JTA Track by Thread: enabled
2018-05-21 11:24:04,365 DEBUG (org.hibernate.internal.SessionFactoryImpl:225) - Building session factory
2018-05-21 11:24:04,426 DEBUG (net.sf.ehcache.config.ConfigurationFactory:130) - Configuring ehcache from ehcache.xml found in the classpath: file:/home/watermelon/JavaWebDemo/ThisIsUsCommunity/target/classes/ehcache.xml
2018-05-21 11:24:04,427 DEBUG (net.sf.ehcache.config.ConfigurationFactory:96) - Configuring ehcache from URL: file:/home/watermelon/JavaWebDemo/ThisIsUsCommunity/target/classes/ehcache.xml
2018-05-21 11:24:04,427 DEBUG (net.sf.ehcache.config.ConfigurationFactory:148) - Configuring ehcache from InputStream
2018-05-21 11:24:04,490 DEBUG (net.sf.ehcache.config.DiskStoreConfiguration:118) - Disk Store Path: /tmp
2018-05-21 11:24:04,557 DEBUG (net.sf.ehcache.util.PropertyUtil:88) - propertiesString is null.
2018-05-21 11:24:04,558 DEBUG (net.sf.ehcache.config.ConfigurationHelper:184) - No CacheManagerEventListenerFactory class specified. Skipping...
2018-05-21 11:24:04,573 DEBUG (net.sf.ehcache.Cache:949) - No BootstrapCacheLoaderFactory class specified. Skipping...
2018-05-21 11:24:04,573 DEBUG (net.sf.ehcache.Cache:923) - CacheWriter factory not configured. Skipping...
2018-05-21 11:24:04,574 DEBUG (net.sf.ehcache.config.ConfigurationHelper:96) - No CacheExceptionHandlerFactory class specified. Skipping...
2018-05-21 11:24:04,577 DEBUG (net.sf.ehcache.Cache:949) - No BootstrapCacheLoaderFactory class specified. Skipping...
2018-05-21 11:24:04,577 DEBUG (net.sf.ehcache.Cache:923) - CacheWriter factory not configured. Skipping...
2018-05-21 11:24:04,577 DEBUG (net.sf.ehcache.config.ConfigurationHelper:96) - No CacheExceptionHandlerFactory class specified. Skipping...
2018-05-21 11:24:04,578 DEBUG (net.sf.ehcache.Cache:949) - No BootstrapCacheLoaderFactory class specified. Skipping...
2018-05-21 11:24:04,578 DEBUG (net.sf.ehcache.Cache:923) - CacheWriter factory not configured. Skipping...
2018-05-21 11:24:04,578 DEBUG (net.sf.ehcache.config.ConfigurationHelper:96) - No CacheExceptionHandlerFactory class specified. Skipping...
2018-05-21 11:24:04,590 DEBUG (net.sf.ehcache.Cache:1183) - Initialised cache: fixedRegion
2018-05-21 11:24:04,590 DEBUG (net.sf.ehcache.config.ConfigurationHelper:331) - CacheDecoratorFactory not configured. Skipping for &apos;fixedRegion&apos;.
2018-05-21 11:24:04,591 DEBUG (net.sf.ehcache.config.ConfigurationHelper:360) - CacheDecoratorFactory not configured for defaultCache. Skipping for &apos;fixedRegion&apos;.
2018-05-21 11:24:04,595 DEBUG (net.sf.ehcache.store.compound.factories.DiskOverflowStorageFactory:95) - Deleting data file freqChangeRegion.data
2018-05-21 11:24:04,602 DEBUG (net.sf.ehcache.Cache:1183) - Initialised cache: freqChangeRegion
2018-05-21 11:24:04,602 DEBUG (net.sf.ehcache.config.ConfigurationHelper:331) - CacheDecoratorFactory not configured. Skipping for &apos;freqChangeRegion&apos;.
2018-05-21 11:24:04,602 DEBUG (net.sf.ehcache.config.ConfigurationHelper:360) - CacheDecoratorFactory not configured for defaultCache. Skipping for &apos;freqChangeRegion&apos;.
2018-05-21 11:24:04,605 DEBUG (org.hibernate.internal.SessionFactoryImpl:277) - Session factory constructed with filter configurations : {}
2018-05-21 11:24:04,606 DEBUG (org.hibernate.internal.SessionFactoryImpl:278) - Instantiating session factory with properties: {idea.version=2017.3.3, java.runtime.name=OpenJDK Runtime Environment, sun.boot.library.path=/usr/lib/jvm/java-8-openjdk-amd64/jre/lib/amd64, java.vm.version=25.171-b11, java.vm.vendor=Oracle Corporation, java.vendor.url=http://java.oracle.com/, path.separator=:, hibernate.cache.use_query_cache=false, java.vm.name=OpenJDK 64-Bit Server VM, file.encoding.pkg=sun.io, user.country=CN, sun.java.launcher=SUN_STANDARD, sun.os.patch.level=unknown, java.vm.specification.name=Java Virtual Machine Specification, user.dir=/home/watermelon/JavaWebDemo/ThisIsUsCommunity, java.runtime.version=1.8.0_171-8u171-b11-0ubuntu0.16.04.1-b11, java.awt.graphicsenv=sun.awt.X11GraphicsEnvironment, basedir=/home/watermelon/JavaWebDemo/ThisIsUsCommunity, hibernate.current_session_context_class=org.springframework.orm.hibernate4.SpringSessionContext, java.endorsed.dirs=/usr/lib/jvm/java-8-openjdk-amd64/jre/lib/endorsed, os.arch=amd64, surefire.real.class.path=/home/watermelon/JavaWebDemo/ThisIsUsCommunity/target/surefire/surefirebooter863453066521704592.jar, java.io.tmpdir=/tmp, line.separator=
, java.vm.specification.vendor=Oracle Corporation, os.name=Linux, sun.jnu.encoding=UTF-8, java.library.path=/usr/java/packages/lib/amd64:/usr/lib/x86_64-linux-gnu/jni:/lib/x86_64-linux-gnu:/usr/lib/x86_64-linux-gnu:/usr/lib/jni:/lib:/usr/lib, hibernate.connection.datasource=org.apache.commons.dbcp.BasicDataSource@4a067c25, surefire.test.class.path=/home/watermelon/JavaWebDemo/ThisIsUsCommunity/target/test-classes:/home/watermelon/JavaWebDemo/ThisIsUsCommunity/target/classes:/opt/apache-maven-3.5.3/localRepository/org/springframework/spring-orm/4.2.2.RELEASE/spring-orm-4.2.2.RELEASE.jar:/opt/apache-maven-3.5.3/localRepository/org/springframework/spring-core/4.2.2.RELEASE/spring-core-4.2.2.RELEASE.jar:/opt/apache-maven-3.5.3/localRepository/org/springframework/spring-tx/4.2.2.RELEASE/spring-tx-4.2.2.RELEASE.jar:/opt/apache-maven-3.5.3/localRepository/org/springframework/spring-test/4.2.2.RELEASE/spring-test-4.2.2.RELEASE.jar:/opt/apache-maven-3.5.3/localRepository/org/springframework/spring-webmvc/4.2.2.RELEASE/spring-webmvc-4.2.2.RELEASE.jar:/opt/apache-maven-3.5.3/localRepository/org/springframework/spring-expression/4.2.2.RELEASE/spring-expression-4.2.2.RELEASE.jar:/opt/apache-maven-3.5.3/localRepository/org/springframework/spring-web/4.2.2.RELEASE/spring-web-4.2.2.RELEASE.jar:/opt/apache-maven-3.5.3/localRepository/org/springframework/spring-context/4.2.2.RELEASE/spring-context-4.2.2.RELEASE.jar:/opt/apache-maven-3.5.3/localRepository/org/springframework/spring-aop/4.2.2.RELEASE/spring-aop-4.2.2.RELEASE.jar:/opt/apache-maven-3.5.3/localRepository/org/springframework/spring-context-support/4.2.2.RELEASE/spring-context-support-4.2.2.RELEASE.jar:/opt/apache-maven-3.5.3/localRepository/org/springframework/spring-beans/4.2.2.RELEASE/spring-beans-4.2.2.RELEASE.jar:/opt/apache-maven-3.5.3/localRepository/org/springframework/spring-jdbc/4.2.2.RELEASE/spring-jdbc-4.2.2.RELEASE.jar:/opt/apache-maven-3.5.3/localRepository/xml-apis/xml-apis/1.4.01/xml-apis-1.4.01.jar:/opt/apache-maven-3.5.3/localRepository/commons-lang/commons-lang/2.2/commons-lang-2.2.jar:/opt/apache-maven-3.5.3/localRepository/commons-fileupload/commons-fileupload/1.3.1/commons-fileupload-1.3.1.jar:/opt/apache-maven-3.5.3/localRepository/commons-io/commons-io/2.2/commons-io-2.2.jar:/opt/apache-maven-3.5.3/localRepository/commons-dbcp/commons-dbcp/1.4/commons-dbcp-1.4.jar:/opt/apache-maven-3.5.3/localRepository/commons-pool/commons-pool/1.5.4/commons-pool-1.5.4.jar:/opt/apache-maven-3.5.3/localRepository/org/hibernate/hibernate-core/4.2.0.Final/hibernate-core-4.2.0.Final.jar:/opt/apache-maven-3.5.3/localRepository/antlr/antlr/2.7.7/antlr-2.7.7.jar:/opt/apache-maven-3.5.3/localRepository/org/jboss/logging/jboss-logging/3.1.0.GA/jboss-logging-3.1.0.GA.jar:/opt/apache-maven-3.5.3/localRepository/org/jboss/spec/javax/transaction/jboss-transaction-api_1.1_spec/1.0.0.Final/jboss-transaction-api_1.1_spec-1.0.0.Final.jar:/opt/apache-maven-3.5.3/localRepository/dom4j/dom4j/1.6.1/dom4j-1.6.1.jar:/opt/apache-maven-3.5.3/localRepository/org/javassist/javassist/3.15.0-GA/javassist-3.15.0-GA.jar:/opt/apache-maven-3.5.3/localRepository/org/hibernate/common/hibernate-commons-annotations/4.0.1.Final/hibernate-commons-annotations-4.0.1.Final.jar:/opt/apache-maven-3.5.3/localRepository/org/hibernate/hibernate-ehcache/4.2.0.Final/hibernate-ehcache-4.2.0.Final.jar:/opt/apache-maven-3.5.3/localRepository/org/hibernate/javax/persistence/hibernate-jpa-2.0-api/1.0.1.Final/hibernate-jpa-2.0-api-1.0.1.Final.jar:/opt/apache-maven-3.5.3/localRepository/javax/servlet/servlet-api/3.0-alpha-1/servlet-api-3.0-alpha-1.jar:/opt/apache-maven-3.5.3/localRepository/javax/servlet/javax.servlet-api/3.1.0/javax.servlet-api-3.1.0.jar:/opt/apache-maven-3.5.3/localRepository/mysql/mysql-connector-java/5.1.29/mysql-connector-java-5.1.29.jar:/opt/apache-maven-3.5.3/localRepository/commons-beanutils/commons-beanutils/1.9.1/commons-beanutils-1.9.1.jar:/opt/apache-maven-3.5.3/localRepository/commons-logging/commons-logging/1.1.1/commons-logging-1.1.1.jar:/opt/apache-maven-3.5.3/localRepository/commons-collections/commons-collections/3.2.1/commons-collections-3.2.1.jar:/opt/apache-maven-3.5.3/localRepository/org/slf4j/slf4j-api/1.7.5/slf4j-api-1.7.5.jar:/opt/apache-maven-3.5.3/localRepository/org/slf4j/slf4j-log4j12/1.7.5/slf4j-log4j12-1.7.5.jar:/opt/apache-maven-3.5.3/localRepository/log4j/log4j/1.2.17/log4j-1.2.17.jar:/opt/apache-maven-3.5.3/localRepository/net/sf/ehcache/ehcache-core/2.4.3/ehcache-core-2.4.3.jar:/opt/apache-maven-3.5.3/localRepository/org/mockito/mockito-all/1.10.19/mockito-all-1.10.19.jar:/opt/apache-maven-3.5.3/localRepository/org/testng/testng/6.8.7/testng-6.8.7.jar:/opt/apache-maven-3.5.3/localRepository/junit/junit/4.10/junit-4.10.jar:/opt/apache-maven-3.5.3/localRepository/org/hamcrest/hamcrest-core/1.1/hamcrest-core-1.1.jar:/opt/apache-maven-3.5.3/localRepository/org/beanshell/bsh/2.0b4/bsh-2.0b4.jar:/opt/apache-maven-3.5.3/localRepository/com/beust/jcommander/1.27/jcommander-1.27.jar:/opt/apache-maven-3.5.3/localRepository/org/yaml/snakeyaml/1.12/snakeyaml-1.12.jar:/opt/apache-maven-3.5.3/localRepository/org/unitils/unitils-core/3.4.2/unitils-core-3.4.2.jar:/opt/apache-maven-3.5.3/localRepository/ognl/ognl/2.6.9/ognl-2.6.9.jar:/opt/apache-maven-3.5.3/localRepository/org/unitils/unitils-testng/3.4.2/unitils-testng-3.4.2.jar:/opt/apache-maven-3.5.3/localRepository/org/testng/testng/5.8/testng-5.8-jdk15.jar:/opt/apache-maven-3.5.3/localRepository/org/unitils/unitils-spring/3.4.2/unitils-spring-3.4.2.jar:/opt/apache-maven-3.5.3/localRepository/org/unitils/unitils-orm/3.4.2/unitils-orm-3.4.2.jar:/opt/apache-maven-3.5.3/localRepository/javax/persistence/persistence-api/1.0/persistence-api-1.0.jar:/opt/apache-maven-3.5.3/localRepository/org/unitils/unitils-database/3.4.2/unitils-database-3.4.2.jar:/opt/apache-maven-3.5.3/localRepository/org/unitils/unitils-dbmaintainer/3.4.2/unitils-dbmaintainer-3.4.2.jar:/opt/apache-maven-3.5.3/localRepository/org/hibernate/hibernate/3.2.5.ga/hibernate-3.2.5.ga.jar:/opt/apache-maven-3.5.3/localRepository/net/sf/ehcache/ehcache/1.2.3/ehcache-1.2.3.jar:/opt/apache-maven-3.5.3/localRepository/asm/asm-attrs/1.5.3/asm-attrs-1.5.3.jar:/opt/apache-maven-3.5.3/localRepository/cglib/cglib/2.1_3/cglib-2.1_3.jar:/opt/apache-maven-3.5.3/localRepository/asm/asm/1.5.3/asm-1.5.3.jar:/opt/apache-maven-3.5.3/localRepository/org/slf4j/slf4j-nop/1.6.4/slf4j-nop-1.6.4.jar:/opt/apache-maven-3.5.3/localRepository/org/unitils/unitils-dbunit/3.4.2/unitils-dbunit-3.4.2.jar:/opt/apache-maven-3.5.3/localRepository/xmlunit/xmlunit/1.2/xmlunit-1.2.jar:/opt/apache-maven-3.5.3/localRepository/org/aspectj/aspectjrt/1.8.1/aspectjrt-1.8.1.jar:/opt/apache-maven-3.5.3/localRepository/org/aspectj/aspectjweaver/1.8.1/aspectjweaver-1.8.1.jar:/opt/apache-maven-3.5.3/localRepository/aopalliance/aopalliance/1.0/aopalliance-1.0.jar:/opt/apache-maven-3.5.3/localRepository/org/apache/poi/poi/3.9/poi-3.9.jar:/opt/apache-maven-3.5.3/localRepository/commons-codec/commons-codec/1.5/commons-codec-1.5.jar:/opt/apache-maven-3.5.3/localRepository/javassist/javassist/3.6.0.GA/javassist-3.6.0.GA.jar:/opt/apache-maven-3.5.3/localRepository/org/seleniumhq/selenium/selenium-chrome-driver/2.41.0/selenium-chrome-driver-2.41.0.jar:/opt/apache-maven-3.5.3/localRepository/org/seleniumhq/selenium/selenium-remote-driver/2.41.0/selenium-remote-driver-2.41.0.jar:/opt/apache-maven-3.5.3/localRepository/cglib/cglib-nodep/2.1_3/cglib-nodep-2.1_3.jar:/opt/apache-maven-3.5.3/localRepository/net/java/dev/jna/jna/3.4.0/jna-3.4.0.jar:/opt/apache-maven-3.5.3/localRepository/net/java/dev/jna/platform/3.4.0/platform-3.4.0.jar:/opt/apache-maven-3.5.3/localRepository/org/seleniumhq/selenium/selenium-firefox-driver/2.41.0/selenium-firefox-driver-2.41.0.jar:/opt/apache-maven-3.5.3/localRepository/org/apache/commons/commons-exec/1.1/commons-exec-1.1.jar:/opt/apache-maven-3.5.3/localRepository/com/opera/operadriver/0.8.1/operadriver-0.8.1.jar:/opt/apache-maven-3.5.3/localRepository/com/opera/operalaunchers/0.3/operalaunchers-0.3.jar:/opt/apache-maven-3.5.3/localRepository/com/google/protobuf/protobuf-java/2.4.1/protobuf-java-2.4.1.jar:/opt/apache-maven-3.5.3/localRepository/com/google/guava/guava/10.0.1/guava-10.0.1.jar:/opt/apache-maven-3.5.3/localRepository/com/google/code/findbugs/jsr305/1.3.9/jsr305-1.3.9.jar:/opt/apache-maven-3.5.3/localRepository/commons-jxpath/commons-jxpath/1.3/commons-jxpath-1.3.jar:/opt/apache-maven-3.5.3/localRepository/org/dbunit/dbunit/2.5.1/dbunit-2.5.1.jar:/opt/apache-maven-3.5.3/localRepository/org/apache/poi/poi-ooxml/3.11/poi-ooxml-3.11.jar:/opt/apache-maven-3.5.3/localRepository/org/apache/poi/poi-ooxml-schemas/3.11/poi-ooxml-schemas-3.11.jar:/opt/apache-maven-3.5.3/localRepository/org/apache/xmlbeans/xmlbeans/2.6.0/xmlbeans-2.6.0.jar:/opt/apache-maven-3.5.3/localRepository/stax/stax-api/1.0.1/stax-api-1.0.1.jar:/opt/apache-maven-3.5.3/localRepository/org/seleniumhq/selenium/selenium-api/2.41.0/selenium-api-2.41.0.jar:/opt/apache-maven-3.5.3/localRepository/org/json/json/20080701/json-20080701.jar:/opt/apache-maven-3.5.3/localRepository/org/seleniumhq/selenium/selenium-htmlunit-driver/2.41.0/selenium-htmlunit-driver-2.41.0.jar:/opt/apache-maven-3.5.3/localRepository/net/sourceforge/htmlunit/htmlunit/2.13/htmlunit-2.13.jar:/opt/apache-maven-3.5.3/localRepository/xalan/xalan/2.7.1/xalan-2.7.1.jar:/opt/apache-maven-3.5.3/localRepository/xalan/serializer/2.7.1/serializer-2.7.1.jar:/opt/apache-maven-3.5.3/localRepository/org/apache/commons/commons-lang3/3.1/commons-lang3-3.1.jar:/opt/apache-maven-3.5.3/localRepository/org/apache/httpcomponents/httpmime/4.3.1/httpmime-4.3.1.jar:/opt/apache-maven-3.5.3/localRepository/net/sourceforge/htmlunit/htmlunit-core-js/2.13/htmlunit-core-js-2.13.jar:/opt/apache-maven-3.5.3/localRepository/xerces/xercesImpl/2.11.0/xercesImpl-2.11.0.jar:/opt/apache-maven-3.5.3/localRepository/net/sourceforge/nekohtml/nekohtml/1.9.19/nekohtml-1.9.19.jar:/opt/apache-maven-3.5.3/localRepository/net/sourceforge/cssparser/cssparser/0.9.11/cssparser-0.9.11.jar:/opt/apache-maven-3.5.3/localRepository/org/w3c/css/sac/1.3/sac-1.3.jar:/opt/apache-maven-3.5.3/localRepository/org/eclipse/jetty/jetty-websocket/8.1.12.v20130726/jetty-websocket-8.1.12.v20130726.jar:/opt/apache-maven-3.5.3/localRepository/org/eclipse/jetty/jetty-util/8.1.12.v20130726/jetty-util-8.1.12.v20130726.jar:/opt/apache-maven-3.5.3/localRepository/org/eclipse/jetty/jetty-io/8.1.12.v20130726/jetty-io-8.1.12.v20130726.jar:/opt/apache-maven-3.5.3/localRepository/org/eclipse/jetty/jetty-http/8.1.12.v20130726/jetty-http-8.1.12.v20130726.jar:/opt/apache-maven-3.5.3/localRepository/org/apache/httpcomponents/httpclient/4.3.1/httpclient-4.3.1.jar:/opt/apache-maven-3.5.3/localRepository/org/apache/httpcomponents/httpcore/4.3/httpcore-4.3.jar:/opt/apache-maven-3.5.3/localRepository/org/hamcrest/hamcrest-all/1.3/hamcrest-all-1.3.jar:, java.specification.name=Java Platform API Specification, java.class.version=52.0, sun.management.compiler=HotSpot 64-Bit Tiered Compilers, maven.repo.local=/opt/apache-maven-3.5.3/localRepository, os.version=4.13.0-42-generic, user.home=/home/watermelon, user.timezone=Asia/Shanghai, java.awt.printerjob=sun.print.PSPrinterJob, java.specification.version=1.8, file.encoding=UTF-8, user.name=watermelon, java.class.path=/home/watermelon/JavaWebDemo/ThisIsUsCommunity/target/test-classes:/home/watermelon/JavaWebDemo/ThisIsUsCommunity/target/classes:/opt/apache-maven-3.5.3/localRepository/org/springframework/spring-orm/4.2.2.RELEASE/spring-orm-4.2.2.RELEASE.jar:/opt/apache-maven-3.5.3/localRepository/org/springframework/spring-core/4.2.2.RELEASE/spring-core-4.2.2.RELEASE.jar:/opt/apache-maven-3.5.3/localRepository/org/springframework/spring-tx/4.2.2.RELEASE/spring-tx-4.2.2.RELEASE.jar:/opt/apache-maven-3.5.3/localRepository/org/springframework/spring-test/4.2.2.RELEASE/spring-test-4.2.2.RELEASE.jar:/opt/apache-maven-3.5.3/localRepository/org/springframework/spring-webmvc/4.2.2.RELEASE/spring-webmvc-4.2.2.RELEASE.jar:/opt/apache-maven-3.5.3/localRepository/org/springframework/spring-expression/4.2.2.RELEASE/spring-expression-4.2.2.RELEASE.jar:/opt/apache-maven-3.5.3/localRepository/org/springframework/spring-web/4.2.2.RELEASE/spring-web-4.2.2.RELEASE.jar:/opt/apache-maven-3.5.3/localRepository/org/springframework/spring-context/4.2.2.RELEASE/spring-context-4.2.2.RELEASE.jar:/opt/apache-maven-3.5.3/localRepository/org/springframework/spring-aop/4.2.2.RELEASE/spring-aop-4.2.2.RELEASE.jar:/opt/apache-maven-3.5.3/localRepository/org/springframework/spring-context-support/4.2.2.RELEASE/spring-context-support-4.2.2.RELEASE.jar:/opt/apache-maven-3.5.3/localRepository/org/springframework/spring-beans/4.2.2.RELEASE/spring-beans-4.2.2.RELEASE.jar:/opt/apache-maven-3.5.3/localRepository/org/springframework/spring-jdbc/4.2.2.RELEASE/spring-jdbc-4.2.2.RELEASE.jar:/opt/apache-maven-3.5.3/localRepository/xml-apis/xml-apis/1.4.01/xml-apis-1.4.01.jar:/opt/apache-maven-3.5.3/localRepository/commons-lang/commons-lang/2.2/commons-lang-2.2.jar:/opt/apache-maven-3.5.3/localRepository/commons-fileupload/commons-fileupload/1.3.1/commons-fileupload-1.3.1.jar:/opt/apache-maven-3.5.3/localRepository/commons-io/commons-io/2.2/commons-io-2.2.jar:/opt/apache-maven-3.5.3/localRepository/commons-dbcp/commons-dbcp/1.4/commons-dbcp-1.4.jar:/opt/apache-maven-3.5.3/localRepository/commons-pool/commons-pool/1.5.4/commons-pool-1.5.4.jar:/opt/apache-maven-3.5.3/localRepository/org/hibernate/hibernate-core/4.2.0.Final/hibernate-core-4.2.0.Final.jar:/opt/apache-maven-3.5.3/localRepository/antlr/antlr/2.7.7/antlr-2.7.7.jar:/opt/apache-maven-3.5.3/localRepository/org/jboss/logging/jboss-logging/3.1.0.GA/jboss-logging-3.1.0.GA.jar:/opt/apache-maven-3.5.3/localRepository/org/jboss/spec/javax/transaction/jboss-transaction-api_1.1_spec/1.0.0.Final/jboss-transaction-api_1.1_spec-1.0.0.Final.jar:/opt/apache-maven-3.5.3/localRepository/dom4j/dom4j/1.6.1/dom4j-1.6.1.jar:/opt/apache-maven-3.5.3/localRepository/org/javassist/javassist/3.15.0-GA/javassist-3.15.0-GA.jar:/opt/apache-maven-3.5.3/localRepository/org/hibernate/common/hibernate-commons-annotations/4.0.1.Final/hibernate-commons-annotations-4.0.1.Final.jar:/opt/apache-maven-3.5.3/localRepository/org/hibernate/hibernate-ehcache/4.2.0.Final/hibernate-ehcache-4.2.0.Final.jar:/opt/apache-maven-3.5.3/localRepository/org/hibernate/javax/persistence/hibernate-jpa-2.0-api/1.0.1.Final/hibernate-jpa-2.0-api-1.0.1.Final.jar:/opt/apache-maven-3.5.3/localRepository/javax/servlet/servlet-api/3.0-alpha-1/servlet-api-3.0-alpha-1.jar:/opt/apache-maven-3.5.3/localRepository/javax/servlet/javax.servlet-api/3.1.0/javax.servlet-api-3.1.0.jar:/opt/apache-maven-3.5.3/localRepository/mysql/mysql-connector-java/5.1.29/mysql-connector-java-5.1.29.jar:/opt/apache-maven-3.5.3/localRepository/commons-beanutils/commons-beanutils/1.9.1/commons-beanutils-1.9.1.jar:/opt/apache-maven-3.5.3/localRepository/commons-logging/commons-logging/1.1.1/commons-logging-1.1.1.jar:/opt/apache-maven-3.5.3/localRepository/commons-collections/commons-collections/3.2.1/commons-collections-3.2.1.jar:/opt/apache-maven-3.5.3/localRepository/org/slf4j/slf4j-api/1.7.5/slf4j-api-1.7.5.jar:/opt/apache-maven-3.5.3/localRepository/org/slf4j/slf4j-log4j12/1.7.5/slf4j-log4j12-1.7.5.jar:/opt/apache-maven-3.5.3/localRepository/log4j/log4j/1.2.17/log4j-1.2.17.jar:/opt/apache-maven-3.5.3/localRepository/net/sf/ehcache/ehcache-core/2.4.3/ehcache-core-2.4.3.jar:/opt/apache-maven-3.5.3/localRepository/org/mockito/mockito-all/1.10.19/mockito-all-1.10.19.jar:/opt/apache-maven-3.5.3/localRepository/org/testng/testng/6.8.7/testng-6.8.7.jar:/opt/apache-maven-3.5.3/localRepository/junit/junit/4.10/junit-4.10.jar:/opt/apache-maven-3.5.3/localRepository/org/hamcrest/hamcrest-core/1.1/hamcrest-core-1.1.jar:/opt/apache-maven-3.5.3/localRepository/org/beanshell/bsh/2.0b4/bsh-2.0b4.jar:/opt/apache-maven-3.5.3/localRepository/com/beust/jcommander/1.27/jcommander-1.27.jar:/opt/apache-maven-3.5.3/localRepository/org/yaml/snakeyaml/1.12/snakeyaml-1.12.jar:/opt/apache-maven-3.5.3/localRepository/org/unitils/unitils-core/3.4.2/unitils-core-3.4.2.jar:/opt/apache-maven-3.5.3/localRepository/ognl/ognl/2.6.9/ognl-2.6.9.jar:/opt/apache-maven-3.5.3/localRepository/org/unitils/unitils-testng/3.4.2/unitils-testng-3.4.2.jar:/opt/apache-maven-3.5.3/localRepository/org/testng/testng/5.8/testng-5.8-jdk15.jar:/opt/apache-maven-3.5.3/localRepository/org/unitils/unitils-spring/3.4.2/unitils-spring-3.4.2.jar:/opt/apache-maven-3.5.3/localRepository/org/unitils/unitils-orm/3.4.2/unitils-orm-3.4.2.jar:/opt/apache-maven-3.5.3/localRepository/javax/persistence/persistence-api/1.0/persistence-api-1.0.jar:/opt/apache-maven-3.5.3/localRepository/org/unitils/unitils-database/3.4.2/unitils-database-3.4.2.jar:/opt/apache-maven-3.5.3/localRepository/org/unitils/unitils-dbmaintainer/3.4.2/unitils-dbmaintainer-3.4.2.jar:/opt/apache-maven-3.5.3/localRepository/org/hibernate/hibernate/3.2.5.ga/hibernate-3.2.5.ga.jar:/opt/apache-maven-3.5.3/localRepository/net/sf/ehcache/ehcache/1.2.3/ehcache-1.2.3.jar:/opt/apache-maven-3.5.3/localRepository/asm/asm-attrs/1.5.3/asm-attrs-1.5.3.jar:/opt/apache-maven-3.5.3/localRepository/cglib/cglib/2.1_3/cglib-2.1_3.jar:/opt/apache-maven-3.5.3/localRepository/asm/asm/1.5.3/asm-1.5.3.jar:/opt/apache-maven-3.5.3/localRepository/org/slf4j/slf4j-nop/1.6.4/slf4j-nop-1.6.4.jar:/opt/apache-maven-3.5.3/localRepository/org/unitils/unitils-dbunit/3.4.2/unitils-dbunit-3.4.2.jar:/opt/apache-maven-3.5.3/localRepository/xmlunit/xmlunit/1.2/xmlunit-1.2.jar:/opt/apache-maven-3.5.3/localRepository/org/aspectj/aspectjrt/1.8.1/aspectjrt-1.8.1.jar:/opt/apache-maven-3.5.3/localRepository/org/aspectj/aspectjweaver/1.8.1/aspectjweaver-1.8.1.jar:/opt/apache-maven-3.5.3/localRepository/aopalliance/aopalliance/1.0/aopalliance-1.0.jar:/opt/apache-maven-3.5.3/localRepository/org/apache/poi/poi/3.9/poi-3.9.jar:/opt/apache-maven-3.5.3/localRepository/commons-codec/commons-codec/1.5/commons-codec-1.5.jar:/opt/apache-maven-3.5.3/localRepository/javassist/javassist/3.6.0.GA/javassist-3.6.0.GA.jar:/opt/apache-maven-3.5.3/localRepository/org/seleniumhq/selenium/selenium-chrome-driver/2.41.0/selenium-chrome-driver-2.41.0.jar:/opt/apache-maven-3.5.3/localRepository/org/seleniumhq/selenium/selenium-remote-driver/2.41.0/selenium-remote-driver-2.41.0.jar:/opt/apache-maven-3.5.3/localRepository/cglib/cglib-nodep/2.1_3/cglib-nodep-2.1_3.jar:/opt/apache-maven-3.5.3/localRepository/net/java/dev/jna/jna/3.4.0/jna-3.4.0.jar:/opt/apache-maven-3.5.3/localRepository/net/java/dev/jna/platform/3.4.0/platform-3.4.0.jar:/opt/apache-maven-3.5.3/localRepository/org/seleniumhq/selenium/selenium-firefox-driver/2.41.0/selenium-firefox-driver-2.41.0.jar:/opt/apache-maven-3.5.3/localRepository/org/apache/commons/commons-exec/1.1/commons-exec-1.1.jar:/opt/apache-maven-3.5.3/localRepository/com/opera/operadriver/0.8.1/operadriver-0.8.1.jar:/opt/apache-maven-3.5.3/localRepository/com/opera/operalaunchers/0.3/operalaunchers-0.3.jar:/opt/apache-maven-3.5.3/localRepository/com/google/protobuf/protobuf-java/2.4.1/protobuf-java-2.4.1.jar:/opt/apache-maven-3.5.3/localRepository/com/google/guava/guava/10.0.1/guava-10.0.1.jar:/opt/apache-maven-3.5.3/localRepository/com/google/code/findbugs/jsr305/1.3.9/jsr305-1.3.9.jar:/opt/apache-maven-3.5.3/localRepository/commons-jxpath/commons-jxpath/1.3/commons-jxpath-1.3.jar:/opt/apache-maven-3.5.3/localRepository/org/dbunit/dbunit/2.5.1/dbunit-2.5.1.jar:/opt/apache-maven-3.5.3/localRepository/org/apache/poi/poi-ooxml/3.11/poi-ooxml-3.11.jar:/opt/apache-maven-3.5.3/localRepository/org/apache/poi/poi-ooxml-schemas/3.11/poi-ooxml-schemas-3.11.jar:/opt/apache-maven-3.5.3/localRepository/org/apache/xmlbeans/xmlbeans/2.6.0/xmlbeans-2.6.0.jar:/opt/apache-maven-3.5.3/localRepository/stax/stax-api/1.0.1/stax-api-1.0.1.jar:/opt/apache-maven-3.5.3/localRepository/org/seleniumhq/selenium/selenium-api/2.41.0/selenium-api-2.41.0.jar:/opt/apache-maven-3.5.3/localRepository/org/json/json/20080701/json-20080701.jar:/opt/apache-maven-3.5.3/localRepository/org/seleniumhq/selenium/selenium-htmlunit-driver/2.41.0/selenium-htmlunit-driver-2.41.0.jar:/opt/apache-maven-3.5.3/localRepository/net/sourceforge/htmlunit/htmlunit/2.13/htmlunit-2.13.jar:/opt/apache-maven-3.5.3/localRepository/xalan/xalan/2.7.1/xalan-2.7.1.jar:/opt/apache-maven-3.5.3/localRepository/xalan/serializer/2.7.1/serializer-2.7.1.jar:/opt/apache-maven-3.5.3/localRepository/org/apache/commons/commons-lang3/3.1/commons-lang3-3.1.jar:/opt/apache-maven-3.5.3/localRepository/org/apache/httpcomponents/httpmime/4.3.1/httpmime-4.3.1.jar:/opt/apache-maven-3.5.3/localRepository/net/sourceforge/htmlunit/htmlunit-core-js/2.13/htmlunit-core-js-2.13.jar:/opt/apache-maven-3.5.3/localRepository/xerces/xercesImpl/2.11.0/xercesImpl-2.11.0.jar:/opt/apache-maven-3.5.3/localRepository/net/sourceforge/nekohtml/nekohtml/1.9.19/nekohtml-1.9.19.jar:/opt/apache-maven-3.5.3/localRepository/net/sourceforge/cssparser/cssparser/0.9.11/cssparser-0.9.11.jar:/opt/apache-maven-3.5.3/localRepository/org/w3c/css/sac/1.3/sac-1.3.jar:/opt/apache-maven-3.5.3/localRepository/org/eclipse/jetty/jetty-websocket/8.1.12.v20130726/jetty-websocket-8.1.12.v20130726.jar:/opt/apache-maven-3.5.3/localRepository/org/eclipse/jetty/jetty-util/8.1.12.v20130726/jetty-util-8.1.12.v20130726.jar:/opt/apache-maven-3.5.3/localRepository/org/eclipse/jetty/jetty-io/8.1.12.v20130726/jetty-io-8.1.12.v20130726.jar:/opt/apache-maven-3.5.3/localRepository/org/eclipse/jetty/jetty-http/8.1.12.v20130726/jetty-http-8.1.12.v20130726.jar:/opt/apache-maven-3.5.3/localRepository/org/apache/httpcomponents/httpclient/4.3.1/httpclient-4.3.1.jar:/opt/apache-maven-3.5.3/localRepository/org/apache/httpcomponents/httpcore/4.3/httpcore-4.3.jar:/opt/apache-maven-3.5.3/localRepository/org/hamcrest/hamcrest-all/1.3/hamcrest-all-1.3.jar:, hibernate.bytecode.use_reflection_optimizer=false, hibernate.show_sql=true, hibernate.classLoader.application=sun.misc.Launcher$AppClassLoader@7f31245a, java.vm.specification.version=1.8, sun.arch.data.model=64, java.home=/usr/lib/jvm/java-8-openjdk-amd64/jre, sun.java.command=/home/watermelon/JavaWebDemo/ThisIsUsCommunity/target/surefire/surefirebooter863453066521704592.jar /home/watermelon/JavaWebDemo/ThisIsUsCommunity/target/surefire/surefire7887623990846418768tmp /home/watermelon/JavaWebDemo/ThisIsUsCommunity/target/surefire/surefire6671685730090316058tmp, hibernate.dialect=org.hibernate.dialect.MySQLDialect, java.specification.vendor=Oracle Corporation, user.language=zh, awt.toolkit=sun.awt.X11.XToolkit, java.vm.info=mixed mode, java.version=1.8.0_171, java.ext.dirs=/usr/lib/jvm/java-8-openjdk-amd64/jre/lib/ext:/usr/java/packages/lib/ext, sun.boot.class.path=/usr/lib/jvm/java-8-openjdk-amd64/jre/lib/resources.jar:/usr/lib/jvm/java-8-openjdk-amd64/jre/lib/rt.jar:/usr/lib/jvm/java-8-openjdk-amd64/jre/lib/sunrsasign.jar:/usr/lib/jvm/java-8-openjdk-amd64/jre/lib/jsse.jar:/usr/lib/jvm/java-8-openjdk-amd64/jre/lib/jce.jar:/usr/lib/jvm/java-8-openjdk-amd64/jre/lib/charsets.jar:/usr/lib/jvm/java-8-openjdk-amd64/jre/lib/jfr.jar:/usr/lib/jvm/java-8-openjdk-amd64/jre/classes, java.vendor=Oracle Corporation, localRepository=/opt/apache-maven-3.5.3/localRepository, file.separator=/, hibernate.cache.region.factory_class=org.hibernate.cache.ehcache.EhCacheRegionFactory, java.vendor.url.bug=http://bugreport.sun.com/bugreport/, sun.cpu.endian=little, sun.io.unicode.encoding=UnicodeLittle, sun.desktop=gnome, sun.cpu.isalist=}
2018-05-21 11:24:04,616 DEBUG (org.hibernate.id.factory.internal.DefaultIdentifierGeneratorFactory:107) - Setting dialect [org.hibernate.dialect.MySQLDialect]
2018-05-21 11:24:04,616 DEBUG (org.hibernate.id.factory.internal.DefaultIdentifierGeneratorFactory:107) - Setting dialect [org.hibernate.dialect.MySQLDialect]
2018-05-21 11:24:04,617 DEBUG (org.hibernate.id.factory.internal.DefaultIdentifierGeneratorFactory:107) - Setting dialect [org.hibernate.dialect.MySQLDialect]
2018-05-21 11:24:04,617 DEBUG (org.hibernate.id.factory.internal.DefaultIdentifierGeneratorFactory:107) - Setting dialect [org.hibernate.dialect.MySQLDialect]
2018-05-21 11:24:04,617 DEBUG (org.hibernate.id.factory.internal.DefaultIdentifierGeneratorFactory:107) - Setting dialect [org.hibernate.dialect.MySQLDialect]
2018-05-21 11:24:04,621  WARN (org.hibernate.cache.ehcache.AbstractEhcacheRegionFactory:180) - HHH020003: Could not find a specific ehcache configuration for cache named [com.domain.Topic]; using defaults.
2018-05-21 11:24:04,622 DEBUG (net.sf.ehcache.Cache:1183) - Initialised cache: com.domain.Topic
2018-05-21 11:24:04,622 DEBUG (net.sf.ehcache.config.ConfigurationHelper:360) - CacheDecoratorFactory not configured for defaultCache. Skipping for &apos;com.domain.Topic&apos;.
2018-05-21 11:24:04,622 DEBUG (org.hibernate.cache.ehcache.AbstractEhcacheRegionFactory:183) - started EHCache region: com.domain.Topic
2018-05-21 11:24:04,738 DEBUG (org.hibernate.persister.entity.AbstractEntityPersister:3582) - Static SQL for entity: com.domain.Topic
2018-05-21 11:24:04,739 DEBUG (org.hibernate.persister.entity.AbstractEntityPersister:3587) -  Version select: select topic_id from t_topic where topic_id =?
2018-05-21 11:24:04,739 DEBUG (org.hibernate.persister.entity.AbstractEntityPersister:3590) -  Snapshot select: select topic_.topic_id, topic_.board_id as board2_4_, topic_.create_time as create3_4_, topic_.digset as digset4_4_, topic_.last_post as last5_4_, topic_.topic_replies as topic6_4_, topic_.topic_title as topic7_4_, topic_.user_id as user9_4_, topic_.topic_views as topic8_4_ from t_topic topic_ where topic_.topic_id=?
2018-05-21 11:24:04,739 DEBUG (org.hibernate.persister.entity.AbstractEntityPersister:3593) -  Insert 0: insert into t_topic (board_id, create_time, digset, last_post, topic_replies, topic_title, user_id, topic_views, topic_id) values (?, ?, ?, ?, ?, ?, ?, ?, ?)
2018-05-21 11:24:04,739 DEBUG (org.hibernate.persister.entity.AbstractEntityPersister:3594) -  Update 0: update t_topic set board_id=?, create_time=?, digset=?, last_post=?, topic_replies=?, topic_title=?, user_id=?, topic_views=? where topic_id=?
2018-05-21 11:24:04,739 DEBUG (org.hibernate.persister.entity.AbstractEntityPersister:3595) -  Delete 0: delete from t_topic where topic_id=?
2018-05-21 11:24:04,739 DEBUG (org.hibernate.persister.entity.AbstractEntityPersister:3598) -  Identity insert: insert into t_topic (board_id, create_time, digset, last_post, topic_replies, topic_title, user_id, topic_views) values (?, ?, ?, ?, ?, ?, ?, ?)
2018-05-21 11:24:04,740  WARN (org.hibernate.cache.ehcache.AbstractEhcacheRegionFactory:180) - HHH020003: Could not find a specific ehcache configuration for cache named [com.domain.Post]; using defaults.
2018-05-21 11:24:04,740 DEBUG (net.sf.ehcache.Cache:1183) - Initialised cache: com.domain.Post
2018-05-21 11:24:04,740 DEBUG (net.sf.ehcache.config.ConfigurationHelper:360) - CacheDecoratorFactory not configured for defaultCache. Skipping for &apos;com.domain.Post&apos;.
2018-05-21 11:24:04,740 DEBUG (org.hibernate.cache.ehcache.AbstractEhcacheRegionFactory:183) - started EHCache region: com.domain.Post
2018-05-21 11:24:04,745 DEBUG (org.hibernate.persister.entity.AbstractEntityPersister:3582) - Static SQL for entity: com.domain.MainPost
2018-05-21 11:24:04,745 DEBUG (org.hibernate.persister.entity.AbstractEntityPersister:3587) -  Version select: select post_id from t_post where post_id =?
2018-05-21 11:24:04,745 DEBUG (org.hibernate.persister.entity.AbstractEntityPersister:3590) -  Snapshot select: select mainpost_.post_id, mainpost_.create_time as create3_3_, mainpost_.post_text as post4_3_, mainpost_.post_title as post5_3_, mainpost_.topic_id as topic6_3_, mainpost_.user_id as user7_3_ from t_post mainpost_ where mainpost_.post_id=?
2018-05-21 11:24:04,746 DEBUG (org.hibernate.persister.entity.AbstractEntityPersister:3593) -  Insert 0: insert into t_post (create_time, post_text, post_title, topic_id, user_id, post_type, post_id) values (?, ?, ?, ?, ?, &apos;2&apos;, ?)
2018-05-21 11:24:04,746 DEBUG (org.hibernate.persister.entity.AbstractEntityPersister:3594) -  Update 0: update t_post set create_time=?, post_text=?, post_title=?, topic_id=?, user_id=? where post_id=?
2018-05-21 11:24:04,746 DEBUG (org.hibernate.persister.entity.AbstractEntityPersister:3595) -  Delete 0: delete from t_post where post_id=?
2018-05-21 11:24:04,746 DEBUG (org.hibernate.persister.entity.AbstractEntityPersister:3598) -  Identity insert: insert into t_post (create_time, post_text, post_title, topic_id, user_id, post_type) values (?, ?, ?, ?, ?, &apos;2&apos;)
2018-05-21 11:24:04,746  WARN (org.hibernate.cache.ehcache.AbstractEhcacheRegionFactory:180) - HHH020003: Could not find a specific ehcache configuration for cache named [com.domain.LoginLog]; using defaults.
2018-05-21 11:24:04,747 DEBUG (net.sf.ehcache.Cache:1183) - Initialised cache: com.domain.LoginLog
2018-05-21 11:24:04,747 DEBUG (net.sf.ehcache.config.ConfigurationHelper:360) - CacheDecoratorFactory not configured for defaultCache. Skipping for &apos;com.domain.LoginLog&apos;.
2018-05-21 11:24:04,747 DEBUG (org.hibernate.cache.ehcache.AbstractEhcacheRegionFactory:183) - started EHCache region: com.domain.LoginLog
2018-05-21 11:24:04,751 DEBUG (org.hibernate.persister.entity.AbstractEntityPersister:3582) - Static SQL for entity: com.domain.LoginLog
2018-05-21 11:24:04,751 DEBUG (org.hibernate.persister.entity.AbstractEntityPersister:3587) -  Version select: select login_log_id from t_login_log where login_log_id =?
2018-05-21 11:24:04,751 DEBUG (org.hibernate.persister.entity.AbstractEntityPersister:3590) -  Snapshot select: select loginlog_.login_log_id, loginlog_.ip as ip2_2_, loginlog_.login_datetime as login3_2_, loginlog_.user_id as user4_2_ from t_login_log loginlog_ where loginlog_.login_log_id=?
2018-05-21 11:24:04,751 DEBUG (org.hibernate.persister.entity.AbstractEntityPersister:3593) -  Insert 0: insert into t_login_log (ip, login_datetime, user_id, login_log_id) values (?, ?, ?, ?)
2018-05-21 11:24:04,751 DEBUG (org.hibernate.persister.entity.AbstractEntityPersister:3594) -  Update 0: update t_login_log set ip=?, login_datetime=?, user_id=? where login_log_id=?
2018-05-21 11:24:04,752 DEBUG (org.hibernate.persister.entity.AbstractEntityPersister:3595) -  Delete 0: delete from t_login_log where login_log_id=?
2018-05-21 11:24:04,752 DEBUG (org.hibernate.persister.entity.AbstractEntityPersister:3598) -  Identity insert: insert into t_login_log (ip, login_datetime, user_id) values (?, ?, ?)
2018-05-21 11:24:04,756 DEBUG (org.hibernate.persister.entity.AbstractEntityPersister:3582) - Static SQL for entity: com.domain.Post
2018-05-21 11:24:04,756 DEBUG (org.hibernate.persister.entity.AbstractEntityPersister:3587) -  Version select: select post_id from t_post where post_id =?
2018-05-21 11:24:04,756 DEBUG (org.hibernate.persister.entity.AbstractEntityPersister:3590) -  Snapshot select: select post_.post_id, post_.create_time as create3_3_, post_.post_text as post4_3_, post_.post_title as post5_3_, post_.topic_id as topic6_3_, post_.user_id as user7_3_ from t_post post_ where post_.post_id=?
2018-05-21 11:24:04,756 DEBUG (org.hibernate.persister.entity.AbstractEntityPersister:3593) -  Insert 0: insert into t_post (create_time, post_text, post_title, topic_id, user_id, post_type, post_id) values (?, ?, ?, ?, ?, &apos;1&apos;, ?)
2018-05-21 11:24:04,757 DEBUG (org.hibernate.persister.entity.AbstractEntityPersister:3594) -  Update 0: update t_post set create_time=?, post_text=?, post_title=?, topic_id=?, user_id=? where post_id=?
2018-05-21 11:24:04,757 DEBUG (org.hibernate.persister.entity.AbstractEntityPersister:3595) -  Delete 0: delete from t_post where post_id=?
2018-05-21 11:24:04,757 DEBUG (org.hibernate.persister.entity.AbstractEntityPersister:3598) -  Identity insert: insert into t_post (create_time, post_text, post_title, topic_id, user_id, post_type) values (?, ?, ?, ?, ?, &apos;1&apos;)
2018-05-21 11:24:04,760  WARN (org.hibernate.cache.ehcache.AbstractEhcacheRegionFactory:180) - HHH020003: Could not find a specific ehcache configuration for cache named [com.domain.User]; using defaults.
2018-05-21 11:24:04,761 DEBUG (net.sf.ehcache.Cache:1183) - Initialised cache: com.domain.User
2018-05-21 11:24:04,761 DEBUG (net.sf.ehcache.config.ConfigurationHelper:360) - CacheDecoratorFactory not configured for defaultCache. Skipping for &apos;com.domain.User&apos;.
2018-05-21 11:24:04,761 DEBUG (org.hibernate.cache.ehcache.AbstractEhcacheRegionFactory:183) - started EHCache region: com.domain.User
2018-05-21 11:24:04,768 DEBUG (org.hibernate.persister.entity.AbstractEntityPersister:3582) - Static SQL for entity: com.domain.User
2018-05-21 11:24:04,768 DEBUG (org.hibernate.persister.entity.AbstractEntityPersister:3587) -  Version select: select user_id from t_user where user_id =?
2018-05-21 11:24:04,768 DEBUG (org.hibernate.persister.entity.AbstractEntityPersister:3590) -  Snapshot select: select user_.user_id, user_.credit as credit2_5_, user_.last_ip as last3_5_, user_.last_visit as last4_5_, user_.locked as locked5_5_, user_.password as password6_5_, user_.user_name as user7_5_, user_.user_type as user8_5_ from t_user user_ where user_.user_id=?
2018-05-21 11:24:04,768 DEBUG (org.hibernate.persister.entity.AbstractEntityPersister:3593) -  Insert 0: insert into t_user (credit, last_ip, last_visit, locked, password, user_name, user_type, user_id) values (?, ?, ?, ?, ?, ?, ?, ?)
2018-05-21 11:24:04,769 DEBUG (org.hibernate.persister.entity.AbstractEntityPersister:3594) -  Update 0: update t_user set credit=?, last_ip=?, last_visit=?, locked=?, password=?, user_name=?, user_type=? where user_id=?
2018-05-21 11:24:04,769 DEBUG (org.hibernate.persister.entity.AbstractEntityPersister:3595) -  Delete 0: delete from t_user where user_id=?
2018-05-21 11:24:04,769 DEBUG (org.hibernate.persister.entity.AbstractEntityPersister:3598) -  Identity insert: insert into t_user (credit, last_ip, last_visit, locked, password, user_name, user_type) values (?, ?, ?, ?, ?, ?, ?)
2018-05-21 11:24:04,769  WARN (org.hibernate.cache.ehcache.AbstractEhcacheRegionFactory:180) - HHH020003: Could not find a specific ehcache configuration for cache named [com.domain.Board]; using defaults.
2018-05-21 11:24:04,770 DEBUG (net.sf.ehcache.Cache:1183) - Initialised cache: com.domain.Board
2018-05-21 11:24:04,770 DEBUG (net.sf.ehcache.config.ConfigurationHelper:360) - CacheDecoratorFactory not configured for defaultCache. Skipping for &apos;com.domain.Board&apos;.
2018-05-21 11:24:04,770 DEBUG (org.hibernate.cache.ehcache.AbstractEhcacheRegionFactory:183) - started EHCache region: com.domain.Board
2018-05-21 11:24:04,773 DEBUG (org.hibernate.persister.entity.AbstractEntityPersister:3582) - Static SQL for entity: com.domain.Board
2018-05-21 11:24:04,773 DEBUG (org.hibernate.persister.entity.AbstractEntityPersister:3587) -  Version select: select board_id from t_board where board_id =?
2018-05-21 11:24:04,773 DEBUG (org.hibernate.persister.entity.AbstractEntityPersister:3590) -  Snapshot select: select board_.board_id, board_.board_desc as board2_0_, board_.board_name as board3_0_, board_.topic_num as topic4_0_ from t_board board_ where board_.board_id=?
2018-05-21 11:24:04,774 DEBUG (org.hibernate.persister.entity.AbstractEntityPersister:3593) -  Insert 0: insert into t_board (board_desc, board_name, topic_num, board_id) values (?, ?, ?, ?)
2018-05-21 11:24:04,774 DEBUG (org.hibernate.persister.entity.AbstractEntityPersister:3594) -  Update 0: update t_board set board_desc=?, board_name=?, topic_num=? where board_id=?
2018-05-21 11:24:04,774 DEBUG (org.hibernate.persister.entity.AbstractEntityPersister:3595) -  Delete 0: delete from t_board where board_id=?
2018-05-21 11:24:04,774 DEBUG (org.hibernate.persister.entity.AbstractEntityPersister:3598) -  Identity insert: insert into t_board (board_desc, board_name, topic_num) values (?, ?, ?)
2018-05-21 11:24:04,803 DEBUG (org.hibernate.persister.collection.AbstractCollectionPersister:665) - Static SQL for collection: com.domain.User.manBoards
2018-05-21 11:24:04,804 DEBUG (org.hibernate.persister.collection.AbstractCollectionPersister:666) -  Row insert: insert into t_board_manager (user_id, board_id) values (?, ?)
2018-05-21 11:24:04,804 DEBUG (org.hibernate.persister.collection.AbstractCollectionPersister:667) -  Row update: update t_board_manager set board_id=? where user_id=? and board_id=?
2018-05-21 11:24:04,804 DEBUG (org.hibernate.persister.collection.AbstractCollectionPersister:668) -  Row delete: delete from t_board_manager where user_id=? and board_id=?
2018-05-21 11:24:04,804 DEBUG (org.hibernate.persister.collection.AbstractCollectionPersister:669) -  One-shot delete: delete from t_board_manager where user_id=?
2018-05-21 11:24:04,805 DEBUG (org.hibernate.persister.collection.AbstractCollectionPersister:665) - Static SQL for collection: com.domain.Board.users
2018-05-21 11:24:04,805 DEBUG (org.hibernate.persister.collection.AbstractCollectionPersister:666) -  Row insert: insert into t_board_manager (board_id, user_id) values (?, ?)
2018-05-21 11:24:04,805 DEBUG (org.hibernate.persister.collection.AbstractCollectionPersister:667) -  Row update: update t_board_manager set user_id=? where board_id=? and user_id=?
2018-05-21 11:24:04,805 DEBUG (org.hibernate.persister.collection.AbstractCollectionPersister:668) -  Row delete: delete from t_board_manager where board_id=? and user_id=?
2018-05-21 11:24:04,806 DEBUG (org.hibernate.persister.collection.AbstractCollectionPersister:669) -  One-shot delete: delete from t_board_manager where board_id=?
2018-05-21 11:24:04,838 DEBUG (org.hibernate.loader.Loader:123) - Static select for entity com.domain.Topic [NONE]: select topic0_.topic_id as topic1_4_2_, topic0_.board_id as board2_4_2_, topic0_.create_time as create3_4_2_, topic0_.digset as digset4_4_2_, topic0_.last_post as last5_4_2_, topic0_.topic_replies as topic6_4_2_, topic0_.topic_title as topic7_4_2_, topic0_.user_id as user9_4_2_, topic0_.topic_views as topic8_4_2_, user1_.user_id as user1_5_0_, user1_.credit as credit2_5_0_, user1_.last_ip as last3_5_0_, user1_.last_visit as last4_5_0_, user1_.locked as locked5_5_0_, user1_.password as password6_5_0_, user1_.user_name as user7_5_0_, user1_.user_type as user8_5_0_, manboards2_.user_id as user1_5_4_, board3_.board_id as board2_1_4_, board3_.board_id as board1_0_1_, board3_.board_desc as board2_0_1_, board3_.board_name as board3_0_1_, board3_.topic_num as topic4_0_1_ from t_topic topic0_ left outer join t_user user1_ on topic0_.user_id=user1_.user_id left outer join t_board_manager manboards2_ on user1_.user_id=manboards2_.user_id left outer join t_board board3_ on manboards2_.board_id=board3_.board_id where topic0_.topic_id=?
2018-05-21 11:24:04,839 DEBUG (org.hibernate.loader.Loader:123) - Static select for entity com.domain.Topic [READ]: select topic0_.topic_id as topic1_4_2_, topic0_.board_id as board2_4_2_, topic0_.create_time as create3_4_2_, topic0_.digset as digset4_4_2_, topic0_.last_post as last5_4_2_, topic0_.topic_replies as topic6_4_2_, topic0_.topic_title as topic7_4_2_, topic0_.user_id as user9_4_2_, topic0_.topic_views as topic8_4_2_, user1_.user_id as user1_5_0_, user1_.credit as credit2_5_0_, user1_.last_ip as last3_5_0_, user1_.last_visit as last4_5_0_, user1_.locked as locked5_5_0_, user1_.password as password6_5_0_, user1_.user_name as user7_5_0_, user1_.user_type as user8_5_0_, manboards2_.user_id as user1_5_4_, board3_.board_id as board2_1_4_, board3_.board_id as board1_0_1_, board3_.board_desc as board2_0_1_, board3_.board_name as board3_0_1_, board3_.topic_num as topic4_0_1_ from t_topic topic0_ left outer join t_user user1_ on topic0_.user_id=user1_.user_id left outer join t_board_manager manboards2_ on user1_.user_id=manboards2_.user_id left outer join t_board board3_ on manboards2_.board_id=board3_.board_id where topic0_.topic_id=?
2018-05-21 11:24:04,839 DEBUG (org.hibernate.loader.Loader:123) - Static select for entity com.domain.Topic [UPGRADE]: select topic0_.topic_id as topic1_4_0_, topic0_.board_id as board2_4_0_, topic0_.create_time as create3_4_0_, topic0_.digset as digset4_4_0_, topic0_.last_post as last5_4_0_, topic0_.topic_replies as topic6_4_0_, topic0_.topic_title as topic7_4_0_, topic0_.user_id as user9_4_0_, topic0_.topic_views as topic8_4_0_ from t_topic topic0_ where topic0_.topic_id=? for update
2018-05-21 11:24:04,840 DEBUG (org.hibernate.loader.Loader:123) - Static select for entity com.domain.Topic [UPGRADE_NOWAIT]: select topic0_.topic_id as topic1_4_0_, topic0_.board_id as board2_4_0_, topic0_.create_time as create3_4_0_, topic0_.digset as digset4_4_0_, topic0_.last_post as last5_4_0_, topic0_.topic_replies as topic6_4_0_, topic0_.topic_title as topic7_4_0_, topic0_.user_id as user9_4_0_, topic0_.topic_views as topic8_4_0_ from t_topic topic0_ where topic0_.topic_id=? for update
2018-05-21 11:24:04,841 DEBUG (org.hibernate.loader.Loader:123) - Static select for entity com.domain.Topic [FORCE]: select topic0_.topic_id as topic1_4_0_, topic0_.board_id as board2_4_0_, topic0_.create_time as create3_4_0_, topic0_.digset as digset4_4_0_, topic0_.last_post as last5_4_0_, topic0_.topic_replies as topic6_4_0_, topic0_.topic_title as topic7_4_0_, topic0_.user_id as user9_4_0_, topic0_.topic_views as topic8_4_0_ from t_topic topic0_ where topic0_.topic_id=? for update
2018-05-21 11:24:04,842 DEBUG (org.hibernate.loader.Loader:123) - Static select for entity com.domain.Topic [PESSIMISTIC_READ]: select topic0_.topic_id as topic1_4_0_, topic0_.board_id as board2_4_0_, topic0_.create_time as create3_4_0_, topic0_.digset as digset4_4_0_, topic0_.last_post as last5_4_0_, topic0_.topic_replies as topic6_4_0_, topic0_.topic_title as topic7_4_0_, topic0_.user_id as user9_4_0_, topic0_.topic_views as topic8_4_0_ from t_topic topic0_ where topic0_.topic_id=? lock in share mode
2018-05-21 11:24:04,842 DEBUG (org.hibernate.loader.Loader:123) - Static select for entity com.domain.Topic [PESSIMISTIC_WRITE]: select topic0_.topic_id as topic1_4_0_, topic0_.board_id as board2_4_0_, topic0_.create_time as create3_4_0_, topic0_.digset as digset4_4_0_, topic0_.last_post as last5_4_0_, topic0_.topic_replies as topic6_4_0_, topic0_.topic_title as topic7_4_0_, topic0_.user_id as user9_4_0_, topic0_.topic_views as topic8_4_0_ from t_topic topic0_ where topic0_.topic_id=? for update
2018-05-21 11:24:04,843 DEBUG (org.hibernate.loader.Loader:123) - Static select for entity com.domain.Topic [PESSIMISTIC_FORCE_INCREMENT]: select topic0_.topic_id as topic1_4_0_, topic0_.board_id as board2_4_0_, topic0_.create_time as create3_4_0_, topic0_.digset as digset4_4_0_, topic0_.last_post as last5_4_0_, topic0_.topic_replies as topic6_4_0_, topic0_.topic_title as topic7_4_0_, topic0_.user_id as user9_4_0_, topic0_.topic_views as topic8_4_0_ from t_topic topic0_ where topic0_.topic_id=? for update
2018-05-21 11:24:04,843 DEBUG (org.hibernate.loader.Loader:123) - Static select for entity com.domain.Topic [OPTIMISTIC]: select topic0_.topic_id as topic1_4_0_, topic0_.board_id as board2_4_0_, topic0_.create_time as create3_4_0_, topic0_.digset as digset4_4_0_, topic0_.last_post as last5_4_0_, topic0_.topic_replies as topic6_4_0_, topic0_.topic_title as topic7_4_0_, topic0_.user_id as user9_4_0_, topic0_.topic_views as topic8_4_0_ from t_topic topic0_ where topic0_.topic_id=?
2018-05-21 11:24:04,845 DEBUG (org.hibernate.loader.Loader:123) - Static select for entity com.domain.Topic [OPTIMISTIC_FORCE_INCREMENT]: select topic0_.topic_id as topic1_4_0_, topic0_.board_id as board2_4_0_, topic0_.create_time as create3_4_0_, topic0_.digset as digset4_4_0_, topic0_.last_post as last5_4_0_, topic0_.topic_replies as topic6_4_0_, topic0_.topic_title as topic7_4_0_, topic0_.user_id as user9_4_0_, topic0_.topic_views as topic8_4_0_ from t_topic topic0_ where topic0_.topic_id=?
2018-05-21 11:24:04,850 DEBUG (org.hibernate.loader.Loader:56) - Static select for action ACTION_MERGE on entity com.domain.Topic: select topic0_.topic_id as topic1_4_0_, topic0_.board_id as board2_4_0_, topic0_.create_time as create3_4_0_, topic0_.digset as digset4_4_0_, topic0_.last_post as last5_4_0_, topic0_.topic_replies as topic6_4_0_, topic0_.topic_title as topic7_4_0_, topic0_.user_id as user9_4_0_, topic0_.topic_views as topic8_4_0_ from t_topic topic0_ where topic0_.topic_id=?
2018-05-21 11:24:04,851 DEBUG (org.hibernate.loader.Loader:56) - Static select for action ACTION_REFRESH on entity com.domain.Topic: select topic0_.topic_id as topic1_4_0_, topic0_.board_id as board2_4_0_, topic0_.create_time as create3_4_0_, topic0_.digset as digset4_4_0_, topic0_.last_post as last5_4_0_, topic0_.topic_replies as topic6_4_0_, topic0_.topic_title as topic7_4_0_, topic0_.user_id as user9_4_0_, topic0_.topic_views as topic8_4_0_ from t_topic topic0_ where topic0_.topic_id=?
2018-05-21 11:24:04,852 DEBUG (org.hibernate.loader.Loader:123) - Static select for entity com.domain.MainPost [NONE]: select mainpost0_.post_id as post2_3_4_, mainpost0_.create_time as create3_3_4_, mainpost0_.post_text as post4_3_4_, mainpost0_.post_title as post5_3_4_, mainpost0_.topic_id as topic6_3_4_, mainpost0_.user_id as user7_3_4_, topic1_.topic_id as topic1_4_0_, topic1_.board_id as board2_4_0_, topic1_.create_time as create3_4_0_, topic1_.digset as digset4_4_0_, topic1_.last_post as last5_4_0_, topic1_.topic_replies as topic6_4_0_, topic1_.topic_title as topic7_4_0_, topic1_.user_id as user9_4_0_, topic1_.topic_views as topic8_4_0_, user2_.user_id as user1_5_1_, user2_.credit as credit2_5_1_, user2_.last_ip as last3_5_1_, user2_.last_visit as last4_5_1_, user2_.locked as locked5_5_1_, user2_.password as password6_5_1_, user2_.user_name as user7_5_1_, user2_.user_type as user8_5_1_, user3_.user_id as user1_5_2_, user3_.credit as credit2_5_2_, user3_.last_ip as last3_5_2_, user3_.last_visit as last4_5_2_, user3_.locked as locked5_5_2_, user3_.password as password6_5_2_, user3_.user_name as user7_5_2_, user3_.user_type as user8_5_2_, manboards4_.user_id as user1_5_6_, board5_.board_id as board2_1_6_, board5_.board_id as board1_0_3_, board5_.board_desc as board2_0_3_, board5_.board_name as board3_0_3_, board5_.topic_num as topic4_0_3_ from t_post mainpost0_ left outer join t_topic topic1_ on mainpost0_.topic_id=topic1_.topic_id left outer join t_user user2_ on topic1_.user_id=user2_.user_id left outer join t_user user3_ on mainpost0_.user_id=user3_.user_id left outer join t_board_manager manboards4_ on user3_.user_id=manboards4_.user_id left outer join t_board board5_ on manboards4_.board_id=board5_.board_id where mainpost0_.post_id=? and mainpost0_.post_type=&apos;2&apos;
2018-05-21 11:24:04,853 DEBUG (org.hibernate.loader.Loader:123) - Static select for entity com.domain.MainPost [READ]: select mainpost0_.post_id as post2_3_4_, mainpost0_.create_time as create3_3_4_, mainpost0_.post_text as post4_3_4_, mainpost0_.post_title as post5_3_4_, mainpost0_.topic_id as topic6_3_4_, mainpost0_.user_id as user7_3_4_, topic1_.topic_id as topic1_4_0_, topic1_.board_id as board2_4_0_, topic1_.create_time as create3_4_0_, topic1_.digset as digset4_4_0_, topic1_.last_post as last5_4_0_, topic1_.topic_replies as topic6_4_0_, topic1_.topic_title as topic7_4_0_, topic1_.user_id as user9_4_0_, topic1_.topic_views as topic8_4_0_, user2_.user_id as user1_5_1_, user2_.credit as credit2_5_1_, user2_.last_ip as last3_5_1_, user2_.last_visit as last4_5_1_, user2_.locked as locked5_5_1_, user2_.password as password6_5_1_, user2_.user_name as user7_5_1_, user2_.user_type as user8_5_1_, user3_.user_id as user1_5_2_, user3_.credit as credit2_5_2_, user3_.last_ip as last3_5_2_, user3_.last_visit as last4_5_2_, user3_.locked as locked5_5_2_, user3_.password as password6_5_2_, user3_.user_name as user7_5_2_, user3_.user_type as user8_5_2_, manboards4_.user_id as user1_5_6_, board5_.board_id as board2_1_6_, board5_.board_id as board1_0_3_, board5_.board_desc as board2_0_3_, board5_.board_name as board3_0_3_, board5_.topic_num as topic4_0_3_ from t_post mainpost0_ left outer join t_topic topic1_ on mainpost0_.topic_id=topic1_.topic_id left outer join t_user user2_ on topic1_.user_id=user2_.user_id left outer join t_user user3_ on mainpost0_.user_id=user3_.user_id left outer join t_board_manager manboards4_ on user3_.user_id=manboards4_.user_id left outer join t_board board5_ on manboards4_.board_id=board5_.board_id where mainpost0_.post_id=? and mainpost0_.post_type=&apos;2&apos;
2018-05-21 11:24:04,853 DEBUG (org.hibernate.loader.Loader:123) - Static select for entity com.domain.MainPost [UPGRADE]: select mainpost0_.post_id as post2_3_0_, mainpost0_.create_time as create3_3_0_, mainpost0_.post_text as post4_3_0_, mainpost0_.post_title as post5_3_0_, mainpost0_.topic_id as topic6_3_0_, mainpost0_.user_id as user7_3_0_ from t_post mainpost0_ where mainpost0_.post_id=? and mainpost0_.post_type=&apos;2&apos; for update
2018-05-21 11:24:04,853 DEBUG (org.hibernate.loader.Loader:123) - Static select for entity com.domain.MainPost [UPGRADE_NOWAIT]: select mainpost0_.post_id as post2_3_0_, mainpost0_.create_time as create3_3_0_, mainpost0_.post_text as post4_3_0_, mainpost0_.post_title as post5_3_0_, mainpost0_.topic_id as topic6_3_0_, mainpost0_.user_id as user7_3_0_ from t_post mainpost0_ where mainpost0_.post_id=? and mainpost0_.post_type=&apos;2&apos; for update
2018-05-21 11:24:04,854 DEBUG (org.hibernate.loader.Loader:123) - Static select for entity com.domain.MainPost [FORCE]: select mainpost0_.post_id as post2_3_0_, mainpost0_.create_time as create3_3_0_, mainpost0_.post_text as post4_3_0_, mainpost0_.post_title as post5_3_0_, mainpost0_.topic_id as topic6_3_0_, mainpost0_.user_id as user7_3_0_ from t_post mainpost0_ where mainpost0_.post_id=? and mainpost0_.post_type=&apos;2&apos; for update
2018-05-21 11:24:04,855 DEBUG (org.hibernate.loader.Loader:123) - Static select for entity com.domain.MainPost [PESSIMISTIC_READ]: select mainpost0_.post_id as post2_3_0_, mainpost0_.create_time as create3_3_0_, mainpost0_.post_text as post4_3_0_, mainpost0_.post_title as post5_3_0_, mainpost0_.topic_id as topic6_3_0_, mainpost0_.user_id as user7_3_0_ from t_post mainpost0_ where mainpost0_.post_id=? and mainpost0_.post_type=&apos;2&apos; lock in share mode
2018-05-21 11:24:04,856 DEBUG (org.hibernate.loader.Loader:123) - Static select for entity com.domain.MainPost [PESSIMISTIC_WRITE]: select mainpost0_.post_id as post2_3_0_, mainpost0_.create_time as create3_3_0_, mainpost0_.post_text as post4_3_0_, mainpost0_.post_title as post5_3_0_, mainpost0_.topic_id as topic6_3_0_, mainpost0_.user_id as user7_3_0_ from t_post mainpost0_ where mainpost0_.post_id=? and mainpost0_.post_type=&apos;2&apos; for update
2018-05-21 11:24:04,856 DEBUG (org.hibernate.loader.Loader:123) - Static select for entity com.domain.MainPost [PESSIMISTIC_FORCE_INCREMENT]: select mainpost0_.post_id as post2_3_0_, mainpost0_.create_time as create3_3_0_, mainpost0_.post_text as post4_3_0_, mainpost0_.post_title as post5_3_0_, mainpost0_.topic_id as topic6_3_0_, mainpost0_.user_id as user7_3_0_ from t_post mainpost0_ where mainpost0_.post_id=? and mainpost0_.post_type=&apos;2&apos; for update
2018-05-21 11:24:04,857 DEBUG (org.hibernate.loader.Loader:123) - Static select for entity com.domain.MainPost [OPTIMISTIC]: select mainpost0_.post_id as post2_3_0_, mainpost0_.create_time as create3_3_0_, mainpost0_.post_text as post4_3_0_, mainpost0_.post_title as post5_3_0_, mainpost0_.topic_id as topic6_3_0_, mainpost0_.user_id as user7_3_0_ from t_post mainpost0_ where mainpost0_.post_id=? and mainpost0_.post_type=&apos;2&apos;
2018-05-21 11:24:04,859 DEBUG (org.hibernate.loader.Loader:123) - Static select for entity com.domain.MainPost [OPTIMISTIC_FORCE_INCREMENT]: select mainpost0_.post_id as post2_3_0_, mainpost0_.create_time as create3_3_0_, mainpost0_.post_text as post4_3_0_, mainpost0_.post_title as post5_3_0_, mainpost0_.topic_id as topic6_3_0_, mainpost0_.user_id as user7_3_0_ from t_post mainpost0_ where mainpost0_.post_id=? and mainpost0_.post_type=&apos;2&apos;
2018-05-21 11:24:04,860 DEBUG (org.hibernate.loader.Loader:56) - Static select for action ACTION_MERGE on entity com.domain.MainPost: select mainpost0_.post_id as post2_3_1_, mainpost0_.create_time as create3_3_1_, mainpost0_.post_text as post4_3_1_, mainpost0_.post_title as post5_3_1_, mainpost0_.topic_id as topic6_3_1_, mainpost0_.user_id as user7_3_1_, topic1_.topic_id as topic1_4_0_, topic1_.board_id as board2_4_0_, topic1_.create_time as create3_4_0_, topic1_.digset as digset4_4_0_, topic1_.last_post as last5_4_0_, topic1_.topic_replies as topic6_4_0_, topic1_.topic_title as topic7_4_0_, topic1_.user_id as user9_4_0_, topic1_.topic_views as topic8_4_0_ from t_post mainpost0_ left outer join t_topic topic1_ on mainpost0_.topic_id=topic1_.topic_id where mainpost0_.post_id=? and mainpost0_.post_type=&apos;2&apos;
2018-05-21 11:24:04,860 DEBUG (org.hibernate.loader.Loader:56) - Static select for action ACTION_REFRESH on entity com.domain.MainPost: select mainpost0_.post_id as post2_3_0_, mainpost0_.create_time as create3_3_0_, mainpost0_.post_text as post4_3_0_, mainpost0_.post_title as post5_3_0_, mainpost0_.topic_id as topic6_3_0_, mainpost0_.user_id as user7_3_0_ from t_post mainpost0_ where mainpost0_.post_id=? and mainpost0_.post_type=&apos;2&apos;
2018-05-21 11:24:04,861 DEBUG (org.hibernate.loader.Loader:123) - Static select for entity com.domain.LoginLog [NONE]: select loginlog0_.login_log_id as login1_2_2_, loginlog0_.ip as ip2_2_2_, loginlog0_.login_datetime as login3_2_2_, loginlog0_.user_id as user4_2_2_, user1_.user_id as user1_5_0_, user1_.credit as credit2_5_0_, user1_.last_ip as last3_5_0_, user1_.last_visit as last4_5_0_, user1_.locked as locked5_5_0_, user1_.password as password6_5_0_, user1_.user_name as user7_5_0_, user1_.user_type as user8_5_0_, manboards2_.user_id as user1_5_4_, board3_.board_id as board2_1_4_, board3_.board_id as board1_0_1_, board3_.board_desc as board2_0_1_, board3_.board_name as board3_0_1_, board3_.topic_num as topic4_0_1_ from t_login_log loginlog0_ left outer join t_user user1_ on loginlog0_.user_id=user1_.user_id left outer join t_board_manager manboards2_ on user1_.user_id=manboards2_.user_id left outer join t_board board3_ on manboards2_.board_id=board3_.board_id where loginlog0_.login_log_id=?
2018-05-21 11:24:04,862 DEBUG (org.hibernate.loader.Loader:123) - Static select for entity com.domain.LoginLog [READ]: select loginlog0_.login_log_id as login1_2_2_, loginlog0_.ip as ip2_2_2_, loginlog0_.login_datetime as login3_2_2_, loginlog0_.user_id as user4_2_2_, user1_.user_id as user1_5_0_, user1_.credit as credit2_5_0_, user1_.last_ip as last3_5_0_, user1_.last_visit as last4_5_0_, user1_.locked as locked5_5_0_, user1_.password as password6_5_0_, user1_.user_name as user7_5_0_, user1_.user_type as user8_5_0_, manboards2_.user_id as user1_5_4_, board3_.board_id as board2_1_4_, board3_.board_id as board1_0_1_, board3_.board_desc as board2_0_1_, board3_.board_name as board3_0_1_, board3_.topic_num as topic4_0_1_ from t_login_log loginlog0_ left outer join t_user user1_ on loginlog0_.user_id=user1_.user_id left outer join t_board_manager manboards2_ on user1_.user_id=manboards2_.user_id left outer join t_board board3_ on manboards2_.board_id=board3_.board_id where loginlog0_.login_log_id=?
2018-05-21 11:24:04,863 DEBUG (org.hibernate.loader.Loader:123) - Static select for entity com.domain.LoginLog [UPGRADE]: select loginlog0_.login_log_id as login1_2_0_, loginlog0_.ip as ip2_2_0_, loginlog0_.login_datetime as login3_2_0_, loginlog0_.user_id as user4_2_0_ from t_login_log loginlog0_ where loginlog0_.login_log_id=? for update
2018-05-21 11:24:04,863 DEBUG (org.hibernate.loader.Loader:123) - Static select for entity com.domain.LoginLog [UPGRADE_NOWAIT]: select loginlog0_.login_log_id as login1_2_0_, loginlog0_.ip as ip2_2_0_, loginlog0_.login_datetime as login3_2_0_, loginlog0_.user_id as user4_2_0_ from t_login_log loginlog0_ where loginlog0_.login_log_id=? for update
2018-05-21 11:24:04,864 DEBUG (org.hibernate.loader.Loader:123) - Static select for entity com.domain.LoginLog [FORCE]: select loginlog0_.login_log_id as login1_2_0_, loginlog0_.ip as ip2_2_0_, loginlog0_.login_datetime as login3_2_0_, loginlog0_.user_id as user4_2_0_ from t_login_log loginlog0_ where loginlog0_.login_log_id=? for update
2018-05-21 11:24:04,864 DEBUG (org.hibernate.loader.Loader:123) - Static select for entity com.domain.LoginLog [PESSIMISTIC_READ]: select loginlog0_.login_log_id as login1_2_0_, loginlog0_.ip as ip2_2_0_, loginlog0_.login_datetime as login3_2_0_, loginlog0_.user_id as user4_2_0_ from t_login_log loginlog0_ where loginlog0_.login_log_id=? lock in share mode
2018-05-21 11:24:04,864 DEBUG (org.hibernate.loader.Loader:123) - Static select for entity com.domain.LoginLog [PESSIMISTIC_WRITE]: select loginlog0_.login_log_id as login1_2_0_, loginlog0_.ip as ip2_2_0_, loginlog0_.login_datetime as login3_2_0_, loginlog0_.user_id as user4_2_0_ from t_login_log loginlog0_ where loginlog0_.login_log_id=? for update
2018-05-21 11:24:04,865 DEBUG (org.hibernate.loader.Loader:123) - Static select for entity com.domain.LoginLog [PESSIMISTIC_FORCE_INCREMENT]: select loginlog0_.login_log_id as login1_2_0_, loginlog0_.ip as ip2_2_0_, loginlog0_.login_datetime as login3_2_0_, loginlog0_.user_id as user4_2_0_ from t_login_log loginlog0_ where loginlog0_.login_log_id=? for update
2018-05-21 11:24:04,865 DEBUG (org.hibernate.loader.Loader:123) - Static select for entity com.domain.LoginLog [OPTIMISTIC]: select loginlog0_.login_log_id as login1_2_0_, loginlog0_.ip as ip2_2_0_, loginlog0_.login_datetime as login3_2_0_, loginlog0_.user_id as user4_2_0_ from t_login_log loginlog0_ where loginlog0_.login_log_id=?
2018-05-21 11:24:04,865 DEBUG (org.hibernate.loader.Loader:123) - Static select for entity com.domain.LoginLog [OPTIMISTIC_FORCE_INCREMENT]: select loginlog0_.login_log_id as login1_2_0_, loginlog0_.ip as ip2_2_0_, loginlog0_.login_datetime as login3_2_0_, loginlog0_.user_id as user4_2_0_ from t_login_log loginlog0_ where loginlog0_.login_log_id=?
2018-05-21 11:24:04,866 DEBUG (org.hibernate.loader.Loader:56) - Static select for action ACTION_MERGE on entity com.domain.LoginLog: select loginlog0_.login_log_id as login1_2_0_, loginlog0_.ip as ip2_2_0_, loginlog0_.login_datetime as login3_2_0_, loginlog0_.user_id as user4_2_0_ from t_login_log loginlog0_ where loginlog0_.login_log_id=?
2018-05-21 11:24:04,866 DEBUG (org.hibernate.loader.Loader:56) - Static select for action ACTION_REFRESH on entity com.domain.LoginLog: select loginlog0_.login_log_id as login1_2_0_, loginlog0_.ip as ip2_2_0_, loginlog0_.login_datetime as login3_2_0_, loginlog0_.user_id as user4_2_0_ from t_login_log loginlog0_ where loginlog0_.login_log_id=?
2018-05-21 11:24:04,867 DEBUG (org.hibernate.loader.Loader:123) - Static select for entity com.domain.Post [NONE]: select post0_.post_id as post2_3_4_, post0_.create_time as create3_3_4_, post0_.post_text as post4_3_4_, post0_.post_title as post5_3_4_, post0_.topic_id as topic6_3_4_, post0_.user_id as user7_3_4_, post0_.post_type as post1_3_4_, topic1_.topic_id as topic1_4_0_, topic1_.board_id as board2_4_0_, topic1_.create_time as create3_4_0_, topic1_.digset as digset4_4_0_, topic1_.last_post as last5_4_0_, topic1_.topic_replies as topic6_4_0_, topic1_.topic_title as topic7_4_0_, topic1_.user_id as user9_4_0_, topic1_.topic_views as topic8_4_0_, user2_.user_id as user1_5_1_, user2_.credit as credit2_5_1_, user2_.last_ip as last3_5_1_, user2_.last_visit as last4_5_1_, user2_.locked as locked5_5_1_, user2_.password as password6_5_1_, user2_.user_name as user7_5_1_, user2_.user_type as user8_5_1_, user3_.user_id as user1_5_2_, user3_.credit as credit2_5_2_, user3_.last_ip as last3_5_2_, user3_.last_visit as last4_5_2_, user3_.locked as locked5_5_2_, user3_.password as password6_5_2_, user3_.user_name as user7_5_2_, user3_.user_type as user8_5_2_, manboards4_.user_id as user1_5_6_, board5_.board_id as board2_1_6_, board5_.board_id as board1_0_3_, board5_.board_desc as board2_0_3_, board5_.board_name as board3_0_3_, board5_.topic_num as topic4_0_3_ from t_post post0_ left outer join t_topic topic1_ on post0_.topic_id=topic1_.topic_id left outer join t_user user2_ on topic1_.user_id=user2_.user_id left outer join t_user user3_ on post0_.user_id=user3_.user_id left outer join t_board_manager manboards4_ on user3_.user_id=manboards4_.user_id left outer join t_board board5_ on manboards4_.board_id=board5_.board_id where post0_.post_id=?
2018-05-21 11:24:04,867 DEBUG (org.hibernate.loader.Loader:123) - Static select for entity com.domain.Post [READ]: select post0_.post_id as post2_3_4_, post0_.create_time as create3_3_4_, post0_.post_text as post4_3_4_, post0_.post_title as post5_3_4_, post0_.topic_id as topic6_3_4_, post0_.user_id as user7_3_4_, post0_.post_type as post1_3_4_, topic1_.topic_id as topic1_4_0_, topic1_.board_id as board2_4_0_, topic1_.create_time as create3_4_0_, topic1_.digset as digset4_4_0_, topic1_.last_post as last5_4_0_, topic1_.topic_replies as topic6_4_0_, topic1_.topic_title as topic7_4_0_, topic1_.user_id as user9_4_0_, topic1_.topic_views as topic8_4_0_, user2_.user_id as user1_5_1_, user2_.credit as credit2_5_1_, user2_.last_ip as last3_5_1_, user2_.last_visit as last4_5_1_, user2_.locked as locked5_5_1_, user2_.password as password6_5_1_, user2_.user_name as user7_5_1_, user2_.user_type as user8_5_1_, user3_.user_id as user1_5_2_, user3_.credit as credit2_5_2_, user3_.last_ip as last3_5_2_, user3_.last_visit as last4_5_2_, user3_.locked as locked5_5_2_, user3_.password as password6_5_2_, user3_.user_name as user7_5_2_, user3_.user_type as user8_5_2_, manboards4_.user_id as user1_5_6_, board5_.board_id as board2_1_6_, board5_.board_id as board1_0_3_, board5_.board_desc as board2_0_3_, board5_.board_name as board3_0_3_, board5_.topic_num as topic4_0_3_ from t_post post0_ left outer join t_topic topic1_ on post0_.topic_id=topic1_.topic_id left outer join t_user user2_ on topic1_.user_id=user2_.user_id left outer join t_user user3_ on post0_.user_id=user3_.user_id left outer join t_board_manager manboards4_ on user3_.user_id=manboards4_.user_id left outer join t_board board5_ on manboards4_.board_id=board5_.board_id where post0_.post_id=?
2018-05-21 11:24:04,868 DEBUG (org.hibernate.loader.Loader:123) - Static select for entity com.domain.Post [UPGRADE]: select post0_.post_id as post2_3_0_, post0_.create_time as create3_3_0_, post0_.post_text as post4_3_0_, post0_.post_title as post5_3_0_, post0_.topic_id as topic6_3_0_, post0_.user_id as user7_3_0_, post0_.post_type as post1_3_0_ from t_post post0_ where post0_.post_id=? for update
2018-05-21 11:24:04,868 DEBUG (org.hibernate.loader.Loader:123) - Static select for entity com.domain.Post [UPGRADE_NOWAIT]: select post0_.post_id as post2_3_0_, post0_.create_time as create3_3_0_, post0_.post_text as post4_3_0_, post0_.post_title as post5_3_0_, post0_.topic_id as topic6_3_0_, post0_.user_id as user7_3_0_, post0_.post_type as post1_3_0_ from t_post post0_ where post0_.post_id=? for update
2018-05-21 11:24:04,869 DEBUG (org.hibernate.loader.Loader:123) - Static select for entity com.domain.Post [FORCE]: select post0_.post_id as post2_3_0_, post0_.create_time as create3_3_0_, post0_.post_text as post4_3_0_, post0_.post_title as post5_3_0_, post0_.topic_id as topic6_3_0_, post0_.user_id as user7_3_0_, post0_.post_type as post1_3_0_ from t_post post0_ where post0_.post_id=? for update
2018-05-21 11:24:04,869 DEBUG (org.hibernate.loader.Loader:123) - Static select for entity com.domain.Post [PESSIMISTIC_READ]: select post0_.post_id as post2_3_0_, post0_.create_time as create3_3_0_, post0_.post_text as post4_3_0_, post0_.post_title as post5_3_0_, post0_.topic_id as topic6_3_0_, post0_.user_id as user7_3_0_, post0_.post_type as post1_3_0_ from t_post post0_ where post0_.post_id=? lock in share mode
2018-05-21 11:24:04,870 DEBUG (org.hibernate.loader.Loader:123) - Static select for entity com.domain.Post [PESSIMISTIC_WRITE]: select post0_.post_id as post2_3_0_, post0_.create_time as create3_3_0_, post0_.post_text as post4_3_0_, post0_.post_title as post5_3_0_, post0_.topic_id as topic6_3_0_, post0_.user_id as user7_3_0_, post0_.post_type as post1_3_0_ from t_post post0_ where post0_.post_id=? for update
2018-05-21 11:24:04,870 DEBUG (org.hibernate.loader.Loader:123) - Static select for entity com.domain.Post [PESSIMISTIC_FORCE_INCREMENT]: select post0_.post_id as post2_3_0_, post0_.create_time as create3_3_0_, post0_.post_text as post4_3_0_, post0_.post_title as post5_3_0_, post0_.topic_id as topic6_3_0_, post0_.user_id as user7_3_0_, post0_.post_type as post1_3_0_ from t_post post0_ where post0_.post_id=? for update
2018-05-21 11:24:04,870 DEBUG (org.hibernate.loader.Loader:123) - Static select for entity com.domain.Post [OPTIMISTIC]: select post0_.post_id as post2_3_0_, post0_.create_time as create3_3_0_, post0_.post_text as post4_3_0_, post0_.post_title as post5_3_0_, post0_.topic_id as topic6_3_0_, post0_.user_id as user7_3_0_, post0_.post_type as post1_3_0_ from t_post post0_ where post0_.post_id=?
2018-05-21 11:24:04,871 DEBUG (org.hibernate.loader.Loader:123) - Static select for entity com.domain.Post [OPTIMISTIC_FORCE_INCREMENT]: select post0_.post_id as post2_3_0_, post0_.create_time as create3_3_0_, post0_.post_text as post4_3_0_, post0_.post_title as post5_3_0_, post0_.topic_id as topic6_3_0_, post0_.user_id as user7_3_0_, post0_.post_type as post1_3_0_ from t_post post0_ where post0_.post_id=?
2018-05-21 11:24:04,871 DEBUG (org.hibernate.loader.Loader:56) - Static select for action ACTION_MERGE on entity com.domain.Post: select post0_.post_id as post2_3_1_, post0_.create_time as create3_3_1_, post0_.post_text as post4_3_1_, post0_.post_title as post5_3_1_, post0_.topic_id as topic6_3_1_, post0_.user_id as user7_3_1_, post0_.post_type as post1_3_1_, topic1_.topic_id as topic1_4_0_, topic1_.board_id as board2_4_0_, topic1_.create_time as create3_4_0_, topic1_.digset as digset4_4_0_, topic1_.last_post as last5_4_0_, topic1_.topic_replies as topic6_4_0_, topic1_.topic_title as topic7_4_0_, topic1_.user_id as user9_4_0_, topic1_.topic_views as topic8_4_0_ from t_post post0_ left outer join t_topic topic1_ on post0_.topic_id=topic1_.topic_id where post0_.post_id=?
2018-05-21 11:24:04,872 DEBUG (org.hibernate.loader.Loader:56) - Static select for action ACTION_REFRESH on entity com.domain.Post: select post0_.post_id as post2_3_0_, post0_.create_time as create3_3_0_, post0_.post_text as post4_3_0_, post0_.post_title as post5_3_0_, post0_.topic_id as topic6_3_0_, post0_.user_id as user7_3_0_, post0_.post_type as post1_3_0_ from t_post post0_ where post0_.post_id=?
2018-05-21 11:24:04,872 DEBUG (org.hibernate.loader.Loader:123) - Static select for entity com.domain.User [NONE]: select user0_.user_id as user1_5_1_, user0_.credit as credit2_5_1_, user0_.last_ip as last3_5_1_, user0_.last_visit as last4_5_1_, user0_.locked as locked5_5_1_, user0_.password as password6_5_1_, user0_.user_name as user7_5_1_, user0_.user_type as user8_5_1_, manboards1_.user_id as user1_5_3_, board2_.board_id as board2_1_3_, board2_.board_id as board1_0_0_, board2_.board_desc as board2_0_0_, board2_.board_name as board3_0_0_, board2_.topic_num as topic4_0_0_ from t_user user0_ left outer join t_board_manager manboards1_ on user0_.user_id=manboards1_.user_id left outer join t_board board2_ on manboards1_.board_id=board2_.board_id where user0_.user_id=?
2018-05-21 11:24:04,873 DEBUG (org.hibernate.loader.Loader:123) - Static select for entity com.domain.User [READ]: select user0_.user_id as user1_5_1_, user0_.credit as credit2_5_1_, user0_.last_ip as last3_5_1_, user0_.last_visit as last4_5_1_, user0_.locked as locked5_5_1_, user0_.password as password6_5_1_, user0_.user_name as user7_5_1_, user0_.user_type as user8_5_1_, manboards1_.user_id as user1_5_3_, board2_.board_id as board2_1_3_, board2_.board_id as board1_0_0_, board2_.board_desc as board2_0_0_, board2_.board_name as board3_0_0_, board2_.topic_num as topic4_0_0_ from t_user user0_ left outer join t_board_manager manboards1_ on user0_.user_id=manboards1_.user_id left outer join t_board board2_ on manboards1_.board_id=board2_.board_id where user0_.user_id=?
2018-05-21 11:24:04,874 DEBUG (org.hibernate.loader.Loader:123) - Static select for entity com.domain.User [UPGRADE]: select user0_.user_id as user1_5_0_, user0_.credit as credit2_5_0_, user0_.last_ip as last3_5_0_, user0_.last_visit as last4_5_0_, user0_.locked as locked5_5_0_, user0_.password as password6_5_0_, user0_.user_name as user7_5_0_, user0_.user_type as user8_5_0_ from t_user user0_ where user0_.user_id=? for update
2018-05-21 11:24:04,875 DEBUG (org.hibernate.loader.Loader:123) - Static select for entity com.domain.User [UPGRADE_NOWAIT]: select user0_.user_id as user1_5_0_, user0_.credit as credit2_5_0_, user0_.last_ip as last3_5_0_, user0_.last_visit as last4_5_0_, user0_.locked as locked5_5_0_, user0_.password as password6_5_0_, user0_.user_name as user7_5_0_, user0_.user_type as user8_5_0_ from t_user user0_ where user0_.user_id=? for update
2018-05-21 11:24:04,875 DEBUG (org.hibernate.loader.Loader:123) - Static select for entity com.domain.User [FORCE]: select user0_.user_id as user1_5_0_, user0_.credit as credit2_5_0_, user0_.last_ip as last3_5_0_, user0_.last_visit as last4_5_0_, user0_.locked as locked5_5_0_, user0_.password as password6_5_0_, user0_.user_name as user7_5_0_, user0_.user_type as user8_5_0_ from t_user user0_ where user0_.user_id=? for update
2018-05-21 11:24:04,876 DEBUG (org.hibernate.loader.Loader:123) - Static select for entity com.domain.User [PESSIMISTIC_READ]: select user0_.user_id as user1_5_0_, user0_.credit as credit2_5_0_, user0_.last_ip as last3_5_0_, user0_.last_visit as last4_5_0_, user0_.locked as locked5_5_0_, user0_.password as password6_5_0_, user0_.user_name as user7_5_0_, user0_.user_type as user8_5_0_ from t_user user0_ where user0_.user_id=? lock in share mode
2018-05-21 11:24:04,876 DEBUG (org.hibernate.loader.Loader:123) - Static select for entity com.domain.User [PESSIMISTIC_WRITE]: select user0_.user_id as user1_5_0_, user0_.credit as credit2_5_0_, user0_.last_ip as last3_5_0_, user0_.last_visit as last4_5_0_, user0_.locked as locked5_5_0_, user0_.password as password6_5_0_, user0_.user_name as user7_5_0_, user0_.user_type as user8_5_0_ from t_user user0_ where user0_.user_id=? for update
2018-05-21 11:24:04,876 DEBUG (org.hibernate.loader.Loader:123) - Static select for entity com.domain.User [PESSIMISTIC_FORCE_INCREMENT]: select user0_.user_id as user1_5_0_, user0_.credit as credit2_5_0_, user0_.last_ip as last3_5_0_, user0_.last_visit as last4_5_0_, user0_.locked as locked5_5_0_, user0_.password as password6_5_0_, user0_.user_name as user7_5_0_, user0_.user_type as user8_5_0_ from t_user user0_ where user0_.user_id=? for update
2018-05-21 11:24:04,877 DEBUG (org.hibernate.loader.Loader:123) - Static select for entity com.domain.User [OPTIMISTIC]: select user0_.user_id as user1_5_0_, user0_.credit as credit2_5_0_, user0_.last_ip as last3_5_0_, user0_.last_visit as last4_5_0_, user0_.locked as locked5_5_0_, user0_.password as password6_5_0_, user0_.user_name as user7_5_0_, user0_.user_type as user8_5_0_ from t_user user0_ where user0_.user_id=?
2018-05-21 11:24:04,877 DEBUG (org.hibernate.loader.Loader:123) - Static select for entity com.domain.User [OPTIMISTIC_FORCE_INCREMENT]: select user0_.user_id as user1_5_0_, user0_.credit as credit2_5_0_, user0_.last_ip as last3_5_0_, user0_.last_visit as last4_5_0_, user0_.locked as locked5_5_0_, user0_.password as password6_5_0_, user0_.user_name as user7_5_0_, user0_.user_type as user8_5_0_ from t_user user0_ where user0_.user_id=?
2018-05-21 11:24:04,878 DEBUG (org.hibernate.loader.Loader:56) - Static select for action ACTION_MERGE on entity com.domain.User: select user0_.user_id as user1_5_1_, user0_.credit as credit2_5_1_, user0_.last_ip as last3_5_1_, user0_.last_visit as last4_5_1_, user0_.locked as locked5_5_1_, user0_.password as password6_5_1_, user0_.user_name as user7_5_1_, user0_.user_type as user8_5_1_, manboards1_.user_id as user1_5_3_, board2_.board_id as board2_1_3_, board2_.board_id as board1_0_0_, board2_.board_desc as board2_0_0_, board2_.board_name as board3_0_0_, board2_.topic_num as topic4_0_0_ from t_user user0_ left outer join t_board_manager manboards1_ on user0_.user_id=manboards1_.user_id left outer join t_board board2_ on manboards1_.board_id=board2_.board_id where user0_.user_id=?
2018-05-21 11:24:04,878 DEBUG (org.hibernate.loader.Loader:56) - Static select for action ACTION_REFRESH on entity com.domain.User: select user0_.user_id as user1_5_0_, user0_.credit as credit2_5_0_, user0_.last_ip as last3_5_0_, user0_.last_visit as last4_5_0_, user0_.locked as locked5_5_0_, user0_.password as password6_5_0_, user0_.user_name as user7_5_0_, user0_.user_type as user8_5_0_ from t_user user0_ where user0_.user_id=?
2018-05-21 11:24:04,879 DEBUG (org.hibernate.loader.Loader:123) - Static select for entity com.domain.Board [NONE]: select board0_.board_id as board1_0_0_, board0_.board_desc as board2_0_0_, board0_.board_name as board3_0_0_, board0_.topic_num as topic4_0_0_ from t_board board0_ where board0_.board_id=?
2018-05-21 11:24:04,879 DEBUG (org.hibernate.loader.Loader:123) - Static select for entity com.domain.Board [READ]: select board0_.board_id as board1_0_0_, board0_.board_desc as board2_0_0_, board0_.board_name as board3_0_0_, board0_.topic_num as topic4_0_0_ from t_board board0_ where board0_.board_id=?
2018-05-21 11:24:04,880 DEBUG (org.hibernate.loader.Loader:123) - Static select for entity com.domain.Board [UPGRADE]: select board0_.board_id as board1_0_0_, board0_.board_desc as board2_0_0_, board0_.board_name as board3_0_0_, board0_.topic_num as topic4_0_0_ from t_board board0_ where board0_.board_id=? for update
2018-05-21 11:24:04,880 DEBUG (org.hibernate.loader.Loader:123) - Static select for entity com.domain.Board [UPGRADE_NOWAIT]: select board0_.board_id as board1_0_0_, board0_.board_desc as board2_0_0_, board0_.board_name as board3_0_0_, board0_.topic_num as topic4_0_0_ from t_board board0_ where board0_.board_id=? for update
2018-05-21 11:24:04,881 DEBUG (org.hibernate.loader.Loader:123) - Static select for entity com.domain.Board [FORCE]: select board0_.board_id as board1_0_0_, board0_.board_desc as board2_0_0_, board0_.board_name as board3_0_0_, board0_.topic_num as topic4_0_0_ from t_board board0_ where board0_.board_id=? for update
2018-05-21 11:24:04,881 DEBUG (org.hibernate.loader.Loader:123) - Static select for entity com.domain.Board [PESSIMISTIC_READ]: select board0_.board_id as board1_0_0_, board0_.board_desc as board2_0_0_, board0_.board_name as board3_0_0_, board0_.topic_num as topic4_0_0_ from t_board board0_ where board0_.board_id=? lock in share mode
2018-05-21 11:24:04,882 DEBUG (org.hibernate.loader.Loader:123) - Static select for entity com.domain.Board [PESSIMISTIC_WRITE]: select board0_.board_id as board1_0_0_, board0_.board_desc as board2_0_0_, board0_.board_name as board3_0_0_, board0_.topic_num as topic4_0_0_ from t_board board0_ where board0_.board_id=? for update
2018-05-21 11:24:04,883 DEBUG (org.hibernate.loader.Loader:123) - Static select for entity com.domain.Board [PESSIMISTIC_FORCE_INCREMENT]: select board0_.board_id as board1_0_0_, board0_.board_desc as board2_0_0_, board0_.board_name as board3_0_0_, board0_.topic_num as topic4_0_0_ from t_board board0_ where board0_.board_id=? for update
2018-05-21 11:24:04,883 DEBUG (org.hibernate.loader.Loader:123) - Static select for entity com.domain.Board [OPTIMISTIC]: select board0_.board_id as board1_0_0_, board0_.board_desc as board2_0_0_, board0_.board_name as board3_0_0_, board0_.topic_num as topic4_0_0_ from t_board board0_ where board0_.board_id=?
2018-05-21 11:24:04,884 DEBUG (org.hibernate.loader.Loader:123) - Static select for entity com.domain.Board [OPTIMISTIC_FORCE_INCREMENT]: select board0_.board_id as board1_0_0_, board0_.board_desc as board2_0_0_, board0_.board_name as board3_0_0_, board0_.topic_num as topic4_0_0_ from t_board board0_ where board0_.board_id=?
2018-05-21 11:24:04,885 DEBUG (org.hibernate.loader.Loader:56) - Static select for action ACTION_MERGE on entity com.domain.Board: select board0_.board_id as board1_0_1_, board0_.board_desc as board2_0_1_, board0_.board_name as board3_0_1_, board0_.topic_num as topic4_0_1_, users1_.board_id as board2_0_3_, user2_.user_id as user1_1_3_, user2_.user_id as user1_5_0_, user2_.credit as credit2_5_0_, user2_.last_ip as last3_5_0_, user2_.last_visit as last4_5_0_, user2_.locked as locked5_5_0_, user2_.password as password6_5_0_, user2_.user_name as user7_5_0_, user2_.user_type as user8_5_0_ from t_board board0_ left outer join t_board_manager users1_ on board0_.board_id=users1_.board_id left outer join t_user user2_ on users1_.user_id=user2_.user_id where board0_.board_id=?
2018-05-21 11:24:04,885 DEBUG (org.hibernate.loader.Loader:56) - Static select for action ACTION_REFRESH on entity com.domain.Board: select board0_.board_id as board1_0_0_, board0_.board_desc as board2_0_0_, board0_.board_name as board3_0_0_, board0_.topic_num as topic4_0_0_ from t_board board0_ where board0_.board_id=?
2018-05-21 11:24:04,891 DEBUG (org.hibernate.loader.collection.BasicCollectionLoader:83) - Static select for collection com.domain.User.manBoards: select manboards0_.user_id as user1_5_1_, manboards0_.board_id as board2_1_1_, board1_.board_id as board1_0_0_, board1_.board_desc as board2_0_0_, board1_.board_name as board3_0_0_, board1_.topic_num as topic4_0_0_ from t_board_manager manboards0_ inner join t_board board1_ on manboards0_.board_id=board1_.board_id where manboards0_.user_id=?
2018-05-21 11:24:04,892 DEBUG (org.hibernate.loader.collection.BasicCollectionLoader:83) - Static select for collection com.domain.Board.users: select users0_.board_id as board2_0_1_, users0_.user_id as user1_1_1_, user1_.user_id as user1_5_0_, user1_.credit as credit2_5_0_, user1_.last_ip as last3_5_0_, user1_.last_visit as last4_5_0_, user1_.locked as locked5_5_0_, user1_.password as password6_5_0_, user1_.user_name as user7_5_0_, user1_.user_type as user8_5_0_ from t_board_manager users0_ inner join t_user user1_ on users0_.user_id=user1_.user_id where users0_.board_id=?
2018-05-21 11:24:04,894 DEBUG (org.hibernate.internal.SessionFactoryRegistry:62) - Initializing SessionFactoryRegistry : org.hibernate.internal.SessionFactoryRegistry@1e53135d
2018-05-21 11:24:04,895 DEBUG (org.hibernate.internal.SessionFactoryRegistry:75) - Registering SessionFactory: a9c2bba2-51cf-4c28-9e8c-f548b35e0547 (&lt;unnamed&gt;)
2018-05-21 11:24:04,895 DEBUG (org.hibernate.internal.SessionFactoryRegistry:82) - Not binding SessionFactory to JNDI, no JNDI name configured
2018-05-21 11:24:04,895 DEBUG (org.hibernate.internal.SessionFactoryImpl:488) - Instantiated session factory
2018-05-21 11:24:04,909 DEBUG (org.hibernate.internal.SessionFactoryImpl:1060) - Checking 0 named HQL queries
2018-05-21 11:24:04,909 DEBUG (org.hibernate.internal.SessionFactoryImpl:1083) - Checking 0 named SQL queries
2018-05-21 11:24:04,917 DEBUG (org.hibernate.stat.internal.StatisticsInitiator:110) - Statistics initialized [enabled=false]
2018-05-21 11:24:04,918 DEBUG (org.springframework.beans.factory.support.DefaultListableBeanFactory:484) - Finished creating instance of bean &apos;sessionFactory&apos;
2018-05-21 11:24:04,918 DEBUG (org.springframework.beans.factory.support.DefaultListableBeanFactory:484) - Finished creating instance of bean &apos;sessionFactory&apos;
2018-05-21 11:24:04,918 DEBUG (org.springframework.beans.factory.support.DefaultListableBeanFactory:1620) - Invoking afterPropertiesSet() on bean with name &apos;hibernateTemplate&apos;
2018-05-21 11:24:04,918 DEBUG (org.springframework.beans.factory.support.DefaultListableBeanFactory:1620) - Invoking afterPropertiesSet() on bean with name &apos;hibernateTemplate&apos;
2018-05-21 11:24:04,919 DEBUG (org.springframework.beans.factory.support.DefaultListableBeanFactory:484) - Finished creating instance of bean &apos;hibernateTemplate&apos;
2018-05-21 11:24:04,919 DEBUG (org.springframework.beans.factory.support.DefaultListableBeanFactory:484) - Finished creating instance of bean &apos;hibernateTemplate&apos;
2018-05-21 11:24:04,919 DEBUG (org.springframework.beans.factory.annotation.AutowiredAnnotationBeanPostProcessor:490) - Autowiring by type from bean name &apos;postDao&apos; to bean named &apos;hibernateTemplate&apos;
2018-05-21 11:24:04,919 DEBUG (org.springframework.beans.factory.annotation.AutowiredAnnotationBeanPostProcessor:490) - Autowiring by type from bean name &apos;postDao&apos; to bean named &apos;hibernateTemplate&apos;
2018-05-21 11:24:04,920 DEBUG (org.springframework.beans.factory.support.DefaultListableBeanFactory:484) - Finished creating instance of bean &apos;postDao&apos;
2018-05-21 11:24:04,920 DEBUG (org.springframework.beans.factory.support.DefaultListableBeanFactory:484) - Finished creating instance of bean &apos;postDao&apos;
2018-05-21 11:24:04,920 DEBUG (org.springframework.beans.factory.support.DefaultListableBeanFactory:221) - Creating shared instance of singleton bean &apos;userDao&apos;
2018-05-21 11:24:04,920 DEBUG (org.springframework.beans.factory.support.DefaultListableBeanFactory:221) - Creating shared instance of singleton bean &apos;userDao&apos;
2018-05-21 11:24:04,920 DEBUG (org.springframework.beans.factory.support.DefaultListableBeanFactory:448) - Creating instance of bean &apos;userDao&apos;
2018-05-21 11:24:04,920 DEBUG (org.springframework.beans.factory.support.DefaultListableBeanFactory:448) - Creating instance of bean &apos;userDao&apos;
2018-05-21 11:24:04,924 DEBUG (org.springframework.beans.factory.annotation.InjectionMetadata:72) - Registered injected element on class [com.dao.UserDao]: AutowiredMethodElement for public void com.dao.BaseDao.setHibernateTemplate(org.springframework.orm.hibernate4.HibernateTemplate)
2018-05-21 11:24:04,924 DEBUG (org.springframework.beans.factory.annotation.InjectionMetadata:72) - Registered injected element on class [com.dao.UserDao]: AutowiredMethodElement for public void com.dao.BaseDao.setHibernateTemplate(org.springframework.orm.hibernate4.HibernateTemplate)
2018-05-21 11:24:04,924 DEBUG (org.springframework.beans.factory.support.DefaultListableBeanFactory:529) - Eagerly caching bean &apos;userDao&apos; to allow for resolving potential circular references
2018-05-21 11:24:04,924 DEBUG (org.springframework.beans.factory.support.DefaultListableBeanFactory:529) - Eagerly caching bean &apos;userDao&apos; to allow for resolving potential circular references
2018-05-21 11:24:04,924 DEBUG (org.springframework.beans.factory.annotation.InjectionMetadata:86) - Processing injected element of bean &apos;userDao&apos;: AutowiredMethodElement for public void com.dao.BaseDao.setHibernateTemplate(org.springframework.orm.hibernate4.HibernateTemplate)
2018-05-21 11:24:04,924 DEBUG (org.springframework.beans.factory.annotation.InjectionMetadata:86) - Processing injected element of bean &apos;userDao&apos;: AutowiredMethodElement for public void com.dao.BaseDao.setHibernateTemplate(org.springframework.orm.hibernate4.HibernateTemplate)
2018-05-21 11:24:04,925 DEBUG (org.springframework.beans.factory.support.DefaultListableBeanFactory:250) - Returning cached instance of singleton bean &apos;hibernateTemplate&apos;
2018-05-21 11:24:04,925 DEBUG (org.springframework.beans.factory.support.DefaultListableBeanFactory:250) - Returning cached instance of singleton bean &apos;hibernateTemplate&apos;
2018-05-21 11:24:04,925 DEBUG (org.springframework.beans.factory.annotation.AutowiredAnnotationBeanPostProcessor:490) - Autowiring by type from bean name &apos;userDao&apos; to bean named &apos;hibernateTemplate&apos;
2018-05-21 11:24:04,925 DEBUG (org.springframework.beans.factory.annotation.AutowiredAnnotationBeanPostProcessor:490) - Autowiring by type from bean name &apos;userDao&apos; to bean named &apos;hibernateTemplate&apos;
2018-05-21 11:24:04,925 DEBUG (org.springframework.beans.factory.support.DefaultListableBeanFactory:484) - Finished creating instance of bean &apos;userDao&apos;
2018-05-21 11:24:04,925 DEBUG (org.springframework.beans.factory.support.DefaultListableBeanFactory:484) - Finished creating instance of bean &apos;userDao&apos;
2018-05-21 11:24:04,926 DEBUG (org.springframework.beans.factory.support.DefaultListableBeanFactory:221) - Creating shared instance of singleton bean &apos;boardDao&apos;
2018-05-21 11:24:04,926 DEBUG (org.springframework.beans.factory.support.DefaultListableBeanFactory:221) - Creating shared instance of singleton bean &apos;boardDao&apos;
2018-05-21 11:24:04,926 DEBUG (org.springframework.beans.factory.support.DefaultListableBeanFactory:448) - Creating instance of bean &apos;boardDao&apos;
2018-05-21 11:24:04,926 DEBUG (org.springframework.beans.factory.support.DefaultListableBeanFactory:448) - Creating instance of bean &apos;boardDao&apos;
2018-05-21 11:24:04,929 DEBUG (org.springframework.beans.factory.annotation.InjectionMetadata:72) - Registered injected element on class [com.dao.BoardDao]: AutowiredMethodElement for public void com.dao.BaseDao.setHibernateTemplate(org.springframework.orm.hibernate4.HibernateTemplate)
2018-05-21 11:24:04,929 DEBUG (org.springframework.beans.factory.annotation.InjectionMetadata:72) - Registered injected element on class [com.dao.BoardDao]: AutowiredMethodElement for public void com.dao.BaseDao.setHibernateTemplate(org.springframework.orm.hibernate4.HibernateTemplate)
2018-05-21 11:24:04,929 DEBUG (org.springframework.beans.factory.support.DefaultListableBeanFactory:529) - Eagerly caching bean &apos;boardDao&apos; to allow for resolving potential circular references
2018-05-21 11:24:04,929 DEBUG (org.springframework.beans.factory.support.DefaultListableBeanFactory:529) - Eagerly caching bean &apos;boardDao&apos; to allow for resolving potential circular references
2018-05-21 11:24:04,929 DEBUG (org.springframework.beans.factory.annotation.InjectionMetadata:86) - Processing injected element of bean &apos;boardDao&apos;: AutowiredMethodElement for public void com.dao.BaseDao.setHibernateTemplate(org.springframework.orm.hibernate4.HibernateTemplate)
2018-05-21 11:24:04,929 DEBUG (org.springframework.beans.factory.annotation.InjectionMetadata:86) - Processing injected element of bean &apos;boardDao&apos;: AutowiredMethodElement for public void com.dao.BaseDao.setHibernateTemplate(org.springframework.orm.hibernate4.HibernateTemplate)
2018-05-21 11:24:04,930 DEBUG (org.springframework.beans.factory.support.DefaultListableBeanFactory:250) - Returning cached instance of singleton bean &apos;hibernateTemplate&apos;
2018-05-21 11:24:04,930 DEBUG (org.springframework.beans.factory.support.DefaultListableBeanFactory:250) - Returning cached instance of singleton bean &apos;hibernateTemplate&apos;
2018-05-21 11:24:04,930 DEBUG (org.springframework.beans.factory.annotation.AutowiredAnnotationBeanPostProcessor:490) - Autowiring by type from bean name &apos;boardDao&apos; to bean named &apos;hibernateTemplate&apos;
2018-05-21 11:24:04,930 DEBUG (org.springframework.beans.factory.annotation.AutowiredAnnotationBeanPostProcessor:490) - Autowiring by type from bean name &apos;boardDao&apos; to bean named &apos;hibernateTemplate&apos;
2018-05-21 11:24:04,930 DEBUG (org.springframework.beans.factory.support.DefaultListableBeanFactory:484) - Finished creating instance of bean &apos;boardDao&apos;
2018-05-21 11:24:04,930 DEBUG (org.springframework.beans.factory.support.DefaultListableBeanFactory:484) - Finished creating instance of bean &apos;boardDao&apos;
2018-05-21 11:24:04,931 DEBUG (org.springframework.beans.factory.support.DefaultListableBeanFactory:221) - Creating shared instance of singleton bean &apos;page&apos;
2018-05-21 11:24:04,931 DEBUG (org.springframework.beans.factory.support.DefaultListableBeanFactory:221) - Creating shared instance of singleton bean &apos;page&apos;
2018-05-21 11:24:04,931 DEBUG (org.springframework.beans.factory.support.DefaultListableBeanFactory:448) - Creating instance of bean &apos;page&apos;
2018-05-21 11:24:04,931 DEBUG (org.springframework.beans.factory.support.DefaultListableBeanFactory:448) - Creating instance of bean &apos;page&apos;
2018-05-21 11:24:04,931 DEBUG (org.springframework.beans.factory.support.DefaultListableBeanFactory:529) - Eagerly caching bean &apos;page&apos; to allow for resolving potential circular references
2018-05-21 11:24:04,931 DEBUG (org.springframework.beans.factory.support.DefaultListableBeanFactory:529) - Eagerly caching bean &apos;page&apos; to allow for resolving potential circular references
2018-05-21 11:24:04,933 DEBUG (org.springframework.beans.factory.support.DefaultListableBeanFactory:484) - Finished creating instance of bean &apos;page&apos;
2018-05-21 11:24:04,933 DEBUG (org.springframework.beans.factory.support.DefaultListableBeanFactory:484) - Finished creating instance of bean &apos;page&apos;
2018-05-21 11:24:04,934 DEBUG (org.springframework.beans.factory.support.DefaultListableBeanFactory:221) - Creating shared instance of singleton bean &apos;topicDao&apos;
2018-05-21 11:24:04,934 DEBUG (org.springframework.beans.factory.support.DefaultListableBeanFactory:221) - Creating shared instance of singleton bean &apos;topicDao&apos;
2018-05-21 11:24:04,934 DEBUG (org.springframework.beans.factory.support.DefaultListableBeanFactory:448) - Creating instance of bean &apos;topicDao&apos;
2018-05-21 11:24:04,934 DEBUG (org.springframework.beans.factory.support.DefaultListableBeanFactory:448) - Creating instance of bean &apos;topicDao&apos;
2018-05-21 11:24:04,937 DEBUG (org.springframework.beans.factory.annotation.InjectionMetadata:72) - Registered injected element on class [com.dao.TopicDao]: AutowiredMethodElement for public void com.dao.BaseDao.setHibernateTemplate(org.springframework.orm.hibernate4.HibernateTemplate)
2018-05-21 11:24:04,937 DEBUG (org.springframework.beans.factory.annotation.InjectionMetadata:72) - Registered injected element on class [com.dao.TopicDao]: AutowiredMethodElement for public void com.dao.BaseDao.setHibernateTemplate(org.springframework.orm.hibernate4.HibernateTemplate)
2018-05-21 11:24:04,937 DEBUG (org.springframework.beans.factory.support.DefaultListableBeanFactory:529) - Eagerly caching bean &apos;topicDao&apos; to allow for resolving potential circular references
2018-05-21 11:24:04,937 DEBUG (org.springframework.beans.factory.support.DefaultListableBeanFactory:529) - Eagerly caching bean &apos;topicDao&apos; to allow for resolving potential circular references
2018-05-21 11:24:04,937 DEBUG (org.springframework.beans.factory.annotation.InjectionMetadata:86) - Processing injected element of bean &apos;topicDao&apos;: AutowiredMethodElement for public void com.dao.BaseDao.setHibernateTemplate(org.springframework.orm.hibernate4.HibernateTemplate)
2018-05-21 11:24:04,937 DEBUG (org.springframework.beans.factory.annotation.InjectionMetadata:86) - Processing injected element of bean &apos;topicDao&apos;: AutowiredMethodElement for public void com.dao.BaseDao.setHibernateTemplate(org.springframework.orm.hibernate4.HibernateTemplate)
2018-05-21 11:24:04,938 DEBUG (org.springframework.beans.factory.support.DefaultListableBeanFactory:250) - Returning cached instance of singleton bean &apos;hibernateTemplate&apos;
2018-05-21 11:24:04,938 DEBUG (org.springframework.beans.factory.support.DefaultListableBeanFactory:250) - Returning cached instance of singleton bean &apos;hibernateTemplate&apos;
2018-05-21 11:24:04,938 DEBUG (org.springframework.beans.factory.annotation.AutowiredAnnotationBeanPostProcessor:490) - Autowiring by type from bean name &apos;topicDao&apos; to bean named &apos;hibernateTemplate&apos;
2018-05-21 11:24:04,938 DEBUG (org.springframework.beans.factory.annotation.AutowiredAnnotationBeanPostProcessor:490) - Autowiring by type from bean name &apos;topicDao&apos; to bean named &apos;hibernateTemplate&apos;
2018-05-21 11:24:04,938 DEBUG (org.springframework.beans.factory.support.DefaultListableBeanFactory:484) - Finished creating instance of bean &apos;topicDao&apos;
2018-05-21 11:24:04,938 DEBUG (org.springframework.beans.factory.support.DefaultListableBeanFactory:484) - Finished creating instance of bean &apos;topicDao&apos;
2018-05-21 11:24:04,939 DEBUG (org.springframework.beans.factory.support.DefaultListableBeanFactory:221) - Creating shared instance of singleton bean &apos;loginLogDao&apos;
2018-05-21 11:24:04,939 DEBUG (org.springframework.beans.factory.support.DefaultListableBeanFactory:221) - Creating shared instance of singleton bean &apos;loginLogDao&apos;
2018-05-21 11:24:04,939 DEBUG (org.springframework.beans.factory.support.DefaultListableBeanFactory:448) - Creating instance of bean &apos;loginLogDao&apos;
2018-05-21 11:24:04,939 DEBUG (org.springframework.beans.factory.support.DefaultListableBeanFactory:448) - Creating instance of bean &apos;loginLogDao&apos;
2018-05-21 11:24:04,941 DEBUG (org.springframework.beans.factory.annotation.InjectionMetadata:72) - Registered injected element on class [com.dao.LoginLogDao]: AutowiredMethodElement for public void com.dao.BaseDao.setHibernateTemplate(org.springframework.orm.hibernate4.HibernateTemplate)
2018-05-21 11:24:04,941 DEBUG (org.springframework.beans.factory.annotation.InjectionMetadata:72) - Registered injected element on class [com.dao.LoginLogDao]: AutowiredMethodElement for public void com.dao.BaseDao.setHibernateTemplate(org.springframework.orm.hibernate4.HibernateTemplate)
2018-05-21 11:24:04,942 DEBUG (org.springframework.beans.factory.support.DefaultListableBeanFactory:529) - Eagerly caching bean &apos;loginLogDao&apos; to allow for resolving potential circular references
2018-05-21 11:24:04,942 DEBUG (org.springframework.beans.factory.support.DefaultListableBeanFactory:529) - Eagerly caching bean &apos;loginLogDao&apos; to allow for resolving potential circular references
2018-05-21 11:24:04,942 DEBUG (org.springframework.beans.factory.annotation.InjectionMetadata:86) - Processing injected element of bean &apos;loginLogDao&apos;: AutowiredMethodElement for public void com.dao.BaseDao.setHibernateTemplate(org.springframework.orm.hibernate4.HibernateTemplate)
2018-05-21 11:24:04,942 DEBUG (org.springframework.beans.factory.annotation.InjectionMetadata:86) - Processing injected element of bean &apos;loginLogDao&apos;: AutowiredMethodElement for public void com.dao.BaseDao.setHibernateTemplate(org.springframework.orm.hibernate4.HibernateTemplate)
2018-05-21 11:24:04,942 DEBUG (org.springframework.beans.factory.support.DefaultListableBeanFactory:250) - Returning cached instance of singleton bean &apos;hibernateTemplate&apos;
2018-05-21 11:24:04,942 DEBUG (org.springframework.beans.factory.support.DefaultListableBeanFactory:250) - Returning cached instance of singleton bean &apos;hibernateTemplate&apos;
2018-05-21 11:24:04,943 DEBUG (org.springframework.beans.factory.annotation.AutowiredAnnotationBeanPostProcessor:490) - Autowiring by type from bean name &apos;loginLogDao&apos; to bean named &apos;hibernateTemplate&apos;
2018-05-21 11:24:04,943 DEBUG (org.springframework.beans.factory.annotation.AutowiredAnnotationBeanPostProcessor:490) - Autowiring by type from bean name &apos;loginLogDao&apos; to bean named &apos;hibernateTemplate&apos;
2018-05-21 11:24:04,943 DEBUG (org.springframework.beans.factory.support.DefaultListableBeanFactory:484) - Finished creating instance of bean &apos;loginLogDao&apos;
2018-05-21 11:24:04,943 DEBUG (org.springframework.beans.factory.support.DefaultListableBeanFactory:484) - Finished creating instance of bean &apos;loginLogDao&apos;
2018-05-21 11:24:04,943 DEBUG (org.springframework.beans.factory.support.DefaultListableBeanFactory:250) - Returning cached instance of singleton bean &apos;org.springframework.context.annotation.internalConfigurationAnnotationProcessor&apos;
2018-05-21 11:24:04,943 DEBUG (org.springframework.beans.factory.support.DefaultListableBeanFactory:250) - Returning cached instance of singleton bean &apos;org.springframework.context.annotation.internalConfigurationAnnotationProcessor&apos;
2018-05-21 11:24:04,943 DEBUG (org.springframework.beans.factory.support.DefaultListableBeanFactory:250) - Returning cached instance of singleton bean &apos;org.springframework.context.annotation.internalAutowiredAnnotationProcessor&apos;
2018-05-21 11:24:04,943 DEBUG (org.springframework.beans.factory.support.DefaultListableBeanFactory:250) - Returning cached instance of singleton bean &apos;org.springframework.context.annotation.internalAutowiredAnnotationProcessor&apos;
2018-05-21 11:24:04,943 DEBUG (org.springframework.beans.factory.support.DefaultListableBeanFactory:250) - Returning cached instance of singleton bean &apos;org.springframework.context.annotation.internalRequiredAnnotationProcessor&apos;
2018-05-21 11:24:04,943 DEBUG (org.springframework.beans.factory.support.DefaultListableBeanFactory:250) - Returning cached instance of singleton bean &apos;org.springframework.context.annotation.internalRequiredAnnotationProcessor&apos;
2018-05-21 11:24:04,944 DEBUG (org.springframework.beans.factory.support.DefaultListableBeanFactory:250) - Returning cached instance of singleton bean &apos;org.springframework.context.annotation.internalCommonAnnotationProcessor&apos;
2018-05-21 11:24:04,944 DEBUG (org.springframework.beans.factory.support.DefaultListableBeanFactory:250) - Returning cached instance of singleton bean &apos;org.springframework.context.annotation.internalCommonAnnotationProcessor&apos;
2018-05-21 11:24:04,944 DEBUG (org.springframework.beans.factory.support.DefaultListableBeanFactory:250) - Returning cached instance of singleton bean &apos;org.springframework.context.annotation.internalPersistenceAnnotationProcessor&apos;
2018-05-21 11:24:04,944 DEBUG (org.springframework.beans.factory.support.DefaultListableBeanFactory:250) - Returning cached instance of singleton bean &apos;org.springframework.context.annotation.internalPersistenceAnnotationProcessor&apos;
2018-05-21 11:24:04,944 DEBUG (org.springframework.beans.factory.support.DefaultListableBeanFactory:221) - Creating shared instance of singleton bean &apos;org.springframework.context.event.internalEventListenerProcessor&apos;
2018-05-21 11:24:04,944 DEBUG (org.springframework.beans.factory.support.DefaultListableBeanFactory:221) - Creating shared instance of singleton bean &apos;org.springframework.context.event.internalEventListenerProcessor&apos;
2018-05-21 11:24:04,944 DEBUG (org.springframework.beans.factory.support.DefaultListableBeanFactory:448) - Creating instance of bean &apos;org.springframework.context.event.internalEventListenerProcessor&apos;
2018-05-21 11:24:04,944 DEBUG (org.springframework.beans.factory.support.DefaultListableBeanFactory:448) - Creating instance of bean &apos;org.springframework.context.event.internalEventListenerProcessor&apos;
2018-05-21 11:24:04,946 DEBUG (org.springframework.beans.factory.support.DefaultListableBeanFactory:529) - Eagerly caching bean &apos;org.springframework.context.event.internalEventListenerProcessor&apos; to allow for resolving potential circular references
2018-05-21 11:24:04,946 DEBUG (org.springframework.beans.factory.support.DefaultListableBeanFactory:529) - Eagerly caching bean &apos;org.springframework.context.event.internalEventListenerProcessor&apos; to allow for resolving potential circular references
2018-05-21 11:24:04,948 DEBUG (org.springframework.beans.factory.support.DefaultListableBeanFactory:484) - Finished creating instance of bean &apos;org.springframework.context.event.internalEventListenerProcessor&apos;
2018-05-21 11:24:04,948 DEBUG (org.springframework.beans.factory.support.DefaultListableBeanFactory:484) - Finished creating instance of bean &apos;org.springframework.context.event.internalEventListenerProcessor&apos;
2018-05-21 11:24:04,949 DEBUG (org.springframework.beans.factory.support.DefaultListableBeanFactory:221) - Creating shared instance of singleton bean &apos;org.springframework.context.event.internalEventListenerFactory&apos;
2018-05-21 11:24:04,949 DEBUG (org.springframework.beans.factory.support.DefaultListableBeanFactory:221) - Creating shared instance of singleton bean &apos;org.springframework.context.event.internalEventListenerFactory&apos;
2018-05-21 11:24:04,949 DEBUG (org.springframework.beans.factory.support.DefaultListableBeanFactory:448) - Creating instance of bean &apos;org.springframework.context.event.internalEventListenerFactory&apos;
2018-05-21 11:24:04,949 DEBUG (org.springframework.beans.factory.support.DefaultListableBeanFactory:448) - Creating instance of bean &apos;org.springframework.context.event.internalEventListenerFactory&apos;
2018-05-21 11:24:04,950 DEBUG (org.springframework.beans.factory.support.DefaultListableBeanFactory:529) - Eagerly caching bean &apos;org.springframework.context.event.internalEventListenerFactory&apos; to allow for resolving potential circular references
2018-05-21 11:24:04,950 DEBUG (org.springframework.beans.factory.support.DefaultListableBeanFactory:529) - Eagerly caching bean &apos;org.springframework.context.event.internalEventListenerFactory&apos; to allow for resolving potential circular references
2018-05-21 11:24:04,952 DEBUG (org.springframework.beans.factory.support.DefaultListableBeanFactory:484) - Finished creating instance of bean &apos;org.springframework.context.event.internalEventListenerFactory&apos;
2018-05-21 11:24:04,952 DEBUG (org.springframework.beans.factory.support.DefaultListableBeanFactory:484) - Finished creating instance of bean &apos;org.springframework.context.event.internalEventListenerFactory&apos;
2018-05-21 11:24:04,952 DEBUG (org.springframework.beans.factory.support.DefaultListableBeanFactory:250) - Returning cached instance of singleton bean &apos;org.springframework.context.support.PropertySourcesPlaceholderConfigurer#0&apos;
2018-05-21 11:24:04,952 DEBUG (org.springframework.beans.factory.support.DefaultListableBeanFactory:250) - Returning cached instance of singleton bean &apos;org.springframework.context.support.PropertySourcesPlaceholderConfigurer#0&apos;
2018-05-21 11:24:04,952 DEBUG (org.springframework.beans.factory.support.DefaultListableBeanFactory:250) - Returning cached instance of singleton bean &apos;dataSource&apos;
2018-05-21 11:24:04,952 DEBUG (org.springframework.beans.factory.support.DefaultListableBeanFactory:250) - Returning cached instance of singleton bean &apos;dataSource&apos;
2018-05-21 11:24:04,953 DEBUG (org.springframework.beans.factory.support.DefaultListableBeanFactory:250) - Returning cached instance of singleton bean &apos;sessionFactory&apos;
2018-05-21 11:24:04,953 DEBUG (org.springframework.beans.factory.support.DefaultListableBeanFactory:250) - Returning cached instance of singleton bean &apos;sessionFactory&apos;
2018-05-21 11:24:04,953 DEBUG (org.springframework.beans.factory.support.DefaultListableBeanFactory:250) - Returning cached instance of singleton bean &apos;hibernateTemplate&apos;
2018-05-21 11:24:04,953 DEBUG (org.springframework.beans.factory.support.DefaultListableBeanFactory:250) - Returning cached instance of singleton bean &apos;hibernateTemplate&apos;
2018-05-21 11:24:04,953 DEBUG (org.springframework.beans.factory.support.DefaultListableBeanFactory:250) - Returning cached instance of singleton bean &apos;org.springframework.context.annotation.ConfigurationClassPostProcessor.importAwareProcessor&apos;
2018-05-21 11:24:04,953 DEBUG (org.springframework.beans.factory.support.DefaultListableBeanFactory:250) - Returning cached instance of singleton bean &apos;org.springframework.context.annotation.ConfigurationClassPostProcessor.importAwareProcessor&apos;
2018-05-21 11:24:04,953 DEBUG (org.springframework.beans.factory.support.DefaultListableBeanFactory:250) - Returning cached instance of singleton bean &apos;org.springframework.context.annotation.ConfigurationClassPostProcessor.enhancedConfigurationProcessor&apos;
2018-05-21 11:24:04,953 DEBUG (org.springframework.beans.factory.support.DefaultListableBeanFactory:250) - Returning cached instance of singleton bean &apos;org.springframework.context.annotation.ConfigurationClassPostProcessor.enhancedConfigurationProcessor&apos;
2018-05-21 11:24:04,954 DEBUG (org.springframework.beans.factory.support.DefaultListableBeanFactory:250) - Returning cached instance of singleton bean &apos;org.springframework.context.event.internalEventListenerFactory&apos;
2018-05-21 11:24:04,954 DEBUG (org.springframework.beans.factory.support.DefaultListableBeanFactory:250) - Returning cached instance of singleton bean &apos;org.springframework.context.event.internalEventListenerFactory&apos;
2018-05-21 11:24:04,996 DEBUG (org.springframework.context.support.ClassPathXmlApplicationContext:765) - Unable to locate LifecycleProcessor with name &apos;lifecycleProcessor&apos;: using default [org.springframework.context.support.DefaultLifecycleProcessor@e27ba81]
2018-05-21 11:24:04,996 DEBUG (org.springframework.context.support.ClassPathXmlApplicationContext:765) - Unable to locate LifecycleProcessor with name &apos;lifecycleProcessor&apos;: using default [org.springframework.context.support.DefaultLifecycleProcessor@e27ba81]
2018-05-21 11:24:04,996 DEBUG (org.springframework.beans.factory.support.DefaultListableBeanFactory:250) - Returning cached instance of singleton bean &apos;lifecycleProcessor&apos;
2018-05-21 11:24:04,996 DEBUG (org.springframework.beans.factory.support.DefaultListableBeanFactory:250) - Returning cached instance of singleton bean &apos;lifecycleProcessor&apos;
2018-05-21 11:24:04,998 DEBUG (org.springframework.core.env.PropertySourcesPropertyResolver:81) - Searching for key &apos;spring.liveBeansView.mbeanDomain&apos; in [systemProperties]
2018-05-21 11:24:04,998 DEBUG (org.springframework.core.env.PropertySourcesPropertyResolver:81) - Searching for key &apos;spring.liveBeansView.mbeanDomain&apos; in [systemProperties]
2018-05-21 11:24:04,999 DEBUG (org.springframework.core.env.PropertySourcesPropertyResolver:81) - Searching for key &apos;spring.liveBeansView.mbeanDomain&apos; in [systemEnvironment]
2018-05-21 11:24:04,999 DEBUG (org.springframework.core.env.PropertySourcesPropertyResolver:81) - Searching for key &apos;spring.liveBeansView.mbeanDomain&apos; in [systemEnvironment]
2018-05-21 11:24:04,999 DEBUG (org.springframework.core.env.PropertySourcesPropertyResolver:103) - Could not find key &apos;spring.liveBeansView.mbeanDomain&apos; in any property source. Returning [null]
2018-05-21 11:24:04,999 DEBUG (org.springframework.core.env.PropertySourcesPropertyResolver:103) - Could not find key &apos;spring.liveBeansView.mbeanDomain&apos; in any property source. Returning [null]
2018-05-21 11:24:05,001 DEBUG (org.springframework.beans.factory.support.DefaultListableBeanFactory:250) - Returning cached instance of singleton bean &apos;boardDao&apos;
2018-05-21 11:24:05,001 DEBUG (org.springframework.beans.factory.support.DefaultListableBeanFactory:250) - Returning cached instance of singleton bean &apos;boardDao&apos;
2018-05-21 11:24:05,023 DEBUG (org.springframework.orm.hibernate4.HibernateTemplate:329) - Could not retrieve pre-bound Hibernate session
org.hibernate.HibernateException: Could not obtain transaction-synchronized Session for current thread
	at org.springframework.orm.hibernate4.SpringSessionContext.currentSession(SpringSessionContext.java:134)
	at org.hibernate.internal.SessionFactoryImpl.getCurrentSession(SessionFactoryImpl.java:980)
	at org.springframework.orm.hibernate4.HibernateTemplate.doExecute(HibernateTemplate.java:326)
	at org.springframework.orm.hibernate4.HibernateTemplate.executeWithNativeSession(HibernateTemplate.java:309)
	at org.springframework.orm.hibernate4.HibernateTemplate.save(HibernateTemplate.java:618)
	at com.dao.BaseDao.save(BaseDao.java:64)
	at com.BoardTest.test(BoardTest.java:19)
	at sun.reflect.NativeMethodAccessorImpl.invoke0(Native Method)
	at sun.reflect.NativeMethodAccessorImpl.invoke(NativeMethodAccessorImpl.java:62)
	at sun.reflect.DelegatingMethodAccessorImpl.invoke(DelegatingMethodAccessorImpl.java:43)
	at java.lang.reflect.Method.invoke(Method.java:498)
	at org.testng.internal.MethodHelper.invokeMethod(MethodHelper.java:580)
	at org.testng.internal.Invoker.invokeMethod(Invoker.java:478)
	at org.testng.internal.Invoker.invokeTestMethod(Invoker.java:617)
	at org.testng.internal.Invoker.invokeTestMethods(Invoker.java:885)
	at org.testng.internal.TestMethodWorker.invokeTestMethods(TestMethodWorker.java:126)
	at org.testng.internal.TestMethodWorker.run(TestMethodWorker.java:110)
	at org.testng.TestRunner.runWorkers(TestRunner.java:712)
	at org.testng.TestRunner.privateRun(TestRunner.java:582)
	at org.testng.TestRunner.run(TestRunner.java:477)
	at org.testng.SuiteRunner.runTest(SuiteRunner.java:324)
	at org.testng.SuiteRunner.runSequentially(SuiteRunner.java:319)
	at org.testng.SuiteRunner.privateRun(SuiteRunner.java:292)
	at org.testng.SuiteRunner.run(SuiteRunner.java:198)
	at org.testng.TestNG.createAndRunSuiteRunners(TestNG.java:821)
	at org.testng.TestNG.runSuitesLocally(TestNG.java:788)
	at org.testng.TestNG.run(TestNG.java:708)
	at org.apache.maven.surefire.testng.TestNGExecutor.run(TestNGExecutor.java:60)
	at org.apache.maven.surefire.testng.TestNGDirectoryTestSuite.execute(TestNGDirectoryTestSuite.java:106)
	at org.apache.maven.surefire.testng.TestNGProvider.invoke(TestNGProvider.java:111)
	at sun.reflect.NativeMethodAccessorImpl.invoke0(Native Method)
	at sun.reflect.NativeMethodAccessorImpl.invoke(NativeMethodAccessorImpl.java:62)
	at sun.reflect.DelegatingMethodAccessorImpl.invoke(DelegatingMethodAccessorImpl.java:43)
	at java.lang.reflect.Method.invoke(Method.java:498)
	at org.apache.maven.surefire.booter.ProviderFactory$ClassLoaderProxy.invoke(ProviderFactory.java:103)
	at com.sun.proxy.$Proxy0.invoke(Unknown Source)
	at org.apache.maven.surefire.booter.SurefireStarter.invokeProvider(SurefireStarter.java:150)
	at org.apache.maven.surefire.booter.SurefireStarter.runSuitesInProcess(SurefireStarter.java:91)
	at org.apache.maven.surefire.booter.ForkedBooter.main(ForkedBooter.java:69)
2018-05-21 11:24:05,023 DEBUG (org.springframework.orm.hibernate4.HibernateTemplate:329) - Could not retrieve pre-bound Hibernate session
org.hibernate.HibernateException: Could not obtain transaction-synchronized Session for current thread
	at org.springframework.orm.hibernate4.SpringSessionContext.currentSession(SpringSessionContext.java:134)
	at org.hibernate.internal.SessionFactoryImpl.getCurrentSession(SessionFactoryImpl.java:980)
	at org.springframework.orm.hibernate4.HibernateTemplate.doExecute(HibernateTemplate.java:326)
	at org.springframework.orm.hibernate4.HibernateTemplate.executeWithNativeSession(HibernateTemplate.java:309)
	at org.springframework.orm.hibernate4.HibernateTemplate.save(HibernateTemplate.java:618)
	at com.dao.BaseDao.save(BaseDao.java:64)
	at com.BoardTest.test(BoardTest.java:19)
	at sun.reflect.NativeMethodAccessorImpl.invoke0(Native Method)
	at sun.reflect.NativeMethodAccessorImpl.invoke(NativeMethodAccessorImpl.java:62)
	at sun.reflect.DelegatingMethodAccessorImpl.invoke(DelegatingMethodAccessorImpl.java:43)
	at java.lang.reflect.Method.invoke(Method.java:498)
	at org.testng.internal.MethodHelper.invokeMethod(MethodHelper.java:580)
	at org.testng.internal.Invoker.invokeMethod(Invoker.java:478)
	at org.testng.internal.Invoker.invokeTestMethod(Invoker.java:617)
	at org.testng.internal.Invoker.invokeTestMethods(Invoker.java:885)
	at org.testng.internal.TestMethodWorker.invokeTestMethods(TestMethodWorker.java:126)
	at org.testng.internal.TestMethodWorker.run(TestMethodWorker.java:110)
	at org.testng.TestRunner.runWorkers(TestRunner.java:712)
	at org.testng.TestRunner.privateRun(TestRunner.java:582)
	at org.testng.TestRunner.run(TestRunner.java:477)
	at org.testng.SuiteRunner.runTest(SuiteRunner.java:324)
	at org.testng.SuiteRunner.runSequentially(SuiteRunner.java:319)
	at org.testng.SuiteRunner.privateRun(SuiteRunner.java:292)
	at org.testng.SuiteRunner.run(SuiteRunner.java:198)
	at org.testng.TestNG.createAndRunSuiteRunners(TestNG.java:821)
	at org.testng.TestNG.runSuitesLocally(TestNG.java:788)
	at org.testng.TestNG.run(TestNG.java:708)
	at org.apache.maven.surefire.testng.TestNGExecutor.run(TestNGExecutor.java:60)
	at org.apache.maven.surefire.testng.TestNGDirectoryTestSuite.execute(TestNGDirectoryTestSuite.java:106)
	at org.apache.maven.surefire.testng.TestNGProvider.invoke(TestNGProvider.java:111)
	at sun.reflect.NativeMethodAccessorImpl.invoke0(Native Method)
	at sun.reflect.NativeMethodAccessorImpl.invoke(NativeMethodAccessorImpl.java:62)
	at sun.reflect.DelegatingMethodAccessorImpl.invoke(DelegatingMethodAccessorImpl.java:43)
	at java.lang.reflect.Method.invoke(Method.java:498)
	at org.apache.maven.surefire.booter.ProviderFactory$ClassLoaderProxy.invoke(ProviderFactory.java:103)
	at com.sun.proxy.$Proxy0.invoke(Unknown Source)
	at org.apache.maven.surefire.booter.SurefireStarter.invokeProvider(SurefireStarter.java:150)
	at org.apache.maven.surefire.booter.SurefireStarter.runSuitesInProcess(SurefireStarter.java:91)
	at org.apache.maven.surefire.booter.ForkedBooter.main(ForkedBooter.java:69)
</system-out>
    <system-err>SLF4J: Class path contains multiple SLF4J bindings.
SLF4J: Found binding in [jar:file:/opt/apache-maven-3.5.3/localRepository/org/slf4j/slf4j-log4j12/1.7.5/slf4j-log4j12-1.7.5.jar!/org/slf4j/impl/StaticLoggerBinder.class]
SLF4J: Found binding in [jar:file:/opt/apache-maven-3.5.3/localRepository/org/slf4j/slf4j-nop/1.6.4/slf4j-nop-1.6.4.jar!/org/slf4j/impl/StaticLoggerBinder.class]
SLF4J: See http://www.slf4j.org/codes.html#multiple_bindings for an explanation.
SLF4J: Actual binding is of type [org.slf4j.impl.Log4jLoggerFactory]
</system-err>
  </testcase>
</testsuite>