<?xml version="1.0" encoding="UTF-8" ?>
<testsuite tests="15" failures="4" name="TestSuite" time="8.421" errors="0" skipped="0">
  <properties>
    <property name="jboss.i18n.generate-proxies" value="true"/>
    <property name="idea.version" value="2017.3.3"/>
    <property name="java.runtime.name" value="OpenJDK Runtime Environment"/>
    <property name="sun.boot.library.path" value="/usr/lib/jvm/java-8-openjdk-amd64/jre/lib/amd64"/>
    <property name="java.vm.version" value="25.171-b11"/>
    <property name="java.vm.vendor" value="Oracle Corporation"/>
    <property name="java.vendor.url" value="http://java.oracle.com/"/>
    <property name="path.separator" value=":"/>
    <property name="java.vm.name" value="OpenJDK 64-Bit Server VM"/>
    <property name="file.encoding.pkg" value="sun.io"/>
    <property name="user.country" value="CN"/>
    <property name="sun.java.launcher" value="SUN_STANDARD"/>
    <property name="sun.os.patch.level" value="unknown"/>
    <property name="java.vm.specification.name" value="Java Virtual Machine Specification"/>
    <property name="user.dir" value="/home/watermelon/JavaWebDemo/ThisIsUsCommunity"/>
    <property name="java.runtime.version" value="1.8.0_171-8u171-b11-0ubuntu0.16.04.1-b11"/>
    <property name="java.awt.graphicsenv" value="sun.awt.X11GraphicsEnvironment"/>
    <property name="basedir" value="/home/watermelon/JavaWebDemo/ThisIsUsCommunity"/>
    <property name="java.endorsed.dirs" value="/usr/lib/jvm/java-8-openjdk-amd64/jre/lib/endorsed"/>
    <property name="os.arch" value="amd64"/>
    <property name="surefire.real.class.path" value="/home/watermelon/JavaWebDemo/ThisIsUsCommunity/target/surefire/surefirebooter8168710287281894138.jar"/>
    <property name="java.io.tmpdir" value="/tmp"/>
    <property name="line.separator" value="
"/>
    <property name="java.vm.specification.vendor" value="Oracle Corporation"/>
    <property name="os.name" value="Linux"/>
    <property name="sun.jnu.encoding" value="UTF-8"/>
    <property name="java.library.path" value="/usr/java/packages/lib/amd64:/usr/lib/x86_64-linux-gnu/jni:/lib/x86_64-linux-gnu:/usr/lib/x86_64-linux-gnu:/usr/lib/jni:/lib:/usr/lib"/>
    <property name="surefire.test.class.path" value="/home/watermelon/JavaWebDemo/ThisIsUsCommunity/target/test-classes:/home/watermelon/JavaWebDemo/ThisIsUsCommunity/target/classes:/opt/apache-maven-3.5.3/localRepository/org/springframework/spring-oxm/4.2.2.RELEASE/spring-oxm-4.2.2.RELEASE.jar:/opt/apache-maven-3.5.3/localRepository/org/springframework/spring-core/4.2.2.RELEASE/spring-core-4.2.2.RELEASE.jar:/opt/apache-maven-3.5.3/localRepository/org/springframework/spring-orm/4.2.2.RELEASE/spring-orm-4.2.2.RELEASE.jar:/opt/apache-maven-3.5.3/localRepository/org/springframework/spring-tx/4.2.2.RELEASE/spring-tx-4.2.2.RELEASE.jar:/opt/apache-maven-3.5.3/localRepository/org/springframework/spring-test/4.2.2.RELEASE/spring-test-4.2.2.RELEASE.jar:/opt/apache-maven-3.5.3/localRepository/org/springframework/spring-webmvc/4.2.2.RELEASE/spring-webmvc-4.2.2.RELEASE.jar:/opt/apache-maven-3.5.3/localRepository/org/springframework/spring-expression/4.2.2.RELEASE/spring-expression-4.2.2.RELEASE.jar:/opt/apache-maven-3.5.3/localRepository/org/springframework/spring-context/4.2.2.RELEASE/spring-context-4.2.2.RELEASE.jar:/opt/apache-maven-3.5.3/localRepository/org/springframework/spring-aop/4.2.2.RELEASE/spring-aop-4.2.2.RELEASE.jar:/opt/apache-maven-3.5.3/localRepository/org/springframework/spring-web/4.2.2.RELEASE/spring-web-4.2.2.RELEASE.jar:/opt/apache-maven-3.5.3/localRepository/org/springframework/spring-websocket/4.2.2.RELEASE/spring-websocket-4.2.2.RELEASE.jar:/opt/apache-maven-3.5.3/localRepository/org/springframework/spring-context-support/4.2.2.RELEASE/spring-context-support-4.2.2.RELEASE.jar:/opt/apache-maven-3.5.3/localRepository/org/springframework/spring-beans/4.2.2.RELEASE/spring-beans-4.2.2.RELEASE.jar:/opt/apache-maven-3.5.3/localRepository/org/springframework/spring-jdbc/4.2.2.RELEASE/spring-jdbc-4.2.2.RELEASE.jar:/opt/apache-maven-3.5.3/localRepository/xml-apis/xml-apis/1.4.01/xml-apis-1.4.01.jar:/opt/apache-maven-3.5.3/localRepository/commons-lang/commons-lang/2.2/commons-lang-2.2.jar:/opt/apache-maven-3.5.3/localRepository/commons-fileupload/commons-fileupload/1.3.1/commons-fileupload-1.3.1.jar:/opt/apache-maven-3.5.3/localRepository/commons-io/commons-io/2.2/commons-io-2.2.jar:/opt/apache-maven-3.5.3/localRepository/commons-dbcp/commons-dbcp/1.4/commons-dbcp-1.4.jar:/opt/apache-maven-3.5.3/localRepository/commons-pool/commons-pool/1.5.4/commons-pool-1.5.4.jar:/opt/apache-maven-3.5.3/localRepository/org/hibernate/hibernate-core/4.2.0.Final/hibernate-core-4.2.0.Final.jar:/opt/apache-maven-3.5.3/localRepository/antlr/antlr/2.7.7/antlr-2.7.7.jar:/opt/apache-maven-3.5.3/localRepository/org/jboss/logging/jboss-logging/3.1.0.GA/jboss-logging-3.1.0.GA.jar:/opt/apache-maven-3.5.3/localRepository/org/jboss/spec/javax/transaction/jboss-transaction-api_1.1_spec/1.0.0.Final/jboss-transaction-api_1.1_spec-1.0.0.Final.jar:/opt/apache-maven-3.5.3/localRepository/dom4j/dom4j/1.6.1/dom4j-1.6.1.jar:/opt/apache-maven-3.5.3/localRepository/org/javassist/javassist/3.15.0-GA/javassist-3.15.0-GA.jar:/opt/apache-maven-3.5.3/localRepository/org/hibernate/common/hibernate-commons-annotations/4.0.1.Final/hibernate-commons-annotations-4.0.1.Final.jar:/opt/apache-maven-3.5.3/localRepository/org/hibernate/hibernate-ehcache/4.2.0.Final/hibernate-ehcache-4.2.0.Final.jar:/opt/apache-maven-3.5.3/localRepository/org/hibernate/javax/persistence/hibernate-jpa-2.0-api/1.0.1.Final/hibernate-jpa-2.0-api-1.0.1.Final.jar:/opt/apache-maven-3.5.3/localRepository/javax/servlet/servlet-api/3.0-alpha-1/servlet-api-3.0-alpha-1.jar:/opt/apache-maven-3.5.3/localRepository/javax/servlet/javax.servlet-api/3.1.0/javax.servlet-api-3.1.0.jar:/opt/apache-maven-3.5.3/localRepository/mysql/mysql-connector-java/5.1.29/mysql-connector-java-5.1.29.jar:/opt/apache-maven-3.5.3/localRepository/commons-beanutils/commons-beanutils/1.9.1/commons-beanutils-1.9.1.jar:/opt/apache-maven-3.5.3/localRepository/commons-logging/commons-logging/1.1.1/commons-logging-1.1.1.jar:/opt/apache-maven-3.5.3/localRepository/commons-collections/commons-collections/3.2.1/commons-collections-3.2.1.jar:/opt/apache-maven-3.5.3/localRepository/org/slf4j/slf4j-api/1.7.5/slf4j-api-1.7.5.jar:/opt/apache-maven-3.5.3/localRepository/org/slf4j/slf4j-log4j12/1.7.5/slf4j-log4j12-1.7.5.jar:/opt/apache-maven-3.5.3/localRepository/log4j/log4j/1.2.17/log4j-1.2.17.jar:/opt/apache-maven-3.5.3/localRepository/net/sf/ehcache/ehcache-core/2.4.3/ehcache-core-2.4.3.jar:/opt/apache-maven-3.5.3/localRepository/org/mockito/mockito-all/1.10.19/mockito-all-1.10.19.jar:/opt/apache-maven-3.5.3/localRepository/org/testng/testng/6.8.7/testng-6.8.7.jar:/opt/apache-maven-3.5.3/localRepository/junit/junit/4.10/junit-4.10.jar:/opt/apache-maven-3.5.3/localRepository/org/hamcrest/hamcrest-core/1.1/hamcrest-core-1.1.jar:/opt/apache-maven-3.5.3/localRepository/org/beanshell/bsh/2.0b4/bsh-2.0b4.jar:/opt/apache-maven-3.5.3/localRepository/com/beust/jcommander/1.27/jcommander-1.27.jar:/opt/apache-maven-3.5.3/localRepository/org/yaml/snakeyaml/1.12/snakeyaml-1.12.jar:/opt/apache-maven-3.5.3/localRepository/org/unitils/unitils-core/3.4.2/unitils-core-3.4.2.jar:/opt/apache-maven-3.5.3/localRepository/ognl/ognl/2.6.9/ognl-2.6.9.jar:/opt/apache-maven-3.5.3/localRepository/org/unitils/unitils-testng/3.4.2/unitils-testng-3.4.2.jar:/opt/apache-maven-3.5.3/localRepository/org/testng/testng/5.8/testng-5.8-jdk15.jar:/opt/apache-maven-3.5.3/localRepository/org/unitils/unitils-spring/3.4.2/unitils-spring-3.4.2.jar:/opt/apache-maven-3.5.3/localRepository/org/unitils/unitils-orm/3.4.2/unitils-orm-3.4.2.jar:/opt/apache-maven-3.5.3/localRepository/javax/persistence/persistence-api/1.0/persistence-api-1.0.jar:/opt/apache-maven-3.5.3/localRepository/org/unitils/unitils-database/3.4.2/unitils-database-3.4.2.jar:/opt/apache-maven-3.5.3/localRepository/org/unitils/unitils-dbmaintainer/3.4.2/unitils-dbmaintainer-3.4.2.jar:/opt/apache-maven-3.5.3/localRepository/org/hibernate/hibernate/3.2.5.ga/hibernate-3.2.5.ga.jar:/opt/apache-maven-3.5.3/localRepository/net/sf/ehcache/ehcache/1.2.3/ehcache-1.2.3.jar:/opt/apache-maven-3.5.3/localRepository/asm/asm-attrs/1.5.3/asm-attrs-1.5.3.jar:/opt/apache-maven-3.5.3/localRepository/cglib/cglib/2.1_3/cglib-2.1_3.jar:/opt/apache-maven-3.5.3/localRepository/asm/asm/1.5.3/asm-1.5.3.jar:/opt/apache-maven-3.5.3/localRepository/org/slf4j/slf4j-nop/1.6.4/slf4j-nop-1.6.4.jar:/opt/apache-maven-3.5.3/localRepository/org/unitils/unitils-dbunit/3.4.2/unitils-dbunit-3.4.2.jar:/opt/apache-maven-3.5.3/localRepository/xmlunit/xmlunit/1.2/xmlunit-1.2.jar:/opt/apache-maven-3.5.3/localRepository/org/aspectj/aspectjrt/1.8.1/aspectjrt-1.8.1.jar:/opt/apache-maven-3.5.3/localRepository/org/aspectj/aspectjweaver/1.8.1/aspectjweaver-1.8.1.jar:/opt/apache-maven-3.5.3/localRepository/aopalliance/aopalliance/1.0/aopalliance-1.0.jar:/opt/apache-maven-3.5.3/localRepository/org/apache/poi/poi/3.9/poi-3.9.jar:/opt/apache-maven-3.5.3/localRepository/commons-codec/commons-codec/1.5/commons-codec-1.5.jar:/opt/apache-maven-3.5.3/localRepository/javassist/javassist/3.6.0.GA/javassist-3.6.0.GA.jar:/opt/apache-maven-3.5.3/localRepository/org/seleniumhq/selenium/selenium-chrome-driver/2.41.0/selenium-chrome-driver-2.41.0.jar:/opt/apache-maven-3.5.3/localRepository/org/seleniumhq/selenium/selenium-remote-driver/2.41.0/selenium-remote-driver-2.41.0.jar:/opt/apache-maven-3.5.3/localRepository/cglib/cglib-nodep/2.1_3/cglib-nodep-2.1_3.jar:/opt/apache-maven-3.5.3/localRepository/net/java/dev/jna/jna/3.4.0/jna-3.4.0.jar:/opt/apache-maven-3.5.3/localRepository/net/java/dev/jna/platform/3.4.0/platform-3.4.0.jar:/opt/apache-maven-3.5.3/localRepository/org/seleniumhq/selenium/selenium-firefox-driver/2.41.0/selenium-firefox-driver-2.41.0.jar:/opt/apache-maven-3.5.3/localRepository/org/apache/commons/commons-exec/1.1/commons-exec-1.1.jar:/opt/apache-maven-3.5.3/localRepository/com/opera/operadriver/0.8.1/operadriver-0.8.1.jar:/opt/apache-maven-3.5.3/localRepository/com/opera/operalaunchers/0.3/operalaunchers-0.3.jar:/opt/apache-maven-3.5.3/localRepository/com/google/protobuf/protobuf-java/2.4.1/protobuf-java-2.4.1.jar:/opt/apache-maven-3.5.3/localRepository/com/google/guava/guava/10.0.1/guava-10.0.1.jar:/opt/apache-maven-3.5.3/localRepository/com/google/code/findbugs/jsr305/1.3.9/jsr305-1.3.9.jar:/opt/apache-maven-3.5.3/localRepository/commons-jxpath/commons-jxpath/1.3/commons-jxpath-1.3.jar:/opt/apache-maven-3.5.3/localRepository/org/dbunit/dbunit/2.5.1/dbunit-2.5.1.jar:/opt/apache-maven-3.5.3/localRepository/org/apache/poi/poi-ooxml/3.11/poi-ooxml-3.11.jar:/opt/apache-maven-3.5.3/localRepository/org/apache/poi/poi-ooxml-schemas/3.11/poi-ooxml-schemas-3.11.jar:/opt/apache-maven-3.5.3/localRepository/org/apache/xmlbeans/xmlbeans/2.6.0/xmlbeans-2.6.0.jar:/opt/apache-maven-3.5.3/localRepository/stax/stax-api/1.0.1/stax-api-1.0.1.jar:/opt/apache-maven-3.5.3/localRepository/org/seleniumhq/selenium/selenium-api/2.41.0/selenium-api-2.41.0.jar:/opt/apache-maven-3.5.3/localRepository/org/json/json/20080701/json-20080701.jar:/opt/apache-maven-3.5.3/localRepository/org/seleniumhq/selenium/selenium-htmlunit-driver/2.41.0/selenium-htmlunit-driver-2.41.0.jar:/opt/apache-maven-3.5.3/localRepository/net/sourceforge/htmlunit/htmlunit/2.13/htmlunit-2.13.jar:/opt/apache-maven-3.5.3/localRepository/xalan/xalan/2.7.1/xalan-2.7.1.jar:/opt/apache-maven-3.5.3/localRepository/xalan/serializer/2.7.1/serializer-2.7.1.jar:/opt/apache-maven-3.5.3/localRepository/org/apache/commons/commons-lang3/3.1/commons-lang3-3.1.jar:/opt/apache-maven-3.5.3/localRepository/org/apache/httpcomponents/httpmime/4.3.1/httpmime-4.3.1.jar:/opt/apache-maven-3.5.3/localRepository/net/sourceforge/htmlunit/htmlunit-core-js/2.13/htmlunit-core-js-2.13.jar:/opt/apache-maven-3.5.3/localRepository/xerces/xercesImpl/2.11.0/xercesImpl-2.11.0.jar:/opt/apache-maven-3.5.3/localRepository/net/sourceforge/nekohtml/nekohtml/1.9.19/nekohtml-1.9.19.jar:/opt/apache-maven-3.5.3/localRepository/net/sourceforge/cssparser/cssparser/0.9.11/cssparser-0.9.11.jar:/opt/apache-maven-3.5.3/localRepository/org/w3c/css/sac/1.3/sac-1.3.jar:/opt/apache-maven-3.5.3/localRepository/org/eclipse/jetty/jetty-websocket/8.1.12.v20130726/jetty-websocket-8.1.12.v20130726.jar:/opt/apache-maven-3.5.3/localRepository/org/eclipse/jetty/jetty-util/8.1.12.v20130726/jetty-util-8.1.12.v20130726.jar:/opt/apache-maven-3.5.3/localRepository/org/eclipse/jetty/jetty-io/8.1.12.v20130726/jetty-io-8.1.12.v20130726.jar:/opt/apache-maven-3.5.3/localRepository/org/eclipse/jetty/jetty-http/8.1.12.v20130726/jetty-http-8.1.12.v20130726.jar:/opt/apache-maven-3.5.3/localRepository/org/apache/httpcomponents/httpclient/4.3.1/httpclient-4.3.1.jar:/opt/apache-maven-3.5.3/localRepository/org/apache/httpcomponents/httpcore/4.3/httpcore-4.3.jar:/opt/apache-maven-3.5.3/localRepository/org/hamcrest/hamcrest-all/1.3/hamcrest-all-1.3.jar:/opt/apache-maven-3.5.3/localRepository/jstl/jstl/1.2/jstl-1.2.jar:/opt/apache-maven-3.5.3/localRepository/taglibs/standard/1.1.2/standard-1.1.2.jar:"/>
    <property name="java.specification.name" value="Java Platform API Specification"/>
    <property name="java.class.version" value="52.0"/>
    <property name="sun.management.compiler" value="HotSpot 64-Bit Tiered Compilers"/>
    <property name="maven.repo.local" value="/opt/apache-maven-3.5.3/localRepository"/>
    <property name="os.version" value="4.13.0-43-generic"/>
    <property name="user.home" value="/home/watermelon"/>
    <property name="user.timezone" value="Asia/Shanghai"/>
    <property name="java.awt.printerjob" value="sun.print.PSPrinterJob"/>
    <property name="java.specification.version" value="1.8"/>
    <property name="file.encoding" value="UTF-8"/>
    <property name="user.name" value="watermelon"/>
    <property name="java.class.path" value="/home/watermelon/JavaWebDemo/ThisIsUsCommunity/target/test-classes:/home/watermelon/JavaWebDemo/ThisIsUsCommunity/target/classes:/opt/apache-maven-3.5.3/localRepository/org/springframework/spring-oxm/4.2.2.RELEASE/spring-oxm-4.2.2.RELEASE.jar:/opt/apache-maven-3.5.3/localRepository/org/springframework/spring-core/4.2.2.RELEASE/spring-core-4.2.2.RELEASE.jar:/opt/apache-maven-3.5.3/localRepository/org/springframework/spring-orm/4.2.2.RELEASE/spring-orm-4.2.2.RELEASE.jar:/opt/apache-maven-3.5.3/localRepository/org/springframework/spring-tx/4.2.2.RELEASE/spring-tx-4.2.2.RELEASE.jar:/opt/apache-maven-3.5.3/localRepository/org/springframework/spring-test/4.2.2.RELEASE/spring-test-4.2.2.RELEASE.jar:/opt/apache-maven-3.5.3/localRepository/org/springframework/spring-webmvc/4.2.2.RELEASE/spring-webmvc-4.2.2.RELEASE.jar:/opt/apache-maven-3.5.3/localRepository/org/springframework/spring-expression/4.2.2.RELEASE/spring-expression-4.2.2.RELEASE.jar:/opt/apache-maven-3.5.3/localRepository/org/springframework/spring-context/4.2.2.RELEASE/spring-context-4.2.2.RELEASE.jar:/opt/apache-maven-3.5.3/localRepository/org/springframework/spring-aop/4.2.2.RELEASE/spring-aop-4.2.2.RELEASE.jar:/opt/apache-maven-3.5.3/localRepository/org/springframework/spring-web/4.2.2.RELEASE/spring-web-4.2.2.RELEASE.jar:/opt/apache-maven-3.5.3/localRepository/org/springframework/spring-websocket/4.2.2.RELEASE/spring-websocket-4.2.2.RELEASE.jar:/opt/apache-maven-3.5.3/localRepository/org/springframework/spring-context-support/4.2.2.RELEASE/spring-context-support-4.2.2.RELEASE.jar:/opt/apache-maven-3.5.3/localRepository/org/springframework/spring-beans/4.2.2.RELEASE/spring-beans-4.2.2.RELEASE.jar:/opt/apache-maven-3.5.3/localRepository/org/springframework/spring-jdbc/4.2.2.RELEASE/spring-jdbc-4.2.2.RELEASE.jar:/opt/apache-maven-3.5.3/localRepository/xml-apis/xml-apis/1.4.01/xml-apis-1.4.01.jar:/opt/apache-maven-3.5.3/localRepository/commons-lang/commons-lang/2.2/commons-lang-2.2.jar:/opt/apache-maven-3.5.3/localRepository/commons-fileupload/commons-fileupload/1.3.1/commons-fileupload-1.3.1.jar:/opt/apache-maven-3.5.3/localRepository/commons-io/commons-io/2.2/commons-io-2.2.jar:/opt/apache-maven-3.5.3/localRepository/commons-dbcp/commons-dbcp/1.4/commons-dbcp-1.4.jar:/opt/apache-maven-3.5.3/localRepository/commons-pool/commons-pool/1.5.4/commons-pool-1.5.4.jar:/opt/apache-maven-3.5.3/localRepository/org/hibernate/hibernate-core/4.2.0.Final/hibernate-core-4.2.0.Final.jar:/opt/apache-maven-3.5.3/localRepository/antlr/antlr/2.7.7/antlr-2.7.7.jar:/opt/apache-maven-3.5.3/localRepository/org/jboss/logging/jboss-logging/3.1.0.GA/jboss-logging-3.1.0.GA.jar:/opt/apache-maven-3.5.3/localRepository/org/jboss/spec/javax/transaction/jboss-transaction-api_1.1_spec/1.0.0.Final/jboss-transaction-api_1.1_spec-1.0.0.Final.jar:/opt/apache-maven-3.5.3/localRepository/dom4j/dom4j/1.6.1/dom4j-1.6.1.jar:/opt/apache-maven-3.5.3/localRepository/org/javassist/javassist/3.15.0-GA/javassist-3.15.0-GA.jar:/opt/apache-maven-3.5.3/localRepository/org/hibernate/common/hibernate-commons-annotations/4.0.1.Final/hibernate-commons-annotations-4.0.1.Final.jar:/opt/apache-maven-3.5.3/localRepository/org/hibernate/hibernate-ehcache/4.2.0.Final/hibernate-ehcache-4.2.0.Final.jar:/opt/apache-maven-3.5.3/localRepository/org/hibernate/javax/persistence/hibernate-jpa-2.0-api/1.0.1.Final/hibernate-jpa-2.0-api-1.0.1.Final.jar:/opt/apache-maven-3.5.3/localRepository/javax/servlet/servlet-api/3.0-alpha-1/servlet-api-3.0-alpha-1.jar:/opt/apache-maven-3.5.3/localRepository/javax/servlet/javax.servlet-api/3.1.0/javax.servlet-api-3.1.0.jar:/opt/apache-maven-3.5.3/localRepository/mysql/mysql-connector-java/5.1.29/mysql-connector-java-5.1.29.jar:/opt/apache-maven-3.5.3/localRepository/commons-beanutils/commons-beanutils/1.9.1/commons-beanutils-1.9.1.jar:/opt/apache-maven-3.5.3/localRepository/commons-logging/commons-logging/1.1.1/commons-logging-1.1.1.jar:/opt/apache-maven-3.5.3/localRepository/commons-collections/commons-collections/3.2.1/commons-collections-3.2.1.jar:/opt/apache-maven-3.5.3/localRepository/org/slf4j/slf4j-api/1.7.5/slf4j-api-1.7.5.jar:/opt/apache-maven-3.5.3/localRepository/org/slf4j/slf4j-log4j12/1.7.5/slf4j-log4j12-1.7.5.jar:/opt/apache-maven-3.5.3/localRepository/log4j/log4j/1.2.17/log4j-1.2.17.jar:/opt/apache-maven-3.5.3/localRepository/net/sf/ehcache/ehcache-core/2.4.3/ehcache-core-2.4.3.jar:/opt/apache-maven-3.5.3/localRepository/org/mockito/mockito-all/1.10.19/mockito-all-1.10.19.jar:/opt/apache-maven-3.5.3/localRepository/org/testng/testng/6.8.7/testng-6.8.7.jar:/opt/apache-maven-3.5.3/localRepository/junit/junit/4.10/junit-4.10.jar:/opt/apache-maven-3.5.3/localRepository/org/hamcrest/hamcrest-core/1.1/hamcrest-core-1.1.jar:/opt/apache-maven-3.5.3/localRepository/org/beanshell/bsh/2.0b4/bsh-2.0b4.jar:/opt/apache-maven-3.5.3/localRepository/com/beust/jcommander/1.27/jcommander-1.27.jar:/opt/apache-maven-3.5.3/localRepository/org/yaml/snakeyaml/1.12/snakeyaml-1.12.jar:/opt/apache-maven-3.5.3/localRepository/org/unitils/unitils-core/3.4.2/unitils-core-3.4.2.jar:/opt/apache-maven-3.5.3/localRepository/ognl/ognl/2.6.9/ognl-2.6.9.jar:/opt/apache-maven-3.5.3/localRepository/org/unitils/unitils-testng/3.4.2/unitils-testng-3.4.2.jar:/opt/apache-maven-3.5.3/localRepository/org/testng/testng/5.8/testng-5.8-jdk15.jar:/opt/apache-maven-3.5.3/localRepository/org/unitils/unitils-spring/3.4.2/unitils-spring-3.4.2.jar:/opt/apache-maven-3.5.3/localRepository/org/unitils/unitils-orm/3.4.2/unitils-orm-3.4.2.jar:/opt/apache-maven-3.5.3/localRepository/javax/persistence/persistence-api/1.0/persistence-api-1.0.jar:/opt/apache-maven-3.5.3/localRepository/org/unitils/unitils-database/3.4.2/unitils-database-3.4.2.jar:/opt/apache-maven-3.5.3/localRepository/org/unitils/unitils-dbmaintainer/3.4.2/unitils-dbmaintainer-3.4.2.jar:/opt/apache-maven-3.5.3/localRepository/org/hibernate/hibernate/3.2.5.ga/hibernate-3.2.5.ga.jar:/opt/apache-maven-3.5.3/localRepository/net/sf/ehcache/ehcache/1.2.3/ehcache-1.2.3.jar:/opt/apache-maven-3.5.3/localRepository/asm/asm-attrs/1.5.3/asm-attrs-1.5.3.jar:/opt/apache-maven-3.5.3/localRepository/cglib/cglib/2.1_3/cglib-2.1_3.jar:/opt/apache-maven-3.5.3/localRepository/asm/asm/1.5.3/asm-1.5.3.jar:/opt/apache-maven-3.5.3/localRepository/org/slf4j/slf4j-nop/1.6.4/slf4j-nop-1.6.4.jar:/opt/apache-maven-3.5.3/localRepository/org/unitils/unitils-dbunit/3.4.2/unitils-dbunit-3.4.2.jar:/opt/apache-maven-3.5.3/localRepository/xmlunit/xmlunit/1.2/xmlunit-1.2.jar:/opt/apache-maven-3.5.3/localRepository/org/aspectj/aspectjrt/1.8.1/aspectjrt-1.8.1.jar:/opt/apache-maven-3.5.3/localRepository/org/aspectj/aspectjweaver/1.8.1/aspectjweaver-1.8.1.jar:/opt/apache-maven-3.5.3/localRepository/aopalliance/aopalliance/1.0/aopalliance-1.0.jar:/opt/apache-maven-3.5.3/localRepository/org/apache/poi/poi/3.9/poi-3.9.jar:/opt/apache-maven-3.5.3/localRepository/commons-codec/commons-codec/1.5/commons-codec-1.5.jar:/opt/apache-maven-3.5.3/localRepository/javassist/javassist/3.6.0.GA/javassist-3.6.0.GA.jar:/opt/apache-maven-3.5.3/localRepository/org/seleniumhq/selenium/selenium-chrome-driver/2.41.0/selenium-chrome-driver-2.41.0.jar:/opt/apache-maven-3.5.3/localRepository/org/seleniumhq/selenium/selenium-remote-driver/2.41.0/selenium-remote-driver-2.41.0.jar:/opt/apache-maven-3.5.3/localRepository/cglib/cglib-nodep/2.1_3/cglib-nodep-2.1_3.jar:/opt/apache-maven-3.5.3/localRepository/net/java/dev/jna/jna/3.4.0/jna-3.4.0.jar:/opt/apache-maven-3.5.3/localRepository/net/java/dev/jna/platform/3.4.0/platform-3.4.0.jar:/opt/apache-maven-3.5.3/localRepository/org/seleniumhq/selenium/selenium-firefox-driver/2.41.0/selenium-firefox-driver-2.41.0.jar:/opt/apache-maven-3.5.3/localRepository/org/apache/commons/commons-exec/1.1/commons-exec-1.1.jar:/opt/apache-maven-3.5.3/localRepository/com/opera/operadriver/0.8.1/operadriver-0.8.1.jar:/opt/apache-maven-3.5.3/localRepository/com/opera/operalaunchers/0.3/operalaunchers-0.3.jar:/opt/apache-maven-3.5.3/localRepository/com/google/protobuf/protobuf-java/2.4.1/protobuf-java-2.4.1.jar:/opt/apache-maven-3.5.3/localRepository/com/google/guava/guava/10.0.1/guava-10.0.1.jar:/opt/apache-maven-3.5.3/localRepository/com/google/code/findbugs/jsr305/1.3.9/jsr305-1.3.9.jar:/opt/apache-maven-3.5.3/localRepository/commons-jxpath/commons-jxpath/1.3/commons-jxpath-1.3.jar:/opt/apache-maven-3.5.3/localRepository/org/dbunit/dbunit/2.5.1/dbunit-2.5.1.jar:/opt/apache-maven-3.5.3/localRepository/org/apache/poi/poi-ooxml/3.11/poi-ooxml-3.11.jar:/opt/apache-maven-3.5.3/localRepository/org/apache/poi/poi-ooxml-schemas/3.11/poi-ooxml-schemas-3.11.jar:/opt/apache-maven-3.5.3/localRepository/org/apache/xmlbeans/xmlbeans/2.6.0/xmlbeans-2.6.0.jar:/opt/apache-maven-3.5.3/localRepository/stax/stax-api/1.0.1/stax-api-1.0.1.jar:/opt/apache-maven-3.5.3/localRepository/org/seleniumhq/selenium/selenium-api/2.41.0/selenium-api-2.41.0.jar:/opt/apache-maven-3.5.3/localRepository/org/json/json/20080701/json-20080701.jar:/opt/apache-maven-3.5.3/localRepository/org/seleniumhq/selenium/selenium-htmlunit-driver/2.41.0/selenium-htmlunit-driver-2.41.0.jar:/opt/apache-maven-3.5.3/localRepository/net/sourceforge/htmlunit/htmlunit/2.13/htmlunit-2.13.jar:/opt/apache-maven-3.5.3/localRepository/xalan/xalan/2.7.1/xalan-2.7.1.jar:/opt/apache-maven-3.5.3/localRepository/xalan/serializer/2.7.1/serializer-2.7.1.jar:/opt/apache-maven-3.5.3/localRepository/org/apache/commons/commons-lang3/3.1/commons-lang3-3.1.jar:/opt/apache-maven-3.5.3/localRepository/org/apache/httpcomponents/httpmime/4.3.1/httpmime-4.3.1.jar:/opt/apache-maven-3.5.3/localRepository/net/sourceforge/htmlunit/htmlunit-core-js/2.13/htmlunit-core-js-2.13.jar:/opt/apache-maven-3.5.3/localRepository/xerces/xercesImpl/2.11.0/xercesImpl-2.11.0.jar:/opt/apache-maven-3.5.3/localRepository/net/sourceforge/nekohtml/nekohtml/1.9.19/nekohtml-1.9.19.jar:/opt/apache-maven-3.5.3/localRepository/net/sourceforge/cssparser/cssparser/0.9.11/cssparser-0.9.11.jar:/opt/apache-maven-3.5.3/localRepository/org/w3c/css/sac/1.3/sac-1.3.jar:/opt/apache-maven-3.5.3/localRepository/org/eclipse/jetty/jetty-websocket/8.1.12.v20130726/jetty-websocket-8.1.12.v20130726.jar:/opt/apache-maven-3.5.3/localRepository/org/eclipse/jetty/jetty-util/8.1.12.v20130726/jetty-util-8.1.12.v20130726.jar:/opt/apache-maven-3.5.3/localRepository/org/eclipse/jetty/jetty-io/8.1.12.v20130726/jetty-io-8.1.12.v20130726.jar:/opt/apache-maven-3.5.3/localRepository/org/eclipse/jetty/jetty-http/8.1.12.v20130726/jetty-http-8.1.12.v20130726.jar:/opt/apache-maven-3.5.3/localRepository/org/apache/httpcomponents/httpclient/4.3.1/httpclient-4.3.1.jar:/opt/apache-maven-3.5.3/localRepository/org/apache/httpcomponents/httpcore/4.3/httpcore-4.3.jar:/opt/apache-maven-3.5.3/localRepository/org/hamcrest/hamcrest-all/1.3/hamcrest-all-1.3.jar:/opt/apache-maven-3.5.3/localRepository/jstl/jstl/1.2/jstl-1.2.jar:/opt/apache-maven-3.5.3/localRepository/taglibs/standard/1.1.2/standard-1.1.2.jar:"/>
    <property name="java.vm.specification.version" value="1.8"/>
    <property name="sun.arch.data.model" value="64"/>
    <property name="java.home" value="/usr/lib/jvm/java-8-openjdk-amd64/jre"/>
    <property name="sun.java.command" value="/home/watermelon/JavaWebDemo/ThisIsUsCommunity/target/surefire/surefirebooter8168710287281894138.jar /home/watermelon/JavaWebDemo/ThisIsUsCommunity/target/surefire/surefire3687734306784577720tmp /home/watermelon/JavaWebDemo/ThisIsUsCommunity/target/surefire/surefire3976777526994113317tmp"/>
    <property name="java.specification.vendor" value="Oracle Corporation"/>
    <property name="user.language" value="zh"/>
    <property name="awt.toolkit" value="sun.awt.X11.XToolkit"/>
    <property name="java.vm.info" value="mixed mode"/>
    <property name="java.version" value="1.8.0_171"/>
    <property name="java.ext.dirs" value="/usr/lib/jvm/java-8-openjdk-amd64/jre/lib/ext:/usr/java/packages/lib/ext"/>
    <property name="sun.boot.class.path" value="/usr/lib/jvm/java-8-openjdk-amd64/jre/lib/resources.jar:/usr/lib/jvm/java-8-openjdk-amd64/jre/lib/rt.jar:/usr/lib/jvm/java-8-openjdk-amd64/jre/lib/sunrsasign.jar:/usr/lib/jvm/java-8-openjdk-amd64/jre/lib/jsse.jar:/usr/lib/jvm/java-8-openjdk-amd64/jre/lib/jce.jar:/usr/lib/jvm/java-8-openjdk-amd64/jre/lib/charsets.jar:/usr/lib/jvm/java-8-openjdk-amd64/jre/lib/jfr.jar:/usr/lib/jvm/java-8-openjdk-amd64/jre/classes"/>
    <property name="java.vendor" value="Oracle Corporation"/>
    <property name="localRepository" value="/opt/apache-maven-3.5.3/localRepository"/>
    <property name="file.separator" value="/"/>
    <property name="java.vendor.url.bug" value="http://bugreport.sun.com/bugreport/"/>
    <property name="sun.cpu.endian" value="little"/>
    <property name="sun.io.unicode.encoding" value="UnicodeLittle"/>
    <property name="sun.desktop" value="gnome"/>
    <property name="sun.cpu.isalist" value=""/>
  </properties>
  <testcase classname="com.dao.BoardTest" name="test" time="1.204"/>
  <testcase classname="com.dao.PostTest" name="test" time="0.729"/>
  <testcase classname="com.dao.TopicTest" name="test" time="0.675"/>
  <testcase classname="com.dao.UserTest" name="test" time="0.5"/>
  <testcase classname="com.service.Test" name="addBoardManager" time="0.065"/>
  <testcase classname="com.service.Test" name="removeTopic" time="0.011">
    <failure type="java.lang.NullPointerException">java.lang.NullPointerException
	at com.service.ForumService.removeTopic(ForumService.java:90)
	at com.service.ForumService$$FastClassBySpringCGLIB$$9a85475a.invoke(&lt;generated&gt;)
	at org.springframework.cglib.proxy.MethodProxy.invoke(MethodProxy.java:204)
	at org.springframework.aop.framework.CglibAopProxy$CglibMethodInvocation.invokeJoinpoint(CglibAopProxy.java:717)
	at org.springframework.aop.framework.ReflectiveMethodInvocation.proceed(ReflectiveMethodInvocation.java:157)
	at org.springframework.transaction.interceptor.TransactionInterceptor$1.proceedWithInvocation(TransactionInterceptor.java:99)
	at org.springframework.transaction.interceptor.TransactionAspectSupport.invokeWithinTransaction(TransactionAspectSupport.java:281)
	at org.springframework.transaction.interceptor.TransactionInterceptor.invoke(TransactionInterceptor.java:96)
	at org.springframework.aop.framework.ReflectiveMethodInvocation.proceed(ReflectiveMethodInvocation.java:179)
	at org.springframework.aop.interceptor.ExposeInvocationInterceptor.invoke(ExposeInvocationInterceptor.java:92)
	at org.springframework.aop.framework.ReflectiveMethodInvocation.proceed(ReflectiveMethodInvocation.java:179)
	at org.springframework.aop.framework.CglibAopProxy$DynamicAdvisedInterceptor.intercept(CglibAopProxy.java:653)
	at com.service.ForumService$$EnhancerBySpringCGLIB$$6409e2c1.removeTopic(&lt;generated&gt;)
	at com.service.Test.removeTopic(Test.java:52)
</failure>
    <system-out>2018-05-26 10:08:57,476 DEBUG (org.springframework.orm.hibernate4.HibernateTransactionManager:367) - Creating new transaction with name [com.service.ForumService.removeTopic]: PROPAGATION_REQUIRED,ISOLATION_DEFAULT
2018-05-26 10:08:57,476 DEBUG (org.springframework.orm.hibernate4.HibernateTransactionManager:367) - Creating new transaction with name [com.service.ForumService.removeTopic]: PROPAGATION_REQUIRED,ISOLATION_DEFAULT
2018-05-26 10:08:57,476 DEBUG (org.springframework.orm.hibernate4.HibernateTransactionManager:438) - Opened new Session [SessionImpl(PersistenceContext[entityKeys=[],collectionKeys=[]];ActionQueue[insertions=[] updates=[] deletions=[] collectionCreations=[] collectionRemovals=[] collectionUpdates=[] unresolvedInsertDependencies=UnresolvedEntityInsertActions[]])] for Hibernate transaction
2018-05-26 10:08:57,476 DEBUG (org.springframework.orm.hibernate4.HibernateTransactionManager:438) - Opened new Session [SessionImpl(PersistenceContext[entityKeys=[],collectionKeys=[]];ActionQueue[insertions=[] updates=[] deletions=[] collectionCreations=[] collectionRemovals=[] collectionUpdates=[] unresolvedInsertDependencies=UnresolvedEntityInsertActions[]])] for Hibernate transaction
2018-05-26 10:08:57,476 DEBUG (org.springframework.orm.hibernate4.HibernateTransactionManager:448) - Preparing JDBC Connection of Hibernate Session [SessionImpl(PersistenceContext[entityKeys=[],collectionKeys=[]];ActionQueue[insertions=[] updates=[] deletions=[] collectionCreations=[] collectionRemovals=[] collectionUpdates=[] unresolvedInsertDependencies=UnresolvedEntityInsertActions[]])]
2018-05-26 10:08:57,476 DEBUG (org.springframework.orm.hibernate4.HibernateTransactionManager:448) - Preparing JDBC Connection of Hibernate Session [SessionImpl(PersistenceContext[entityKeys=[],collectionKeys=[]];ActionQueue[insertions=[] updates=[] deletions=[] collectionCreations=[] collectionRemovals=[] collectionUpdates=[] unresolvedInsertDependencies=UnresolvedEntityInsertActions[]])]
2018-05-26 10:08:57,476 DEBUG (org.hibernate.engine.jdbc.internal.LogicalConnectionImpl:212) - Obtaining JDBC connection
2018-05-26 10:08:57,476 DEBUG (org.hibernate.engine.jdbc.internal.LogicalConnectionImpl:218) - Obtained JDBC connection
2018-05-26 10:08:57,476 DEBUG (org.hibernate.engine.transaction.spi.AbstractTransactionImpl:158) - begin
2018-05-26 10:08:57,476 DEBUG (org.hibernate.engine.transaction.internal.jdbc.JdbcTransaction:69) - initial autocommit status: true
2018-05-26 10:08:57,476 DEBUG (org.hibernate.engine.transaction.internal.jdbc.JdbcTransaction:71) - disabling autocommit
2018-05-26 10:08:57,477 DEBUG (org.springframework.orm.hibernate4.HibernateTransactionManager:516) - Exposing Hibernate transaction as JDBC transaction [jdbc:mysql://localhost:3306/sampledb?userUnicode=true&amp;characterEncoding=UTF-8, UserName=root@localhost, MySQL Connector Java]
2018-05-26 10:08:57,477 DEBUG (org.springframework.orm.hibernate4.HibernateTransactionManager:516) - Exposing Hibernate transaction as JDBC transaction [jdbc:mysql://localhost:3306/sampledb?userUnicode=true&amp;characterEncoding=UTF-8, UserName=root@localhost, MySQL Connector Java]
2018-05-26 10:08:57,478 DEBUG (org.springframework.orm.hibernate4.HibernateTransactionManager:383) - Found thread-bound Session [SessionImpl(PersistenceContext[entityKeys=[],collectionKeys=[]];ActionQueue[insertions=[] updates=[] deletions=[] collectionCreations=[] collectionRemovals=[] collectionUpdates=[] unresolvedInsertDependencies=UnresolvedEntityInsertActions[]])] for Hibernate transaction
2018-05-26 10:08:57,478 DEBUG (org.springframework.orm.hibernate4.HibernateTransactionManager:383) - Found thread-bound Session [SessionImpl(PersistenceContext[entityKeys=[],collectionKeys=[]];ActionQueue[insertions=[] updates=[] deletions=[] collectionCreations=[] collectionRemovals=[] collectionUpdates=[] unresolvedInsertDependencies=UnresolvedEntityInsertActions[]])] for Hibernate transaction
2018-05-26 10:08:57,478 DEBUG (org.springframework.orm.hibernate4.HibernateTransactionManager:476) - Participating in existing transaction
2018-05-26 10:08:57,478 DEBUG (org.springframework.orm.hibernate4.HibernateTransactionManager:476) - Participating in existing transaction
2018-05-26 10:08:57,478 DEBUG (org.hibernate.loader.Loader:2099) - Loading entity: [com.domain.Topic#39]
2018-05-26 10:08:57,479 DEBUG (org.hibernate.SQL:104) - select topic0_.topic_id as topic1_4_2_, topic0_.board_id as board2_4_2_, topic0_.create_time as create3_4_2_, topic0_.digest as digest4_4_2_, topic0_.last_post as last5_4_2_, topic0_.topic_replies as topic6_4_2_, topic0_.topic_title as topic7_4_2_, topic0_.user_id as user9_4_2_, topic0_.topic_views as topic8_4_2_, user1_.user_id as user1_5_0_, user1_.credit as credit2_5_0_, user1_.last_ip as last3_5_0_, user1_.last_visit as last4_5_0_, user1_.locked as locked5_5_0_, user1_.password as password6_5_0_, user1_.user_name as user7_5_0_, user1_.user_type as user8_5_0_, manboards2_.user_id as user1_5_4_, board3_.board_id as board2_1_4_, board3_.board_id as board1_0_1_, board3_.board_desc as board2_0_1_, board3_.board_name as board3_0_1_, board3_.topic_num as topic4_0_1_ from t_topic topic0_ left outer join t_user user1_ on topic0_.user_id=user1_.user_id left outer join t_board_manager manboards2_ on user1_.user_id=manboards2_.user_id left outer join t_board board3_ on manboards2_.board_id=board3_.board_id where topic0_.topic_id=?
Hibernate: select topic0_.topic_id as topic1_4_2_, topic0_.board_id as board2_4_2_, topic0_.create_time as create3_4_2_, topic0_.digest as digest4_4_2_, topic0_.last_post as last5_4_2_, topic0_.topic_replies as topic6_4_2_, topic0_.topic_title as topic7_4_2_, topic0_.user_id as user9_4_2_, topic0_.topic_views as topic8_4_2_, user1_.user_id as user1_5_0_, user1_.credit as credit2_5_0_, user1_.last_ip as last3_5_0_, user1_.last_visit as last4_5_0_, user1_.locked as locked5_5_0_, user1_.password as password6_5_0_, user1_.user_name as user7_5_0_, user1_.user_type as user8_5_0_, manboards2_.user_id as user1_5_4_, board3_.board_id as board2_1_4_, board3_.board_id as board1_0_1_, board3_.board_desc as board2_0_1_, board3_.board_name as board3_0_1_, board3_.topic_num as topic4_0_1_ from t_topic topic0_ left outer join t_user user1_ on topic0_.user_id=user1_.user_id left outer join t_board_manager manboards2_ on user1_.user_id=manboards2_.user_id left outer join t_board board3_ on manboards2_.board_id=board3_.board_id where topic0_.topic_id=?
2018-05-26 10:08:57,481 DEBUG (org.hibernate.engine.loading.internal.CollectionLoadContext:223) - No collections were found in result set for role: com.domain.User.manBoards
2018-05-26 10:08:57,481 DEBUG (org.hibernate.loader.Loader:2123) - Done entity load
2018-05-26 10:08:57,482 DEBUG (org.springframework.orm.hibernate4.HibernateTransactionManager:851) - Initiating transaction rollback
2018-05-26 10:08:57,482 DEBUG (org.springframework.orm.hibernate4.HibernateTransactionManager:851) - Initiating transaction rollback
2018-05-26 10:08:57,482 DEBUG (org.springframework.orm.hibernate4.HibernateTransactionManager:600) - Rolling back Hibernate transaction on Session [SessionImpl(PersistenceContext[entityKeys=[],collectionKeys=[]];ActionQueue[insertions=[] updates=[] deletions=[] collectionCreations=[] collectionRemovals=[] collectionUpdates=[] unresolvedInsertDependencies=UnresolvedEntityInsertActions[]])]
2018-05-26 10:08:57,482 DEBUG (org.springframework.orm.hibernate4.HibernateTransactionManager:600) - Rolling back Hibernate transaction on Session [SessionImpl(PersistenceContext[entityKeys=[],collectionKeys=[]];ActionQueue[insertions=[] updates=[] deletions=[] collectionCreations=[] collectionRemovals=[] collectionUpdates=[] unresolvedInsertDependencies=UnresolvedEntityInsertActions[]])]
2018-05-26 10:08:57,482 DEBUG (org.hibernate.engine.transaction.spi.AbstractTransactionImpl:203) - rolling back
2018-05-26 10:08:57,482 DEBUG (org.hibernate.engine.transaction.internal.jdbc.JdbcTransaction:164) - rolled JDBC Connection
2018-05-26 10:08:57,482 DEBUG (org.hibernate.engine.transaction.internal.jdbc.JdbcTransaction:126) - re-enabling autocommit
2018-05-26 10:08:57,483 DEBUG (org.springframework.orm.hibernate4.HibernateTransactionManager:669) - Closing Hibernate Session [SessionImpl(PersistenceContext[entityKeys=[],collectionKeys=[]];ActionQueue[insertions=[] updates=[] deletions=[] collectionCreations=[] collectionRemovals=[] collectionUpdates=[] unresolvedInsertDependencies=UnresolvedEntityInsertActions[]])] after transaction
2018-05-26 10:08:57,483 DEBUG (org.springframework.orm.hibernate4.HibernateTransactionManager:669) - Closing Hibernate Session [SessionImpl(PersistenceContext[entityKeys=[],collectionKeys=[]];ActionQueue[insertions=[] updates=[] deletions=[] collectionCreations=[] collectionRemovals=[] collectionUpdates=[] unresolvedInsertDependencies=UnresolvedEntityInsertActions[]])] after transaction
2018-05-26 10:08:57,483 DEBUG (org.hibernate.engine.jdbc.internal.LogicalConnectionImpl:232) - Releasing JDBC connection
2018-05-26 10:08:57,484 DEBUG (org.hibernate.engine.jdbc.internal.LogicalConnectionImpl:250) - Released JDBC connection
</system-out>
  </testcase>
  <testcase classname="com.service.Test" name="addPost" time="0.116">
    <failure message="a different object with the same identifier value was already associated with the session: [com.domain.User#1]; nested exception is org.hibernate.NonUniqueObjectException: a different object with the same identifier value was already associated with the session: [com.domain.User#1]" type="org.springframework.dao.DuplicateKeyException">org.springframework.dao.DuplicateKeyException: a different object with the same identifier value was already associated with the session: [com.domain.User#1]; nested exception is org.hibernate.NonUniqueObjectException: a different object with the same identifier value was already associated with the session: [com.domain.User#1]
	at org.springframework.orm.hibernate4.SessionFactoryUtils.convertHibernateAccessException(SessionFactoryUtils.java:181)
	at org.springframework.orm.hibernate4.HibernateTemplate.doExecute(HibernateTemplate.java:344)
	at org.springframework.orm.hibernate4.HibernateTemplate.executeWithNativeSession(HibernateTemplate.java:309)
	at org.springframework.orm.hibernate4.HibernateTemplate.update(HibernateTemplate.java:645)
	at org.springframework.orm.hibernate4.HibernateTemplate.update(HibernateTemplate.java:640)
	at com.dao.BaseDao.update(BaseDao.java:72)
	at com.dao.BaseDao$$FastClassBySpringCGLIB$$9b6abf98.invoke(&lt;generated&gt;)
	at org.springframework.cglib.proxy.MethodProxy.invoke(MethodProxy.java:204)
	at org.springframework.aop.framework.CglibAopProxy$CglibMethodInvocation.invokeJoinpoint(CglibAopProxy.java:717)
	at org.springframework.aop.framework.ReflectiveMethodInvocation.proceed(ReflectiveMethodInvocation.java:157)
	at org.springframework.transaction.interceptor.TransactionInterceptor$1.proceedWithInvocation(TransactionInterceptor.java:99)
	at org.springframework.transaction.interceptor.TransactionAspectSupport.invokeWithinTransaction(TransactionAspectSupport.java:281)
	at org.springframework.transaction.interceptor.TransactionInterceptor.invoke(TransactionInterceptor.java:96)
	at org.springframework.aop.framework.ReflectiveMethodInvocation.proceed(ReflectiveMethodInvocation.java:179)
	at org.springframework.aop.interceptor.ExposeInvocationInterceptor.invoke(ExposeInvocationInterceptor.java:92)
	at org.springframework.aop.framework.ReflectiveMethodInvocation.proceed(ReflectiveMethodInvocation.java:179)
	at org.springframework.aop.framework.CglibAopProxy$DynamicAdvisedInterceptor.intercept(CglibAopProxy.java:653)
	at com.dao.UserDao$$EnhancerBySpringCGLIB$$72ab1f45.update(&lt;generated&gt;)
	at com.service.ForumService.addPost(ForumService.java:113)
	at com.service.ForumService$$FastClassBySpringCGLIB$$9a85475a.invoke(&lt;generated&gt;)
	at org.springframework.cglib.proxy.MethodProxy.invoke(MethodProxy.java:204)
	at org.springframework.aop.framework.CglibAopProxy$CglibMethodInvocation.invokeJoinpoint(CglibAopProxy.java:717)
	at org.springframework.aop.framework.ReflectiveMethodInvocation.proceed(ReflectiveMethodInvocation.java:157)
	at org.springframework.transaction.interceptor.TransactionInterceptor$1.proceedWithInvocation(TransactionInterceptor.java:99)
	at org.springframework.transaction.interceptor.TransactionAspectSupport.invokeWithinTransaction(TransactionAspectSupport.java:281)
	at org.springframework.transaction.interceptor.TransactionInterceptor.invoke(TransactionInterceptor.java:96)
	at org.springframework.aop.framework.ReflectiveMethodInvocation.proceed(ReflectiveMethodInvocation.java:179)
	at org.springframework.aop.interceptor.ExposeInvocationInterceptor.invoke(ExposeInvocationInterceptor.java:92)
	at org.springframework.aop.framework.ReflectiveMethodInvocation.proceed(ReflectiveMethodInvocation.java:179)
	at org.springframework.aop.framework.CglibAopProxy$DynamicAdvisedInterceptor.intercept(CglibAopProxy.java:653)
	at com.service.ForumService$$EnhancerBySpringCGLIB$$6409e2c1.addPost(&lt;generated&gt;)
	at com.service.Test.addPost(Test.java:68)
Caused by: org.hibernate.NonUniqueObjectException: a different object with the same identifier value was already associated with the session: [com.domain.User#1]
	at org.hibernate.engine.internal.StatefulPersistenceContext.checkUniqueness(StatefulPersistenceContext.java:697)
	at org.hibernate.event.internal.DefaultSaveOrUpdateEventListener.performUpdate(DefaultSaveOrUpdateEventListener.java:293)
	at org.hibernate.event.internal.DefaultSaveOrUpdateEventListener.entityIsDetached(DefaultSaveOrUpdateEventListener.java:239)
	at org.hibernate.event.internal.DefaultUpdateEventListener.performSaveOrUpdate(DefaultUpdateEventListener.java:55)
	at org.hibernate.event.internal.DefaultSaveOrUpdateEventListener.onSaveOrUpdate(DefaultSaveOrUpdateEventListener.java:90)
	at org.hibernate.internal.SessionImpl.fireUpdate(SessionImpl.java:785)
	at org.hibernate.internal.SessionImpl.update(SessionImpl.java:777)
	at org.hibernate.internal.SessionImpl.update(SessionImpl.java:773)
	at org.springframework.orm.hibernate4.HibernateTemplate$14.doInHibernate(HibernateTemplate.java:649)
	at org.springframework.orm.hibernate4.HibernateTemplate.doExecute(HibernateTemplate.java:341)
	... 63 more
</failure>
    <system-out>2018-05-26 10:08:57,487 DEBUG (org.springframework.orm.hibernate4.HibernateTransactionManager:367) - Creating new transaction with name [com.service.UserService.getUserByUserName]: PROPAGATION_REQUIRED,ISOLATION_DEFAULT
2018-05-26 10:08:57,487 DEBUG (org.springframework.orm.hibernate4.HibernateTransactionManager:367) - Creating new transaction with name [com.service.UserService.getUserByUserName]: PROPAGATION_REQUIRED,ISOLATION_DEFAULT
2018-05-26 10:08:57,487 DEBUG (org.springframework.orm.hibernate4.HibernateTransactionManager:438) - Opened new Session [SessionImpl(PersistenceContext[entityKeys=[],collectionKeys=[]];ActionQueue[insertions=[] updates=[] deletions=[] collectionCreations=[] collectionRemovals=[] collectionUpdates=[] unresolvedInsertDependencies=UnresolvedEntityInsertActions[]])] for Hibernate transaction
2018-05-26 10:08:57,487 DEBUG (org.springframework.orm.hibernate4.HibernateTransactionManager:438) - Opened new Session [SessionImpl(PersistenceContext[entityKeys=[],collectionKeys=[]];ActionQueue[insertions=[] updates=[] deletions=[] collectionCreations=[] collectionRemovals=[] collectionUpdates=[] unresolvedInsertDependencies=UnresolvedEntityInsertActions[]])] for Hibernate transaction
2018-05-26 10:08:57,488 DEBUG (org.springframework.orm.hibernate4.HibernateTransactionManager:448) - Preparing JDBC Connection of Hibernate Session [SessionImpl(PersistenceContext[entityKeys=[],collectionKeys=[]];ActionQueue[insertions=[] updates=[] deletions=[] collectionCreations=[] collectionRemovals=[] collectionUpdates=[] unresolvedInsertDependencies=UnresolvedEntityInsertActions[]])]
2018-05-26 10:08:57,488 DEBUG (org.springframework.orm.hibernate4.HibernateTransactionManager:448) - Preparing JDBC Connection of Hibernate Session [SessionImpl(PersistenceContext[entityKeys=[],collectionKeys=[]];ActionQueue[insertions=[] updates=[] deletions=[] collectionCreations=[] collectionRemovals=[] collectionUpdates=[] unresolvedInsertDependencies=UnresolvedEntityInsertActions[]])]
2018-05-26 10:08:57,488 DEBUG (org.hibernate.engine.jdbc.internal.LogicalConnectionImpl:212) - Obtaining JDBC connection
2018-05-26 10:08:57,488 DEBUG (org.hibernate.engine.jdbc.internal.LogicalConnectionImpl:218) - Obtained JDBC connection
2018-05-26 10:08:57,488 DEBUG (org.hibernate.engine.transaction.spi.AbstractTransactionImpl:158) - begin
2018-05-26 10:08:57,489 DEBUG (org.hibernate.engine.transaction.internal.jdbc.JdbcTransaction:69) - initial autocommit status: true
2018-05-26 10:08:57,489 DEBUG (org.hibernate.engine.transaction.internal.jdbc.JdbcTransaction:71) - disabling autocommit
2018-05-26 10:08:57,490 DEBUG (org.springframework.orm.hibernate4.HibernateTransactionManager:516) - Exposing Hibernate transaction as JDBC transaction [jdbc:mysql://localhost:3306/sampledb?userUnicode=true&amp;characterEncoding=UTF-8, UserName=root@localhost, MySQL Connector Java]
2018-05-26 10:08:57,490 DEBUG (org.springframework.orm.hibernate4.HibernateTransactionManager:516) - Exposing Hibernate transaction as JDBC transaction [jdbc:mysql://localhost:3306/sampledb?userUnicode=true&amp;characterEncoding=UTF-8, UserName=root@localhost, MySQL Connector Java]
2018-05-26 10:08:57,499 DEBUG (org.springframework.orm.hibernate4.HibernateTransactionManager:383) - Found thread-bound Session [SessionImpl(PersistenceContext[entityKeys=[],collectionKeys=[]];ActionQueue[insertions=[] updates=[] deletions=[] collectionCreations=[] collectionRemovals=[] collectionUpdates=[] unresolvedInsertDependencies=UnresolvedEntityInsertActions[]])] for Hibernate transaction
2018-05-26 10:08:57,499 DEBUG (org.springframework.orm.hibernate4.HibernateTransactionManager:383) - Found thread-bound Session [SessionImpl(PersistenceContext[entityKeys=[],collectionKeys=[]];ActionQueue[insertions=[] updates=[] deletions=[] collectionCreations=[] collectionRemovals=[] collectionUpdates=[] unresolvedInsertDependencies=UnresolvedEntityInsertActions[]])] for Hibernate transaction
2018-05-26 10:08:57,499 DEBUG (org.springframework.orm.hibernate4.HibernateTransactionManager:476) - Participating in existing transaction
2018-05-26 10:08:57,499 DEBUG (org.springframework.orm.hibernate4.HibernateTransactionManager:476) - Participating in existing transaction
2018-05-26 10:08:57,500 DEBUG (org.hibernate.SQL:104) - select user0_.user_id as user1_5_, user0_.credit as credit2_5_, user0_.last_ip as last3_5_, user0_.last_visit as last4_5_, user0_.locked as locked5_5_, user0_.password as password6_5_, user0_.user_name as user7_5_, user0_.user_type as user8_5_ from t_user user0_ where user0_.user_name=?
Hibernate: select user0_.user_id as user1_5_, user0_.credit as credit2_5_, user0_.last_ip as last3_5_, user0_.last_visit as last4_5_, user0_.locked as locked5_5_, user0_.password as password6_5_, user0_.user_name as user7_5_, user0_.user_type as user8_5_ from t_user user0_ where user0_.user_name=?
2018-05-26 10:08:57,501 DEBUG (org.hibernate.loader.Loader:939) - Result set row: 0
2018-05-26 10:08:57,502 DEBUG (org.hibernate.loader.Loader:1471) - Result row: EntityKey[com.domain.User#1]
2018-05-26 10:08:57,502 DEBUG (org.hibernate.engine.internal.TwoPhaseLoad:157) - Resolving associations for [com.domain.User#1]
2018-05-26 10:08:57,503 DEBUG (org.hibernate.engine.internal.TwoPhaseLoad:276) - Done materializing entity [com.domain.User#1]
2018-05-26 10:08:57,504 DEBUG (org.hibernate.loader.Loader:2223) - Loading collection: [com.domain.User.manBoards#1]
2018-05-26 10:08:57,504 DEBUG (org.hibernate.SQL:104) - select manboards0_.user_id as user1_5_1_, manboards0_.board_id as board2_1_1_, board1_.board_id as board1_0_0_, board1_.board_desc as board2_0_0_, board1_.board_name as board3_0_0_, board1_.topic_num as topic4_0_0_ from t_board_manager manboards0_ inner join t_board board1_ on manboards0_.board_id=board1_.board_id where manboards0_.user_id=?
Hibernate: select manboards0_.user_id as user1_5_1_, manboards0_.board_id as board2_1_1_, board1_.board_id as board1_0_0_, board1_.board_desc as board2_0_0_, board1_.board_name as board3_0_0_, board1_.topic_num as topic4_0_0_ from t_board_manager manboards0_ inner join t_board board1_ on manboards0_.board_id=board1_.board_id where manboards0_.user_id=?
2018-05-26 10:08:57,506 DEBUG (org.hibernate.loader.Loader:1357) - Result set contains (possibly empty) collection: [com.domain.User.manBoards#1]
2018-05-26 10:08:57,506 DEBUG (org.hibernate.loader.Loader:939) - Result set row: 0
2018-05-26 10:08:57,507 DEBUG (org.hibernate.loader.Loader:1471) - Result row: EntityKey[com.domain.Board#1]
2018-05-26 10:08:57,507 DEBUG (org.hibernate.loader.Loader:1291) - Found row of collection: [com.domain.User.manBoards#1]
2018-05-26 10:08:57,508 DEBUG (org.hibernate.engine.internal.TwoPhaseLoad:157) - Resolving associations for [com.domain.Board#1]
2018-05-26 10:08:57,509 DEBUG (org.hibernate.engine.internal.TwoPhaseLoad:276) - Done materializing entity [com.domain.Board#1]
2018-05-26 10:08:57,509 DEBUG (org.hibernate.engine.loading.internal.CollectionLoadContext:228) - 1 collections were found in result set for role: com.domain.User.manBoards
2018-05-26 10:08:57,509 DEBUG (org.hibernate.engine.loading.internal.CollectionLoadContext:265) - Collection fully initialized: [com.domain.User.manBoards#1]
2018-05-26 10:08:57,509 DEBUG (org.hibernate.engine.loading.internal.CollectionLoadContext:235) - 1 collections initialized for role: com.domain.User.manBoards
2018-05-26 10:08:57,510 DEBUG (org.hibernate.loader.Loader:2243) - Done loading collection
2018-05-26 10:08:57,511 DEBUG (org.hibernate.loader.Loader:2223) - Loading collection: [com.domain.Board.users#1]
2018-05-26 10:08:57,511 DEBUG (org.hibernate.SQL:104) - select users0_.board_id as board2_0_1_, users0_.user_id as user1_1_1_, user1_.user_id as user1_5_0_, user1_.credit as credit2_5_0_, user1_.last_ip as last3_5_0_, user1_.last_visit as last4_5_0_, user1_.locked as locked5_5_0_, user1_.password as password6_5_0_, user1_.user_name as user7_5_0_, user1_.user_type as user8_5_0_ from t_board_manager users0_ inner join t_user user1_ on users0_.user_id=user1_.user_id where users0_.board_id=?
Hibernate: select users0_.board_id as board2_0_1_, users0_.user_id as user1_1_1_, user1_.user_id as user1_5_0_, user1_.credit as credit2_5_0_, user1_.last_ip as last3_5_0_, user1_.last_visit as last4_5_0_, user1_.locked as locked5_5_0_, user1_.password as password6_5_0_, user1_.user_name as user7_5_0_, user1_.user_type as user8_5_0_ from t_board_manager users0_ inner join t_user user1_ on users0_.user_id=user1_.user_id where users0_.board_id=?
2018-05-26 10:08:57,513 DEBUG (org.hibernate.loader.Loader:1357) - Result set contains (possibly empty) collection: [com.domain.Board.users#1]
2018-05-26 10:08:57,513 DEBUG (org.hibernate.loader.Loader:939) - Result set row: 0
2018-05-26 10:08:57,513 DEBUG (org.hibernate.loader.Loader:1471) - Result row: EntityKey[com.domain.User#1]
2018-05-26 10:08:57,514 DEBUG (org.hibernate.loader.Loader:1291) - Found row of collection: [com.domain.Board.users#1]
2018-05-26 10:08:57,514 DEBUG (org.hibernate.loader.Loader:939) - Result set row: 1
2018-05-26 10:08:57,514 DEBUG (org.hibernate.loader.Loader:1471) - Result row: EntityKey[com.domain.User#2]
2018-05-26 10:08:57,515 DEBUG (org.hibernate.loader.Loader:1291) - Found row of collection: [com.domain.Board.users#1]
2018-05-26 10:08:57,515 DEBUG (org.hibernate.engine.internal.TwoPhaseLoad:157) - Resolving associations for [com.domain.User#2]
2018-05-26 10:08:57,515 DEBUG (org.hibernate.engine.internal.TwoPhaseLoad:276) - Done materializing entity [com.domain.User#2]
2018-05-26 10:08:57,516 DEBUG (org.hibernate.engine.loading.internal.CollectionLoadContext:228) - 1 collections were found in result set for role: com.domain.Board.users
2018-05-26 10:08:57,516 DEBUG (org.hibernate.engine.loading.internal.CollectionLoadContext:265) - Collection fully initialized: [com.domain.Board.users#1]
2018-05-26 10:08:57,516 DEBUG (org.hibernate.engine.loading.internal.CollectionLoadContext:235) - 1 collections initialized for role: com.domain.Board.users
2018-05-26 10:08:57,517 DEBUG (org.hibernate.loader.Loader:2243) - Done loading collection
2018-05-26 10:08:57,518 DEBUG (org.hibernate.loader.Loader:2223) - Loading collection: [com.domain.User.manBoards#2]
2018-05-26 10:08:57,519 DEBUG (org.hibernate.SQL:104) - select manboards0_.user_id as user1_5_1_, manboards0_.board_id as board2_1_1_, board1_.board_id as board1_0_0_, board1_.board_desc as board2_0_0_, board1_.board_name as board3_0_0_, board1_.topic_num as topic4_0_0_ from t_board_manager manboards0_ inner join t_board board1_ on manboards0_.board_id=board1_.board_id where manboards0_.user_id=?
Hibernate: select manboards0_.user_id as user1_5_1_, manboards0_.board_id as board2_1_1_, board1_.board_id as board1_0_0_, board1_.board_desc as board2_0_0_, board1_.board_name as board3_0_0_, board1_.topic_num as topic4_0_0_ from t_board_manager manboards0_ inner join t_board board1_ on manboards0_.board_id=board1_.board_id where manboards0_.user_id=?
2018-05-26 10:08:57,520 DEBUG (org.hibernate.loader.Loader:1357) - Result set contains (possibly empty) collection: [com.domain.User.manBoards#2]
2018-05-26 10:08:57,520 DEBUG (org.hibernate.loader.Loader:939) - Result set row: 0
2018-05-26 10:08:57,523 DEBUG (org.hibernate.loader.Loader:1471) - Result row: EntityKey[com.domain.Board#1]
2018-05-26 10:08:57,523 DEBUG (org.hibernate.loader.Loader:1291) - Found row of collection: [com.domain.User.manBoards#2]
2018-05-26 10:08:57,524 DEBUG (org.hibernate.engine.loading.internal.CollectionLoadContext:228) - 1 collections were found in result set for role: com.domain.User.manBoards
2018-05-26 10:08:57,524 DEBUG (org.hibernate.engine.loading.internal.CollectionLoadContext:265) - Collection fully initialized: [com.domain.User.manBoards#2]
2018-05-26 10:08:57,524 DEBUG (org.hibernate.engine.loading.internal.CollectionLoadContext:235) - 1 collections initialized for role: com.domain.User.manBoards
2018-05-26 10:08:57,524 DEBUG (org.hibernate.loader.Loader:2243) - Done loading collection
2018-05-26 10:08:57,525 DEBUG (org.springframework.orm.hibernate4.HibernateTransactionManager:759) - Initiating transaction commit
2018-05-26 10:08:57,525 DEBUG (org.springframework.orm.hibernate4.HibernateTransactionManager:759) - Initiating transaction commit
2018-05-26 10:08:57,525 DEBUG (org.springframework.orm.hibernate4.HibernateTransactionManager:580) - Committing Hibernate transaction on Session [SessionImpl(PersistenceContext[entityKeys=[EntityKey[com.domain.User#2], EntityKey[com.domain.User#1], EntityKey[com.domain.Board#1]],collectionKeys=[CollectionKey[com.domain.User.manBoards#2], CollectionKey[com.domain.Board.users#1], CollectionKey[com.domain.User.manBoards#1]]];ActionQueue[insertions=[] updates=[] deletions=[] collectionCreations=[] collectionRemovals=[] collectionUpdates=[] unresolvedInsertDependencies=UnresolvedEntityInsertActions[]])]
2018-05-26 10:08:57,525 DEBUG (org.springframework.orm.hibernate4.HibernateTransactionManager:580) - Committing Hibernate transaction on Session [SessionImpl(PersistenceContext[entityKeys=[EntityKey[com.domain.User#2], EntityKey[com.domain.User#1], EntityKey[com.domain.Board#1]],collectionKeys=[CollectionKey[com.domain.User.manBoards#2], CollectionKey[com.domain.Board.users#1], CollectionKey[com.domain.User.manBoards#1]]];ActionQueue[insertions=[] updates=[] deletions=[] collectionCreations=[] collectionRemovals=[] collectionUpdates=[] unresolvedInsertDependencies=UnresolvedEntityInsertActions[]])]
2018-05-26 10:08:57,525 DEBUG (org.hibernate.engine.transaction.spi.AbstractTransactionImpl:173) - committing
2018-05-26 10:08:57,525 DEBUG (org.hibernate.event.internal.AbstractFlushingEventListener:143) - Processing flush-time cascades
2018-05-26 10:08:57,526 DEBUG (org.hibernate.event.internal.AbstractFlushingEventListener:184) - Dirty checking collections
2018-05-26 10:08:57,526 DEBUG (org.hibernate.engine.internal.Collections:190) - Collection found: [com.domain.User.manBoards#1], was: [com.domain.User.manBoards#1] (initialized)
2018-05-26 10:08:57,526 DEBUG (org.hibernate.engine.internal.Collections:190) - Collection found: [com.domain.Board.users#1], was: [com.domain.Board.users#1] (initialized)
2018-05-26 10:08:57,527 DEBUG (org.hibernate.engine.internal.Collections:190) - Collection found: [com.domain.User.manBoards#2], was: [com.domain.User.manBoards#2] (initialized)
2018-05-26 10:08:57,527 DEBUG (org.hibernate.event.internal.AbstractFlushingEventListener:117) - Flushed: 0 insertions, 0 updates, 0 deletions to 3 objects
2018-05-26 10:08:57,527 DEBUG (org.hibernate.event.internal.AbstractFlushingEventListener:124) - Flushed: 0 (re)creations, 0 updates, 0 removals to 3 collections
2018-05-26 10:08:57,527 DEBUG (org.hibernate.internal.util.EntityPrinter:114) - Listing entities:
2018-05-26 10:08:57,527 DEBUG (org.hibernate.internal.util.EntityPrinter:121) - com.domain.User{password=1234, lastIp=null, lastVisit=null, manBoards=[com.domain.Board#1], userType=2, credit=10, locked=1, userName=john, userId=2}
2018-05-26 10:08:57,527 DEBUG (org.hibernate.internal.util.EntityPrinter:121) - com.domain.User{password=1234, lastIp=null, lastVisit=null, manBoards=[com.domain.Board#1], userType=1, credit=1433, locked=0, userName=tom, userId=1}
2018-05-26 10:08:57,528 DEBUG (org.hibernate.internal.util.EntityPrinter:121) - com.domain.Board{topicNum=8, boardId=1, boardDesc=Spring 框架提供了构建 Web 应用程序的全功能 MVC 模块
, boardName=SpringMVC, users=[com.domain.User#1, com.domain.User#2]}
2018-05-26 10:08:57,528 DEBUG (org.hibernate.engine.transaction.internal.jdbc.JdbcTransaction:113) - committed JDBC Connection
2018-05-26 10:08:57,528 DEBUG (org.hibernate.engine.transaction.internal.jdbc.JdbcTransaction:126) - re-enabling autocommit
2018-05-26 10:08:57,529 DEBUG (org.springframework.orm.hibernate4.HibernateTransactionManager:669) - Closing Hibernate Session [SessionImpl(PersistenceContext[entityKeys=[EntityKey[com.domain.User#2], EntityKey[com.domain.User#1], EntityKey[com.domain.Board#1]],collectionKeys=[CollectionKey[com.domain.User.manBoards#2], CollectionKey[com.domain.Board.users#1], CollectionKey[com.domain.User.manBoards#1]]];ActionQueue[insertions=[] updates=[] deletions=[] collectionCreations=[] collectionRemovals=[] collectionUpdates=[] unresolvedInsertDependencies=UnresolvedEntityInsertActions[]])] after transaction
2018-05-26 10:08:57,529 DEBUG (org.springframework.orm.hibernate4.HibernateTransactionManager:669) - Closing Hibernate Session [SessionImpl(PersistenceContext[entityKeys=[EntityKey[com.domain.User#2], EntityKey[com.domain.User#1], EntityKey[com.domain.Board#1]],collectionKeys=[CollectionKey[com.domain.User.manBoards#2], CollectionKey[com.domain.Board.users#1], CollectionKey[com.domain.User.manBoards#1]]];ActionQueue[insertions=[] updates=[] deletions=[] collectionCreations=[] collectionRemovals=[] collectionUpdates=[] unresolvedInsertDependencies=UnresolvedEntityInsertActions[]])] after transaction
2018-05-26 10:08:57,529 DEBUG (org.hibernate.engine.jdbc.internal.LogicalConnectionImpl:232) - Releasing JDBC connection
2018-05-26 10:08:57,529 DEBUG (org.hibernate.engine.jdbc.internal.LogicalConnectionImpl:250) - Released JDBC connection
2018-05-26 10:08:57,530 DEBUG (org.springframework.orm.hibernate4.HibernateTransactionManager:367) - Creating new transaction with name [com.service.ForumService.addPost]: PROPAGATION_REQUIRED,ISOLATION_DEFAULT
2018-05-26 10:08:57,530 DEBUG (org.springframework.orm.hibernate4.HibernateTransactionManager:367) - Creating new transaction with name [com.service.ForumService.addPost]: PROPAGATION_REQUIRED,ISOLATION_DEFAULT
2018-05-26 10:08:57,530 DEBUG (org.springframework.orm.hibernate4.HibernateTransactionManager:438) - Opened new Session [SessionImpl(PersistenceContext[entityKeys=[],collectionKeys=[]];ActionQueue[insertions=[] updates=[] deletions=[] collectionCreations=[] collectionRemovals=[] collectionUpdates=[] unresolvedInsertDependencies=UnresolvedEntityInsertActions[]])] for Hibernate transaction
2018-05-26 10:08:57,530 DEBUG (org.springframework.orm.hibernate4.HibernateTransactionManager:438) - Opened new Session [SessionImpl(PersistenceContext[entityKeys=[],collectionKeys=[]];ActionQueue[insertions=[] updates=[] deletions=[] collectionCreations=[] collectionRemovals=[] collectionUpdates=[] unresolvedInsertDependencies=UnresolvedEntityInsertActions[]])] for Hibernate transaction
2018-05-26 10:08:57,530 DEBUG (org.springframework.orm.hibernate4.HibernateTransactionManager:448) - Preparing JDBC Connection of Hibernate Session [SessionImpl(PersistenceContext[entityKeys=[],collectionKeys=[]];ActionQueue[insertions=[] updates=[] deletions=[] collectionCreations=[] collectionRemovals=[] collectionUpdates=[] unresolvedInsertDependencies=UnresolvedEntityInsertActions[]])]
2018-05-26 10:08:57,530 DEBUG (org.springframework.orm.hibernate4.HibernateTransactionManager:448) - Preparing JDBC Connection of Hibernate Session [SessionImpl(PersistenceContext[entityKeys=[],collectionKeys=[]];ActionQueue[insertions=[] updates=[] deletions=[] collectionCreations=[] collectionRemovals=[] collectionUpdates=[] unresolvedInsertDependencies=UnresolvedEntityInsertActions[]])]
2018-05-26 10:08:57,530 DEBUG (org.hibernate.engine.jdbc.internal.LogicalConnectionImpl:212) - Obtaining JDBC connection
2018-05-26 10:08:57,530 DEBUG (org.hibernate.engine.jdbc.internal.LogicalConnectionImpl:218) - Obtained JDBC connection
2018-05-26 10:08:57,531 DEBUG (org.hibernate.engine.transaction.spi.AbstractTransactionImpl:158) - begin
2018-05-26 10:08:57,531 DEBUG (org.hibernate.engine.transaction.internal.jdbc.JdbcTransaction:69) - initial autocommit status: true
2018-05-26 10:08:57,531 DEBUG (org.hibernate.engine.transaction.internal.jdbc.JdbcTransaction:71) - disabling autocommit
2018-05-26 10:08:57,532 DEBUG (org.springframework.orm.hibernate4.HibernateTransactionManager:516) - Exposing Hibernate transaction as JDBC transaction [jdbc:mysql://localhost:3306/sampledb?userUnicode=true&amp;characterEncoding=UTF-8, UserName=root@localhost, MySQL Connector Java]
2018-05-26 10:08:57,532 DEBUG (org.springframework.orm.hibernate4.HibernateTransactionManager:516) - Exposing Hibernate transaction as JDBC transaction [jdbc:mysql://localhost:3306/sampledb?userUnicode=true&amp;characterEncoding=UTF-8, UserName=root@localhost, MySQL Connector Java]
2018-05-26 10:08:57,532 DEBUG (org.springframework.orm.hibernate4.HibernateTransactionManager:383) - Found thread-bound Session [SessionImpl(PersistenceContext[entityKeys=[],collectionKeys=[]];ActionQueue[insertions=[] updates=[] deletions=[] collectionCreations=[] collectionRemovals=[] collectionUpdates=[] unresolvedInsertDependencies=UnresolvedEntityInsertActions[]])] for Hibernate transaction
2018-05-26 10:08:57,532 DEBUG (org.springframework.orm.hibernate4.HibernateTransactionManager:383) - Found thread-bound Session [SessionImpl(PersistenceContext[entityKeys=[],collectionKeys=[]];ActionQueue[insertions=[] updates=[] deletions=[] collectionCreations=[] collectionRemovals=[] collectionUpdates=[] unresolvedInsertDependencies=UnresolvedEntityInsertActions[]])] for Hibernate transaction
2018-05-26 10:08:57,533 DEBUG (org.springframework.orm.hibernate4.HibernateTransactionManager:476) - Participating in existing transaction
2018-05-26 10:08:57,533 DEBUG (org.springframework.orm.hibernate4.HibernateTransactionManager:476) - Participating in existing transaction
2018-05-26 10:08:57,533 DEBUG (org.hibernate.engine.spi.ActionQueue:202) - Executing identity-insert immediately
2018-05-26 10:08:57,533 DEBUG (org.hibernate.SQL:104) - insert into t_post (board_id, create_time, post_text, post_title, topic_id, user_id, post_type) values (?, ?, ?, ?, ?, ?, &apos;1&apos;)
Hibernate: insert into t_post (board_id, create_time, post_text, post_title, topic_id, user_id, post_type) values (?, ?, ?, ?, ?, ?, &apos;1&apos;)
2018-05-26 10:08:57,537 DEBUG (org.hibernate.id.IdentifierGeneratorHelper:93) - Natively generated identity: 82
2018-05-26 10:08:57,538 DEBUG (org.springframework.orm.hibernate4.HibernateTransactionManager:383) - Found thread-bound Session [SessionImpl(PersistenceContext[entityKeys=[EntityKey[com.domain.Post#82]],collectionKeys=[]];ActionQueue[insertions=[] updates=[] deletions=[] collectionCreations=[] collectionRemovals=[] collectionUpdates=[] unresolvedInsertDependencies=UnresolvedEntityInsertActions[]])] for Hibernate transaction
2018-05-26 10:08:57,538 DEBUG (org.springframework.orm.hibernate4.HibernateTransactionManager:383) - Found thread-bound Session [SessionImpl(PersistenceContext[entityKeys=[EntityKey[com.domain.Post#82]],collectionKeys=[]];ActionQueue[insertions=[] updates=[] deletions=[] collectionCreations=[] collectionRemovals=[] collectionUpdates=[] unresolvedInsertDependencies=UnresolvedEntityInsertActions[]])] for Hibernate transaction
2018-05-26 10:08:57,538 DEBUG (org.springframework.orm.hibernate4.HibernateTransactionManager:476) - Participating in existing transaction
2018-05-26 10:08:57,538 DEBUG (org.springframework.orm.hibernate4.HibernateTransactionManager:476) - Participating in existing transaction
2018-05-26 10:08:57,538 DEBUG (org.hibernate.loader.Loader:2099) - Loading entity: [com.domain.Topic#38]
2018-05-26 10:08:57,538 DEBUG (org.hibernate.SQL:104) - select topic0_.topic_id as topic1_4_2_, topic0_.board_id as board2_4_2_, topic0_.create_time as create3_4_2_, topic0_.digest as digest4_4_2_, topic0_.last_post as last5_4_2_, topic0_.topic_replies as topic6_4_2_, topic0_.topic_title as topic7_4_2_, topic0_.user_id as user9_4_2_, topic0_.topic_views as topic8_4_2_, user1_.user_id as user1_5_0_, user1_.credit as credit2_5_0_, user1_.last_ip as last3_5_0_, user1_.last_visit as last4_5_0_, user1_.locked as locked5_5_0_, user1_.password as password6_5_0_, user1_.user_name as user7_5_0_, user1_.user_type as user8_5_0_, manboards2_.user_id as user1_5_4_, board3_.board_id as board2_1_4_, board3_.board_id as board1_0_1_, board3_.board_desc as board2_0_1_, board3_.board_name as board3_0_1_, board3_.topic_num as topic4_0_1_ from t_topic topic0_ left outer join t_user user1_ on topic0_.user_id=user1_.user_id left outer join t_board_manager manboards2_ on user1_.user_id=manboards2_.user_id left outer join t_board board3_ on manboards2_.board_id=board3_.board_id where topic0_.topic_id=?
Hibernate: select topic0_.topic_id as topic1_4_2_, topic0_.board_id as board2_4_2_, topic0_.create_time as create3_4_2_, topic0_.digest as digest4_4_2_, topic0_.last_post as last5_4_2_, topic0_.topic_replies as topic6_4_2_, topic0_.topic_title as topic7_4_2_, topic0_.user_id as user9_4_2_, topic0_.topic_views as topic8_4_2_, user1_.user_id as user1_5_0_, user1_.credit as credit2_5_0_, user1_.last_ip as last3_5_0_, user1_.last_visit as last4_5_0_, user1_.locked as locked5_5_0_, user1_.password as password6_5_0_, user1_.user_name as user7_5_0_, user1_.user_type as user8_5_0_, manboards2_.user_id as user1_5_4_, board3_.board_id as board2_1_4_, board3_.board_id as board1_0_1_, board3_.board_desc as board2_0_1_, board3_.board_name as board3_0_1_, board3_.topic_num as topic4_0_1_ from t_topic topic0_ left outer join t_user user1_ on topic0_.user_id=user1_.user_id left outer join t_board_manager manboards2_ on user1_.user_id=manboards2_.user_id left outer join t_board board3_ on manboards2_.board_id=board3_.board_id where topic0_.topic_id=?
2018-05-26 10:08:57,541 DEBUG (org.hibernate.loader.Loader:939) - Result set row: 0
2018-05-26 10:08:57,542 DEBUG (org.hibernate.loader.Loader:1471) - Result row: EntityKey[com.domain.User#1], EntityKey[com.domain.Board#1], EntityKey[com.domain.Topic#38]
2018-05-26 10:08:57,542 DEBUG (org.hibernate.loader.Loader:1291) - Found row of collection: [com.domain.User.manBoards#1]
2018-05-26 10:08:57,543 DEBUG (org.hibernate.engine.internal.TwoPhaseLoad:157) - Resolving associations for [com.domain.User#1]
2018-05-26 10:08:57,543 DEBUG (org.hibernate.engine.internal.TwoPhaseLoad:276) - Done materializing entity [com.domain.User#1]
2018-05-26 10:08:57,544 DEBUG (org.hibernate.engine.internal.TwoPhaseLoad:157) - Resolving associations for [com.domain.Board#1]
2018-05-26 10:08:57,544 DEBUG (org.hibernate.engine.internal.TwoPhaseLoad:276) - Done materializing entity [com.domain.Board#1]
2018-05-26 10:08:57,544 DEBUG (org.hibernate.engine.internal.TwoPhaseLoad:157) - Resolving associations for [com.domain.Topic#38]
2018-05-26 10:08:57,544 DEBUG (org.hibernate.engine.internal.TwoPhaseLoad:276) - Done materializing entity [com.domain.Topic#38]
2018-05-26 10:08:57,544 DEBUG (org.hibernate.engine.loading.internal.CollectionLoadContext:228) - 1 collections were found in result set for role: com.domain.User.manBoards
2018-05-26 10:08:57,545 DEBUG (org.hibernate.engine.loading.internal.CollectionLoadContext:265) - Collection fully initialized: [com.domain.User.manBoards#1]
2018-05-26 10:08:57,545 DEBUG (org.hibernate.engine.loading.internal.CollectionLoadContext:235) - 1 collections initialized for role: com.domain.User.manBoards
2018-05-26 10:08:57,547 DEBUG (org.hibernate.loader.Loader:2223) - Loading collection: [com.domain.Board.users#1]
2018-05-26 10:08:57,547 DEBUG (org.hibernate.SQL:104) - select users0_.board_id as board2_0_1_, users0_.user_id as user1_1_1_, user1_.user_id as user1_5_0_, user1_.credit as credit2_5_0_, user1_.last_ip as last3_5_0_, user1_.last_visit as last4_5_0_, user1_.locked as locked5_5_0_, user1_.password as password6_5_0_, user1_.user_name as user7_5_0_, user1_.user_type as user8_5_0_ from t_board_manager users0_ inner join t_user user1_ on users0_.user_id=user1_.user_id where users0_.board_id=?
Hibernate: select users0_.board_id as board2_0_1_, users0_.user_id as user1_1_1_, user1_.user_id as user1_5_0_, user1_.credit as credit2_5_0_, user1_.last_ip as last3_5_0_, user1_.last_visit as last4_5_0_, user1_.locked as locked5_5_0_, user1_.password as password6_5_0_, user1_.user_name as user7_5_0_, user1_.user_type as user8_5_0_ from t_board_manager users0_ inner join t_user user1_ on users0_.user_id=user1_.user_id where users0_.board_id=?
2018-05-26 10:08:57,549 DEBUG (org.hibernate.loader.Loader:1357) - Result set contains (possibly empty) collection: [com.domain.Board.users#1]
2018-05-26 10:08:57,549 DEBUG (org.hibernate.loader.Loader:939) - Result set row: 0
2018-05-26 10:08:57,549 DEBUG (org.hibernate.loader.Loader:1471) - Result row: EntityKey[com.domain.User#1]
2018-05-26 10:08:57,550 DEBUG (org.hibernate.loader.Loader:1291) - Found row of collection: [com.domain.Board.users#1]
2018-05-26 10:08:57,552 DEBUG (org.hibernate.loader.Loader:939) - Result set row: 1
2018-05-26 10:08:57,552 DEBUG (org.hibernate.loader.Loader:1471) - Result row: EntityKey[com.domain.User#2]
2018-05-26 10:08:57,552 DEBUG (org.hibernate.loader.Loader:1291) - Found row of collection: [com.domain.Board.users#1]
2018-05-26 10:08:57,553 DEBUG (org.hibernate.engine.internal.TwoPhaseLoad:157) - Resolving associations for [com.domain.User#2]
2018-05-26 10:08:57,553 DEBUG (org.hibernate.engine.internal.TwoPhaseLoad:276) - Done materializing entity [com.domain.User#2]
2018-05-26 10:08:57,554 DEBUG (org.hibernate.engine.loading.internal.CollectionLoadContext:228) - 1 collections were found in result set for role: com.domain.Board.users
2018-05-26 10:08:57,554 DEBUG (org.hibernate.engine.loading.internal.CollectionLoadContext:265) - Collection fully initialized: [com.domain.Board.users#1]
2018-05-26 10:08:57,554 DEBUG (org.hibernate.engine.loading.internal.CollectionLoadContext:235) - 1 collections initialized for role: com.domain.Board.users
2018-05-26 10:08:57,554 DEBUG (org.hibernate.loader.Loader:2243) - Done loading collection
2018-05-26 10:08:57,555 DEBUG (org.hibernate.loader.Loader:2223) - Loading collection: [com.domain.User.manBoards#2]
2018-05-26 10:08:57,555 DEBUG (org.hibernate.SQL:104) - select manboards0_.user_id as user1_5_1_, manboards0_.board_id as board2_1_1_, board1_.board_id as board1_0_0_, board1_.board_desc as board2_0_0_, board1_.board_name as board3_0_0_, board1_.topic_num as topic4_0_0_ from t_board_manager manboards0_ inner join t_board board1_ on manboards0_.board_id=board1_.board_id where manboards0_.user_id=?
Hibernate: select manboards0_.user_id as user1_5_1_, manboards0_.board_id as board2_1_1_, board1_.board_id as board1_0_0_, board1_.board_desc as board2_0_0_, board1_.board_name as board3_0_0_, board1_.topic_num as topic4_0_0_ from t_board_manager manboards0_ inner join t_board board1_ on manboards0_.board_id=board1_.board_id where manboards0_.user_id=?
2018-05-26 10:08:57,556 DEBUG (org.hibernate.loader.Loader:1357) - Result set contains (possibly empty) collection: [com.domain.User.manBoards#2]
2018-05-26 10:08:57,557 DEBUG (org.hibernate.loader.Loader:939) - Result set row: 0
2018-05-26 10:08:57,557 DEBUG (org.hibernate.loader.Loader:1471) - Result row: EntityKey[com.domain.Board#1]
2018-05-26 10:08:57,557 DEBUG (org.hibernate.loader.Loader:1291) - Found row of collection: [com.domain.User.manBoards#2]
2018-05-26 10:08:57,558 DEBUG (org.hibernate.engine.loading.internal.CollectionLoadContext:228) - 1 collections were found in result set for role: com.domain.User.manBoards
2018-05-26 10:08:57,558 DEBUG (org.hibernate.engine.loading.internal.CollectionLoadContext:265) - Collection fully initialized: [com.domain.User.manBoards#2]
2018-05-26 10:08:57,558 DEBUG (org.hibernate.engine.loading.internal.CollectionLoadContext:235) - 1 collections initialized for role: com.domain.User.manBoards
2018-05-26 10:08:57,558 DEBUG (org.hibernate.loader.Loader:2243) - Done loading collection
2018-05-26 10:08:57,558 DEBUG (org.hibernate.loader.Loader:2123) - Done entity load
2018-05-26 10:08:57,559 DEBUG (org.springframework.orm.hibernate4.HibernateTransactionManager:383) - Found thread-bound Session [SessionImpl(PersistenceContext[entityKeys=[EntityKey[com.domain.User#2], EntityKey[com.domain.User#1], EntityKey[com.domain.Topic#38], EntityKey[com.domain.Board#1], EntityKey[com.domain.Post#82]],collectionKeys=[CollectionKey[com.domain.User.manBoards#2], CollectionKey[com.domain.Board.users#1], CollectionKey[com.domain.User.manBoards#1]]];ActionQueue[insertions=[] updates=[] deletions=[] collectionCreations=[] collectionRemovals=[] collectionUpdates=[] unresolvedInsertDependencies=UnresolvedEntityInsertActions[]])] for Hibernate transaction
2018-05-26 10:08:57,559 DEBUG (org.springframework.orm.hibernate4.HibernateTransactionManager:383) - Found thread-bound Session [SessionImpl(PersistenceContext[entityKeys=[EntityKey[com.domain.User#2], EntityKey[com.domain.User#1], EntityKey[com.domain.Topic#38], EntityKey[com.domain.Board#1], EntityKey[com.domain.Post#82]],collectionKeys=[CollectionKey[com.domain.User.manBoards#2], CollectionKey[com.domain.Board.users#1], CollectionKey[com.domain.User.manBoards#1]]];ActionQueue[insertions=[] updates=[] deletions=[] collectionCreations=[] collectionRemovals=[] collectionUpdates=[] unresolvedInsertDependencies=UnresolvedEntityInsertActions[]])] for Hibernate transaction
2018-05-26 10:08:57,559 DEBUG (org.springframework.orm.hibernate4.HibernateTransactionManager:476) - Participating in existing transaction
2018-05-26 10:08:57,559 DEBUG (org.springframework.orm.hibernate4.HibernateTransactionManager:476) - Participating in existing transaction
2018-05-26 10:08:57,559 DEBUG (org.springframework.orm.hibernate4.HibernateTransactionManager:383) - Found thread-bound Session [SessionImpl(PersistenceContext[entityKeys=[EntityKey[com.domain.User#2], EntityKey[com.domain.User#1], EntityKey[com.domain.Topic#38], EntityKey[com.domain.Board#1], EntityKey[com.domain.Post#82]],collectionKeys=[CollectionKey[com.domain.User.manBoards#2], CollectionKey[com.domain.Board.users#1], CollectionKey[com.domain.User.manBoards#1]]];ActionQueue[insertions=[] updates=[] deletions=[] collectionCreations=[] collectionRemovals=[] collectionUpdates=[] unresolvedInsertDependencies=UnresolvedEntityInsertActions[]])] for Hibernate transaction
2018-05-26 10:08:57,559 DEBUG (org.springframework.orm.hibernate4.HibernateTransactionManager:383) - Found thread-bound Session [SessionImpl(PersistenceContext[entityKeys=[EntityKey[com.domain.User#2], EntityKey[com.domain.User#1], EntityKey[com.domain.Topic#38], EntityKey[com.domain.Board#1], EntityKey[com.domain.Post#82]],collectionKeys=[CollectionKey[com.domain.User.manBoards#2], CollectionKey[com.domain.Board.users#1], CollectionKey[com.domain.User.manBoards#1]]];ActionQueue[insertions=[] updates=[] deletions=[] collectionCreations=[] collectionRemovals=[] collectionUpdates=[] unresolvedInsertDependencies=UnresolvedEntityInsertActions[]])] for Hibernate transaction
2018-05-26 10:08:57,559 DEBUG (org.springframework.orm.hibernate4.HibernateTransactionManager:476) - Participating in existing transaction
2018-05-26 10:08:57,559 DEBUG (org.springframework.orm.hibernate4.HibernateTransactionManager:476) - Participating in existing transaction
2018-05-26 10:08:57,560 DEBUG (org.springframework.orm.hibernate4.HibernateTransactionManager:858) - Participating transaction failed - marking existing transaction as rollback-only
2018-05-26 10:08:57,560 DEBUG (org.springframework.orm.hibernate4.HibernateTransactionManager:858) - Participating transaction failed - marking existing transaction as rollback-only
2018-05-26 10:08:57,561 DEBUG (org.springframework.orm.hibernate4.HibernateTransactionManager:626) - Setting Hibernate transaction on Session [SessionImpl(PersistenceContext[entityKeys=[EntityKey[com.domain.User#2], EntityKey[com.domain.User#1], EntityKey[com.domain.Topic#38], EntityKey[com.domain.Board#1], EntityKey[com.domain.Post#82]],collectionKeys=[CollectionKey[com.domain.User.manBoards#2], CollectionKey[com.domain.Board.users#1], CollectionKey[com.domain.User.manBoards#1]]];ActionQueue[insertions=[] updates=[] deletions=[] collectionCreations=[] collectionRemovals=[] collectionUpdates=[] unresolvedInsertDependencies=UnresolvedEntityInsertActions[]])] rollback-only
2018-05-26 10:08:57,561 DEBUG (org.springframework.orm.hibernate4.HibernateTransactionManager:626) - Setting Hibernate transaction on Session [SessionImpl(PersistenceContext[entityKeys=[EntityKey[com.domain.User#2], EntityKey[com.domain.User#1], EntityKey[com.domain.Topic#38], EntityKey[com.domain.Board#1], EntityKey[com.domain.Post#82]],collectionKeys=[CollectionKey[com.domain.User.manBoards#2], CollectionKey[com.domain.Board.users#1], CollectionKey[com.domain.User.manBoards#1]]];ActionQueue[insertions=[] updates=[] deletions=[] collectionCreations=[] collectionRemovals=[] collectionUpdates=[] unresolvedInsertDependencies=UnresolvedEntityInsertActions[]])] rollback-only
2018-05-26 10:08:57,561 DEBUG (org.springframework.orm.hibernate4.HibernateTransactionManager:851) - Initiating transaction rollback
2018-05-26 10:08:57,561 DEBUG (org.springframework.orm.hibernate4.HibernateTransactionManager:851) - Initiating transaction rollback
2018-05-26 10:08:57,562 DEBUG (org.springframework.orm.hibernate4.HibernateTransactionManager:600) - Rolling back Hibernate transaction on Session [SessionImpl(PersistenceContext[entityKeys=[EntityKey[com.domain.User#2], EntityKey[com.domain.User#1], EntityKey[com.domain.Topic#38], EntityKey[com.domain.Board#1], EntityKey[com.domain.Post#82]],collectionKeys=[CollectionKey[com.domain.User.manBoards#2], CollectionKey[com.domain.Board.users#1], CollectionKey[com.domain.User.manBoards#1]]];ActionQueue[insertions=[] updates=[] deletions=[] collectionCreations=[] collectionRemovals=[] collectionUpdates=[] unresolvedInsertDependencies=UnresolvedEntityInsertActions[]])]
2018-05-26 10:08:57,562 DEBUG (org.springframework.orm.hibernate4.HibernateTransactionManager:600) - Rolling back Hibernate transaction on Session [SessionImpl(PersistenceContext[entityKeys=[EntityKey[com.domain.User#2], EntityKey[com.domain.User#1], EntityKey[com.domain.Topic#38], EntityKey[com.domain.Board#1], EntityKey[com.domain.Post#82]],collectionKeys=[CollectionKey[com.domain.User.manBoards#2], CollectionKey[com.domain.Board.users#1], CollectionKey[com.domain.User.manBoards#1]]];ActionQueue[insertions=[] updates=[] deletions=[] collectionCreations=[] collectionRemovals=[] collectionUpdates=[] unresolvedInsertDependencies=UnresolvedEntityInsertActions[]])]
2018-05-26 10:08:57,562 DEBUG (org.hibernate.engine.transaction.spi.AbstractTransactionImpl:203) - rolling back
2018-05-26 10:08:57,573 DEBUG (net.sf.ehcache.util.UpdateChecker:68) - Checking for update...
2018-05-26 10:08:57,598 DEBUG (org.hibernate.engine.transaction.internal.jdbc.JdbcTransaction:164) - rolled JDBC Connection
2018-05-26 10:08:57,598 DEBUG (org.hibernate.engine.transaction.internal.jdbc.JdbcTransaction:126) - re-enabling autocommit
2018-05-26 10:08:57,599 DEBUG (org.springframework.orm.hibernate4.HibernateTransactionManager:669) - Closing Hibernate Session [SessionImpl(PersistenceContext[entityKeys=[EntityKey[com.domain.User#2], EntityKey[com.domain.User#1], EntityKey[com.domain.Topic#38], EntityKey[com.domain.Board#1], EntityKey[com.domain.Post#82]],collectionKeys=[CollectionKey[com.domain.User.manBoards#2], CollectionKey[com.domain.Board.users#1], CollectionKey[com.domain.User.manBoards#1]]];ActionQueue[insertions=[] updates=[] deletions=[] collectionCreations=[] collectionRemovals=[] collectionUpdates=[] unresolvedInsertDependencies=UnresolvedEntityInsertActions[]])] after transaction
2018-05-26 10:08:57,599 DEBUG (org.springframework.orm.hibernate4.HibernateTransactionManager:669) - Closing Hibernate Session [SessionImpl(PersistenceContext[entityKeys=[EntityKey[com.domain.User#2], EntityKey[com.domain.User#1], EntityKey[com.domain.Topic#38], EntityKey[com.domain.Board#1], EntityKey[com.domain.Post#82]],collectionKeys=[CollectionKey[com.domain.User.manBoards#2], CollectionKey[com.domain.Board.users#1], CollectionKey[com.domain.User.manBoards#1]]];ActionQueue[insertions=[] updates=[] deletions=[] collectionCreations=[] collectionRemovals=[] collectionUpdates=[] unresolvedInsertDependencies=UnresolvedEntityInsertActions[]])] after transaction
2018-05-26 10:08:57,600 DEBUG (org.hibernate.engine.jdbc.internal.LogicalConnectionImpl:232) - Releasing JDBC connection
2018-05-26 10:08:57,600 DEBUG (org.hibernate.engine.jdbc.internal.LogicalConnectionImpl:250) - Released JDBC connection
</system-out>
  </testcase>
  <testcase classname="com.service.Test" name="addTopic" time="0.195"/>
  <testcase classname="com.service.Test" name="addBoard" time="0.059"/>
  <testcase classname="com.service.Test" name="removePost" time="0.016">
    <failure type="java.lang.NullPointerException">java.lang.NullPointerException
	at com.service.ForumService.removePost(ForumService.java:118)
	at com.service.ForumService$$FastClassBySpringCGLIB$$9a85475a.invoke(&lt;generated&gt;)
	at org.springframework.cglib.proxy.MethodProxy.invoke(MethodProxy.java:204)
	at org.springframework.aop.framework.CglibAopProxy$CglibMethodInvocation.invokeJoinpoint(CglibAopProxy.java:717)
	at org.springframework.aop.framework.ReflectiveMethodInvocation.proceed(ReflectiveMethodInvocation.java:157)
	at org.springframework.transaction.interceptor.TransactionInterceptor$1.proceedWithInvocation(TransactionInterceptor.java:99)
	at org.springframework.transaction.interceptor.TransactionAspectSupport.invokeWithinTransaction(TransactionAspectSupport.java:281)
	at org.springframework.transaction.interceptor.TransactionInterceptor.invoke(TransactionInterceptor.java:96)
	at org.springframework.aop.framework.ReflectiveMethodInvocation.proceed(ReflectiveMethodInvocation.java:179)
	at org.springframework.aop.interceptor.ExposeInvocationInterceptor.invoke(ExposeInvocationInterceptor.java:92)
	at org.springframework.aop.framework.ReflectiveMethodInvocation.proceed(ReflectiveMethodInvocation.java:179)
	at org.springframework.aop.framework.CglibAopProxy$DynamicAdvisedInterceptor.intercept(CglibAopProxy.java:653)
	at com.service.ForumService$$EnhancerBySpringCGLIB$$6409e2c1.removePost(&lt;generated&gt;)
	at com.service.Test.removePost(Test.java:72)
</failure>
    <system-out>2018-05-26 10:08:57,860 DEBUG (org.springframework.orm.hibernate4.HibernateTransactionManager:367) - Creating new transaction with name [com.service.ForumService.removePost]: PROPAGATION_REQUIRED,ISOLATION_DEFAULT
2018-05-26 10:08:57,860 DEBUG (org.springframework.orm.hibernate4.HibernateTransactionManager:367) - Creating new transaction with name [com.service.ForumService.removePost]: PROPAGATION_REQUIRED,ISOLATION_DEFAULT
2018-05-26 10:08:57,860 DEBUG (org.springframework.orm.hibernate4.HibernateTransactionManager:438) - Opened new Session [SessionImpl(PersistenceContext[entityKeys=[],collectionKeys=[]];ActionQueue[insertions=[] updates=[] deletions=[] collectionCreations=[] collectionRemovals=[] collectionUpdates=[] unresolvedInsertDependencies=UnresolvedEntityInsertActions[]])] for Hibernate transaction
2018-05-26 10:08:57,860 DEBUG (org.springframework.orm.hibernate4.HibernateTransactionManager:438) - Opened new Session [SessionImpl(PersistenceContext[entityKeys=[],collectionKeys=[]];ActionQueue[insertions=[] updates=[] deletions=[] collectionCreations=[] collectionRemovals=[] collectionUpdates=[] unresolvedInsertDependencies=UnresolvedEntityInsertActions[]])] for Hibernate transaction
2018-05-26 10:08:57,861 DEBUG (org.springframework.orm.hibernate4.HibernateTransactionManager:448) - Preparing JDBC Connection of Hibernate Session [SessionImpl(PersistenceContext[entityKeys=[],collectionKeys=[]];ActionQueue[insertions=[] updates=[] deletions=[] collectionCreations=[] collectionRemovals=[] collectionUpdates=[] unresolvedInsertDependencies=UnresolvedEntityInsertActions[]])]
2018-05-26 10:08:57,861 DEBUG (org.springframework.orm.hibernate4.HibernateTransactionManager:448) - Preparing JDBC Connection of Hibernate Session [SessionImpl(PersistenceContext[entityKeys=[],collectionKeys=[]];ActionQueue[insertions=[] updates=[] deletions=[] collectionCreations=[] collectionRemovals=[] collectionUpdates=[] unresolvedInsertDependencies=UnresolvedEntityInsertActions[]])]
2018-05-26 10:08:57,861 DEBUG (org.hibernate.engine.jdbc.internal.LogicalConnectionImpl:212) - Obtaining JDBC connection
2018-05-26 10:08:57,861 DEBUG (org.hibernate.engine.jdbc.internal.LogicalConnectionImpl:218) - Obtained JDBC connection
2018-05-26 10:08:57,861 DEBUG (org.hibernate.engine.transaction.spi.AbstractTransactionImpl:158) - begin
2018-05-26 10:08:57,861 DEBUG (org.hibernate.engine.transaction.internal.jdbc.JdbcTransaction:69) - initial autocommit status: true
2018-05-26 10:08:57,861 DEBUG (org.hibernate.engine.transaction.internal.jdbc.JdbcTransaction:71) - disabling autocommit
2018-05-26 10:08:57,862 DEBUG (org.springframework.orm.hibernate4.HibernateTransactionManager:516) - Exposing Hibernate transaction as JDBC transaction [jdbc:mysql://localhost:3306/sampledb?userUnicode=true&amp;characterEncoding=UTF-8, UserName=root@localhost, MySQL Connector Java]
2018-05-26 10:08:57,862 DEBUG (org.springframework.orm.hibernate4.HibernateTransactionManager:516) - Exposing Hibernate transaction as JDBC transaction [jdbc:mysql://localhost:3306/sampledb?userUnicode=true&amp;characterEncoding=UTF-8, UserName=root@localhost, MySQL Connector Java]
2018-05-26 10:08:57,863 DEBUG (org.springframework.orm.hibernate4.HibernateTransactionManager:383) - Found thread-bound Session [SessionImpl(PersistenceContext[entityKeys=[],collectionKeys=[]];ActionQueue[insertions=[] updates=[] deletions=[] collectionCreations=[] collectionRemovals=[] collectionUpdates=[] unresolvedInsertDependencies=UnresolvedEntityInsertActions[]])] for Hibernate transaction
2018-05-26 10:08:57,863 DEBUG (org.springframework.orm.hibernate4.HibernateTransactionManager:383) - Found thread-bound Session [SessionImpl(PersistenceContext[entityKeys=[],collectionKeys=[]];ActionQueue[insertions=[] updates=[] deletions=[] collectionCreations=[] collectionRemovals=[] collectionUpdates=[] unresolvedInsertDependencies=UnresolvedEntityInsertActions[]])] for Hibernate transaction
2018-05-26 10:08:57,863 DEBUG (org.springframework.orm.hibernate4.HibernateTransactionManager:476) - Participating in existing transaction
2018-05-26 10:08:57,863 DEBUG (org.springframework.orm.hibernate4.HibernateTransactionManager:476) - Participating in existing transaction
2018-05-26 10:08:57,864 DEBUG (org.hibernate.loader.Loader:2099) - Loading entity: [com.domain.Post#52]
2018-05-26 10:08:57,864 DEBUG (org.hibernate.SQL:104) - select post0_.post_id as post2_3_4_, post0_.board_id as board3_3_4_, post0_.create_time as create4_3_4_, post0_.post_text as post5_3_4_, post0_.post_title as post6_3_4_, post0_.topic_id as topic7_3_4_, post0_.user_id as user8_3_4_, post0_.post_type as post1_3_4_, topic1_.topic_id as topic1_4_0_, topic1_.board_id as board2_4_0_, topic1_.create_time as create3_4_0_, topic1_.digest as digest4_4_0_, topic1_.last_post as last5_4_0_, topic1_.topic_replies as topic6_4_0_, topic1_.topic_title as topic7_4_0_, topic1_.user_id as user9_4_0_, topic1_.topic_views as topic8_4_0_, user2_.user_id as user1_5_1_, user2_.credit as credit2_5_1_, user2_.last_ip as last3_5_1_, user2_.last_visit as last4_5_1_, user2_.locked as locked5_5_1_, user2_.password as password6_5_1_, user2_.user_name as user7_5_1_, user2_.user_type as user8_5_1_, user3_.user_id as user1_5_2_, user3_.credit as credit2_5_2_, user3_.last_ip as last3_5_2_, user3_.last_visit as last4_5_2_, user3_.locked as locked5_5_2_, user3_.password as password6_5_2_, user3_.user_name as user7_5_2_, user3_.user_type as user8_5_2_, manboards4_.user_id as user1_5_6_, board5_.board_id as board2_1_6_, board5_.board_id as board1_0_3_, board5_.board_desc as board2_0_3_, board5_.board_name as board3_0_3_, board5_.topic_num as topic4_0_3_ from t_post post0_ left outer join t_topic topic1_ on post0_.topic_id=topic1_.topic_id left outer join t_user user2_ on topic1_.user_id=user2_.user_id left outer join t_user user3_ on post0_.user_id=user3_.user_id left outer join t_board_manager manboards4_ on user3_.user_id=manboards4_.user_id left outer join t_board board5_ on manboards4_.board_id=board5_.board_id where post0_.post_id=?
Hibernate: select post0_.post_id as post2_3_4_, post0_.board_id as board3_3_4_, post0_.create_time as create4_3_4_, post0_.post_text as post5_3_4_, post0_.post_title as post6_3_4_, post0_.topic_id as topic7_3_4_, post0_.user_id as user8_3_4_, post0_.post_type as post1_3_4_, topic1_.topic_id as topic1_4_0_, topic1_.board_id as board2_4_0_, topic1_.create_time as create3_4_0_, topic1_.digest as digest4_4_0_, topic1_.last_post as last5_4_0_, topic1_.topic_replies as topic6_4_0_, topic1_.topic_title as topic7_4_0_, topic1_.user_id as user9_4_0_, topic1_.topic_views as topic8_4_0_, user2_.user_id as user1_5_1_, user2_.credit as credit2_5_1_, user2_.last_ip as last3_5_1_, user2_.last_visit as last4_5_1_, user2_.locked as locked5_5_1_, user2_.password as password6_5_1_, user2_.user_name as user7_5_1_, user2_.user_type as user8_5_1_, user3_.user_id as user1_5_2_, user3_.credit as credit2_5_2_, user3_.last_ip as last3_5_2_, user3_.last_visit as last4_5_2_, user3_.locked as locked5_5_2_, user3_.password as password6_5_2_, user3_.user_name as user7_5_2_, user3_.user_type as user8_5_2_, manboards4_.user_id as user1_5_6_, board5_.board_id as board2_1_6_, board5_.board_id as board1_0_3_, board5_.board_desc as board2_0_3_, board5_.board_name as board3_0_3_, board5_.topic_num as topic4_0_3_ from t_post post0_ left outer join t_topic topic1_ on post0_.topic_id=topic1_.topic_id left outer join t_user user2_ on topic1_.user_id=user2_.user_id left outer join t_user user3_ on post0_.user_id=user3_.user_id left outer join t_board_manager manboards4_ on user3_.user_id=manboards4_.user_id left outer join t_board board5_ on manboards4_.board_id=board5_.board_id where post0_.post_id=?
2018-05-26 10:08:57,868 DEBUG (org.hibernate.engine.loading.internal.CollectionLoadContext:223) - No collections were found in result set for role: com.domain.User.manBoards
2018-05-26 10:08:57,869 DEBUG (org.hibernate.loader.Loader:2123) - Done entity load
2018-05-26 10:08:57,869 DEBUG (org.springframework.orm.hibernate4.HibernateTransactionManager:851) - Initiating transaction rollback
2018-05-26 10:08:57,869 DEBUG (org.springframework.orm.hibernate4.HibernateTransactionManager:851) - Initiating transaction rollback
2018-05-26 10:08:57,869 DEBUG (org.springframework.orm.hibernate4.HibernateTransactionManager:600) - Rolling back Hibernate transaction on Session [SessionImpl(PersistenceContext[entityKeys=[],collectionKeys=[]];ActionQueue[insertions=[] updates=[] deletions=[] collectionCreations=[] collectionRemovals=[] collectionUpdates=[] unresolvedInsertDependencies=UnresolvedEntityInsertActions[]])]
2018-05-26 10:08:57,869 DEBUG (org.springframework.orm.hibernate4.HibernateTransactionManager:600) - Rolling back Hibernate transaction on Session [SessionImpl(PersistenceContext[entityKeys=[],collectionKeys=[]];ActionQueue[insertions=[] updates=[] deletions=[] collectionCreations=[] collectionRemovals=[] collectionUpdates=[] unresolvedInsertDependencies=UnresolvedEntityInsertActions[]])]
2018-05-26 10:08:57,869 DEBUG (org.hibernate.engine.transaction.spi.AbstractTransactionImpl:203) - rolling back
2018-05-26 10:08:57,870 DEBUG (org.hibernate.engine.transaction.internal.jdbc.JdbcTransaction:164) - rolled JDBC Connection
2018-05-26 10:08:57,870 DEBUG (org.hibernate.engine.transaction.internal.jdbc.JdbcTransaction:126) - re-enabling autocommit
2018-05-26 10:08:57,870 DEBUG (org.springframework.orm.hibernate4.HibernateTransactionManager:669) - Closing Hibernate Session [SessionImpl(PersistenceContext[entityKeys=[],collectionKeys=[]];ActionQueue[insertions=[] updates=[] deletions=[] collectionCreations=[] collectionRemovals=[] collectionUpdates=[] unresolvedInsertDependencies=UnresolvedEntityInsertActions[]])] after transaction
2018-05-26 10:08:57,870 DEBUG (org.springframework.orm.hibernate4.HibernateTransactionManager:669) - Closing Hibernate Session [SessionImpl(PersistenceContext[entityKeys=[],collectionKeys=[]];ActionQueue[insertions=[] updates=[] deletions=[] collectionCreations=[] collectionRemovals=[] collectionUpdates=[] unresolvedInsertDependencies=UnresolvedEntityInsertActions[]])] after transaction
2018-05-26 10:08:57,871 DEBUG (org.hibernate.engine.jdbc.internal.LogicalConnectionImpl:232) - Releasing JDBC connection
2018-05-26 10:08:57,871 DEBUG (org.hibernate.engine.jdbc.internal.LogicalConnectionImpl:250) - Released JDBC connection
</system-out>
  </testcase>
  <testcase classname="com.service.Test" name="makeDigestTopic" time="0.091"/>
  <testcase classname="com.service.UserTest" name="unlockUser" time="0.068"/>
  <testcase classname="com.service.UserTest" name="success" time="0.109"/>
  <testcase classname="com.service.UserTest" name="setUserLock" time="0.099"/>
  <testcase classname="com.service.UserTest" name="register" time="0.027">
    <failure message="用户名存在" type="com.exception.UserExistException">com.exception.UserExistException: 用户名存在
	at com.service.UserService.register(UserService.java:42)
	at com.service.UserService$$FastClassBySpringCGLIB$$4e68a2a4.invoke(&lt;generated&gt;)
	at org.springframework.cglib.proxy.MethodProxy.invoke(MethodProxy.java:204)
	at org.springframework.aop.framework.CglibAopProxy$CglibMethodInvocation.invokeJoinpoint(CglibAopProxy.java:717)
	at org.springframework.aop.framework.ReflectiveMethodInvocation.proceed(ReflectiveMethodInvocation.java:157)
	at org.springframework.transaction.interceptor.TransactionInterceptor$1.proceedWithInvocation(TransactionInterceptor.java:99)
	at org.springframework.transaction.interceptor.TransactionAspectSupport.invokeWithinTransaction(TransactionAspectSupport.java:281)
	at org.springframework.transaction.interceptor.TransactionInterceptor.invoke(TransactionInterceptor.java:96)
	at org.springframework.aop.framework.ReflectiveMethodInvocation.proceed(ReflectiveMethodInvocation.java:179)
	at org.springframework.aop.interceptor.ExposeInvocationInterceptor.invoke(ExposeInvocationInterceptor.java:92)
	at org.springframework.aop.framework.ReflectiveMethodInvocation.proceed(ReflectiveMethodInvocation.java:179)
	at org.springframework.aop.framework.CglibAopProxy$DynamicAdvisedInterceptor.intercept(CglibAopProxy.java:653)
	at com.service.UserService$$EnhancerBySpringCGLIB$$8ff82ecb.register(&lt;generated&gt;)
	at com.service.UserTest.register(UserTest.java:21)
</failure>
    <system-out>2018-05-26 10:08:58,245 DEBUG (org.springframework.orm.hibernate4.HibernateTransactionManager:367) - Creating new transaction with name [com.service.UserService.register]: PROPAGATION_REQUIRED,ISOLATION_DEFAULT
2018-05-26 10:08:58,245 DEBUG (org.springframework.orm.hibernate4.HibernateTransactionManager:367) - Creating new transaction with name [com.service.UserService.register]: PROPAGATION_REQUIRED,ISOLATION_DEFAULT
2018-05-26 10:08:58,245 DEBUG (org.springframework.orm.hibernate4.HibernateTransactionManager:438) - Opened new Session [SessionImpl(PersistenceContext[entityKeys=[],collectionKeys=[]];ActionQueue[insertions=[] updates=[] deletions=[] collectionCreations=[] collectionRemovals=[] collectionUpdates=[] unresolvedInsertDependencies=UnresolvedEntityInsertActions[]])] for Hibernate transaction
2018-05-26 10:08:58,245 DEBUG (org.springframework.orm.hibernate4.HibernateTransactionManager:438) - Opened new Session [SessionImpl(PersistenceContext[entityKeys=[],collectionKeys=[]];ActionQueue[insertions=[] updates=[] deletions=[] collectionCreations=[] collectionRemovals=[] collectionUpdates=[] unresolvedInsertDependencies=UnresolvedEntityInsertActions[]])] for Hibernate transaction
2018-05-26 10:08:58,245 DEBUG (org.springframework.orm.hibernate4.HibernateTransactionManager:448) - Preparing JDBC Connection of Hibernate Session [SessionImpl(PersistenceContext[entityKeys=[],collectionKeys=[]];ActionQueue[insertions=[] updates=[] deletions=[] collectionCreations=[] collectionRemovals=[] collectionUpdates=[] unresolvedInsertDependencies=UnresolvedEntityInsertActions[]])]
2018-05-26 10:08:58,245 DEBUG (org.springframework.orm.hibernate4.HibernateTransactionManager:448) - Preparing JDBC Connection of Hibernate Session [SessionImpl(PersistenceContext[entityKeys=[],collectionKeys=[]];ActionQueue[insertions=[] updates=[] deletions=[] collectionCreations=[] collectionRemovals=[] collectionUpdates=[] unresolvedInsertDependencies=UnresolvedEntityInsertActions[]])]
2018-05-26 10:08:58,245 DEBUG (org.hibernate.engine.jdbc.internal.LogicalConnectionImpl:212) - Obtaining JDBC connection
2018-05-26 10:08:58,245 DEBUG (org.hibernate.engine.jdbc.internal.LogicalConnectionImpl:218) - Obtained JDBC connection
2018-05-26 10:08:58,245 DEBUG (org.hibernate.engine.transaction.spi.AbstractTransactionImpl:158) - begin
2018-05-26 10:08:58,245 DEBUG (org.hibernate.engine.transaction.internal.jdbc.JdbcTransaction:69) - initial autocommit status: true
2018-05-26 10:08:58,245 DEBUG (org.hibernate.engine.transaction.internal.jdbc.JdbcTransaction:71) - disabling autocommit
2018-05-26 10:08:58,249 DEBUG (org.springframework.orm.hibernate4.HibernateTransactionManager:516) - Exposing Hibernate transaction as JDBC transaction [jdbc:mysql://localhost:3306/sampledb?userUnicode=true&amp;characterEncoding=UTF-8, UserName=root@localhost, MySQL Connector Java]
2018-05-26 10:08:58,249 DEBUG (org.springframework.orm.hibernate4.HibernateTransactionManager:516) - Exposing Hibernate transaction as JDBC transaction [jdbc:mysql://localhost:3306/sampledb?userUnicode=true&amp;characterEncoding=UTF-8, UserName=root@localhost, MySQL Connector Java]
2018-05-26 10:08:58,249 DEBUG (org.springframework.orm.hibernate4.HibernateTransactionManager:383) - Found thread-bound Session [SessionImpl(PersistenceContext[entityKeys=[],collectionKeys=[]];ActionQueue[insertions=[] updates=[] deletions=[] collectionCreations=[] collectionRemovals=[] collectionUpdates=[] unresolvedInsertDependencies=UnresolvedEntityInsertActions[]])] for Hibernate transaction
2018-05-26 10:08:58,249 DEBUG (org.springframework.orm.hibernate4.HibernateTransactionManager:383) - Found thread-bound Session [SessionImpl(PersistenceContext[entityKeys=[],collectionKeys=[]];ActionQueue[insertions=[] updates=[] deletions=[] collectionCreations=[] collectionRemovals=[] collectionUpdates=[] unresolvedInsertDependencies=UnresolvedEntityInsertActions[]])] for Hibernate transaction
2018-05-26 10:08:58,249 DEBUG (org.springframework.orm.hibernate4.HibernateTransactionManager:476) - Participating in existing transaction
2018-05-26 10:08:58,249 DEBUG (org.springframework.orm.hibernate4.HibernateTransactionManager:476) - Participating in existing transaction
2018-05-26 10:08:58,250 DEBUG (org.hibernate.SQL:104) - select user0_.user_id as user1_5_, user0_.credit as credit2_5_, user0_.last_ip as last3_5_, user0_.last_visit as last4_5_, user0_.locked as locked5_5_, user0_.password as password6_5_, user0_.user_name as user7_5_, user0_.user_type as user8_5_ from t_user user0_ where user0_.user_name=?
Hibernate: select user0_.user_id as user1_5_, user0_.credit as credit2_5_, user0_.last_ip as last3_5_, user0_.last_visit as last4_5_, user0_.locked as locked5_5_, user0_.password as password6_5_, user0_.user_name as user7_5_, user0_.user_type as user8_5_ from t_user user0_ where user0_.user_name=?
2018-05-26 10:08:58,252 DEBUG (org.hibernate.loader.Loader:939) - Result set row: 0
2018-05-26 10:08:58,253 DEBUG (org.hibernate.loader.Loader:1471) - Result row: EntityKey[com.domain.User#4]
2018-05-26 10:08:58,253 DEBUG (org.hibernate.engine.internal.TwoPhaseLoad:157) - Resolving associations for [com.domain.User#4]
2018-05-26 10:08:58,254 DEBUG (org.hibernate.engine.internal.TwoPhaseLoad:276) - Done materializing entity [com.domain.User#4]
2018-05-26 10:08:58,254 DEBUG (org.hibernate.loader.Loader:2223) - Loading collection: [com.domain.User.manBoards#4]
2018-05-26 10:08:58,254 DEBUG (org.hibernate.SQL:104) - select manboards0_.user_id as user1_5_1_, manboards0_.board_id as board2_1_1_, board1_.board_id as board1_0_0_, board1_.board_desc as board2_0_0_, board1_.board_name as board3_0_0_, board1_.topic_num as topic4_0_0_ from t_board_manager manboards0_ inner join t_board board1_ on manboards0_.board_id=board1_.board_id where manboards0_.user_id=?
Hibernate: select manboards0_.user_id as user1_5_1_, manboards0_.board_id as board2_1_1_, board1_.board_id as board1_0_0_, board1_.board_desc as board2_0_0_, board1_.board_name as board3_0_0_, board1_.topic_num as topic4_0_0_ from t_board_manager manboards0_ inner join t_board board1_ on manboards0_.board_id=board1_.board_id where manboards0_.user_id=?
2018-05-26 10:08:58,255 DEBUG (org.hibernate.loader.Loader:1357) - Result set contains (possibly empty) collection: [com.domain.User.manBoards#4]
2018-05-26 10:08:58,255 DEBUG (org.hibernate.engine.loading.internal.CollectionLoadContext:228) - 1 collections were found in result set for role: com.domain.User.manBoards
2018-05-26 10:08:58,255 DEBUG (org.hibernate.engine.loading.internal.CollectionLoadContext:265) - Collection fully initialized: [com.domain.User.manBoards#4]
2018-05-26 10:08:58,256 DEBUG (org.hibernate.engine.loading.internal.CollectionLoadContext:235) - 1 collections initialized for role: com.domain.User.manBoards
2018-05-26 10:08:58,256 DEBUG (org.hibernate.loader.Loader:2243) - Done loading collection
2018-05-26 10:08:58,256 DEBUG (org.springframework.orm.hibernate4.HibernateTransactionManager:759) - Initiating transaction commit
2018-05-26 10:08:58,256 DEBUG (org.springframework.orm.hibernate4.HibernateTransactionManager:759) - Initiating transaction commit
2018-05-26 10:08:58,256 DEBUG (org.springframework.orm.hibernate4.HibernateTransactionManager:580) - Committing Hibernate transaction on Session [SessionImpl(PersistenceContext[entityKeys=[EntityKey[com.domain.User#4]],collectionKeys=[CollectionKey[com.domain.User.manBoards#4]]];ActionQueue[insertions=[] updates=[] deletions=[] collectionCreations=[] collectionRemovals=[] collectionUpdates=[] unresolvedInsertDependencies=UnresolvedEntityInsertActions[]])]
2018-05-26 10:08:58,256 DEBUG (org.springframework.orm.hibernate4.HibernateTransactionManager:580) - Committing Hibernate transaction on Session [SessionImpl(PersistenceContext[entityKeys=[EntityKey[com.domain.User#4]],collectionKeys=[CollectionKey[com.domain.User.manBoards#4]]];ActionQueue[insertions=[] updates=[] deletions=[] collectionCreations=[] collectionRemovals=[] collectionUpdates=[] unresolvedInsertDependencies=UnresolvedEntityInsertActions[]])]
2018-05-26 10:08:58,256 DEBUG (org.hibernate.engine.transaction.spi.AbstractTransactionImpl:173) - committing
2018-05-26 10:08:58,256 DEBUG (org.hibernate.event.internal.AbstractFlushingEventListener:143) - Processing flush-time cascades
2018-05-26 10:08:58,256 DEBUG (org.hibernate.event.internal.AbstractFlushingEventListener:184) - Dirty checking collections
2018-05-26 10:08:58,257 DEBUG (org.hibernate.engine.internal.Collections:190) - Collection found: [com.domain.User.manBoards#4], was: [com.domain.User.manBoards#4] (initialized)
2018-05-26 10:08:58,257 DEBUG (org.hibernate.event.internal.AbstractFlushingEventListener:117) - Flushed: 0 insertions, 0 updates, 0 deletions to 1 objects
2018-05-26 10:08:58,257 DEBUG (org.hibernate.event.internal.AbstractFlushingEventListener:124) - Flushed: 0 (re)creations, 0 updates, 0 removals to 1 collections
2018-05-26 10:08:58,257 DEBUG (org.hibernate.internal.util.EntityPrinter:114) - Listing entities:
2018-05-26 10:08:58,257 DEBUG (org.hibernate.internal.util.EntityPrinter:121) - com.domain.User{password=1234, lastIp=null, lastVisit=null, manBoards=[], userType=1, credit=100, locked=1, userName=testwww, userId=4}
2018-05-26 10:08:58,257 DEBUG (org.hibernate.engine.transaction.internal.jdbc.JdbcTransaction:113) - committed JDBC Connection
2018-05-26 10:08:58,257 DEBUG (org.hibernate.engine.transaction.internal.jdbc.JdbcTransaction:126) - re-enabling autocommit
2018-05-26 10:08:58,258 DEBUG (org.springframework.orm.hibernate4.HibernateTransactionManager:669) - Closing Hibernate Session [SessionImpl(PersistenceContext[entityKeys=[EntityKey[com.domain.User#4]],collectionKeys=[CollectionKey[com.domain.User.manBoards#4]]];ActionQueue[insertions=[] updates=[] deletions=[] collectionCreations=[] collectionRemovals=[] collectionUpdates=[] unresolvedInsertDependencies=UnresolvedEntityInsertActions[]])] after transaction
2018-05-26 10:08:58,258 DEBUG (org.springframework.orm.hibernate4.HibernateTransactionManager:669) - Closing Hibernate Session [SessionImpl(PersistenceContext[entityKeys=[EntityKey[com.domain.User#4]],collectionKeys=[CollectionKey[com.domain.User.manBoards#4]]];ActionQueue[insertions=[] updates=[] deletions=[] collectionCreations=[] collectionRemovals=[] collectionUpdates=[] unresolvedInsertDependencies=UnresolvedEntityInsertActions[]])] after transaction
2018-05-26 10:08:58,258 DEBUG (org.hibernate.engine.jdbc.internal.LogicalConnectionImpl:232) - Releasing JDBC connection
2018-05-26 10:08:58,258 DEBUG (org.hibernate.engine.jdbc.internal.LogicalConnectionImpl:250) - Released JDBC connection
</system-out>
  </testcase>
</testsuite>